<?xml version="1.0" encoding="UTF-8"?>
<testsuite xmlns:xsi="http://www.w3.org/2001/XMLSchema-instance" xsi:noNamespaceSchemaLocation="https://maven.apache.org/surefire/maven-surefire-plugin/xsd/surefire-test-report.xsd" version="3.0.2" name="com.E4.cosmos_sql.CosmosSqlApplicationTests" time="7.836" tests="1" errors="0" skipped="0" failures="0">
  <properties>
    <property name="java.specification.version" value="23"/>
    <property name="sun.cpu.isalist" value="amd64"/>
    <property name="sun.jnu.encoding" value="Cp1252"/>
    <property name="java.class.path" value="C:\Users\raymo\Documentos\AzureBackEndFac\target\test-classes;C:\Users\raymo\Documentos\AzureBackEndFac\target\classes;C:\Users\raymo\.m2\repository\org\springframework\boot\spring-boot-starter-webflux\3.4.5\spring-boot-starter-webflux-3.4.5.jar;C:\Users\raymo\.m2\repository\org\springframework\boot\spring-boot-starter\3.4.5\spring-boot-starter-3.4.5.jar;C:\Users\raymo\.m2\repository\org\springframework\boot\spring-boot\3.4.5\spring-boot-3.4.5.jar;C:\Users\raymo\.m2\repository\org\springframework\boot\spring-boot-autoconfigure\3.4.5\spring-boot-autoconfigure-3.4.5.jar;C:\Users\raymo\.m2\repository\org\springframework\boot\spring-boot-starter-logging\3.4.5\spring-boot-starter-logging-3.4.5.jar;C:\Users\raymo\.m2\repository\ch\qos\logback\logback-classic\1.5.18\logback-classic-1.5.18.jar;C:\Users\raymo\.m2\repository\ch\qos\logback\logback-core\1.5.18\logback-core-1.5.18.jar;C:\Users\raymo\.m2\repository\org\apache\logging\log4j\log4j-to-slf4j\2.24.3\log4j-to-slf4j-2.24.3.jar;C:\Users\raymo\.m2\repository\org\apache\logging\log4j\log4j-api\2.24.3\log4j-api-2.24.3.jar;C:\Users\raymo\.m2\repository\org\slf4j\jul-to-slf4j\2.0.17\jul-to-slf4j-2.0.17.jar;C:\Users\raymo\.m2\repository\jakarta\annotation\jakarta.annotation-api\2.1.1\jakarta.annotation-api-2.1.1.jar;C:\Users\raymo\.m2\repository\org\yaml\snakeyaml\2.3\snakeyaml-2.3.jar;C:\Users\raymo\.m2\repository\org\springframework\boot\spring-boot-starter-json\3.4.5\spring-boot-starter-json-3.4.5.jar;C:\Users\raymo\.m2\repository\com\fasterxml\jackson\datatype\jackson-datatype-jdk8\2.18.3\jackson-datatype-jdk8-2.18.3.jar;C:\Users\raymo\.m2\repository\com\fasterxml\jackson\datatype\jackson-datatype-jsr310\2.18.3\jackson-datatype-jsr310-2.18.3.jar;C:\Users\raymo\.m2\repository\com\fasterxml\jackson\module\jackson-module-parameter-names\2.18.3\jackson-module-parameter-names-2.18.3.jar;C:\Users\raymo\.m2\repository\org\springframework\boot\spring-boot-starter-reactor-netty\3.4.5\spring-boot-starter-reactor-netty-3.4.5.jar;C:\Users\raymo\.m2\repository\io\projectreactor\netty\reactor-netty-http\1.2.5\reactor-netty-http-1.2.5.jar;C:\Users\raymo\.m2\repository\io\netty\netty-codec-http\4.1.119.Final\netty-codec-http-4.1.119.Final.jar;C:\Users\raymo\.m2\repository\io\netty\netty-common\4.1.119.Final\netty-common-4.1.119.Final.jar;C:\Users\raymo\.m2\repository\io\netty\netty-buffer\4.1.119.Final\netty-buffer-4.1.119.Final.jar;C:\Users\raymo\.m2\repository\io\netty\netty-transport\4.1.119.Final\netty-transport-4.1.119.Final.jar;C:\Users\raymo\.m2\repository\io\netty\netty-codec\4.1.119.Final\netty-codec-4.1.119.Final.jar;C:\Users\raymo\.m2\repository\io\netty\netty-handler\4.1.119.Final\netty-handler-4.1.119.Final.jar;C:\Users\raymo\.m2\repository\io\netty\netty-codec-http2\4.1.119.Final\netty-codec-http2-4.1.119.Final.jar;C:\Users\raymo\.m2\repository\io\netty\netty-resolver-dns\4.1.119.Final\netty-resolver-dns-4.1.119.Final.jar;C:\Users\raymo\.m2\repository\io\netty\netty-resolver\4.1.119.Final\netty-resolver-4.1.119.Final.jar;C:\Users\raymo\.m2\repository\io\netty\netty-codec-dns\4.1.119.Final\netty-codec-dns-4.1.119.Final.jar;C:\Users\raymo\.m2\repository\io\netty\netty-resolver-dns-native-macos\4.1.119.Final\netty-resolver-dns-native-macos-4.1.119.Final-osx-x86_64.jar;C:\Users\raymo\.m2\repository\io\netty\netty-resolver-dns-classes-macos\4.1.119.Final\netty-resolver-dns-classes-macos-4.1.119.Final.jar;C:\Users\raymo\.m2\repository\io\netty\netty-transport-native-epoll\4.1.119.Final\netty-transport-native-epoll-4.1.119.Final-linux-x86_64.jar;C:\Users\raymo\.m2\repository\io\netty\netty-transport-native-unix-common\4.1.119.Final\netty-transport-native-unix-common-4.1.119.Final.jar;C:\Users\raymo\.m2\repository\io\netty\netty-transport-classes-epoll\4.1.119.Final\netty-transport-classes-epoll-4.1.119.Final.jar;C:\Users\raymo\.m2\repository\io\projectreactor\netty\reactor-netty-core\1.2.5\reactor-netty-core-1.2.5.jar;C:\Users\raymo\.m2\repository\io\netty\netty-handler-proxy\4.1.119.Final\netty-handler-proxy-4.1.119.Final.jar;C:\Users\raymo\.m2\repository\io\netty\netty-codec-socks\4.1.119.Final\netty-codec-socks-4.1.119.Final.jar;C:\Users\raymo\.m2\repository\org\springframework\spring-web\6.2.6\spring-web-6.2.6.jar;C:\Users\raymo\.m2\repository\org\springframework\spring-beans\6.2.6\spring-beans-6.2.6.jar;C:\Users\raymo\.m2\repository\io\micrometer\micrometer-observation\1.14.6\micrometer-observation-1.14.6.jar;C:\Users\raymo\.m2\repository\io\micrometer\micrometer-commons\1.14.6\micrometer-commons-1.14.6.jar;C:\Users\raymo\.m2\repository\org\springframework\spring-webflux\6.2.6\spring-webflux-6.2.6.jar;C:\Users\raymo\.m2\repository\com\azure\spring\spring-cloud-azure-starter-data-cosmos\5.22.0\spring-cloud-azure-starter-data-cosmos-5.22.0.jar;C:\Users\raymo\.m2\repository\com\azure\spring\spring-cloud-azure-starter\5.22.0\spring-cloud-azure-starter-5.22.0.jar;C:\Users\raymo\.m2\repository\com\azure\spring\spring-cloud-azure-autoconfigure\5.22.0\spring-cloud-azure-autoconfigure-5.22.0.jar;C:\Users\raymo\.m2\repository\com\azure\spring\spring-cloud-azure-service\5.22.0\spring-cloud-azure-service-5.22.0.jar;C:\Users\raymo\.m2\repository\com\azure\spring\spring-cloud-azure-core\5.22.0\spring-cloud-azure-core-5.22.0.jar;C:\Users\raymo\.m2\repository\com\azure\azure-identity\1.15.4\azure-identity-1.15.4.jar;C:\Users\raymo\.m2\repository\com\microsoft\azure\msal4j\1.19.1\msal4j-1.19.1.jar;C:\Users\raymo\.m2\repository\com\nimbusds\oauth2-oidc-sdk\11.23\oauth2-oidc-sdk-11.23.jar;C:\Users\raymo\.m2\repository\com\github\stephenc\jcip\jcip-annotations\1.0-1\jcip-annotations-1.0-1.jar;C:\Users\raymo\.m2\repository\com\nimbusds\content-type\2.3\content-type-2.3.jar;C:\Users\raymo\.m2\repository\com\nimbusds\lang-tag\1.7\lang-tag-1.7.jar;C:\Users\raymo\.m2\repository\com\nimbusds\nimbus-jose-jwt\10.0.1\nimbus-jose-jwt-10.0.1.jar;C:\Users\raymo\.m2\repository\com\microsoft\azure\msal4j-persistence-extension\1.3.0\msal4j-persistence-extension-1.3.0.jar;C:\Users\raymo\.m2\repository\net\java\dev\jna\jna\5.13.0\jna-5.13.0.jar;C:\Users\raymo\.m2\repository\net\java\dev\jna\jna-platform\5.13.0\jna-platform-5.13.0.jar;C:\Users\raymo\.m2\repository\com\azure\azure-core-amqp\2.9.16\azure-core-amqp-2.9.16.jar;C:\Users\raymo\.m2\repository\com\microsoft\azure\qpid-proton-j-extensions\1.2.5\qpid-proton-j-extensions-1.2.5.jar;C:\Users\raymo\.m2\repository\org\apache\qpid\proton-j\0.34.1\proton-j-0.34.1.jar;C:\Users\raymo\.m2\repository\com\azure\azure-core-management\1.17.0\azure-core-management-1.17.0.jar;C:\Users\raymo\.m2\repository\jakarta\validation\jakarta.validation-api\3.0.2\jakarta.validation-api-3.0.2.jar;C:\Users\raymo\.m2\repository\com\azure\azure-spring-data-cosmos\5.22.0\azure-spring-data-cosmos-5.22.0.jar;C:\Users\raymo\.m2\repository\org\springframework\spring-context\6.2.6\spring-context-6.2.6.jar;C:\Users\raymo\.m2\repository\org\springframework\spring-aop\6.2.6\spring-aop-6.2.6.jar;C:\Users\raymo\.m2\repository\org\springframework\spring-tx\6.2.6\spring-tx-6.2.6.jar;C:\Users\raymo\.m2\repository\org\springframework\data\spring-data-commons\3.4.5\spring-data-commons-3.4.5.jar;C:\Users\raymo\.m2\repository\org\springframework\spring-expression\6.2.6\spring-expression-6.2.6.jar;C:\Users\raymo\.m2\repository\com\azure\azure-cosmos\4.68.0\azure-cosmos-4.68.0.jar;C:\Users\raymo\.m2\repository\com\azure\azure-core\1.55.3\azure-core-1.55.3.jar;C:\Users\raymo\.m2\repository\com\azure\azure-json\1.5.0\azure-json-1.5.0.jar;C:\Users\raymo\.m2\repository\com\azure\azure-xml\1.2.0\azure-xml-1.2.0.jar;C:\Users\raymo\.m2\repository\com\azure\azure-core-http-netty\1.15.11\azure-core-http-netty-1.15.11.jar;C:\Users\raymo\.m2\repository\io\netty\netty-transport-native-kqueue\4.1.119.Final\netty-transport-native-kqueue-4.1.119.Final-osx-x86_64.jar;C:\Users\raymo\.m2\repository\io\netty\netty-transport-classes-kqueue\4.1.119.Final\netty-transport-classes-kqueue-4.1.119.Final.jar;C:\Users\raymo\.m2\repository\io\netty\netty-tcnative-boringssl-static\2.0.70.Final\netty-tcnative-boringssl-static-2.0.70.Final.jar;C:\Users\raymo\.m2\repository\io\netty\netty-tcnative-classes\2.0.70.Final\netty-tcnative-classes-2.0.70.Final.jar;C:\Users\raymo\.m2\repository\io\netty\netty-tcnative-boringssl-static\2.0.70.Final\netty-tcnative-boringssl-static-2.0.70.Final-linux-x86_64.jar;C:\Users\raymo\.m2\repository\io\netty\netty-tcnative-boringssl-static\2.0.70.Final\netty-tcnative-boringssl-static-2.0.70.Final-linux-aarch_64.jar;C:\Users\raymo\.m2\repository\io\netty\netty-tcnative-boringssl-static\2.0.70.Final\netty-tcnative-boringssl-static-2.0.70.Final-osx-x86_64.jar;C:\Users\raymo\.m2\repository\io\netty\netty-tcnative-boringssl-static\2.0.70.Final\netty-tcnative-boringssl-static-2.0.70.Final-osx-aarch_64.jar;C:\Users\raymo\.m2\repository\io\netty\netty-tcnative-boringssl-static\2.0.70.Final\netty-tcnative-boringssl-static-2.0.70.Final-windows-x86_64.jar;C:\Users\raymo\.m2\repository\org\hdrhistogram\HdrHistogram\2.1.12\HdrHistogram-2.1.12.jar;C:\Users\raymo\.m2\repository\io\dropwizard\metrics\metrics-core\4.1.0\metrics-core-4.1.0.jar;C:\Users\raymo\.m2\repository\io\micrometer\micrometer-core\1.14.6\micrometer-core-1.14.6.jar;C:\Users\raymo\.m2\repository\org\latencyutils\LatencyUtils\2.0.3\LatencyUtils-2.0.3.jar;C:\Users\raymo\.m2\repository\com\fasterxml\jackson\core\jackson-annotations\2.18.3\jackson-annotations-2.18.3.jar;C:\Users\raymo\.m2\repository\org\javatuples\javatuples\1.2\javatuples-1.2.jar;C:\Users\raymo\.m2\repository\javax\annotation\javax.annotation-api\1.3.2\javax.annotation-api-1.3.2.jar;C:\Users\raymo\.m2\repository\org\apache\commons\commons-lang3\3.17.0\commons-lang3-3.17.0.jar;C:\Users\raymo\.m2\repository\org\slf4j\slf4j-api\2.0.17\slf4j-api-2.0.17.jar;C:\Users\raymo\.m2\repository\org\projectlombok\lombok\1.18.38\lombok-1.18.38.jar;C:\Users\raymo\.m2\repository\org\springframework\boot\spring-boot-starter-test\3.4.5\spring-boot-starter-test-3.4.5.jar;C:\Users\raymo\.m2\repository\org\springframework\boot\spring-boot-test\3.4.5\spring-boot-test-3.4.5.jar;C:\Users\raymo\.m2\repository\org\springframework\boot\spring-boot-test-autoconfigure\3.4.5\spring-boot-test-autoconfigure-3.4.5.jar;C:\Users\raymo\.m2\repository\com\jayway\jsonpath\json-path\2.9.0\json-path-2.9.0.jar;C:\Users\raymo\.m2\repository\jakarta\xml\bind\jakarta.xml.bind-api\4.0.2\jakarta.xml.bind-api-4.0.2.jar;C:\Users\raymo\.m2\repository\jakarta\activation\jakarta.activation-api\2.1.3\jakarta.activation-api-2.1.3.jar;C:\Users\raymo\.m2\repository\net\minidev\json-smart\2.5.2\json-smart-2.5.2.jar;C:\Users\raymo\.m2\repository\net\minidev\accessors-smart\2.5.2\accessors-smart-2.5.2.jar;C:\Users\raymo\.m2\repository\org\ow2\asm\asm\9.7.1\asm-9.7.1.jar;C:\Users\raymo\.m2\repository\org\assertj\assertj-core\3.26.3\assertj-core-3.26.3.jar;C:\Users\raymo\.m2\repository\net\bytebuddy\byte-buddy\1.15.11\byte-buddy-1.15.11.jar;C:\Users\raymo\.m2\repository\org\awaitility\awaitility\4.2.2\awaitility-4.2.2.jar;C:\Users\raymo\.m2\repository\org\hamcrest\hamcrest\2.2\hamcrest-2.2.jar;C:\Users\raymo\.m2\repository\org\junit\jupiter\junit-jupiter\5.11.4\junit-jupiter-5.11.4.jar;C:\Users\raymo\.m2\repository\org\junit\jupiter\junit-jupiter-api\5.11.4\junit-jupiter-api-5.11.4.jar;C:\Users\raymo\.m2\repository\org\opentest4j\opentest4j\1.3.0\opentest4j-1.3.0.jar;C:\Users\raymo\.m2\repository\org\junit\platform\junit-platform-commons\1.11.4\junit-platform-commons-1.11.4.jar;C:\Users\raymo\.m2\repository\org\apiguardian\apiguardian-api\1.1.2\apiguardian-api-1.1.2.jar;C:\Users\raymo\.m2\repository\org\junit\jupiter\junit-jupiter-params\5.11.4\junit-jupiter-params-5.11.4.jar;C:\Users\raymo\.m2\repository\org\junit\jupiter\junit-jupiter-engine\5.11.4\junit-jupiter-engine-5.11.4.jar;C:\Users\raymo\.m2\repository\org\junit\platform\junit-platform-engine\1.11.4\junit-platform-engine-1.11.4.jar;C:\Users\raymo\.m2\repository\org\mockito\mockito-core\5.14.2\mockito-core-5.14.2.jar;C:\Users\raymo\.m2\repository\net\bytebuddy\byte-buddy-agent\1.15.11\byte-buddy-agent-1.15.11.jar;C:\Users\raymo\.m2\repository\org\objenesis\objenesis\3.3\objenesis-3.3.jar;C:\Users\raymo\.m2\repository\org\mockito\mockito-junit-jupiter\5.14.2\mockito-junit-jupiter-5.14.2.jar;C:\Users\raymo\.m2\repository\org\skyscreamer\jsonassert\1.5.3\jsonassert-1.5.3.jar;C:\Users\raymo\.m2\repository\com\vaadin\external\google\android-json\0.0.20131108.vaadin1\android-json-0.0.20131108.vaadin1.jar;C:\Users\raymo\.m2\repository\org\springframework\spring-core\6.2.6\spring-core-6.2.6.jar;C:\Users\raymo\.m2\repository\org\springframework\spring-jcl\6.2.6\spring-jcl-6.2.6.jar;C:\Users\raymo\.m2\repository\org\springframework\spring-test\6.2.6\spring-test-6.2.6.jar;C:\Users\raymo\.m2\repository\org\xmlunit\xmlunit-core\2.10.0\xmlunit-core-2.10.0.jar;C:\Users\raymo\.m2\repository\io\projectreactor\reactor-test\3.7.5\reactor-test-3.7.5.jar;C:\Users\raymo\.m2\repository\io\projectreactor\reactor-core\3.7.5\reactor-core-3.7.5.jar;C:\Users\raymo\.m2\repository\org\reactivestreams\reactive-streams\1.0.4\reactive-streams-1.0.4.jar;C:\Users\raymo\.m2\repository\mx\com\sw\services\SW-JAVA\1.0.19.4\SW-JAVA-1.0.19.4.jar;C:\Users\raymo\.m2\repository\junit\junit\4.13.2\junit-4.13.2.jar;C:\Users\raymo\.m2\repository\org\hamcrest\hamcrest-core\2.2\hamcrest-core-2.2.jar;C:\Users\raymo\.m2\repository\org\apache\httpcomponents\httpclient\4.5.13\httpclient-4.5.13.jar;C:\Users\raymo\.m2\repository\org\apache\httpcomponents\httpcore\4.4.16\httpcore-4.4.16.jar;C:\Users\raymo\.m2\repository\commons-logging\commons-logging\1.2\commons-logging-1.2.jar;C:\Users\raymo\.m2\repository\commons-codec\commons-codec\1.17.2\commons-codec-1.17.2.jar;C:\Users\raymo\.m2\repository\org\apache\httpcomponents\httpasyncclient\4.1.5\httpasyncclient-4.1.5.jar;C:\Users\raymo\.m2\repository\org\apache\httpcomponents\httpcore-nio\4.4.16\httpcore-nio-4.4.16.jar;C:\Users\raymo\.m2\repository\org\apache\httpcomponents\httpmime\4.5.6\httpmime-4.5.6.jar;C:\Users\raymo\.m2\repository\org\json\json\20180130\json-20180130.jar;C:\Users\raymo\.m2\repository\com\googlecode\juniversalchardet\juniversalchardet\1.0.3\juniversalchardet-1.0.3.jar;C:\Users\raymo\.m2\repository\org\apache\servicemix\bundles\org.apache.servicemix.bundles.not-yet-commons-ssl\0.3.11_1\org.apache.servicemix.bundles.not-yet-commons-ssl-0.3.11_1.jar;C:\Users\raymo\.m2\repository\jakarta\xml\ws\jakarta.xml.ws-api\4.0.2\jakarta.xml.ws-api-4.0.2.jar;C:\Users\raymo\.m2\repository\jakarta\xml\soap\jakarta.xml.soap-api\3.0.2\jakarta.xml.soap-api-3.0.2.jar;C:\Users\raymo\.m2\repository\com\sun\xml\messaging\saaj\saaj-impl\3.0.4\saaj-impl-3.0.4.jar;C:\Users\raymo\.m2\repository\org\eclipse\angus\angus-activation\2.0.2\angus-activation-2.0.2.jar;C:\Users\raymo\.m2\repository\mx\com\sw\services\sw-resources-java\0.1.0\sw-resources-java-0.1.0.jar;C:\Users\raymo\.m2\repository\com\github\bingoohuang\unirest-java\0.0.1\unirest-java-0.0.1.jar;C:\Users\raymo\.m2\repository\com\google\code\gson\gson\2.11.0\gson-2.11.0.jar;C:\Users\raymo\.m2\repository\com\google\errorprone\error_prone_annotations\2.27.0\error_prone_annotations-2.27.0.jar;C:\Users\raymo\.m2\repository\com\googlecode\json-simple\json-simple\1.1\json-simple-1.1.jar;C:\Users\raymo\.m2\repository\io\jsonwebtoken\jjwt\0.9.1\jjwt-0.9.1.jar;C:\Users\raymo\.m2\repository\com\fasterxml\jackson\core\jackson-databind\2.18.3\jackson-databind-2.18.3.jar;C:\Users\raymo\.m2\repository\com\fasterxml\jackson\core\jackson-core\2.18.3\jackson-core-2.18.3.jar;C:\Users\raymo\.m2\repository\javax\xml\bind\jaxb-api\2.3.1\jaxb-api-2.3.1.jar;C:\Users\raymo\.m2\repository\javax\activation\javax.activation-api\1.2.0\javax.activation-api-1.2.0.jar;C:\Users\raymo\.m2\repository\org\glassfish\jaxb\jaxb-runtime\2.3.1\jaxb-runtime-2.3.1.jar;C:\Users\raymo\.m2\repository\org\glassfish\jaxb\txw2\4.0.5\txw2-4.0.5.jar;C:\Users\raymo\.m2\repository\com\sun\istack\istack-commons-runtime\4.1.2\istack-commons-runtime-4.1.2.jar;C:\Users\raymo\.m2\repository\org\jvnet\staxex\stax-ex\2.1.0\stax-ex-2.1.0.jar;C:\Users\raymo\.m2\repository\com\sun\xml\fastinfoset\FastInfoset\2.1.1\FastInfoset-2.1.1.jar;"/>
    <property name="java.vm.vendor" value="Oracle Corporation"/>
    <property name="sun.arch.data.model" value="64"/>
    <property name="user.variant" value=""/>
    <property name="java.vendor.url" value="https://java.oracle.com/"/>
    <property name="user.timezone" value="America/Mexico_City"/>
    <property name="os.name" value="Windows 11"/>
    <property name="java.vm.specification.version" value="23"/>
    <property name="APPLICATION_NAME" value="cosmos-sql"/>
    <property name="sun.java.launcher" value="SUN_STANDARD"/>
    <property name="user.country" value="ES"/>
    <property name="sun.boot.library.path" value="C:\Program Files\Java\jdk-23\bin"/>
    <property name="sun.java.command" value="C:\Users\raymo\AppData\Local\Temp\surefire17063180056763548948\surefirebooter-20250602175105229_3.jar C:\Users\raymo\AppData\Local\Temp\surefire17063180056763548948 2025-06-02T17-51-05_106-jvmRun1 surefire-20250602175105229_1tmp surefire_0-20250602175105229_2tmp"/>
    <property name="jdk.debug" value="release"/>
    <property name="surefire.test.class.path" value="C:\Users\raymo\Documentos\AzureBackEndFac\target\test-classes;C:\Users\raymo\Documentos\AzureBackEndFac\target\classes;C:\Users\raymo\.m2\repository\org\springframework\boot\spring-boot-starter-webflux\3.4.5\spring-boot-starter-webflux-3.4.5.jar;C:\Users\raymo\.m2\repository\org\springframework\boot\spring-boot-starter\3.4.5\spring-boot-starter-3.4.5.jar;C:\Users\raymo\.m2\repository\org\springframework\boot\spring-boot\3.4.5\spring-boot-3.4.5.jar;C:\Users\raymo\.m2\repository\org\springframework\boot\spring-boot-autoconfigure\3.4.5\spring-boot-autoconfigure-3.4.5.jar;C:\Users\raymo\.m2\repository\org\springframework\boot\spring-boot-starter-logging\3.4.5\spring-boot-starter-logging-3.4.5.jar;C:\Users\raymo\.m2\repository\ch\qos\logback\logback-classic\1.5.18\logback-classic-1.5.18.jar;C:\Users\raymo\.m2\repository\ch\qos\logback\logback-core\1.5.18\logback-core-1.5.18.jar;C:\Users\raymo\.m2\repository\org\apache\logging\log4j\log4j-to-slf4j\2.24.3\log4j-to-slf4j-2.24.3.jar;C:\Users\raymo\.m2\repository\org\apache\logging\log4j\log4j-api\2.24.3\log4j-api-2.24.3.jar;C:\Users\raymo\.m2\repository\org\slf4j\jul-to-slf4j\2.0.17\jul-to-slf4j-2.0.17.jar;C:\Users\raymo\.m2\repository\jakarta\annotation\jakarta.annotation-api\2.1.1\jakarta.annotation-api-2.1.1.jar;C:\Users\raymo\.m2\repository\org\yaml\snakeyaml\2.3\snakeyaml-2.3.jar;C:\Users\raymo\.m2\repository\org\springframework\boot\spring-boot-starter-json\3.4.5\spring-boot-starter-json-3.4.5.jar;C:\Users\raymo\.m2\repository\com\fasterxml\jackson\datatype\jackson-datatype-jdk8\2.18.3\jackson-datatype-jdk8-2.18.3.jar;C:\Users\raymo\.m2\repository\com\fasterxml\jackson\datatype\jackson-datatype-jsr310\2.18.3\jackson-datatype-jsr310-2.18.3.jar;C:\Users\raymo\.m2\repository\com\fasterxml\jackson\module\jackson-module-parameter-names\2.18.3\jackson-module-parameter-names-2.18.3.jar;C:\Users\raymo\.m2\repository\org\springframework\boot\spring-boot-starter-reactor-netty\3.4.5\spring-boot-starter-reactor-netty-3.4.5.jar;C:\Users\raymo\.m2\repository\io\projectreactor\netty\reactor-netty-http\1.2.5\reactor-netty-http-1.2.5.jar;C:\Users\raymo\.m2\repository\io\netty\netty-codec-http\4.1.119.Final\netty-codec-http-4.1.119.Final.jar;C:\Users\raymo\.m2\repository\io\netty\netty-common\4.1.119.Final\netty-common-4.1.119.Final.jar;C:\Users\raymo\.m2\repository\io\netty\netty-buffer\4.1.119.Final\netty-buffer-4.1.119.Final.jar;C:\Users\raymo\.m2\repository\io\netty\netty-transport\4.1.119.Final\netty-transport-4.1.119.Final.jar;C:\Users\raymo\.m2\repository\io\netty\netty-codec\4.1.119.Final\netty-codec-4.1.119.Final.jar;C:\Users\raymo\.m2\repository\io\netty\netty-handler\4.1.119.Final\netty-handler-4.1.119.Final.jar;C:\Users\raymo\.m2\repository\io\netty\netty-codec-http2\4.1.119.Final\netty-codec-http2-4.1.119.Final.jar;C:\Users\raymo\.m2\repository\io\netty\netty-resolver-dns\4.1.119.Final\netty-resolver-dns-4.1.119.Final.jar;C:\Users\raymo\.m2\repository\io\netty\netty-resolver\4.1.119.Final\netty-resolver-4.1.119.Final.jar;C:\Users\raymo\.m2\repository\io\netty\netty-codec-dns\4.1.119.Final\netty-codec-dns-4.1.119.Final.jar;C:\Users\raymo\.m2\repository\io\netty\netty-resolver-dns-native-macos\4.1.119.Final\netty-resolver-dns-native-macos-4.1.119.Final-osx-x86_64.jar;C:\Users\raymo\.m2\repository\io\netty\netty-resolver-dns-classes-macos\4.1.119.Final\netty-resolver-dns-classes-macos-4.1.119.Final.jar;C:\Users\raymo\.m2\repository\io\netty\netty-transport-native-epoll\4.1.119.Final\netty-transport-native-epoll-4.1.119.Final-linux-x86_64.jar;C:\Users\raymo\.m2\repository\io\netty\netty-transport-native-unix-common\4.1.119.Final\netty-transport-native-unix-common-4.1.119.Final.jar;C:\Users\raymo\.m2\repository\io\netty\netty-transport-classes-epoll\4.1.119.Final\netty-transport-classes-epoll-4.1.119.Final.jar;C:\Users\raymo\.m2\repository\io\projectreactor\netty\reactor-netty-core\1.2.5\reactor-netty-core-1.2.5.jar;C:\Users\raymo\.m2\repository\io\netty\netty-handler-proxy\4.1.119.Final\netty-handler-proxy-4.1.119.Final.jar;C:\Users\raymo\.m2\repository\io\netty\netty-codec-socks\4.1.119.Final\netty-codec-socks-4.1.119.Final.jar;C:\Users\raymo\.m2\repository\org\springframework\spring-web\6.2.6\spring-web-6.2.6.jar;C:\Users\raymo\.m2\repository\org\springframework\spring-beans\6.2.6\spring-beans-6.2.6.jar;C:\Users\raymo\.m2\repository\io\micrometer\micrometer-observation\1.14.6\micrometer-observation-1.14.6.jar;C:\Users\raymo\.m2\repository\io\micrometer\micrometer-commons\1.14.6\micrometer-commons-1.14.6.jar;C:\Users\raymo\.m2\repository\org\springframework\spring-webflux\6.2.6\spring-webflux-6.2.6.jar;C:\Users\raymo\.m2\repository\com\azure\spring\spring-cloud-azure-starter-data-cosmos\5.22.0\spring-cloud-azure-starter-data-cosmos-5.22.0.jar;C:\Users\raymo\.m2\repository\com\azure\spring\spring-cloud-azure-starter\5.22.0\spring-cloud-azure-starter-5.22.0.jar;C:\Users\raymo\.m2\repository\com\azure\spring\spring-cloud-azure-autoconfigure\5.22.0\spring-cloud-azure-autoconfigure-5.22.0.jar;C:\Users\raymo\.m2\repository\com\azure\spring\spring-cloud-azure-service\5.22.0\spring-cloud-azure-service-5.22.0.jar;C:\Users\raymo\.m2\repository\com\azure\spring\spring-cloud-azure-core\5.22.0\spring-cloud-azure-core-5.22.0.jar;C:\Users\raymo\.m2\repository\com\azure\azure-identity\1.15.4\azure-identity-1.15.4.jar;C:\Users\raymo\.m2\repository\com\microsoft\azure\msal4j\1.19.1\msal4j-1.19.1.jar;C:\Users\raymo\.m2\repository\com\nimbusds\oauth2-oidc-sdk\11.23\oauth2-oidc-sdk-11.23.jar;C:\Users\raymo\.m2\repository\com\github\stephenc\jcip\jcip-annotations\1.0-1\jcip-annotations-1.0-1.jar;C:\Users\raymo\.m2\repository\com\nimbusds\content-type\2.3\content-type-2.3.jar;C:\Users\raymo\.m2\repository\com\nimbusds\lang-tag\1.7\lang-tag-1.7.jar;C:\Users\raymo\.m2\repository\com\nimbusds\nimbus-jose-jwt\10.0.1\nimbus-jose-jwt-10.0.1.jar;C:\Users\raymo\.m2\repository\com\microsoft\azure\msal4j-persistence-extension\1.3.0\msal4j-persistence-extension-1.3.0.jar;C:\Users\raymo\.m2\repository\net\java\dev\jna\jna\5.13.0\jna-5.13.0.jar;C:\Users\raymo\.m2\repository\net\java\dev\jna\jna-platform\5.13.0\jna-platform-5.13.0.jar;C:\Users\raymo\.m2\repository\com\azure\azure-core-amqp\2.9.16\azure-core-amqp-2.9.16.jar;C:\Users\raymo\.m2\repository\com\microsoft\azure\qpid-proton-j-extensions\1.2.5\qpid-proton-j-extensions-1.2.5.jar;C:\Users\raymo\.m2\repository\org\apache\qpid\proton-j\0.34.1\proton-j-0.34.1.jar;C:\Users\raymo\.m2\repository\com\azure\azure-core-management\1.17.0\azure-core-management-1.17.0.jar;C:\Users\raymo\.m2\repository\jakarta\validation\jakarta.validation-api\3.0.2\jakarta.validation-api-3.0.2.jar;C:\Users\raymo\.m2\repository\com\azure\azure-spring-data-cosmos\5.22.0\azure-spring-data-cosmos-5.22.0.jar;C:\Users\raymo\.m2\repository\org\springframework\spring-context\6.2.6\spring-context-6.2.6.jar;C:\Users\raymo\.m2\repository\org\springframework\spring-aop\6.2.6\spring-aop-6.2.6.jar;C:\Users\raymo\.m2\repository\org\springframework\spring-tx\6.2.6\spring-tx-6.2.6.jar;C:\Users\raymo\.m2\repository\org\springframework\data\spring-data-commons\3.4.5\spring-data-commons-3.4.5.jar;C:\Users\raymo\.m2\repository\org\springframework\spring-expression\6.2.6\spring-expression-6.2.6.jar;C:\Users\raymo\.m2\repository\com\azure\azure-cosmos\4.68.0\azure-cosmos-4.68.0.jar;C:\Users\raymo\.m2\repository\com\azure\azure-core\1.55.3\azure-core-1.55.3.jar;C:\Users\raymo\.m2\repository\com\azure\azure-json\1.5.0\azure-json-1.5.0.jar;C:\Users\raymo\.m2\repository\com\azure\azure-xml\1.2.0\azure-xml-1.2.0.jar;C:\Users\raymo\.m2\repository\com\azure\azure-core-http-netty\1.15.11\azure-core-http-netty-1.15.11.jar;C:\Users\raymo\.m2\repository\io\netty\netty-transport-native-kqueue\4.1.119.Final\netty-transport-native-kqueue-4.1.119.Final-osx-x86_64.jar;C:\Users\raymo\.m2\repository\io\netty\netty-transport-classes-kqueue\4.1.119.Final\netty-transport-classes-kqueue-4.1.119.Final.jar;C:\Users\raymo\.m2\repository\io\netty\netty-tcnative-boringssl-static\2.0.70.Final\netty-tcnative-boringssl-static-2.0.70.Final.jar;C:\Users\raymo\.m2\repository\io\netty\netty-tcnative-classes\2.0.70.Final\netty-tcnative-classes-2.0.70.Final.jar;C:\Users\raymo\.m2\repository\io\netty\netty-tcnative-boringssl-static\2.0.70.Final\netty-tcnative-boringssl-static-2.0.70.Final-linux-x86_64.jar;C:\Users\raymo\.m2\repository\io\netty\netty-tcnative-boringssl-static\2.0.70.Final\netty-tcnative-boringssl-static-2.0.70.Final-linux-aarch_64.jar;C:\Users\raymo\.m2\repository\io\netty\netty-tcnative-boringssl-static\2.0.70.Final\netty-tcnative-boringssl-static-2.0.70.Final-osx-x86_64.jar;C:\Users\raymo\.m2\repository\io\netty\netty-tcnative-boringssl-static\2.0.70.Final\netty-tcnative-boringssl-static-2.0.70.Final-osx-aarch_64.jar;C:\Users\raymo\.m2\repository\io\netty\netty-tcnative-boringssl-static\2.0.70.Final\netty-tcnative-boringssl-static-2.0.70.Final-windows-x86_64.jar;C:\Users\raymo\.m2\repository\org\hdrhistogram\HdrHistogram\2.1.12\HdrHistogram-2.1.12.jar;C:\Users\raymo\.m2\repository\io\dropwizard\metrics\metrics-core\4.1.0\metrics-core-4.1.0.jar;C:\Users\raymo\.m2\repository\io\micrometer\micrometer-core\1.14.6\micrometer-core-1.14.6.jar;C:\Users\raymo\.m2\repository\org\latencyutils\LatencyUtils\2.0.3\LatencyUtils-2.0.3.jar;C:\Users\raymo\.m2\repository\com\fasterxml\jackson\core\jackson-annotations\2.18.3\jackson-annotations-2.18.3.jar;C:\Users\raymo\.m2\repository\org\javatuples\javatuples\1.2\javatuples-1.2.jar;C:\Users\raymo\.m2\repository\javax\annotation\javax.annotation-api\1.3.2\javax.annotation-api-1.3.2.jar;C:\Users\raymo\.m2\repository\org\apache\commons\commons-lang3\3.17.0\commons-lang3-3.17.0.jar;C:\Users\raymo\.m2\repository\org\slf4j\slf4j-api\2.0.17\slf4j-api-2.0.17.jar;C:\Users\raymo\.m2\repository\org\projectlombok\lombok\1.18.38\lombok-1.18.38.jar;C:\Users\raymo\.m2\repository\org\springframework\boot\spring-boot-starter-test\3.4.5\spring-boot-starter-test-3.4.5.jar;C:\Users\raymo\.m2\repository\org\springframework\boot\spring-boot-test\3.4.5\spring-boot-test-3.4.5.jar;C:\Users\raymo\.m2\repository\org\springframework\boot\spring-boot-test-autoconfigure\3.4.5\spring-boot-test-autoconfigure-3.4.5.jar;C:\Users\raymo\.m2\repository\com\jayway\jsonpath\json-path\2.9.0\json-path-2.9.0.jar;C:\Users\raymo\.m2\repository\jakarta\xml\bind\jakarta.xml.bind-api\4.0.2\jakarta.xml.bind-api-4.0.2.jar;C:\Users\raymo\.m2\repository\jakarta\activation\jakarta.activation-api\2.1.3\jakarta.activation-api-2.1.3.jar;C:\Users\raymo\.m2\repository\net\minidev\json-smart\2.5.2\json-smart-2.5.2.jar;C:\Users\raymo\.m2\repository\net\minidev\accessors-smart\2.5.2\accessors-smart-2.5.2.jar;C:\Users\raymo\.m2\repository\org\ow2\asm\asm\9.7.1\asm-9.7.1.jar;C:\Users\raymo\.m2\repository\org\assertj\assertj-core\3.26.3\assertj-core-3.26.3.jar;C:\Users\raymo\.m2\repository\net\bytebuddy\byte-buddy\1.15.11\byte-buddy-1.15.11.jar;C:\Users\raymo\.m2\repository\org\awaitility\awaitility\4.2.2\awaitility-4.2.2.jar;C:\Users\raymo\.m2\repository\org\hamcrest\hamcrest\2.2\hamcrest-2.2.jar;C:\Users\raymo\.m2\repository\org\junit\jupiter\junit-jupiter\5.11.4\junit-jupiter-5.11.4.jar;C:\Users\raymo\.m2\repository\org\junit\jupiter\junit-jupiter-api\5.11.4\junit-jupiter-api-5.11.4.jar;C:\Users\raymo\.m2\repository\org\opentest4j\opentest4j\1.3.0\opentest4j-1.3.0.jar;C:\Users\raymo\.m2\repository\org\junit\platform\junit-platform-commons\1.11.4\junit-platform-commons-1.11.4.jar;C:\Users\raymo\.m2\repository\org\apiguardian\apiguardian-api\1.1.2\apiguardian-api-1.1.2.jar;C:\Users\raymo\.m2\repository\org\junit\jupiter\junit-jupiter-params\5.11.4\junit-jupiter-params-5.11.4.jar;C:\Users\raymo\.m2\repository\org\junit\jupiter\junit-jupiter-engine\5.11.4\junit-jupiter-engine-5.11.4.jar;C:\Users\raymo\.m2\repository\org\junit\platform\junit-platform-engine\1.11.4\junit-platform-engine-1.11.4.jar;C:\Users\raymo\.m2\repository\org\mockito\mockito-core\5.14.2\mockito-core-5.14.2.jar;C:\Users\raymo\.m2\repository\net\bytebuddy\byte-buddy-agent\1.15.11\byte-buddy-agent-1.15.11.jar;C:\Users\raymo\.m2\repository\org\objenesis\objenesis\3.3\objenesis-3.3.jar;C:\Users\raymo\.m2\repository\org\mockito\mockito-junit-jupiter\5.14.2\mockito-junit-jupiter-5.14.2.jar;C:\Users\raymo\.m2\repository\org\skyscreamer\jsonassert\1.5.3\jsonassert-1.5.3.jar;C:\Users\raymo\.m2\repository\com\vaadin\external\google\android-json\0.0.20131108.vaadin1\android-json-0.0.20131108.vaadin1.jar;C:\Users\raymo\.m2\repository\org\springframework\spring-core\6.2.6\spring-core-6.2.6.jar;C:\Users\raymo\.m2\repository\org\springframework\spring-jcl\6.2.6\spring-jcl-6.2.6.jar;C:\Users\raymo\.m2\repository\org\springframework\spring-test\6.2.6\spring-test-6.2.6.jar;C:\Users\raymo\.m2\repository\org\xmlunit\xmlunit-core\2.10.0\xmlunit-core-2.10.0.jar;C:\Users\raymo\.m2\repository\io\projectreactor\reactor-test\3.7.5\reactor-test-3.7.5.jar;C:\Users\raymo\.m2\repository\io\projectreactor\reactor-core\3.7.5\reactor-core-3.7.5.jar;C:\Users\raymo\.m2\repository\org\reactivestreams\reactive-streams\1.0.4\reactive-streams-1.0.4.jar;C:\Users\raymo\.m2\repository\mx\com\sw\services\SW-JAVA\1.0.19.4\SW-JAVA-1.0.19.4.jar;C:\Users\raymo\.m2\repository\junit\junit\4.13.2\junit-4.13.2.jar;C:\Users\raymo\.m2\repository\org\hamcrest\hamcrest-core\2.2\hamcrest-core-2.2.jar;C:\Users\raymo\.m2\repository\org\apache\httpcomponents\httpclient\4.5.13\httpclient-4.5.13.jar;C:\Users\raymo\.m2\repository\org\apache\httpcomponents\httpcore\4.4.16\httpcore-4.4.16.jar;C:\Users\raymo\.m2\repository\commons-logging\commons-logging\1.2\commons-logging-1.2.jar;C:\Users\raymo\.m2\repository\commons-codec\commons-codec\1.17.2\commons-codec-1.17.2.jar;C:\Users\raymo\.m2\repository\org\apache\httpcomponents\httpasyncclient\4.1.5\httpasyncclient-4.1.5.jar;C:\Users\raymo\.m2\repository\org\apache\httpcomponents\httpcore-nio\4.4.16\httpcore-nio-4.4.16.jar;C:\Users\raymo\.m2\repository\org\apache\httpcomponents\httpmime\4.5.6\httpmime-4.5.6.jar;C:\Users\raymo\.m2\repository\org\json\json\20180130\json-20180130.jar;C:\Users\raymo\.m2\repository\com\googlecode\juniversalchardet\juniversalchardet\1.0.3\juniversalchardet-1.0.3.jar;C:\Users\raymo\.m2\repository\org\apache\servicemix\bundles\org.apache.servicemix.bundles.not-yet-commons-ssl\0.3.11_1\org.apache.servicemix.bundles.not-yet-commons-ssl-0.3.11_1.jar;C:\Users\raymo\.m2\repository\jakarta\xml\ws\jakarta.xml.ws-api\4.0.2\jakarta.xml.ws-api-4.0.2.jar;C:\Users\raymo\.m2\repository\jakarta\xml\soap\jakarta.xml.soap-api\3.0.2\jakarta.xml.soap-api-3.0.2.jar;C:\Users\raymo\.m2\repository\com\sun\xml\messaging\saaj\saaj-impl\3.0.4\saaj-impl-3.0.4.jar;C:\Users\raymo\.m2\repository\org\eclipse\angus\angus-activation\2.0.2\angus-activation-2.0.2.jar;C:\Users\raymo\.m2\repository\mx\com\sw\services\sw-resources-java\0.1.0\sw-resources-java-0.1.0.jar;C:\Users\raymo\.m2\repository\com\github\bingoohuang\unirest-java\0.0.1\unirest-java-0.0.1.jar;C:\Users\raymo\.m2\repository\com\google\code\gson\gson\2.11.0\gson-2.11.0.jar;C:\Users\raymo\.m2\repository\com\google\errorprone\error_prone_annotations\2.27.0\error_prone_annotations-2.27.0.jar;C:\Users\raymo\.m2\repository\com\googlecode\json-simple\json-simple\1.1\json-simple-1.1.jar;C:\Users\raymo\.m2\repository\io\jsonwebtoken\jjwt\0.9.1\jjwt-0.9.1.jar;C:\Users\raymo\.m2\repository\com\fasterxml\jackson\core\jackson-databind\2.18.3\jackson-databind-2.18.3.jar;C:\Users\raymo\.m2\repository\com\fasterxml\jackson\core\jackson-core\2.18.3\jackson-core-2.18.3.jar;C:\Users\raymo\.m2\repository\javax\xml\bind\jaxb-api\2.3.1\jaxb-api-2.3.1.jar;C:\Users\raymo\.m2\repository\javax\activation\javax.activation-api\1.2.0\javax.activation-api-1.2.0.jar;C:\Users\raymo\.m2\repository\org\glassfish\jaxb\jaxb-runtime\2.3.1\jaxb-runtime-2.3.1.jar;C:\Users\raymo\.m2\repository\org\glassfish\jaxb\txw2\4.0.5\txw2-4.0.5.jar;C:\Users\raymo\.m2\repository\com\sun\istack\istack-commons-runtime\4.1.2\istack-commons-runtime-4.1.2.jar;C:\Users\raymo\.m2\repository\org\jvnet\staxex\stax-ex\2.1.0\stax-ex-2.1.0.jar;C:\Users\raymo\.m2\repository\com\sun\xml\fastinfoset\FastInfoset\2.1.1\FastInfoset-2.1.1.jar;"/>
    <property name="sun.cpu.endian" value="little"/>
    <property name="user.home" value="C:\Users\raymo"/>
    <property name="user.language" value="es"/>
    <property name="java.specification.vendor" value="Oracle Corporation"/>
    <property name="java.version.date" value="2025-01-21"/>
    <property name="java.home" value="C:\Program Files\Java\jdk-23"/>
    <property name="file.separator" value="\"/>
    <property name="basedir" value="C:\Users\raymo\Documentos\AzureBackEndFac"/>
    <property name="java.vm.compressedOopsMode" value="Zero based"/>
    <property name="line.separator" value="&#10;"/>
    <property name="java.vm.specification.vendor" value="Oracle Corporation"/>
    <property name="java.specification.name" value="Java Platform API Specification"/>
    <property name="FILE_LOG_CHARSET" value="UTF-8"/>
    <property name="java.awt.headless" value="true"/>
    <property name="surefire.real.class.path" value="C:\Users\raymo\AppData\Local\Temp\surefire17063180056763548948\surefirebooter-20250602175105229_3.jar"/>
    <property name="user.script" value=""/>
    <property name="sun.management.compiler" value="HotSpot 64-Bit Tiered Compilers"/>
    <property name="java.runtime.version" value="23.0.2+7-58"/>
    <property name="user.name" value="raymo"/>
    <property name="stdout.encoding" value="Cp1252"/>
    <property name="path.separator" value=";"/>
    <property name="os.version" value="10.0"/>
    <property name="java.runtime.name" value="Java(TM) SE Runtime Environment"/>
    <property name="file.encoding" value="UTF-8"/>
    <property name="java.vm.name" value="Java HotSpot(TM) 64-Bit Server VM"/>
    <property name="localRepository" value="C:\Users\raymo\.m2\repository"/>
    <property name="java.vendor.url.bug" value="https://bugreport.java.com/bugreport/"/>
    <property name="java.io.tmpdir" value="C:\Users\raymo\AppData\Local\Temp\"/>
    <property name="idea.version" value="2024.3.2.2"/>
    <property name="java.version" value="23.0.2"/>
    <property name="user.dir" value="C:\Users\raymo\Documentos\AzureBackEndFac"/>
    <property name="os.arch" value="amd64"/>
    <property name="java.vm.specification.name" value="Java Virtual Machine Specification"/>
    <property name="PID" value="19320"/>
    <property name="sun.os.patch.level" value=""/>
    <property name="CONSOLE_LOG_CHARSET" value="UTF-8"/>
    <property name="native.encoding" value="Cp1252"/>
    <property name="java.library.path" value="C:\Program Files\Java\jdk-23\bin;C:\WINDOWS\Sun\Java\bin;C:\WINDOWS\system32;C:\WINDOWS;C:\Program Files\Common Files\Oracle\Java\javapath;C:\WINDOWS\system32;C:\WINDOWS;C:\WINDOWS\System32\Wbem;C:\WINDOWS\System32\WindowsPowerShell\v1.0\;C:\WINDOWS\System32\OpenSSH\;C:\Users\raymo\AppData\Roaming\nvm;C:\Program Files\nodejs;C:\Program Files\nodejs;C:\Program Files\Git\cmd;C:\Program Files\Neovim\bin;C:\laragon\bin\php\php-8.1.10-Win32-vs16-x64;C:\composer;C:\Program Files\Microchip\xc8\v3.00\bin;C:\Maven\apache-maven-3.9.9\bin;C:\Program Files\Java\jdk-23\bin;c:\Users\raymo\AppData\Local\Programs\cursor\resources\app\bin;C:\Users\raymo\scoop\shims;C:\Users\raymo\AppData\Local\Programs\Python\Python313\Scripts\;C:\Users\raymo\AppData\Local\Programs\Python\Python313\;C:\Users\raymo\.console-ninja\.bin;C:\Users\raymo\AppData\Local\Microsoft\WindowsApps;C:\Users\raymo\AppData\Local\Programs\Microsoft VS Code\bin;C:\Users\raymo\AppData\Roaming\nvm;C:\Program Files\nodejs;;C:\Program Files\JetBrains\IntelliJ IDEA 2024.3.2.2\bin;;C:\Users\raymo\AppData\Local\Programs\Ollama;C:\Users\raymo\AppData\Local\Microsoft\WindowsApps;C:\Users\raymo\AppData\Roaming\Composer\vendor\bin;C:\Users\raymo\AppData\Local\Programs\cursor\resources\app\bin;."/>
    <property name="java.vm.info" value="mixed mode, sharing"/>
    <property name="stderr.encoding" value="Cp1252"/>
    <property name="java.vendor" value="Oracle Corporation"/>
    <property name="java.vm.version" value="23.0.2+7-58"/>
    <property name="sun.io.unicode.encoding" value="UnicodeLittle"/>
    <property name="java.class.version" value="67.0"/>
    <property name="LOGGED_APPLICATION_NAME" value="[cosmos-sql] "/>
  </properties>
  <testcase name="contextLoads" classname="com.E4.cosmos_sql.CosmosSqlApplicationTests" time="0.752">
    <system-out><![CDATA[17:51:06.385 [main] INFO org.springframework.test.context.support.AnnotationConfigContextLoaderUtils -- Could not detect default configuration classes for test class [com.E4.cosmos_sql.CosmosSqlApplicationTests]: CosmosSqlApplicationTests does not declare any static, non-private, non-final, nested classes annotated with @Configuration.
17:51:06.554 [main] INFO org.springframework.boot.test.context.SpringBootTestContextBootstrapper -- Found @SpringBootConfiguration com.E4.cosmos_sql.CosmosSqlApplication for test class com.E4.cosmos_sql.CosmosSqlApplicationTests

  .   ____          _            __ _ _
 /\\ / ___'_ __ _ _(_)_ __  __ _ \ \ \ \
( ( )\___ | '_ | '_| | '_ \/ _` | \ \ \ \
 \\/  ___)| |_)| | | | | || (_| |  ) ) ) )
  '  |____| .__|_| |_|_| |_\__, | / / / /
 =========|_|==============|___/=/_/_/_/

 :: Spring Boot ::                (v3.4.5)

2025-06-02T17:51:07.118-06:00  WARN 19320 --- [cosmos-sql] [           main] ory$DuplicateJsonObjectContextCustomizer : 

Found multiple occurrences of org.json.JSONObject on the class path:

	jar:file:/C:/Users/raymo/.m2/repository/com/vaadin/external/google/android-json/0.0.20131108.vaadin1/android-json-0.0.20131108.vaadin1.jar!/org/json/JSONObject.class
	jar:file:/C:/Users/raymo/.m2/repository/org/json/json/20180130/json-20180130.jar!/org/json/JSONObject.class

You may wish to exclude one of them to ensure predictable runtime behavior

2025-06-02T17:51:07.142-06:00  INFO 19320 --- [cosmos-sql] [           main] c.E.c.CosmosSqlApplicationTests          : Starting CosmosSqlApplicationTests using Java 23.0.2 with PID 19320 (started by raymo in C:\Users\raymo\Documentos\AzureBackEndFac)
2025-06-02T17:51:07.147-06:00  INFO 19320 --- [cosmos-sql] [           main] c.E.c.CosmosSqlApplicationTests          : No active profile set, falling back to 1 default profile: "default"
2025-06-02T17:51:07.856-06:00  INFO 19320 --- [cosmos-sql] [           main] .s.d.r.c.RepositoryConfigurationDelegate : Bootstrapping Spring Data cosmos repositories in DEFAULT mode.
2025-06-02T17:51:08.031-06:00  INFO 19320 --- [cosmos-sql] [           main] .s.d.r.c.RepositoryConfigurationDelegate : Finished Spring Data repository scanning in 169 ms. Found 2 cosmos repository interfaces.
2025-06-02T17:51:08.040-06:00  INFO 19320 --- [cosmos-sql] [           main] .s.d.r.c.RepositoryConfigurationDelegate : Bootstrapping Spring Data cosmos repositories in DEFAULT mode.
2025-06-02T17:51:08.046-06:00  INFO 19320 --- [cosmos-sql] [           main] .s.d.r.c.RepositoryConfigurationDelegate : Finished Spring Data repository scanning in 3 ms. Found 0 cosmos repository interfaces.
2025-06-02T17:51:08.574-06:00  INFO 19320 --- [cosmos-sql] [           main] c.a.c.h.n.implementation.NettyUtility    : {"az.sdk.message":"The following Netty versions were found on the classpath and have a mismatch with the versions used by azure-core-http-netty. If your application runs without issue this message can be ignored, otherwise please align the Netty versions used in your application. For more information, see https://aka.ms/azsdk/java/dependency/troubleshoot.","azure-netty-version":"4.1.118.Final","azure-netty-native-version":"2.0.70.Final","classpath-netty-version-io.netty:netty-common":"4.1.119.Final","classpath-netty-version-io.netty:netty-handler":"4.1.119.Final","classpath-netty-version-io.netty:netty-handler-proxy":"4.1.119.Final","classpath-netty-version-io.netty:netty-buffer":"4.1.119.Final","classpath-netty-version-io.netty:netty-codec":"4.1.119.Final","classpath-netty-version-io.netty:netty-codec-http":"4.1.119.Final","classpath-netty-version-io.netty:netty-codec-http2":"4.1.119.Final","classpath-netty-version-io.netty:netty-transport-native-unix-common":"4.1.119.Final","classpath-netty-version-io.netty:netty-transport-native-epoll":"4.1.119.Final","classpath-netty-version-io.netty:netty-transport-native-kqueue":"4.1.119.Final","classpath-native-netty-version-io.netty:netty-tcnative-boringssl-static":"2.0.70.Final"}
2025-06-02T17:51:08.747-06:00  WARN 19320 --- [cosmos-sql] [           main] com.azure.cosmos.implementation.Utils    : Neither Afterburner nor Blackbird Jackson module loaded.  Consider adding one to your classpath for maximum Jackson performance.
2025-06-02T17:51:08.747-06:00  WARN 19320 --- [cosmos-sql] [           main] com.azure.cosmos.implementation.Utils    : Neither Afterburner nor Blackbird Jackson module loaded.  Consider adding one to your classpath for maximum Jackson performance.
2025-06-02T17:51:08.875-06:00  WARN 19320 --- [cosmos-sql] [           main] c.a.s.c.s.i.c.CosmosClientBuilderFactory : Configuration instance is not supported to configure in CosmosClientBuilder
2025-06-02T17:51:08.971-06:00  WARN 19320 --- [cosmos-sql] [           main] com.azure.cosmos.implementation.Utils    : Neither Afterburner nor Blackbird Jackson module loaded.  Consider adding one to your classpath for maximum Jackson performance.
2025-06-02T17:51:09.014-06:00  INFO 19320 --- [cosmos-sql] [           main] c.a.c.i.RxDocumentClientImpl             : Initializing DocumentClient [1] with serviceEndpoint [https://facturacioncosmosdb.documents.azure.com:443/], connectionPolicy [null], consistencyLevel [null]
2025-06-02T17:51:09.440-06:00  INFO 19320 --- [cosmos-sql] [smos-parallel-1] c.a.c.i.RxDocumentClientImpl             : Getting database account endpoint from https://facturacioncosmosdb.documents.azure.com:443/
2025-06-02T17:51:10.313-06:00  INFO 19320 --- [cosmos-sql] [ctor-http-nio-1] c.a.c.i.GlobalEndpointManager            : db account retrieved {"_self":"","id":"facturacioncosmosdb","_rid":"facturacioncosmosdb.documents.azure.com","media":"//media/","addresses":"//addresses/","_dbs":"//dbs/","writableLocations":[{"name":"West US 3","databaseAccountEndpoint":"https://facturacioncosmosdb-westus3.documents.azure.com:443/"}],"readableLocations":[{"name":"West US 3","databaseAccountEndpoint":"https://facturacioncosmosdb-westus3.documents.azure.com:443/"}],"enableMultipleWriteLocations":false,"continuousBackupEnabled":false,"enableNRegionSynchronousCommit":false,"userReplicationPolicy":{"asyncReplication":false,"minReplicaSetSize":3,"maxReplicasetSize":4},"userConsistencyPolicy":{"defaultConsistencyLevel":"Session"},"systemReplicationPolicy":{"minReplicaSetSize":3,"maxReplicasetSize":4},"readPolicy":{"primaryReadCoefficient":1,"secondaryReadCoefficient":1},"queryEngineConfiguration":"{\"allowNewKeywords\":true,\"maxJoinsPerSqlQuery\":10,\"maxQueryRequestTimeoutFraction\":0.9,\"maxSqlQueryInputLength\":524288,\"maxUdfRefPerSqlQuery\":10,\"queryMaxInMemorySortDocumentCount\":-1000,\"spatialMaxGeometryPointCount\":256,\"sqlAllowNonFiniteNumbers\":false,\"sqlDisableOptimizationFlags\":0,\"sqlQueryILDisableOptimizationFlags\":0,\"clientDisableOptimisticDirectExecution\":false,\"queryEnableFullText\":true,\"enableSpatialIndexing\":true,\"maxInExpressionItemsCount\":2147483647,\"maxLogicalAndPerSqlQuery\":2147483647,\"maxLogicalOrPerSqlQuery\":2147483647,\"maxSpatialQueryCells\":2147483647,\"sqlAllowAggregateFunctions\":true,\"sqlAllowGroupByClause\":true,\"sqlAllowLike\":true,\"sqlAllowSubQuery\":true,\"sqlAllowScalarSubQuery\":true,\"sqlAllowTop\":true}"}
2025-06-02T17:51:10.338-06:00  INFO 19320 --- [cosmos-sql] [ctor-http-nio-2] c.a.c.i.clienttelemetry.ClientTelemetry  : Client is not on azure vm
2025-06-02T17:51:10.339-06:00  WARN 19320 --- [cosmos-sql] [ctor-http-nio-2] c.a.c.i.RxDocumentClientImpl             : Initialized DocumentClient [1] with machineId[uuid:a4b13465-1188-4929-ac09-2819e76f90ae] serviceEndpoint [https://facturacioncosmosdb.documents.azure.com:443/], connectionPolicy [null], consistencyLevel [null]
2025-06-02T17:51:10.347-06:00  INFO 19320 --- [cosmos-sql] [           main] c.a.c.i.d.RntbdTransportClient           : Using default Direct TCP options: azure.cosmos.directTcp.defaultOptions
2025-06-02T17:51:10.387-06:00  INFO 19320 --- [cosmos-sql] [           main] Endpoint$RntbdEndpointMonitoringProvider : Starting RntbdClientChannelPoolMonitoringProvider ...
2025-06-02T17:51:10.422-06:00  WARN 19320 --- [cosmos-sql] [           main] com.azure.cosmos.CosmosClientBuilder     : Cosmos Client with (Correlation) ID [00001] started up in [1522] ms with the following configuration: serviceEndpoint [https://facturacioncosmosdb.documents.azure.com:443/], preferredRegions [[]], excludedRegions [[]], connectionPolicy [null], consistencyLevel [null], contentResponseOnWriteEnabled [true], sessionCapturingOverride [false], connectionSharingAcrossClients [false], proactiveContainerInit [null], diagnostics [{samplingRate=1.0, thresholds={pointOperationLatencyThreshold=PT1S, nonPointOperationLatencyThreshold=PT3S, requestChargeThreshold=1000.0, payloadSizeInBytesThreshold=2147483647, customFailureHandler=false}, clientCorrelationId=null, clientMetricsEnabled=true, transportLevelTracingEnabled=false, showQueryMode=None, customTracerProvided=false, customDiagnosticHandlers=()}], tracing [true, false, com.azure.cosmos.implementation.DiagnosticsProvider.EnabledNoOpTracer, [com.azure.cosmos.implementation.clienttelemetry.ClientMetricsDiagnosticsHandler]], nativeTransport [false] fastClientOpen [false] isRegionScopedSessionCapturingEnabled [false]
2025-06-02T17:51:12.067-06:00  INFO 19320 --- [cosmos-sql] [           main] o.s.v.b.OptionalValidatorFactoryBean     : Failed to set up a Bean Validation provider: jakarta.validation.NoProviderFoundException: Unable to create a Configuration, because no Jakarta Bean Validation provider could be found. Add a provider like Hibernate Validator (RI) to your classpath.
2025-06-02T17:51:12.235-06:00  INFO 19320 --- [cosmos-sql] [           main] c.a.c.i.RxDocumentClientImpl             : Initializing DocumentClient [2] with serviceEndpoint [https://facturacioncosmosdb.documents.azure.com:443/], connectionPolicy [null], consistencyLevel [null]
2025-06-02T17:51:12.240-06:00  INFO 19320 --- [cosmos-sql] [smos-parallel-5] c.a.c.i.RxDocumentClientImpl             : Getting database account endpoint from https://facturacioncosmosdb.documents.azure.com:443/
2025-06-02T17:51:12.602-06:00  INFO 19320 --- [cosmos-sql] [ctor-http-nio-4] c.a.c.i.GlobalEndpointManager            : db account retrieved {"_self":"","id":"facturacioncosmosdb","_rid":"facturacioncosmosdb.documents.azure.com","media":"//media/","addresses":"//addresses/","_dbs":"//dbs/","writableLocations":[{"name":"West US 3","databaseAccountEndpoint":"https://facturacioncosmosdb-westus3.documents.azure.com:443/"}],"readableLocations":[{"name":"West US 3","databaseAccountEndpoint":"https://facturacioncosmosdb-westus3.documents.azure.com:443/"}],"enableMultipleWriteLocations":false,"continuousBackupEnabled":false,"enableNRegionSynchronousCommit":false,"userReplicationPolicy":{"asyncReplication":false,"minReplicaSetSize":3,"maxReplicasetSize":4},"userConsistencyPolicy":{"defaultConsistencyLevel":"Session"},"systemReplicationPolicy":{"minReplicaSetSize":3,"maxReplicasetSize":4},"readPolicy":{"primaryReadCoefficient":1,"secondaryReadCoefficient":1},"queryEngineConfiguration":"{\"allowNewKeywords\":true,\"maxJoinsPerSqlQuery\":10,\"maxQueryRequestTimeoutFraction\":0.9,\"maxSqlQueryInputLength\":524288,\"maxUdfRefPerSqlQuery\":10,\"queryMaxInMemorySortDocumentCount\":-1000,\"spatialMaxGeometryPointCount\":256,\"sqlAllowNonFiniteNumbers\":false,\"sqlDisableOptimizationFlags\":0,\"sqlQueryILDisableOptimizationFlags\":0,\"clientDisableOptimisticDirectExecution\":false,\"queryEnableFullText\":true,\"enableSpatialIndexing\":true,\"maxInExpressionItemsCount\":2147483647,\"maxLogicalAndPerSqlQuery\":2147483647,\"maxLogicalOrPerSqlQuery\":2147483647,\"maxSpatialQueryCells\":2147483647,\"sqlAllowAggregateFunctions\":true,\"sqlAllowGroupByClause\":true,\"sqlAllowLike\":true,\"sqlAllowSubQuery\":true,\"sqlAllowScalarSubQuery\":true,\"sqlAllowTop\":true}"}
2025-06-02T17:51:12.604-06:00  INFO 19320 --- [cosmos-sql] [ctor-http-nio-5] c.a.c.i.clienttelemetry.ClientTelemetry  : Client is not on azure vm
2025-06-02T17:51:12.604-06:00  WARN 19320 --- [cosmos-sql] [ctor-http-nio-5] c.a.c.i.RxDocumentClientImpl             : Initialized DocumentClient [2] with machineId[uuid:a4b13465-1188-4929-ac09-2819e76f90ae] serviceEndpoint [https://facturacioncosmosdb.documents.azure.com:443/], connectionPolicy [null], consistencyLevel [null]
2025-06-02T17:51:12.633-06:00  INFO 19320 --- [cosmos-sql] [           main] Endpoint$RntbdEndpointMonitoringProvider : Starting RntbdClientChannelPoolMonitoringProvider ...
2025-06-02T17:51:12.633-06:00  WARN 19320 --- [cosmos-sql] [           main] com.azure.cosmos.CosmosClientBuilder     : Cosmos Client with (Correlation) ID [00002] started up in [396] ms with the following configuration: serviceEndpoint [https://facturacioncosmosdb.documents.azure.com:443/], preferredRegions [[]], excludedRegions [[]], connectionPolicy [null], consistencyLevel [null], contentResponseOnWriteEnabled [true], sessionCapturingOverride [false], connectionSharingAcrossClients [false], proactiveContainerInit [null], diagnostics [{samplingRate=1.0, thresholds={pointOperationLatencyThreshold=PT1S, nonPointOperationLatencyThreshold=PT3S, requestChargeThreshold=1000.0, payloadSizeInBytesThreshold=2147483647, customFailureHandler=false}, clientCorrelationId=null, clientMetricsEnabled=true, transportLevelTracingEnabled=false, showQueryMode=None, customTracerProvided=false, customDiagnosticHandlers=()}], tracing [true, false, com.azure.cosmos.implementation.DiagnosticsProvider.EnabledNoOpTracer, [com.azure.cosmos.implementation.clienttelemetry.ClientMetricsDiagnosticsHandler]], nativeTransport [false] fastClientOpen [false] isRegionScopedSessionCapturingEnabled [false]
2025-06-02T17:51:12.633-06:00  INFO 19320 --- [cosmos-sql] [           main] c.a.c.i.RxDocumentClientImpl             : Initializing DocumentClient [3] with serviceEndpoint [https://facturacioncosmosdb.documents.azure.com:443/], connectionPolicy [null], consistencyLevel [null]
2025-06-02T17:51:12.633-06:00  INFO 19320 --- [cosmos-sql] [smos-parallel-7] c.a.c.i.RxDocumentClientImpl             : Getting database account endpoint from https://facturacioncosmosdb.documents.azure.com:443/
2025-06-02T17:51:12.992-06:00  INFO 19320 --- [cosmos-sql] [ctor-http-nio-6] c.a.c.i.GlobalEndpointManager            : db account retrieved {"_self":"","id":"facturacioncosmosdb","_rid":"facturacioncosmosdb.documents.azure.com","media":"//media/","addresses":"//addresses/","_dbs":"//dbs/","writableLocations":[{"name":"West US 3","databaseAccountEndpoint":"https://facturacioncosmosdb-westus3.documents.azure.com:443/"}],"readableLocations":[{"name":"West US 3","databaseAccountEndpoint":"https://facturacioncosmosdb-westus3.documents.azure.com:443/"}],"enableMultipleWriteLocations":false,"continuousBackupEnabled":false,"enableNRegionSynchronousCommit":false,"userReplicationPolicy":{"asyncReplication":false,"minReplicaSetSize":3,"maxReplicasetSize":4},"userConsistencyPolicy":{"defaultConsistencyLevel":"Session"},"systemReplicationPolicy":{"minReplicaSetSize":3,"maxReplicasetSize":4},"readPolicy":{"primaryReadCoefficient":1,"secondaryReadCoefficient":1},"queryEngineConfiguration":"{\"allowNewKeywords\":true,\"maxJoinsPerSqlQuery\":10,\"maxQueryRequestTimeoutFraction\":0.9,\"maxSqlQueryInputLength\":524288,\"maxUdfRefPerSqlQuery\":10,\"queryMaxInMemorySortDocumentCount\":-1000,\"spatialMaxGeometryPointCount\":256,\"sqlAllowNonFiniteNumbers\":false,\"sqlDisableOptimizationFlags\":0,\"sqlQueryILDisableOptimizationFlags\":0,\"clientDisableOptimisticDirectExecution\":false,\"queryEnableFullText\":true,\"enableSpatialIndexing\":true,\"maxInExpressionItemsCount\":2147483647,\"maxLogicalAndPerSqlQuery\":2147483647,\"maxLogicalOrPerSqlQuery\":2147483647,\"maxSpatialQueryCells\":2147483647,\"sqlAllowAggregateFunctions\":true,\"sqlAllowGroupByClause\":true,\"sqlAllowLike\":true,\"sqlAllowSubQuery\":true,\"sqlAllowScalarSubQuery\":true,\"sqlAllowTop\":true}"}
2025-06-02T17:51:12.996-06:00  INFO 19320 --- [cosmos-sql] [ctor-http-nio-7] c.a.c.i.clienttelemetry.ClientTelemetry  : Client is not on azure vm
2025-06-02T17:51:12.998-06:00  WARN 19320 --- [cosmos-sql] [ctor-http-nio-7] c.a.c.i.RxDocumentClientImpl             : Initialized DocumentClient [3] with machineId[uuid:a4b13465-1188-4929-ac09-2819e76f90ae] serviceEndpoint [https://facturacioncosmosdb.documents.azure.com:443/], connectionPolicy [null], consistencyLevel [null]
2025-06-02T17:51:13.026-06:00  INFO 19320 --- [cosmos-sql] [           main] Endpoint$RntbdEndpointMonitoringProvider : Starting RntbdClientChannelPoolMonitoringProvider ...
2025-06-02T17:51:13.028-06:00  WARN 19320 --- [cosmos-sql] [           main] com.azure.cosmos.CosmosClientBuilder     : Cosmos Client with (Correlation) ID [00003] started up in [391] ms with the following configuration: serviceEndpoint [https://facturacioncosmosdb.documents.azure.com:443/], preferredRegions [[]], excludedRegions [[]], connectionPolicy [null], consistencyLevel [null], contentResponseOnWriteEnabled [true], sessionCapturingOverride [false], connectionSharingAcrossClients [false], proactiveContainerInit [null], diagnostics [{samplingRate=1.0, thresholds={pointOperationLatencyThreshold=PT1S, nonPointOperationLatencyThreshold=PT3S, requestChargeThreshold=1000.0, payloadSizeInBytesThreshold=2147483647, customFailureHandler=false}, clientCorrelationId=null, clientMetricsEnabled=true, transportLevelTracingEnabled=false, showQueryMode=None, customTracerProvided=false, customDiagnosticHandlers=()}], tracing [true, false, com.azure.cosmos.implementation.DiagnosticsProvider.EnabledNoOpTracer, [com.azure.cosmos.implementation.clienttelemetry.ClientMetricsDiagnosticsHandler]], nativeTransport [false] fastClientOpen [false] isRegionScopedSessionCapturingEnabled [false]
2025-06-02T17:51:13.142-06:00  INFO 19320 --- [cosmos-sql] [           main] c.E.c.CosmosSqlApplicationTests          : Started CosmosSqlApplicationTests in 6.364 seconds (process running for 7.769)
]]></system-out>
    <system-err><![CDATA[Mockito is currently self-attaching to enable the inline-mock-maker. This will no longer work in future releases of the JDK. Please add Mockito as an agent to your build what is described in Mockito's documentation: https://javadoc.io/doc/org.mockito/mockito-core/latest/org/mockito/Mockito.html#0.3
WARNING: A Java agent has been loaded dynamically (C:\Users\raymo\.m2\repository\net\bytebuddy\byte-buddy-agent\1.15.11\byte-buddy-agent-1.15.11.jar)
WARNING: If a serviceability tool is in use, please run with -XX:+EnableDynamicAgentLoading to hide this warning
WARNING: If a serviceability tool is not in use, please run with -Djdk.instrument.traceUsage for more information
WARNING: Dynamic loading of agents will be disallowed by default in a future release
]]></system-err>
  </testcase>
</testsuite>