<?xml version="1.0" encoding="UTF-8"?>
<testsuite xmlns:xsi="http://www.w3.org/2001/XMLSchema-instance" xsi:noNamespaceSchemaLocation="https://maven.apache.org/surefire/maven-surefire-plugin/xsd/surefire-test-report.xsd" version="3.0.2" name="com.E4.cosmos_sql.CosmosSqlApplicationTests" time="35.38" tests="1" errors="1" skipped="0" failures="0">
  <properties>
    <property name="java.specification.version" value="23"/>
    <property name="sun.cpu.isalist" value="amd64"/>
    <property name="sun.jnu.encoding" value="Cp1252"/>
    <property name="java.class.path" value="D:\Tareas UV\BaseDeDatosDistribuidos\cosmos-sql\target\test-classes;D:\Tareas UV\BaseDeDatosDistribuidos\cosmos-sql\target\classes;C:\Users\Omen\.m2\repository\org\springframework\boot\spring-boot-starter-webflux\3.4.5\spring-boot-starter-webflux-3.4.5.jar;C:\Users\Omen\.m2\repository\org\springframework\boot\spring-boot-starter\3.4.5\spring-boot-starter-3.4.5.jar;C:\Users\Omen\.m2\repository\org\springframework\boot\spring-boot\3.4.5\spring-boot-3.4.5.jar;C:\Users\Omen\.m2\repository\org\springframework\boot\spring-boot-autoconfigure\3.4.5\spring-boot-autoconfigure-3.4.5.jar;C:\Users\Omen\.m2\repository\org\springframework\boot\spring-boot-starter-logging\3.4.5\spring-boot-starter-logging-3.4.5.jar;C:\Users\Omen\.m2\repository\ch\qos\logback\logback-classic\1.5.18\logback-classic-1.5.18.jar;C:\Users\Omen\.m2\repository\ch\qos\logback\logback-core\1.5.18\logback-core-1.5.18.jar;C:\Users\Omen\.m2\repository\org\apache\logging\log4j\log4j-to-slf4j\2.24.3\log4j-to-slf4j-2.24.3.jar;C:\Users\Omen\.m2\repository\org\apache\logging\log4j\log4j-api\2.24.3\log4j-api-2.24.3.jar;C:\Users\Omen\.m2\repository\org\slf4j\jul-to-slf4j\2.0.17\jul-to-slf4j-2.0.17.jar;C:\Users\Omen\.m2\repository\jakarta\annotation\jakarta.annotation-api\2.1.1\jakarta.annotation-api-2.1.1.jar;C:\Users\Omen\.m2\repository\org\yaml\snakeyaml\2.3\snakeyaml-2.3.jar;C:\Users\Omen\.m2\repository\org\springframework\boot\spring-boot-starter-json\3.4.5\spring-boot-starter-json-3.4.5.jar;C:\Users\Omen\.m2\repository\com\fasterxml\jackson\datatype\jackson-datatype-jdk8\2.18.3\jackson-datatype-jdk8-2.18.3.jar;C:\Users\Omen\.m2\repository\com\fasterxml\jackson\datatype\jackson-datatype-jsr310\2.18.3\jackson-datatype-jsr310-2.18.3.jar;C:\Users\Omen\.m2\repository\com\fasterxml\jackson\module\jackson-module-parameter-names\2.18.3\jackson-module-parameter-names-2.18.3.jar;C:\Users\Omen\.m2\repository\org\springframework\boot\spring-boot-starter-reactor-netty\3.4.5\spring-boot-starter-reactor-netty-3.4.5.jar;C:\Users\Omen\.m2\repository\io\projectreactor\netty\reactor-netty-http\1.2.5\reactor-netty-http-1.2.5.jar;C:\Users\Omen\.m2\repository\io\netty\netty-codec-http\4.1.119.Final\netty-codec-http-4.1.119.Final.jar;C:\Users\Omen\.m2\repository\io\netty\netty-common\4.1.119.Final\netty-common-4.1.119.Final.jar;C:\Users\Omen\.m2\repository\io\netty\netty-buffer\4.1.119.Final\netty-buffer-4.1.119.Final.jar;C:\Users\Omen\.m2\repository\io\netty\netty-transport\4.1.119.Final\netty-transport-4.1.119.Final.jar;C:\Users\Omen\.m2\repository\io\netty\netty-codec\4.1.119.Final\netty-codec-4.1.119.Final.jar;C:\Users\Omen\.m2\repository\io\netty\netty-handler\4.1.119.Final\netty-handler-4.1.119.Final.jar;C:\Users\Omen\.m2\repository\io\netty\netty-codec-http2\4.1.119.Final\netty-codec-http2-4.1.119.Final.jar;C:\Users\Omen\.m2\repository\io\netty\netty-resolver-dns\4.1.119.Final\netty-resolver-dns-4.1.119.Final.jar;C:\Users\Omen\.m2\repository\io\netty\netty-resolver\4.1.119.Final\netty-resolver-4.1.119.Final.jar;C:\Users\Omen\.m2\repository\io\netty\netty-codec-dns\4.1.119.Final\netty-codec-dns-4.1.119.Final.jar;C:\Users\Omen\.m2\repository\io\netty\netty-resolver-dns-native-macos\4.1.119.Final\netty-resolver-dns-native-macos-4.1.119.Final-osx-x86_64.jar;C:\Users\Omen\.m2\repository\io\netty\netty-resolver-dns-classes-macos\4.1.119.Final\netty-resolver-dns-classes-macos-4.1.119.Final.jar;C:\Users\Omen\.m2\repository\io\netty\netty-transport-native-epoll\4.1.119.Final\netty-transport-native-epoll-4.1.119.Final-linux-x86_64.jar;C:\Users\Omen\.m2\repository\io\netty\netty-transport-native-unix-common\4.1.119.Final\netty-transport-native-unix-common-4.1.119.Final.jar;C:\Users\Omen\.m2\repository\io\netty\netty-transport-classes-epoll\4.1.119.Final\netty-transport-classes-epoll-4.1.119.Final.jar;C:\Users\Omen\.m2\repository\io\projectreactor\netty\reactor-netty-core\1.2.5\reactor-netty-core-1.2.5.jar;C:\Users\Omen\.m2\repository\io\netty\netty-handler-proxy\4.1.119.Final\netty-handler-proxy-4.1.119.Final.jar;C:\Users\Omen\.m2\repository\io\netty\netty-codec-socks\4.1.119.Final\netty-codec-socks-4.1.119.Final.jar;C:\Users\Omen\.m2\repository\org\springframework\spring-web\6.2.6\spring-web-6.2.6.jar;C:\Users\Omen\.m2\repository\org\springframework\spring-beans\6.2.6\spring-beans-6.2.6.jar;C:\Users\Omen\.m2\repository\io\micrometer\micrometer-observation\1.14.6\micrometer-observation-1.14.6.jar;C:\Users\Omen\.m2\repository\io\micrometer\micrometer-commons\1.14.6\micrometer-commons-1.14.6.jar;C:\Users\Omen\.m2\repository\org\springframework\spring-webflux\6.2.6\spring-webflux-6.2.6.jar;C:\Users\Omen\.m2\repository\com\azure\spring\spring-cloud-azure-starter-data-cosmos\5.22.0\spring-cloud-azure-starter-data-cosmos-5.22.0.jar;C:\Users\Omen\.m2\repository\com\azure\spring\spring-cloud-azure-starter\5.22.0\spring-cloud-azure-starter-5.22.0.jar;C:\Users\Omen\.m2\repository\com\azure\spring\spring-cloud-azure-autoconfigure\5.22.0\spring-cloud-azure-autoconfigure-5.22.0.jar;C:\Users\Omen\.m2\repository\com\azure\spring\spring-cloud-azure-service\5.22.0\spring-cloud-azure-service-5.22.0.jar;C:\Users\Omen\.m2\repository\com\azure\spring\spring-cloud-azure-core\5.22.0\spring-cloud-azure-core-5.22.0.jar;C:\Users\Omen\.m2\repository\com\azure\azure-identity\1.15.4\azure-identity-1.15.4.jar;C:\Users\Omen\.m2\repository\com\microsoft\azure\msal4j\1.19.1\msal4j-1.19.1.jar;C:\Users\Omen\.m2\repository\com\nimbusds\oauth2-oidc-sdk\11.23\oauth2-oidc-sdk-11.23.jar;C:\Users\Omen\.m2\repository\com\github\stephenc\jcip\jcip-annotations\1.0-1\jcip-annotations-1.0-1.jar;C:\Users\Omen\.m2\repository\com\nimbusds\content-type\2.3\content-type-2.3.jar;C:\Users\Omen\.m2\repository\com\nimbusds\lang-tag\1.7\lang-tag-1.7.jar;C:\Users\Omen\.m2\repository\com\nimbusds\nimbus-jose-jwt\10.0.1\nimbus-jose-jwt-10.0.1.jar;C:\Users\Omen\.m2\repository\com\microsoft\azure\msal4j-persistence-extension\1.3.0\msal4j-persistence-extension-1.3.0.jar;C:\Users\Omen\.m2\repository\net\java\dev\jna\jna\5.13.0\jna-5.13.0.jar;C:\Users\Omen\.m2\repository\net\java\dev\jna\jna-platform\5.13.0\jna-platform-5.13.0.jar;C:\Users\Omen\.m2\repository\com\azure\azure-core-amqp\2.9.16\azure-core-amqp-2.9.16.jar;C:\Users\Omen\.m2\repository\com\microsoft\azure\qpid-proton-j-extensions\1.2.5\qpid-proton-j-extensions-1.2.5.jar;C:\Users\Omen\.m2\repository\org\apache\qpid\proton-j\0.34.1\proton-j-0.34.1.jar;C:\Users\Omen\.m2\repository\com\azure\azure-core-management\1.17.0\azure-core-management-1.17.0.jar;C:\Users\Omen\.m2\repository\jakarta\validation\jakarta.validation-api\3.0.2\jakarta.validation-api-3.0.2.jar;C:\Users\Omen\.m2\repository\com\azure\azure-spring-data-cosmos\5.22.0\azure-spring-data-cosmos-5.22.0.jar;C:\Users\Omen\.m2\repository\org\springframework\spring-context\6.2.6\spring-context-6.2.6.jar;C:\Users\Omen\.m2\repository\org\springframework\spring-aop\6.2.6\spring-aop-6.2.6.jar;C:\Users\Omen\.m2\repository\org\springframework\spring-tx\6.2.6\spring-tx-6.2.6.jar;C:\Users\Omen\.m2\repository\org\springframework\data\spring-data-commons\3.4.5\spring-data-commons-3.4.5.jar;C:\Users\Omen\.m2\repository\org\springframework\spring-expression\6.2.6\spring-expression-6.2.6.jar;C:\Users\Omen\.m2\repository\com\azure\azure-cosmos\4.68.0\azure-cosmos-4.68.0.jar;C:\Users\Omen\.m2\repository\com\azure\azure-core\1.55.3\azure-core-1.55.3.jar;C:\Users\Omen\.m2\repository\com\azure\azure-json\1.5.0\azure-json-1.5.0.jar;C:\Users\Omen\.m2\repository\com\azure\azure-xml\1.2.0\azure-xml-1.2.0.jar;C:\Users\Omen\.m2\repository\com\azure\azure-core-http-netty\1.15.11\azure-core-http-netty-1.15.11.jar;C:\Users\Omen\.m2\repository\io\netty\netty-transport-native-kqueue\4.1.119.Final\netty-transport-native-kqueue-4.1.119.Final-osx-x86_64.jar;C:\Users\Omen\.m2\repository\io\netty\netty-transport-classes-kqueue\4.1.119.Final\netty-transport-classes-kqueue-4.1.119.Final.jar;C:\Users\Omen\.m2\repository\io\netty\netty-tcnative-boringssl-static\2.0.70.Final\netty-tcnative-boringssl-static-2.0.70.Final.jar;C:\Users\Omen\.m2\repository\io\netty\netty-tcnative-classes\2.0.70.Final\netty-tcnative-classes-2.0.70.Final.jar;C:\Users\Omen\.m2\repository\io\netty\netty-tcnative-boringssl-static\2.0.70.Final\netty-tcnative-boringssl-static-2.0.70.Final-linux-x86_64.jar;C:\Users\Omen\.m2\repository\io\netty\netty-tcnative-boringssl-static\2.0.70.Final\netty-tcnative-boringssl-static-2.0.70.Final-linux-aarch_64.jar;C:\Users\Omen\.m2\repository\io\netty\netty-tcnative-boringssl-static\2.0.70.Final\netty-tcnative-boringssl-static-2.0.70.Final-osx-x86_64.jar;C:\Users\Omen\.m2\repository\io\netty\netty-tcnative-boringssl-static\2.0.70.Final\netty-tcnative-boringssl-static-2.0.70.Final-osx-aarch_64.jar;C:\Users\Omen\.m2\repository\io\netty\netty-tcnative-boringssl-static\2.0.70.Final\netty-tcnative-boringssl-static-2.0.70.Final-windows-x86_64.jar;C:\Users\Omen\.m2\repository\org\hdrhistogram\HdrHistogram\2.1.12\HdrHistogram-2.1.12.jar;C:\Users\Omen\.m2\repository\io\dropwizard\metrics\metrics-core\4.1.0\metrics-core-4.1.0.jar;C:\Users\Omen\.m2\repository\io\micrometer\micrometer-core\1.14.6\micrometer-core-1.14.6.jar;C:\Users\Omen\.m2\repository\org\latencyutils\LatencyUtils\2.0.3\LatencyUtils-2.0.3.jar;C:\Users\Omen\.m2\repository\com\fasterxml\jackson\core\jackson-annotations\2.18.3\jackson-annotations-2.18.3.jar;C:\Users\Omen\.m2\repository\org\javatuples\javatuples\1.2\javatuples-1.2.jar;C:\Users\Omen\.m2\repository\javax\annotation\javax.annotation-api\1.3.2\javax.annotation-api-1.3.2.jar;C:\Users\Omen\.m2\repository\org\apache\commons\commons-lang3\3.17.0\commons-lang3-3.17.0.jar;C:\Users\Omen\.m2\repository\org\slf4j\slf4j-api\2.0.17\slf4j-api-2.0.17.jar;C:\Users\Omen\.m2\repository\org\projectlombok\lombok\1.18.38\lombok-1.18.38.jar;C:\Users\Omen\.m2\repository\org\springframework\boot\spring-boot-starter-test\3.4.5\spring-boot-starter-test-3.4.5.jar;C:\Users\Omen\.m2\repository\org\springframework\boot\spring-boot-test\3.4.5\spring-boot-test-3.4.5.jar;C:\Users\Omen\.m2\repository\org\springframework\boot\spring-boot-test-autoconfigure\3.4.5\spring-boot-test-autoconfigure-3.4.5.jar;C:\Users\Omen\.m2\repository\com\jayway\jsonpath\json-path\2.9.0\json-path-2.9.0.jar;C:\Users\Omen\.m2\repository\jakarta\xml\bind\jakarta.xml.bind-api\4.0.2\jakarta.xml.bind-api-4.0.2.jar;C:\Users\Omen\.m2\repository\jakarta\activation\jakarta.activation-api\2.1.3\jakarta.activation-api-2.1.3.jar;C:\Users\Omen\.m2\repository\net\minidev\json-smart\2.5.2\json-smart-2.5.2.jar;C:\Users\Omen\.m2\repository\net\minidev\accessors-smart\2.5.2\accessors-smart-2.5.2.jar;C:\Users\Omen\.m2\repository\org\ow2\asm\asm\9.7.1\asm-9.7.1.jar;C:\Users\Omen\.m2\repository\org\assertj\assertj-core\3.26.3\assertj-core-3.26.3.jar;C:\Users\Omen\.m2\repository\net\bytebuddy\byte-buddy\1.15.11\byte-buddy-1.15.11.jar;C:\Users\Omen\.m2\repository\org\awaitility\awaitility\4.2.2\awaitility-4.2.2.jar;C:\Users\Omen\.m2\repository\org\hamcrest\hamcrest\2.2\hamcrest-2.2.jar;C:\Users\Omen\.m2\repository\org\junit\jupiter\junit-jupiter\5.11.4\junit-jupiter-5.11.4.jar;C:\Users\Omen\.m2\repository\org\junit\jupiter\junit-jupiter-api\5.11.4\junit-jupiter-api-5.11.4.jar;C:\Users\Omen\.m2\repository\org\opentest4j\opentest4j\1.3.0\opentest4j-1.3.0.jar;C:\Users\Omen\.m2\repository\org\junit\platform\junit-platform-commons\1.11.4\junit-platform-commons-1.11.4.jar;C:\Users\Omen\.m2\repository\org\apiguardian\apiguardian-api\1.1.2\apiguardian-api-1.1.2.jar;C:\Users\Omen\.m2\repository\org\junit\jupiter\junit-jupiter-params\5.11.4\junit-jupiter-params-5.11.4.jar;C:\Users\Omen\.m2\repository\org\junit\jupiter\junit-jupiter-engine\5.11.4\junit-jupiter-engine-5.11.4.jar;C:\Users\Omen\.m2\repository\org\junit\platform\junit-platform-engine\1.11.4\junit-platform-engine-1.11.4.jar;C:\Users\Omen\.m2\repository\org\mockito\mockito-core\5.14.2\mockito-core-5.14.2.jar;C:\Users\Omen\.m2\repository\net\bytebuddy\byte-buddy-agent\1.15.11\byte-buddy-agent-1.15.11.jar;C:\Users\Omen\.m2\repository\org\objenesis\objenesis\3.3\objenesis-3.3.jar;C:\Users\Omen\.m2\repository\org\mockito\mockito-junit-jupiter\5.14.2\mockito-junit-jupiter-5.14.2.jar;C:\Users\Omen\.m2\repository\org\skyscreamer\jsonassert\1.5.3\jsonassert-1.5.3.jar;C:\Users\Omen\.m2\repository\com\vaadin\external\google\android-json\0.0.20131108.vaadin1\android-json-0.0.20131108.vaadin1.jar;C:\Users\Omen\.m2\repository\org\springframework\spring-core\6.2.6\spring-core-6.2.6.jar;C:\Users\Omen\.m2\repository\org\springframework\spring-jcl\6.2.6\spring-jcl-6.2.6.jar;C:\Users\Omen\.m2\repository\org\springframework\spring-test\6.2.6\spring-test-6.2.6.jar;C:\Users\Omen\.m2\repository\org\xmlunit\xmlunit-core\2.10.0\xmlunit-core-2.10.0.jar;C:\Users\Omen\.m2\repository\io\projectreactor\reactor-test\3.7.5\reactor-test-3.7.5.jar;C:\Users\Omen\.m2\repository\io\projectreactor\reactor-core\3.7.5\reactor-core-3.7.5.jar;C:\Users\Omen\.m2\repository\org\reactivestreams\reactive-streams\1.0.4\reactive-streams-1.0.4.jar;C:\Users\Omen\.m2\repository\mx\com\sw\services\SW-JAVA\1.0.19.4\SW-JAVA-1.0.19.4.jar;C:\Users\Omen\.m2\repository\junit\junit\4.13.2\junit-4.13.2.jar;C:\Users\Omen\.m2\repository\org\hamcrest\hamcrest-core\2.2\hamcrest-core-2.2.jar;C:\Users\Omen\.m2\repository\org\apache\httpcomponents\httpclient\4.5.13\httpclient-4.5.13.jar;C:\Users\Omen\.m2\repository\org\apache\httpcomponents\httpcore\4.4.16\httpcore-4.4.16.jar;C:\Users\Omen\.m2\repository\commons-logging\commons-logging\1.2\commons-logging-1.2.jar;C:\Users\Omen\.m2\repository\commons-codec\commons-codec\1.17.2\commons-codec-1.17.2.jar;C:\Users\Omen\.m2\repository\org\apache\httpcomponents\httpasyncclient\4.1.5\httpasyncclient-4.1.5.jar;C:\Users\Omen\.m2\repository\org\apache\httpcomponents\httpcore-nio\4.4.16\httpcore-nio-4.4.16.jar;C:\Users\Omen\.m2\repository\org\apache\httpcomponents\httpmime\4.5.6\httpmime-4.5.6.jar;C:\Users\Omen\.m2\repository\org\json\json\20180130\json-20180130.jar;C:\Users\Omen\.m2\repository\com\googlecode\juniversalchardet\juniversalchardet\1.0.3\juniversalchardet-1.0.3.jar;C:\Users\Omen\.m2\repository\org\apache\servicemix\bundles\org.apache.servicemix.bundles.not-yet-commons-ssl\0.3.11_1\org.apache.servicemix.bundles.not-yet-commons-ssl-0.3.11_1.jar;C:\Users\Omen\.m2\repository\jakarta\xml\ws\jakarta.xml.ws-api\4.0.2\jakarta.xml.ws-api-4.0.2.jar;C:\Users\Omen\.m2\repository\jakarta\xml\soap\jakarta.xml.soap-api\3.0.2\jakarta.xml.soap-api-3.0.2.jar;C:\Users\Omen\.m2\repository\com\sun\xml\messaging\saaj\saaj-impl\3.0.4\saaj-impl-3.0.4.jar;C:\Users\Omen\.m2\repository\org\eclipse\angus\angus-activation\2.0.2\angus-activation-2.0.2.jar;C:\Users\Omen\.m2\repository\mx\com\sw\services\sw-resources-java\0.1.0\sw-resources-java-0.1.0.jar;C:\Users\Omen\.m2\repository\com\github\bingoohuang\unirest-java\0.0.1\unirest-java-0.0.1.jar;C:\Users\Omen\.m2\repository\com\google\code\gson\gson\2.11.0\gson-2.11.0.jar;C:\Users\Omen\.m2\repository\com\google\errorprone\error_prone_annotations\2.27.0\error_prone_annotations-2.27.0.jar;C:\Users\Omen\.m2\repository\com\googlecode\json-simple\json-simple\1.1\json-simple-1.1.jar;C:\Users\Omen\.m2\repository\io\jsonwebtoken\jjwt\0.9.1\jjwt-0.9.1.jar;C:\Users\Omen\.m2\repository\com\fasterxml\jackson\core\jackson-databind\2.18.3\jackson-databind-2.18.3.jar;C:\Users\Omen\.m2\repository\com\fasterxml\jackson\core\jackson-core\2.18.3\jackson-core-2.18.3.jar;C:\Users\Omen\.m2\repository\javax\xml\bind\jaxb-api\2.3.1\jaxb-api-2.3.1.jar;C:\Users\Omen\.m2\repository\javax\activation\javax.activation-api\1.2.0\javax.activation-api-1.2.0.jar;C:\Users\Omen\.m2\repository\org\glassfish\jaxb\jaxb-runtime\2.3.1\jaxb-runtime-2.3.1.jar;C:\Users\Omen\.m2\repository\org\glassfish\jaxb\txw2\4.0.5\txw2-4.0.5.jar;C:\Users\Omen\.m2\repository\com\sun\istack\istack-commons-runtime\4.1.2\istack-commons-runtime-4.1.2.jar;C:\Users\Omen\.m2\repository\org\jvnet\staxex\stax-ex\2.1.0\stax-ex-2.1.0.jar;C:\Users\Omen\.m2\repository\com\sun\xml\fastinfoset\FastInfoset\2.1.1\FastInfoset-2.1.1.jar;"/>
    <property name="java.vm.vendor" value="Oracle Corporation"/>
    <property name="sun.arch.data.model" value="64"/>
    <property name="user.variant" value=""/>
    <property name="java.vendor.url" value="https://java.oracle.com/"/>
    <property name="user.timezone" value="America/Mexico_City"/>
    <property name="os.name" value="Windows 10"/>
    <property name="java.vm.specification.version" value="23"/>
    <property name="APPLICATION_NAME" value="cosmos-sql"/>
    <property name="sun.java.launcher" value="SUN_STANDARD"/>
    <property name="user.country" value="MX"/>
    <property name="sun.boot.library.path" value="C:\Users\Omen\.jdks\openjdk-23.0.1\bin"/>
    <property name="sun.java.command" value="C:\Users\Omen\AppData\Local\Temp\surefire14639979930408972498\surefirebooter-20250604144533353_3.jar C:\Users\Omen\AppData\Local\Temp\surefire14639979930408972498 2025-06-04T14-45-33_245-jvmRun1 surefire-20250604144533353_1tmp surefire_0-20250604144533353_2tmp"/>
    <property name="jdk.debug" value="release"/>
    <property name="surefire.test.class.path" value="D:\Tareas UV\BaseDeDatosDistribuidos\cosmos-sql\target\test-classes;D:\Tareas UV\BaseDeDatosDistribuidos\cosmos-sql\target\classes;C:\Users\Omen\.m2\repository\org\springframework\boot\spring-boot-starter-webflux\3.4.5\spring-boot-starter-webflux-3.4.5.jar;C:\Users\Omen\.m2\repository\org\springframework\boot\spring-boot-starter\3.4.5\spring-boot-starter-3.4.5.jar;C:\Users\Omen\.m2\repository\org\springframework\boot\spring-boot\3.4.5\spring-boot-3.4.5.jar;C:\Users\Omen\.m2\repository\org\springframework\boot\spring-boot-autoconfigure\3.4.5\spring-boot-autoconfigure-3.4.5.jar;C:\Users\Omen\.m2\repository\org\springframework\boot\spring-boot-starter-logging\3.4.5\spring-boot-starter-logging-3.4.5.jar;C:\Users\Omen\.m2\repository\ch\qos\logback\logback-classic\1.5.18\logback-classic-1.5.18.jar;C:\Users\Omen\.m2\repository\ch\qos\logback\logback-core\1.5.18\logback-core-1.5.18.jar;C:\Users\Omen\.m2\repository\org\apache\logging\log4j\log4j-to-slf4j\2.24.3\log4j-to-slf4j-2.24.3.jar;C:\Users\Omen\.m2\repository\org\apache\logging\log4j\log4j-api\2.24.3\log4j-api-2.24.3.jar;C:\Users\Omen\.m2\repository\org\slf4j\jul-to-slf4j\2.0.17\jul-to-slf4j-2.0.17.jar;C:\Users\Omen\.m2\repository\jakarta\annotation\jakarta.annotation-api\2.1.1\jakarta.annotation-api-2.1.1.jar;C:\Users\Omen\.m2\repository\org\yaml\snakeyaml\2.3\snakeyaml-2.3.jar;C:\Users\Omen\.m2\repository\org\springframework\boot\spring-boot-starter-json\3.4.5\spring-boot-starter-json-3.4.5.jar;C:\Users\Omen\.m2\repository\com\fasterxml\jackson\datatype\jackson-datatype-jdk8\2.18.3\jackson-datatype-jdk8-2.18.3.jar;C:\Users\Omen\.m2\repository\com\fasterxml\jackson\datatype\jackson-datatype-jsr310\2.18.3\jackson-datatype-jsr310-2.18.3.jar;C:\Users\Omen\.m2\repository\com\fasterxml\jackson\module\jackson-module-parameter-names\2.18.3\jackson-module-parameter-names-2.18.3.jar;C:\Users\Omen\.m2\repository\org\springframework\boot\spring-boot-starter-reactor-netty\3.4.5\spring-boot-starter-reactor-netty-3.4.5.jar;C:\Users\Omen\.m2\repository\io\projectreactor\netty\reactor-netty-http\1.2.5\reactor-netty-http-1.2.5.jar;C:\Users\Omen\.m2\repository\io\netty\netty-codec-http\4.1.119.Final\netty-codec-http-4.1.119.Final.jar;C:\Users\Omen\.m2\repository\io\netty\netty-common\4.1.119.Final\netty-common-4.1.119.Final.jar;C:\Users\Omen\.m2\repository\io\netty\netty-buffer\4.1.119.Final\netty-buffer-4.1.119.Final.jar;C:\Users\Omen\.m2\repository\io\netty\netty-transport\4.1.119.Final\netty-transport-4.1.119.Final.jar;C:\Users\Omen\.m2\repository\io\netty\netty-codec\4.1.119.Final\netty-codec-4.1.119.Final.jar;C:\Users\Omen\.m2\repository\io\netty\netty-handler\4.1.119.Final\netty-handler-4.1.119.Final.jar;C:\Users\Omen\.m2\repository\io\netty\netty-codec-http2\4.1.119.Final\netty-codec-http2-4.1.119.Final.jar;C:\Users\Omen\.m2\repository\io\netty\netty-resolver-dns\4.1.119.Final\netty-resolver-dns-4.1.119.Final.jar;C:\Users\Omen\.m2\repository\io\netty\netty-resolver\4.1.119.Final\netty-resolver-4.1.119.Final.jar;C:\Users\Omen\.m2\repository\io\netty\netty-codec-dns\4.1.119.Final\netty-codec-dns-4.1.119.Final.jar;C:\Users\Omen\.m2\repository\io\netty\netty-resolver-dns-native-macos\4.1.119.Final\netty-resolver-dns-native-macos-4.1.119.Final-osx-x86_64.jar;C:\Users\Omen\.m2\repository\io\netty\netty-resolver-dns-classes-macos\4.1.119.Final\netty-resolver-dns-classes-macos-4.1.119.Final.jar;C:\Users\Omen\.m2\repository\io\netty\netty-transport-native-epoll\4.1.119.Final\netty-transport-native-epoll-4.1.119.Final-linux-x86_64.jar;C:\Users\Omen\.m2\repository\io\netty\netty-transport-native-unix-common\4.1.119.Final\netty-transport-native-unix-common-4.1.119.Final.jar;C:\Users\Omen\.m2\repository\io\netty\netty-transport-classes-epoll\4.1.119.Final\netty-transport-classes-epoll-4.1.119.Final.jar;C:\Users\Omen\.m2\repository\io\projectreactor\netty\reactor-netty-core\1.2.5\reactor-netty-core-1.2.5.jar;C:\Users\Omen\.m2\repository\io\netty\netty-handler-proxy\4.1.119.Final\netty-handler-proxy-4.1.119.Final.jar;C:\Users\Omen\.m2\repository\io\netty\netty-codec-socks\4.1.119.Final\netty-codec-socks-4.1.119.Final.jar;C:\Users\Omen\.m2\repository\org\springframework\spring-web\6.2.6\spring-web-6.2.6.jar;C:\Users\Omen\.m2\repository\org\springframework\spring-beans\6.2.6\spring-beans-6.2.6.jar;C:\Users\Omen\.m2\repository\io\micrometer\micrometer-observation\1.14.6\micrometer-observation-1.14.6.jar;C:\Users\Omen\.m2\repository\io\micrometer\micrometer-commons\1.14.6\micrometer-commons-1.14.6.jar;C:\Users\Omen\.m2\repository\org\springframework\spring-webflux\6.2.6\spring-webflux-6.2.6.jar;C:\Users\Omen\.m2\repository\com\azure\spring\spring-cloud-azure-starter-data-cosmos\5.22.0\spring-cloud-azure-starter-data-cosmos-5.22.0.jar;C:\Users\Omen\.m2\repository\com\azure\spring\spring-cloud-azure-starter\5.22.0\spring-cloud-azure-starter-5.22.0.jar;C:\Users\Omen\.m2\repository\com\azure\spring\spring-cloud-azure-autoconfigure\5.22.0\spring-cloud-azure-autoconfigure-5.22.0.jar;C:\Users\Omen\.m2\repository\com\azure\spring\spring-cloud-azure-service\5.22.0\spring-cloud-azure-service-5.22.0.jar;C:\Users\Omen\.m2\repository\com\azure\spring\spring-cloud-azure-core\5.22.0\spring-cloud-azure-core-5.22.0.jar;C:\Users\Omen\.m2\repository\com\azure\azure-identity\1.15.4\azure-identity-1.15.4.jar;C:\Users\Omen\.m2\repository\com\microsoft\azure\msal4j\1.19.1\msal4j-1.19.1.jar;C:\Users\Omen\.m2\repository\com\nimbusds\oauth2-oidc-sdk\11.23\oauth2-oidc-sdk-11.23.jar;C:\Users\Omen\.m2\repository\com\github\stephenc\jcip\jcip-annotations\1.0-1\jcip-annotations-1.0-1.jar;C:\Users\Omen\.m2\repository\com\nimbusds\content-type\2.3\content-type-2.3.jar;C:\Users\Omen\.m2\repository\com\nimbusds\lang-tag\1.7\lang-tag-1.7.jar;C:\Users\Omen\.m2\repository\com\nimbusds\nimbus-jose-jwt\10.0.1\nimbus-jose-jwt-10.0.1.jar;C:\Users\Omen\.m2\repository\com\microsoft\azure\msal4j-persistence-extension\1.3.0\msal4j-persistence-extension-1.3.0.jar;C:\Users\Omen\.m2\repository\net\java\dev\jna\jna\5.13.0\jna-5.13.0.jar;C:\Users\Omen\.m2\repository\net\java\dev\jna\jna-platform\5.13.0\jna-platform-5.13.0.jar;C:\Users\Omen\.m2\repository\com\azure\azure-core-amqp\2.9.16\azure-core-amqp-2.9.16.jar;C:\Users\Omen\.m2\repository\com\microsoft\azure\qpid-proton-j-extensions\1.2.5\qpid-proton-j-extensions-1.2.5.jar;C:\Users\Omen\.m2\repository\org\apache\qpid\proton-j\0.34.1\proton-j-0.34.1.jar;C:\Users\Omen\.m2\repository\com\azure\azure-core-management\1.17.0\azure-core-management-1.17.0.jar;C:\Users\Omen\.m2\repository\jakarta\validation\jakarta.validation-api\3.0.2\jakarta.validation-api-3.0.2.jar;C:\Users\Omen\.m2\repository\com\azure\azure-spring-data-cosmos\5.22.0\azure-spring-data-cosmos-5.22.0.jar;C:\Users\Omen\.m2\repository\org\springframework\spring-context\6.2.6\spring-context-6.2.6.jar;C:\Users\Omen\.m2\repository\org\springframework\spring-aop\6.2.6\spring-aop-6.2.6.jar;C:\Users\Omen\.m2\repository\org\springframework\spring-tx\6.2.6\spring-tx-6.2.6.jar;C:\Users\Omen\.m2\repository\org\springframework\data\spring-data-commons\3.4.5\spring-data-commons-3.4.5.jar;C:\Users\Omen\.m2\repository\org\springframework\spring-expression\6.2.6\spring-expression-6.2.6.jar;C:\Users\Omen\.m2\repository\com\azure\azure-cosmos\4.68.0\azure-cosmos-4.68.0.jar;C:\Users\Omen\.m2\repository\com\azure\azure-core\1.55.3\azure-core-1.55.3.jar;C:\Users\Omen\.m2\repository\com\azure\azure-json\1.5.0\azure-json-1.5.0.jar;C:\Users\Omen\.m2\repository\com\azure\azure-xml\1.2.0\azure-xml-1.2.0.jar;C:\Users\Omen\.m2\repository\com\azure\azure-core-http-netty\1.15.11\azure-core-http-netty-1.15.11.jar;C:\Users\Omen\.m2\repository\io\netty\netty-transport-native-kqueue\4.1.119.Final\netty-transport-native-kqueue-4.1.119.Final-osx-x86_64.jar;C:\Users\Omen\.m2\repository\io\netty\netty-transport-classes-kqueue\4.1.119.Final\netty-transport-classes-kqueue-4.1.119.Final.jar;C:\Users\Omen\.m2\repository\io\netty\netty-tcnative-boringssl-static\2.0.70.Final\netty-tcnative-boringssl-static-2.0.70.Final.jar;C:\Users\Omen\.m2\repository\io\netty\netty-tcnative-classes\2.0.70.Final\netty-tcnative-classes-2.0.70.Final.jar;C:\Users\Omen\.m2\repository\io\netty\netty-tcnative-boringssl-static\2.0.70.Final\netty-tcnative-boringssl-static-2.0.70.Final-linux-x86_64.jar;C:\Users\Omen\.m2\repository\io\netty\netty-tcnative-boringssl-static\2.0.70.Final\netty-tcnative-boringssl-static-2.0.70.Final-linux-aarch_64.jar;C:\Users\Omen\.m2\repository\io\netty\netty-tcnative-boringssl-static\2.0.70.Final\netty-tcnative-boringssl-static-2.0.70.Final-osx-x86_64.jar;C:\Users\Omen\.m2\repository\io\netty\netty-tcnative-boringssl-static\2.0.70.Final\netty-tcnative-boringssl-static-2.0.70.Final-osx-aarch_64.jar;C:\Users\Omen\.m2\repository\io\netty\netty-tcnative-boringssl-static\2.0.70.Final\netty-tcnative-boringssl-static-2.0.70.Final-windows-x86_64.jar;C:\Users\Omen\.m2\repository\org\hdrhistogram\HdrHistogram\2.1.12\HdrHistogram-2.1.12.jar;C:\Users\Omen\.m2\repository\io\dropwizard\metrics\metrics-core\4.1.0\metrics-core-4.1.0.jar;C:\Users\Omen\.m2\repository\io\micrometer\micrometer-core\1.14.6\micrometer-core-1.14.6.jar;C:\Users\Omen\.m2\repository\org\latencyutils\LatencyUtils\2.0.3\LatencyUtils-2.0.3.jar;C:\Users\Omen\.m2\repository\com\fasterxml\jackson\core\jackson-annotations\2.18.3\jackson-annotations-2.18.3.jar;C:\Users\Omen\.m2\repository\org\javatuples\javatuples\1.2\javatuples-1.2.jar;C:\Users\Omen\.m2\repository\javax\annotation\javax.annotation-api\1.3.2\javax.annotation-api-1.3.2.jar;C:\Users\Omen\.m2\repository\org\apache\commons\commons-lang3\3.17.0\commons-lang3-3.17.0.jar;C:\Users\Omen\.m2\repository\org\slf4j\slf4j-api\2.0.17\slf4j-api-2.0.17.jar;C:\Users\Omen\.m2\repository\org\projectlombok\lombok\1.18.38\lombok-1.18.38.jar;C:\Users\Omen\.m2\repository\org\springframework\boot\spring-boot-starter-test\3.4.5\spring-boot-starter-test-3.4.5.jar;C:\Users\Omen\.m2\repository\org\springframework\boot\spring-boot-test\3.4.5\spring-boot-test-3.4.5.jar;C:\Users\Omen\.m2\repository\org\springframework\boot\spring-boot-test-autoconfigure\3.4.5\spring-boot-test-autoconfigure-3.4.5.jar;C:\Users\Omen\.m2\repository\com\jayway\jsonpath\json-path\2.9.0\json-path-2.9.0.jar;C:\Users\Omen\.m2\repository\jakarta\xml\bind\jakarta.xml.bind-api\4.0.2\jakarta.xml.bind-api-4.0.2.jar;C:\Users\Omen\.m2\repository\jakarta\activation\jakarta.activation-api\2.1.3\jakarta.activation-api-2.1.3.jar;C:\Users\Omen\.m2\repository\net\minidev\json-smart\2.5.2\json-smart-2.5.2.jar;C:\Users\Omen\.m2\repository\net\minidev\accessors-smart\2.5.2\accessors-smart-2.5.2.jar;C:\Users\Omen\.m2\repository\org\ow2\asm\asm\9.7.1\asm-9.7.1.jar;C:\Users\Omen\.m2\repository\org\assertj\assertj-core\3.26.3\assertj-core-3.26.3.jar;C:\Users\Omen\.m2\repository\net\bytebuddy\byte-buddy\1.15.11\byte-buddy-1.15.11.jar;C:\Users\Omen\.m2\repository\org\awaitility\awaitility\4.2.2\awaitility-4.2.2.jar;C:\Users\Omen\.m2\repository\org\hamcrest\hamcrest\2.2\hamcrest-2.2.jar;C:\Users\Omen\.m2\repository\org\junit\jupiter\junit-jupiter\5.11.4\junit-jupiter-5.11.4.jar;C:\Users\Omen\.m2\repository\org\junit\jupiter\junit-jupiter-api\5.11.4\junit-jupiter-api-5.11.4.jar;C:\Users\Omen\.m2\repository\org\opentest4j\opentest4j\1.3.0\opentest4j-1.3.0.jar;C:\Users\Omen\.m2\repository\org\junit\platform\junit-platform-commons\1.11.4\junit-platform-commons-1.11.4.jar;C:\Users\Omen\.m2\repository\org\apiguardian\apiguardian-api\1.1.2\apiguardian-api-1.1.2.jar;C:\Users\Omen\.m2\repository\org\junit\jupiter\junit-jupiter-params\5.11.4\junit-jupiter-params-5.11.4.jar;C:\Users\Omen\.m2\repository\org\junit\jupiter\junit-jupiter-engine\5.11.4\junit-jupiter-engine-5.11.4.jar;C:\Users\Omen\.m2\repository\org\junit\platform\junit-platform-engine\1.11.4\junit-platform-engine-1.11.4.jar;C:\Users\Omen\.m2\repository\org\mockito\mockito-core\5.14.2\mockito-core-5.14.2.jar;C:\Users\Omen\.m2\repository\net\bytebuddy\byte-buddy-agent\1.15.11\byte-buddy-agent-1.15.11.jar;C:\Users\Omen\.m2\repository\org\objenesis\objenesis\3.3\objenesis-3.3.jar;C:\Users\Omen\.m2\repository\org\mockito\mockito-junit-jupiter\5.14.2\mockito-junit-jupiter-5.14.2.jar;C:\Users\Omen\.m2\repository\org\skyscreamer\jsonassert\1.5.3\jsonassert-1.5.3.jar;C:\Users\Omen\.m2\repository\com\vaadin\external\google\android-json\0.0.20131108.vaadin1\android-json-0.0.20131108.vaadin1.jar;C:\Users\Omen\.m2\repository\org\springframework\spring-core\6.2.6\spring-core-6.2.6.jar;C:\Users\Omen\.m2\repository\org\springframework\spring-jcl\6.2.6\spring-jcl-6.2.6.jar;C:\Users\Omen\.m2\repository\org\springframework\spring-test\6.2.6\spring-test-6.2.6.jar;C:\Users\Omen\.m2\repository\org\xmlunit\xmlunit-core\2.10.0\xmlunit-core-2.10.0.jar;C:\Users\Omen\.m2\repository\io\projectreactor\reactor-test\3.7.5\reactor-test-3.7.5.jar;C:\Users\Omen\.m2\repository\io\projectreactor\reactor-core\3.7.5\reactor-core-3.7.5.jar;C:\Users\Omen\.m2\repository\org\reactivestreams\reactive-streams\1.0.4\reactive-streams-1.0.4.jar;C:\Users\Omen\.m2\repository\mx\com\sw\services\SW-JAVA\1.0.19.4\SW-JAVA-1.0.19.4.jar;C:\Users\Omen\.m2\repository\junit\junit\4.13.2\junit-4.13.2.jar;C:\Users\Omen\.m2\repository\org\hamcrest\hamcrest-core\2.2\hamcrest-core-2.2.jar;C:\Users\Omen\.m2\repository\org\apache\httpcomponents\httpclient\4.5.13\httpclient-4.5.13.jar;C:\Users\Omen\.m2\repository\org\apache\httpcomponents\httpcore\4.4.16\httpcore-4.4.16.jar;C:\Users\Omen\.m2\repository\commons-logging\commons-logging\1.2\commons-logging-1.2.jar;C:\Users\Omen\.m2\repository\commons-codec\commons-codec\1.17.2\commons-codec-1.17.2.jar;C:\Users\Omen\.m2\repository\org\apache\httpcomponents\httpasyncclient\4.1.5\httpasyncclient-4.1.5.jar;C:\Users\Omen\.m2\repository\org\apache\httpcomponents\httpcore-nio\4.4.16\httpcore-nio-4.4.16.jar;C:\Users\Omen\.m2\repository\org\apache\httpcomponents\httpmime\4.5.6\httpmime-4.5.6.jar;C:\Users\Omen\.m2\repository\org\json\json\20180130\json-20180130.jar;C:\Users\Omen\.m2\repository\com\googlecode\juniversalchardet\juniversalchardet\1.0.3\juniversalchardet-1.0.3.jar;C:\Users\Omen\.m2\repository\org\apache\servicemix\bundles\org.apache.servicemix.bundles.not-yet-commons-ssl\0.3.11_1\org.apache.servicemix.bundles.not-yet-commons-ssl-0.3.11_1.jar;C:\Users\Omen\.m2\repository\jakarta\xml\ws\jakarta.xml.ws-api\4.0.2\jakarta.xml.ws-api-4.0.2.jar;C:\Users\Omen\.m2\repository\jakarta\xml\soap\jakarta.xml.soap-api\3.0.2\jakarta.xml.soap-api-3.0.2.jar;C:\Users\Omen\.m2\repository\com\sun\xml\messaging\saaj\saaj-impl\3.0.4\saaj-impl-3.0.4.jar;C:\Users\Omen\.m2\repository\org\eclipse\angus\angus-activation\2.0.2\angus-activation-2.0.2.jar;C:\Users\Omen\.m2\repository\mx\com\sw\services\sw-resources-java\0.1.0\sw-resources-java-0.1.0.jar;C:\Users\Omen\.m2\repository\com\github\bingoohuang\unirest-java\0.0.1\unirest-java-0.0.1.jar;C:\Users\Omen\.m2\repository\com\google\code\gson\gson\2.11.0\gson-2.11.0.jar;C:\Users\Omen\.m2\repository\com\google\errorprone\error_prone_annotations\2.27.0\error_prone_annotations-2.27.0.jar;C:\Users\Omen\.m2\repository\com\googlecode\json-simple\json-simple\1.1\json-simple-1.1.jar;C:\Users\Omen\.m2\repository\io\jsonwebtoken\jjwt\0.9.1\jjwt-0.9.1.jar;C:\Users\Omen\.m2\repository\com\fasterxml\jackson\core\jackson-databind\2.18.3\jackson-databind-2.18.3.jar;C:\Users\Omen\.m2\repository\com\fasterxml\jackson\core\jackson-core\2.18.3\jackson-core-2.18.3.jar;C:\Users\Omen\.m2\repository\javax\xml\bind\jaxb-api\2.3.1\jaxb-api-2.3.1.jar;C:\Users\Omen\.m2\repository\javax\activation\javax.activation-api\1.2.0\javax.activation-api-1.2.0.jar;C:\Users\Omen\.m2\repository\org\glassfish\jaxb\jaxb-runtime\2.3.1\jaxb-runtime-2.3.1.jar;C:\Users\Omen\.m2\repository\org\glassfish\jaxb\txw2\4.0.5\txw2-4.0.5.jar;C:\Users\Omen\.m2\repository\com\sun\istack\istack-commons-runtime\4.1.2\istack-commons-runtime-4.1.2.jar;C:\Users\Omen\.m2\repository\org\jvnet\staxex\stax-ex\2.1.0\stax-ex-2.1.0.jar;C:\Users\Omen\.m2\repository\com\sun\xml\fastinfoset\FastInfoset\2.1.1\FastInfoset-2.1.1.jar;"/>
    <property name="sun.cpu.endian" value="little"/>
    <property name="user.home" value="C:\Users\Omen"/>
    <property name="user.language" value="es"/>
    <property name="java.specification.vendor" value="Oracle Corporation"/>
    <property name="java.version.date" value="2024-10-15"/>
    <property name="java.home" value="C:\Users\Omen\.jdks\openjdk-23.0.1"/>
    <property name="file.separator" value="\"/>
    <property name="basedir" value="D:\Tareas UV\BaseDeDatosDistribuidos\cosmos-sql"/>
    <property name="java.vm.compressedOopsMode" value="Zero based"/>
    <property name="line.separator" value="&#10;"/>
    <property name="java.vm.specification.vendor" value="Oracle Corporation"/>
    <property name="java.specification.name" value="Java Platform API Specification"/>
    <property name="FILE_LOG_CHARSET" value="UTF-8"/>
    <property name="java.awt.headless" value="true"/>
    <property name="surefire.real.class.path" value="C:\Users\Omen\AppData\Local\Temp\surefire14639979930408972498\surefirebooter-20250604144533353_3.jar"/>
    <property name="user.script" value=""/>
    <property name="sun.management.compiler" value="HotSpot 64-Bit Tiered Compilers"/>
    <property name="java.runtime.version" value="23.0.1+11-39"/>
    <property name="user.name" value="lalo-omen"/>
    <property name="stdout.encoding" value="Cp1252"/>
    <property name="path.separator" value=";"/>
    <property name="os.version" value="10.0"/>
    <property name="java.runtime.name" value="OpenJDK Runtime Environment"/>
    <property name="file.encoding" value="UTF-8"/>
    <property name="java.vm.name" value="OpenJDK 64-Bit Server VM"/>
    <property name="localRepository" value="C:\Users\Omen\.m2\repository"/>
    <property name="java.vendor.url.bug" value="https://bugreport.java.com/bugreport/"/>
    <property name="java.io.tmpdir" value="C:\Users\Omen\AppData\Local\Temp\"/>
    <property name="idea.version" value="2024.1"/>
    <property name="java.version" value="23.0.1"/>
    <property name="user.dir" value="D:\Tareas UV\BaseDeDatosDistribuidos\cosmos-sql"/>
    <property name="os.arch" value="amd64"/>
    <property name="java.vm.specification.name" value="Java Virtual Machine Specification"/>
    <property name="PID" value="17664"/>
    <property name="sun.os.patch.level" value=""/>
    <property name="CONSOLE_LOG_CHARSET" value="UTF-8"/>
    <property name="native.encoding" value="Cp1252"/>
    <property name="java.library.path" value="C:\Users\Omen\.jdks\openjdk-23.0.1\bin;C:\Windows\Sun\Java\bin;C:\Windows\system32;C:\Windows;C:\Program Files\MySQL\MySQL Shell 8.0\bin\;C:\Users\Omen\AppData\Local\Microsoft\WindowsApps;C:\Users\Omen\AppData\Local\Programs\Microsoft VS Code\bin;C:\Users\Omen\AppData\Roaming\npm;C:\Users\Omen\AppData\Roaming\Composer\vendor\bin;C:\Program Files\Git\cmd;C:\php;C:\Users\Omen\Program Files\nodejs;C:\Program Files\nodejs;C:\composer;C:\Windows\system32;C:\Windows;C:\Windows\System32\Wbem;C:\Program Files\PuTTY\;C:\TDM-GCC-64\bin;C:\Program Files\Microsoft SQL Server\Client SDK\ODBC\170\Tools\Binn\;C:\Program Files\dotnet\;C:\Program Files (x86)\Microsoft SQL Server\160\Tools\Binn\;C:\Program Files\Microsoft SQL Server\160\Tools\Binn\;C:\Program Files\Microsoft SQL Server\160\DTS\Binn\;C:\Program Files (x86)\Microsoft SQL Server\160\DTS\Binn\;C:\Program Files\Azure Data Studio\bin;C:\Users\Omen\AppData\Roaming\nvm;C:\Program Files\nodejs;D:\Program Files\MPLAB C32 Suite\bin;C:\Program Files\MongoDB\Server\7.0\bin;C:\Program Files\MySQL\MySQL Shell 8.0\bin\;C:\Users\Omen\AppData\Local\Microsoft\WindowsApps;C:\Users\Omen\AppData\Local\Programs\Microsoft VS Code\bin;C:\Users\Omen\AppData\Roaming\Composer\vendor\bin;C:\Users\Omen\.dotnet\tools;C:\MinGW\bin;C:\MinGW\freeglut\bin\x64;C:\Users\Omen\AppData\Local\Programs\Python\Python39;C:\Users\Omen\AppData\Local\Programs\Python\Python39\Scripts;C:\Program Files\Azure Data Studio\bin;D:\aplicaciones\IntelliJ IDEA 2024.1\bin;;C:\Users\Omen\AppData\Roaming\nvm;C:\Program Files\nodejs;C:\Users\Omen\AppData\Local\Programs\mongosh\;."/>
    <property name="java.vm.info" value="mixed mode, sharing"/>
    <property name="stderr.encoding" value="Cp1252"/>
    <property name="java.vendor" value="Oracle Corporation"/>
    <property name="java.vm.version" value="23.0.1+11-39"/>
    <property name="sun.io.unicode.encoding" value="UnicodeLittle"/>
    <property name="java.class.version" value="67.0"/>
    <property name="LOGGED_APPLICATION_NAME" value="[cosmos-sql] "/>
  </properties>
  <testcase name="contextLoads" classname="com.E4.cosmos_sql.CosmosSqlApplicationTests" time="0.009">
    <error message="Failed to load ApplicationContext for [ReactiveWebMergedContextConfiguration@5f3f57ff testClass = com.E4.cosmos_sql.CosmosSqlApplicationTests, locations = [], classes = [com.E4.cosmos_sql.CosmosSqlApplication], contextInitializerClasses = [], activeProfiles = [], propertySourceDescriptors = [], propertySourceProperties = [&quot;org.springframework.boot.test.context.SpringBootTestContextBootstrapper=true&quot;], contextCustomizers = [org.springframework.boot.test.context.filter.ExcludeFilterContextCustomizer@176b75f7, org.springframework.boot.test.json.DuplicateJsonObjectContextCustomizerFactory$DuplicateJsonObjectContextCustomizer@3b8f0a79, org.springframework.boot.test.mock.mockito.MockitoContextCustomizer@0, org.springframework.boot.test.web.client.TestRestTemplateContextCustomizer@3148f668, org.springframework.boot.test.web.reactive.server.WebTestClientContextCustomizer@5b67bb7e, org.springframework.boot.test.web.reactor.netty.DisableReactorResourceFactoryGlobalResourcesContextCustomizerFactory$DisableReactorResourceFactoryGlobalResourcesContextCustomizerCustomizer@1ab06251, org.springframework.boot.test.autoconfigure.OnFailureConditionReportContextCustomizerFactory$OnFailureConditionReportContextCustomizer@1115ec15, org.springframework.boot.test.autoconfigure.actuate.observability.ObservabilityContextCustomizerFactory$DisableObservabilityContextCustomizer@1f, org.springframework.boot.test.autoconfigure.properties.PropertyMappingContextCustomizer@0, org.springframework.boot.test.autoconfigure.web.servlet.WebDriverContextCustomizer@6f44a157, org.springframework.test.context.support.DynamicPropertiesContextCustomizer@0, org.springframework.boot.test.context.SpringBootTestAnnotation@fc315353], contextLoader = org.springframework.boot.test.context.SpringBootContextLoader, parent = null]" type="java.lang.IllegalStateException"><![CDATA[java.lang.IllegalStateException: Failed to load ApplicationContext for [ReactiveWebMergedContextConfiguration@5f3f57ff testClass = com.E4.cosmos_sql.CosmosSqlApplicationTests, locations = [], classes = [com.E4.cosmos_sql.CosmosSqlApplication], contextInitializerClasses = [], activeProfiles = [], propertySourceDescriptors = [], propertySourceProperties = ["org.springframework.boot.test.context.SpringBootTestContextBootstrapper=true"], contextCustomizers = [org.springframework.boot.test.context.filter.ExcludeFilterContextCustomizer@176b75f7, org.springframework.boot.test.json.DuplicateJsonObjectContextCustomizerFactory$DuplicateJsonObjectContextCustomizer@3b8f0a79, org.springframework.boot.test.mock.mockito.MockitoContextCustomizer@0, org.springframework.boot.test.web.client.TestRestTemplateContextCustomizer@3148f668, org.springframework.boot.test.web.reactive.server.WebTestClientContextCustomizer@5b67bb7e, org.springframework.boot.test.web.reactor.netty.DisableReactorResourceFactoryGlobalResourcesContextCustomizerFactory$DisableReactorResourceFactoryGlobalResourcesContextCustomizerCustomizer@1ab06251, org.springframework.boot.test.autoconfigure.OnFailureConditionReportContextCustomizerFactory$OnFailureConditionReportContextCustomizer@1115ec15, org.springframework.boot.test.autoconfigure.actuate.observability.ObservabilityContextCustomizerFactory$DisableObservabilityContextCustomizer@1f, org.springframework.boot.test.autoconfigure.properties.PropertyMappingContextCustomizer@0, org.springframework.boot.test.autoconfigure.web.servlet.WebDriverContextCustomizer@6f44a157, org.springframework.test.context.support.DynamicPropertiesContextCustomizer@0, org.springframework.boot.test.context.SpringBootTestAnnotation@fc315353], contextLoader = org.springframework.boot.test.context.SpringBootContextLoader, parent = null]
	at org.springframework.test.context.cache.DefaultCacheAwareContextLoaderDelegate.loadContext(DefaultCacheAwareContextLoaderDelegate.java:180)
	at org.springframework.test.context.support.DefaultTestContext.getApplicationContext(DefaultTestContext.java:130)
	at org.springframework.test.context.support.DependencyInjectionTestExecutionListener.injectDependencies(DependencyInjectionTestExecutionListener.java:155)
	at org.springframework.test.context.support.DependencyInjectionTestExecutionListener.prepareTestInstance(DependencyInjectionTestExecutionListener.java:111)
	at org.springframework.test.context.TestContextManager.prepareTestInstance(TestContextManager.java:260)
	at org.springframework.test.context.junit.jupiter.SpringExtension.postProcessTestInstance(SpringExtension.java:159)
	at java.base/java.util.stream.ForEachOps$ForEachOp$OfRef.accept(ForEachOps.java:184)
	at java.base/java.util.stream.ReferencePipeline$3$1.accept(ReferencePipeline.java:215)
	at java.base/java.util.stream.ReferencePipeline$2$1.accept(ReferencePipeline.java:197)
	at java.base/java.util.stream.ReferencePipeline$3$1.accept(ReferencePipeline.java:215)
	at java.base/java.util.ArrayList$ArrayListSpliterator.forEachRemaining(ArrayList.java:1709)
	at java.base/java.util.stream.AbstractPipeline.copyInto(AbstractPipeline.java:570)
	at java.base/java.util.stream.AbstractPipeline.wrapAndCopyInto(AbstractPipeline.java:560)
	at java.base/java.util.stream.ForEachOps$ForEachOp.evaluateSequential(ForEachOps.java:151)
	at java.base/java.util.stream.ForEachOps$ForEachOp$OfRef.evaluateSequential(ForEachOps.java:174)
	at java.base/java.util.stream.AbstractPipeline.evaluate(AbstractPipeline.java:265)
	at java.base/java.util.stream.ReferencePipeline.forEach(ReferencePipeline.java:636)
	at java.base/java.util.Optional.orElseGet(Optional.java:364)
	at java.base/java.util.ArrayList.forEach(ArrayList.java:1597)
	at java.base/java.util.ArrayList.forEach(ArrayList.java:1597)
Caused by: org.springframework.beans.factory.UnsatisfiedDependencyException: Error creating bean with name 'clientesController' defined in file [D:\Tareas UV\BaseDeDatosDistribuidos\cosmos-sql\target\classes\com\E4\cosmos_sql\controller\ClientesController.class]: Unsatisfied dependency expressed through constructor parameter 0: Error creating bean with name 'clientesRepository' defined in com.E4.cosmos_sql.repository.ClientesRepository defined in @EnableReactiveCosmosRepositories declared on CosmosReactiveRepositoriesAutoConfigureRegistrar.EnableCosmosReactiveRepositoriesConfiguration: Failed to instantiate [com.azure.spring.data.cosmos.repository.support.SimpleReactiveCosmosRepository]: Constructor threw exception
	at org.springframework.beans.factory.support.ConstructorResolver.createArgumentArray(ConstructorResolver.java:804)
	at org.springframework.beans.factory.support.ConstructorResolver.autowireConstructor(ConstructorResolver.java:240)
	at org.springframework.beans.factory.support.AbstractAutowireCapableBeanFactory.autowireConstructor(AbstractAutowireCapableBeanFactory.java:1387)
	at org.springframework.beans.factory.support.AbstractAutowireCapableBeanFactory.createBeanInstance(AbstractAutowireCapableBeanFactory.java:1224)
	at org.springframework.beans.factory.support.AbstractAutowireCapableBeanFactory.doCreateBean(AbstractAutowireCapableBeanFactory.java:569)
	at org.springframework.beans.factory.support.AbstractAutowireCapableBeanFactory.createBean(AbstractAutowireCapableBeanFactory.java:529)
	at org.springframework.beans.factory.support.AbstractBeanFactory.lambda$doGetBean$0(AbstractBeanFactory.java:339)
	at org.springframework.beans.factory.support.DefaultSingletonBeanRegistry.getSingleton(DefaultSingletonBeanRegistry.java:371)
	at org.springframework.beans.factory.support.AbstractBeanFactory.doGetBean(AbstractBeanFactory.java:337)
	at org.springframework.beans.factory.support.AbstractBeanFactory.getBean(AbstractBeanFactory.java:202)
	at org.springframework.beans.factory.support.DefaultListableBeanFactory.instantiateSingleton(DefaultListableBeanFactory.java:1221)
	at org.springframework.beans.factory.support.DefaultListableBeanFactory.preInstantiateSingleton(DefaultListableBeanFactory.java:1187)
	at org.springframework.beans.factory.support.DefaultListableBeanFactory.preInstantiateSingletons(DefaultListableBeanFactory.java:1122)
	at org.springframework.context.support.AbstractApplicationContext.finishBeanFactoryInitialization(AbstractApplicationContext.java:987)
	at org.springframework.context.support.AbstractApplicationContext.refresh(AbstractApplicationContext.java:627)
	at org.springframework.boot.SpringApplication.refresh(SpringApplication.java:753)
	at org.springframework.boot.SpringApplication.refreshContext(SpringApplication.java:439)
	at org.springframework.boot.SpringApplication.run(SpringApplication.java:318)
	at org.springframework.boot.test.context.SpringBootContextLoader.lambda$loadContext$3(SpringBootContextLoader.java:144)
	at org.springframework.util.function.ThrowingSupplier.get(ThrowingSupplier.java:58)
	at org.springframework.util.function.ThrowingSupplier.get(ThrowingSupplier.java:46)
	at org.springframework.boot.SpringApplication.withHook(SpringApplication.java:1462)
	at org.springframework.boot.test.context.SpringBootContextLoader$ContextLoaderHook.run(SpringBootContextLoader.java:563)
	at org.springframework.boot.test.context.SpringBootContextLoader.loadContext(SpringBootContextLoader.java:144)
	at org.springframework.boot.test.context.SpringBootContextLoader.loadContext(SpringBootContextLoader.java:110)
	at org.springframework.test.context.cache.DefaultCacheAwareContextLoaderDelegate.loadContextInternal(DefaultCacheAwareContextLoaderDelegate.java:225)
	at org.springframework.test.context.cache.DefaultCacheAwareContextLoaderDelegate.loadContext(DefaultCacheAwareContextLoaderDelegate.java:152)
	... 19 more
Caused by: org.springframework.beans.factory.BeanCreationException: Error creating bean with name 'clientesRepository' defined in com.E4.cosmos_sql.repository.ClientesRepository defined in @EnableReactiveCosmosRepositories declared on CosmosReactiveRepositoriesAutoConfigureRegistrar.EnableCosmosReactiveRepositoriesConfiguration: Failed to instantiate [com.azure.spring.data.cosmos.repository.support.SimpleReactiveCosmosRepository]: Constructor threw exception
	at org.springframework.beans.factory.support.AbstractAutowireCapableBeanFactory.initializeBean(AbstractAutowireCapableBeanFactory.java:1818)
	at org.springframework.beans.factory.support.AbstractAutowireCapableBeanFactory.doCreateBean(AbstractAutowireCapableBeanFactory.java:607)
	at org.springframework.beans.factory.support.AbstractAutowireCapableBeanFactory.createBean(AbstractAutowireCapableBeanFactory.java:529)
	at org.springframework.beans.factory.support.AbstractBeanFactory.lambda$doGetBean$0(AbstractBeanFactory.java:339)
	at org.springframework.beans.factory.support.DefaultSingletonBeanRegistry.getSingleton(DefaultSingletonBeanRegistry.java:371)
	at org.springframework.beans.factory.support.AbstractBeanFactory.doGetBean(AbstractBeanFactory.java:337)
	at org.springframework.beans.factory.support.AbstractBeanFactory.getBean(AbstractBeanFactory.java:202)
	at org.springframework.beans.factory.support.DefaultListableBeanFactory.doResolveDependency(DefaultListableBeanFactory.java:1681)
	at org.springframework.beans.factory.support.DefaultListableBeanFactory.resolveDependency(DefaultListableBeanFactory.java:1627)
	at org.springframework.beans.factory.support.ConstructorResolver.resolveAutowiredArgument(ConstructorResolver.java:913)
	at org.springframework.beans.factory.support.ConstructorResolver.createArgumentArray(ConstructorResolver.java:791)
	... 45 more
Caused by: org.springframework.beans.BeanInstantiationException: Failed to instantiate [com.azure.spring.data.cosmos.repository.support.SimpleReactiveCosmosRepository]: Constructor threw exception
	at org.springframework.beans.BeanUtils.instantiateClass(BeanUtils.java:222)
	at org.springframework.data.repository.core.support.RepositoryFactorySupport.lambda$instantiateClass$5(RepositoryFactorySupport.java:657)
	at java.base/java.util.Optional.map(Optional.java:260)
	at org.springframework.data.repository.core.support.RepositoryFactorySupport.instantiateClass(RepositoryFactorySupport.java:657)
	at org.springframework.data.repository.core.support.RepositoryFactorySupport.getTargetRepositoryViaReflection(RepositoryFactorySupport.java:622)
	at com.azure.spring.data.cosmos.repository.support.ReactiveCosmosRepositoryFactory.getTargetRepository(ReactiveCosmosRepositoryFactory.java:48)
	at org.springframework.data.repository.core.support.RepositoryFactorySupport.getRepository(RepositoryFactorySupport.java:377)
	at org.springframework.data.repository.core.support.RepositoryFactoryBeanSupport.lambda$afterPropertiesSet$4(RepositoryFactoryBeanSupport.java:350)
	at org.springframework.data.util.Lazy.getNullable(Lazy.java:135)
	at org.springframework.data.util.Lazy.get(Lazy.java:113)
	at org.springframework.data.repository.core.support.RepositoryFactoryBeanSupport.afterPropertiesSet(RepositoryFactoryBeanSupport.java:356)
	at com.azure.spring.data.cosmos.repository.support.ReactiveCosmosRepositoryFactoryBean.afterPropertiesSet(ReactiveCosmosRepositoryFactoryBean.java:69)
	at org.springframework.beans.factory.support.AbstractAutowireCapableBeanFactory.invokeInitMethods(AbstractAutowireCapableBeanFactory.java:1865)
	at org.springframework.beans.factory.support.AbstractAutowireCapableBeanFactory.initializeBean(AbstractAutowireCapableBeanFactory.java:1814)
	... 55 more
Caused by: com.azure.spring.data.cosmos.exception.CosmosServiceUnavailableException: Failed to create database{"innerErrorMessage":"Service is currently unavailable, please retry after a while. More info: https://aka.ms/cosmosdb-tsg-service-unavailable-java: Message: {\"innerErrorMessage\":\"The requested resource is no longer available at the server.\"}","cosmosDiagnostics":{"userAgent":"azsdk-java-cosmos/4.68.0 Windows10/10.0 JRE/23.0.1 az-sd-cos/5.22.0az-sp-cos/5.22.0","activityId":"5ba9d22a-7ee2-4be6-a809-0f90d1885349","requestLatencyInMs":30907,"requestStartTimeUTC":"2025-06-04T20:45:38.436108200Z","requestEndTimeUTC":"2025-06-04T20:46:09.344002500Z","responseStatisticsList":[{"storeResult":{"storePhysicalAddress":"rntbd://cdb-ms-prod-westus3-be41.documents.azure.com:11307/apps/b4a754e2-efc3-4890-b885-c2fba20447a0/services/b395315b-74a0-40f3-909c-476b990ea2b4/partitions/c7536697-f3df-4582-b0a9-8a9fb5d433fe/replicas/133915815056156134s/","lsn":0,"quorumAckedLSN":-1,"currentReplicaSetSize":-1,"globalCommittedLsn":-1,"partitionKeyRangeId":null,"isValid":false,"statusCode":410,"subStatusCode":20001,"isGone":true,"isNotFound":false,"isInvalidPartition":false,"isThroughputControlRequestRateTooLarge":false,"requestCharge":0.0,"itemLSN":-1,"sessionToken":null,"backendLatencyInMs":null,"retryAfterInMs":null,"exceptionMessage":"failed to establish connection to cdb-ms-prod-westus3-be41.documents.azure.com/<unresolved>:11307 due to io.netty.channel.ConnectTimeoutException: connection timed out after 5000 ms: cdb-ms-prod-westus3-be41.documents.azure.com/20.14.126.131:11307","exceptionResponseHeaders":"{x-ms-activity-id=5ba9d22a-7ee2-4be6-a809-0f90d1885349, x-ms-substatus=20001}","replicaStatusList":{"Ignoring":["11315:P:Unknown"],"Attempting":["11013:S:Unknown","11307:S:Unknown","11309:S:Unknown"]},"transportRequestTimeline":[{"eventName":"created","startTimeUTC":"2025-06-04T20:45:39.017390800Z","durationInMilliSecs":1.0001},{"eventName":"queued","startTimeUTC":"2025-06-04T20:45:39.018390900Z","durationInMilliSecs":0.0},{"eventName":"channelAcquisitionStarted","startTimeUTC":"2025-06-04T20:45:39.018390900Z","durationInMilliSecs":5110.6232},{"eventName":"pipelined","startTimeUTC":null,"durationInMilliSecs":0.0},{"eventName":"transitTime","startTimeUTC":null,"durationInMilliSecs":0.0},{"eventName":"decodeTime","startTimeUTC":null,"durationInMilliSecs":0.0},{"eventName":"received","startTimeUTC":null,"durationInMilliSecs":0.0},{"eventName":"completed","startTimeUTC":"2025-06-04T20:45:44.129014100Z","durationInMilliSecs":0.0}],"transportRequestChannelAcquisitionContext":{"events":[{"poll":"2025-06-04T20:45:39.018390900Z","durationInMilliSecs":0.0},{"startNew":"2025-06-04T20:45:39.018390900Z","durationInMilliSecs":5093.0589},{"completeNew":"2025-06-04T20:45:44.111449800Z"}],"waitForChannelInit":true},"rntbdRequestLengthInBytes":-1,"rntbdResponseLengthInBytes":-1,"requestPayloadLengthInBytes":0,"responsePayloadLengthInBytes":-1,"channelStatistics":null,"serviceEndpointStatistics":{"availableChannels":0,"acquiredChannels":0,"executorTaskQueueSize":0,"inflightRequests":1,"lastSuccessfulRequestTime":"2025-06-04T20:45:39.017Z","lastRequestTime":"2025-06-04T20:45:39.017Z","createdTime":"2025-06-04T20:45:39.017390800Z","isClosed":false,"cerMetrics":{}}},"requestResponseTimeUTC":"2025-06-04T20:45:44.131016200Z","requestStartTimeUTC":"2025-06-04T20:45:39.017390800Z","requestResourceType":"Database","requestOperationType":"Read","requestSessionToken":null,"e2ePolicyCfg":null,"excludedRegions":null,"sessionTokenEvaluationResults":[],"locationToLocationSpecificHealthContext":{"v":null}},{"storeResult":{"storePhysicalAddress":"rntbd://cdb-ms-prod-westus3-be41.documents.azure.com:11013/apps/b4a754e2-efc3-4890-b885-c2fba20447a0/services/b395315b-74a0-40f3-909c-476b990ea2b4/partitions/c7536697-f3df-4582-b0a9-8a9fb5d433fe/replicas/133915815012093458s/","lsn":0,"quorumAckedLSN":-1,"currentReplicaSetSize":-1,"globalCommittedLsn":-1,"partitionKeyRangeId":null,"isValid":false,"statusCode":410,"subStatusCode":20001,"isGone":true,"isNotFound":false,"isInvalidPartition":false,"isThroughputControlRequestRateTooLarge":false,"requestCharge":0.0,"itemLSN":-1,"sessionToken":null,"backendLatencyInMs":null,"retryAfterInMs":null,"exceptionMessage":"failed to establish connection to cdb-ms-prod-westus3-be41.documents.azure.com/<unresolved>:11013 due to io.netty.channel.ConnectTimeoutException: connection timed out after 5000 ms: cdb-ms-prod-westus3-be41.documents.azure.com/20.14.126.131:11013","exceptionResponseHeaders":"{x-ms-activity-id=5ba9d22a-7ee2-4be6-a809-0f90d1885349, x-ms-substatus=20001}","replicaStatusList":{"Ignoring":["11315:P:Unknown"],"Attempting":["11013:S:Unknown","11307:S:Unknown","11309:S:Unknown"]},"transportRequestTimeline":[{"eventName":"created","startTimeUTC":"2025-06-04T20:45:38.985925600Z","durationInMilliSecs":29.4668},{"eventName":"queued","startTimeUTC":"2025-06-04T20:45:39.015392400Z","durationInMilliSecs":0.0},{"eventName":"channelAcquisitionStarted","startTimeUTC":"2025-06-04T20:45:39.015392400Z","durationInMilliSecs":5113.6217},{"eventName":"pipelined","startTimeUTC":null,"durationInMilliSecs":0.0},{"eventName":"transitTime","startTimeUTC":null,"durationInMilliSecs":0.0},{"eventName":"decodeTime","startTimeUTC":null,"durationInMilliSecs":0.0},{"eventName":"received","startTimeUTC":null,"durationInMilliSecs":0.0},{"eventName":"completed","startTimeUTC":"2025-06-04T20:45:44.129014100Z","durationInMilliSecs":0.0}],"transportRequestChannelAcquisitionContext":{"events":[{"poll":"2025-06-04T20:45:39.016392300Z","durationInMilliSecs":0.0},{"startNew":"2025-06-04T20:45:39.017390800Z","durationInMilliSecs":5094.059},{"completeNew":"2025-06-04T20:45:44.111449800Z"}],"waitForChannelInit":true},"rntbdRequestLengthInBytes":-1,"rntbdResponseLengthInBytes":-1,"requestPayloadLengthInBytes":0,"responsePayloadLengthInBytes":-1,"channelStatistics":null,"serviceEndpointStatistics":{"availableChannels":0,"acquiredChannels":0,"executorTaskQueueSize":0,"inflightRequests":1,"lastSuccessfulRequestTime":"2025-06-04T20:45:38.994Z","lastRequestTime":"2025-06-04T20:45:38.994Z","createdTime":"2025-06-04T20:45:38.993924Z","isClosed":false,"cerMetrics":{}}},"requestResponseTimeUTC":"2025-06-04T20:45:44.131016200Z","requestStartTimeUTC":"2025-06-04T20:45:38.985925600Z","requestResourceType":"Database","requestOperationType":"Read","requestSessionToken":null,"e2ePolicyCfg":null,"excludedRegions":null,"sessionTokenEvaluationResults":[],"locationToLocationSpecificHealthContext":{"v":null}},{"storeResult":{"storePhysicalAddress":"rntbd://cdb-ms-prod-westus3-be41.documents.azure.com:11309/apps/b4a754e2-efc3-4890-b885-c2fba20447a0/services/b395315b-74a0-40f3-909c-476b990ea2b4/partitions/c7536697-f3df-4582-b0a9-8a9fb5d433fe/replicas/133915815056156133s/","lsn":0,"quorumAckedLSN":-1,"currentReplicaSetSize":-1,"globalCommittedLsn":-1,"partitionKeyRangeId":null,"isValid":false,"statusCode":410,"subStatusCode":20001,"isGone":true,"isNotFound":false,"isInvalidPartition":false,"isThroughputControlRequestRateTooLarge":false,"requestCharge":0.0,"itemLSN":-1,"sessionToken":null,"backendLatencyInMs":null,"retryAfterInMs":null,"exceptionMessage":"failed to establish connection to cdb-ms-prod-westus3-be41.documents.azure.com/<unresolved>:11309 due to io.netty.channel.ConnectTimeoutException: connection timed out after 5000 ms: cdb-ms-prod-westus3-be41.documents.azure.com/20.14.126.131:11309","exceptionResponseHeaders":"{x-ms-activity-id=5ba9d22a-7ee2-4be6-a809-0f90d1885349, x-ms-substatus=20001}","replicaStatusList":{"Ignoring":["11315:P:Unknown","11307:S:Unhealthy","11013:S:Unhealthy"],"Attempting":["11309:S:Unknown"]},"transportRequestTimeline":[{"eventName":"created","startTimeUTC":"2025-06-04T20:45:44.132014200Z","durationInMilliSecs":0.0},{"eventName":"queued","startTimeUTC":"2025-06-04T20:45:44.132014200Z","durationInMilliSecs":0.0},{"eventName":"channelAcquisitionStarted","startTimeUTC":"2025-06-04T20:45:44.132014200Z","durationInMilliSecs":5013.3352},{"eventName":"pipelined","startTimeUTC":null,"durationInMilliSecs":0.0},{"eventName":"transitTime","startTimeUTC":null,"durationInMilliSecs":0.0},{"eventName":"decodeTime","startTimeUTC":null,"durationInMilliSecs":0.0},{"eventName":"received","startTimeUTC":null,"durationInMilliSecs":0.0},{"eventName":"completed","startTimeUTC":"2025-06-04T20:45:49.145349400Z","durationInMilliSecs":0.0}],"transportRequestChannelAcquisitionContext":{"events":[{"poll":"2025-06-04T20:45:44.133014200Z","durationInMilliSecs":0.0},{"startNew":"2025-06-04T20:45:44.133014200Z","durationInMilliSecs":5011.3775},{"completeNew":"2025-06-04T20:45:49.144391700Z"}],"waitForChannelInit":true},"rntbdRequestLengthInBytes":-1,"rntbdResponseLengthInBytes":-1,"requestPayloadLengthInBytes":0,"responsePayloadLengthInBytes":-1,"channelStatistics":null,"serviceEndpointStatistics":{"availableChannels":0,"acquiredChannels":0,"executorTaskQueueSize":0,"inflightRequests":1,"lastSuccessfulRequestTime":"2025-06-04T20:45:44.132Z","lastRequestTime":"2025-06-04T20:45:44.132Z","createdTime":"2025-06-04T20:45:44.132014200Z","isClosed":false,"cerMetrics":{}}},"requestResponseTimeUTC":"2025-06-04T20:45:49.146400600Z","requestStartTimeUTC":"2025-06-04T20:45:44.132014200Z","requestResourceType":"Database","requestOperationType":"Read","requestSessionToken":null,"e2ePolicyCfg":null,"excludedRegions":null,"sessionTokenEvaluationResults":[],"locationToLocationSpecificHealthContext":{"v":null}},{"storeResult":{"storePhysicalAddress":"rntbd://cdb-ms-prod-westus3-be41.documents.azure.com:11315/apps/b4a754e2-efc3-4890-b885-c2fba20447a0/services/b395315b-74a0-40f3-909c-476b990ea2b4/partitions/c7536697-f3df-4582-b0a9-8a9fb5d433fe/replicas/133915815056156135p/","lsn":-1,"quorumAckedLSN":-1,"currentReplicaSetSize":-1,"globalCommittedLsn":-1,"partitionKeyRangeId":null,"isValid":false,"statusCode":410,"subStatusCode":20001,"isGone":true,"isNotFound":false,"isInvalidPartition":false,"isThroughputControlRequestRateTooLarge":false,"requestCharge":0.0,"itemLSN":-1,"sessionToken":null,"backendLatencyInMs":null,"retryAfterInMs":null,"exceptionMessage":"failed to establish connection to cdb-ms-prod-westus3-be41.documents.azure.com/<unresolved>:11315 due to io.netty.channel.ConnectTimeoutException: connection timed out after 5000 ms: cdb-ms-prod-westus3-be41.documents.azure.com/20.14.126.131:11315","exceptionResponseHeaders":"{x-ms-activity-id=5ba9d22a-7ee2-4be6-a809-0f90d1885349, x-ms-substatus=20001}","replicaStatusList":{"Ignoring":["11307:S:Unhealthy","11013:S:Unhealthy","11309:S:Unhealthy"],"Attempting":["11315:P:Unknown"]},"transportRequestTimeline":[{"eventName":"created","startTimeUTC":"2025-06-04T20:45:49.168737200Z","durationInMilliSecs":0.0},{"eventName":"queued","startTimeUTC":"2025-06-04T20:45:49.168737200Z","durationInMilliSecs":0.0},{"eventName":"channelAcquisitionStarted","startTimeUTC":"2025-06-04T20:45:49.168737200Z","durationInMilliSecs":5016.0506},{"eventName":"pipelined","startTimeUTC":null,"durationInMilliSecs":0.0},{"eventName":"transitTime","startTimeUTC":null,"durationInMilliSecs":0.0},{"eventName":"decodeTime","startTimeUTC":null,"durationInMilliSecs":0.0},{"eventName":"received","startTimeUTC":null,"durationInMilliSecs":0.0},{"eventName":"completed","startTimeUTC":"2025-06-04T20:45:54.184787800Z","durationInMilliSecs":0.0}],"transportRequestChannelAcquisitionContext":{"events":[{"poll":"2025-06-04T20:45:49.169753600Z","durationInMilliSecs":0.0},{"startNew":"2025-06-04T20:45:49.169753600Z","durationInMilliSecs":5014.4272},{"completeNew":"2025-06-04T20:45:54.184180800Z"}],"waitForChannelInit":true},"rntbdRequestLengthInBytes":-1,"rntbdResponseLengthInBytes":-1,"requestPayloadLengthInBytes":0,"responsePayloadLengthInBytes":-1,"channelStatistics":null,"serviceEndpointStatistics":{"availableChannels":0,"acquiredChannels":0,"executorTaskQueueSize":0,"inflightRequests":1,"lastSuccessfulRequestTime":"2025-06-04T20:45:49.168Z","lastRequestTime":"2025-06-04T20:45:49.168Z","createdTime":"2025-06-04T20:45:49.168737200Z","isClosed":false,"cerMetrics":{}}},"requestResponseTimeUTC":"2025-06-04T20:45:54.184787800Z","requestStartTimeUTC":"2025-06-04T20:45:49.168737200Z","requestResourceType":"Database","requestOperationType":"Read","requestSessionToken":null,"e2ePolicyCfg":null,"excludedRegions":null,"sessionTokenEvaluationResults":[],"locationToLocationSpecificHealthContext":{"v":null}},{"storeResult":{"storePhysicalAddress":"rntbd://cdb-ms-prod-westus3-be41.documents.azure.com:11309/apps/b4a754e2-efc3-4890-b885-c2fba20447a0/services/b395315b-74a0-40f3-909c-476b990ea2b4/partitions/c7536697-f3df-4582-b0a9-8a9fb5d433fe/replicas/133915815056156133s/","lsn":0,"quorumAckedLSN":-1,"currentReplicaSetSize":-1,"globalCommittedLsn":-1,"partitionKeyRangeId":null,"isValid":false,"statusCode":410,"subStatusCode":20001,"isGone":true,"isNotFound":false,"isInvalidPartition":false,"isThroughputControlRequestRateTooLarge":false,"requestCharge":0.0,"itemLSN":-1,"sessionToken":null,"backendLatencyInMs":null,"retryAfterInMs":null,"exceptionMessage":"failed to establish connection to cdb-ms-prod-westus3-be41.documents.azure.com/<unresolved>:11309 due to io.netty.channel.ConnectTimeoutException: connection timed out after 5000 ms: cdb-ms-prod-westus3-be41.documents.azure.com/20.14.126.131:11309","exceptionResponseHeaders":"{x-ms-activity-id=5ba9d22a-7ee2-4be6-a809-0f90d1885349, x-ms-substatus=20001}","replicaStatusList":{"Ignoring":["11315:P:Unknown"],"Attempting":["11013:S:Unknown","11307:S:Unknown","11309:S:Unknown"]},"transportRequestTimeline":[{"eventName":"created","startTimeUTC":"2025-06-04T20:45:54.307237300Z","durationInMilliSecs":0.9605},{"eventName":"queued","startTimeUTC":"2025-06-04T20:45:54.308197800Z","durationInMilliSecs":0.0},{"eventName":"channelAcquisitionStarted","startTimeUTC":"2025-06-04T20:45:54.308197800Z","durationInMilliSecs":5011.8224},{"eventName":"pipelined","startTimeUTC":null,"durationInMilliSecs":0.0},{"eventName":"transitTime","startTimeUTC":null,"durationInMilliSecs":0.0},{"eventName":"decodeTime","startTimeUTC":null,"durationInMilliSecs":0.0},{"eventName":"received","startTimeUTC":null,"durationInMilliSecs":0.0},{"eventName":"completed","startTimeUTC":"2025-06-04T20:45:59.320020200Z","durationInMilliSecs":0.0}],"transportRequestChannelAcquisitionContext":{"events":[{"poll":"2025-06-04T20:45:54.308197800Z","durationInMilliSecs":0.0},{"startNew":"2025-06-04T20:45:54.308197800Z","durationInMilliSecs":5011.8224},{"completeNew":"2025-06-04T20:45:59.320020200Z"}],"waitForChannelInit":true},"rntbdRequestLengthInBytes":-1,"rntbdResponseLengthInBytes":-1,"requestPayloadLengthInBytes":0,"responsePayloadLengthInBytes":-1,"channelStatistics":null,"serviceEndpointStatistics":{"availableChannels":0,"acquiredChannels":0,"executorTaskQueueSize":0,"inflightRequests":1,"lastSuccessfulRequestTime":"2025-06-04T20:45:44.132Z","lastRequestTime":"2025-06-04T20:45:44.132Z","createdTime":"2025-06-04T20:45:44.132014200Z","isClosed":false,"cerMetrics":{"lastCallTimestamp":"2025-06-04T20:45:49.142311Z","lastActionableContext":"(2025-06-04T20:45:49.142311Z,1)"}}},"requestResponseTimeUTC":"2025-06-04T20:45:59.321009200Z","requestStartTimeUTC":"2025-06-04T20:45:54.307237300Z","requestResourceType":"Database","requestOperationType":"Read","requestSessionToken":null,"e2ePolicyCfg":null,"excludedRegions":null,"sessionTokenEvaluationResults":[],"locationToLocationSpecificHealthContext":{"v":null}},{"storeResult":{"storePhysicalAddress":"rntbd://cdb-ms-prod-westus3-be41.documents.azure.com:11307/apps/b4a754e2-efc3-4890-b885-c2fba20447a0/services/b395315b-74a0-40f3-909c-476b990ea2b4/partitions/c7536697-f3df-4582-b0a9-8a9fb5d433fe/replicas/133915815056156134s/","lsn":0,"quorumAckedLSN":-1,"currentReplicaSetSize":-1,"globalCommittedLsn":-1,"partitionKeyRangeId":null,"isValid":false,"statusCode":410,"subStatusCode":20001,"isGone":true,"isNotFound":false,"isInvalidPartition":false,"isThroughputControlRequestRateTooLarge":false,"requestCharge":0.0,"itemLSN":-1,"sessionToken":null,"backendLatencyInMs":null,"retryAfterInMs":null,"exceptionMessage":"failed to establish connection to cdb-ms-prod-westus3-be41.documents.azure.com/<unresolved>:11307 due to io.netty.channel.ConnectTimeoutException: connection timed out after 5000 ms: cdb-ms-prod-westus3-be41.documents.azure.com/20.14.126.131:11307","exceptionResponseHeaders":"{x-ms-activity-id=5ba9d22a-7ee2-4be6-a809-0f90d1885349, x-ms-substatus=20001}","replicaStatusList":{"Ignoring":["11315:P:Unknown"],"Attempting":["11013:S:Unknown","11307:S:Unknown","11309:S:Unknown"]},"transportRequestTimeline":[{"eventName":"created","startTimeUTC":"2025-06-04T20:45:54.308197800Z","durationInMilliSecs":0.0},{"eventName":"queued","startTimeUTC":"2025-06-04T20:45:54.308197800Z","durationInMilliSecs":0.0},{"eventName":"channelAcquisitionStarted","startTimeUTC":"2025-06-04T20:45:54.308197800Z","durationInMilliSecs":5012.8114},{"eventName":"pipelined","startTimeUTC":null,"durationInMilliSecs":0.0},{"eventName":"transitTime","startTimeUTC":null,"durationInMilliSecs":0.0},{"eventName":"decodeTime","startTimeUTC":null,"durationInMilliSecs":0.0},{"eventName":"received","startTimeUTC":null,"durationInMilliSecs":0.0},{"eventName":"completed","startTimeUTC":"2025-06-04T20:45:59.321009200Z","durationInMilliSecs":0.0}],"transportRequestChannelAcquisitionContext":{"events":[{"poll":"2025-06-04T20:45:54.308197800Z","durationInMilliSecs":0.0},{"startNew":"2025-06-04T20:45:54.308197800Z","durationInMilliSecs":5011.8224},{"completeNew":"2025-06-04T20:45:59.320020200Z"}],"waitForChannelInit":true},"rntbdRequestLengthInBytes":-1,"rntbdResponseLengthInBytes":-1,"requestPayloadLengthInBytes":0,"responsePayloadLengthInBytes":-1,"channelStatistics":null,"serviceEndpointStatistics":{"availableChannels":0,"acquiredChannels":0,"executorTaskQueueSize":0,"inflightRequests":1,"lastSuccessfulRequestTime":"2025-06-04T20:45:39.017Z","lastRequestTime":"2025-06-04T20:45:39.017Z","createdTime":"2025-06-04T20:45:39.017390800Z","isClosed":false,"cerMetrics":{"lastCallTimestamp":"2025-06-04T20:45:44.101797300Z","lastActionableContext":"(2025-06-04T20:45:44.101797300Z,1)"}}},"requestResponseTimeUTC":"2025-06-04T20:45:59.321009200Z","requestStartTimeUTC":"2025-06-04T20:45:54.308197800Z","requestResourceType":"Database","requestOperationType":"Read","requestSessionToken":null,"e2ePolicyCfg":null,"excludedRegions":null,"sessionTokenEvaluationResults":[],"locationToLocationSpecificHealthContext":{"v":null}},{"storeResult":{"storePhysicalAddress":"rntbd://cdb-ms-prod-westus3-be41.documents.azure.com:11013/apps/b4a754e2-efc3-4890-b885-c2fba20447a0/services/b395315b-74a0-40f3-909c-476b990ea2b4/partitions/c7536697-f3df-4582-b0a9-8a9fb5d433fe/replicas/133915815012093458s/","lsn":0,"quorumAckedLSN":-1,"currentReplicaSetSize":-1,"globalCommittedLsn":-1,"partitionKeyRangeId":null,"isValid":false,"statusCode":410,"subStatusCode":20001,"isGone":true,"isNotFound":false,"isInvalidPartition":false,"isThroughputControlRequestRateTooLarge":false,"requestCharge":0.0,"itemLSN":-1,"sessionToken":null,"backendLatencyInMs":null,"retryAfterInMs":null,"exceptionMessage":"failed to establish connection to cdb-ms-prod-westus3-be41.documents.azure.com/<unresolved>:11013 due to io.netty.channel.ConnectTimeoutException: connection timed out after 5000 ms: cdb-ms-prod-westus3-be41.documents.azure.com/20.14.126.131:11013","exceptionResponseHeaders":"{x-ms-activity-id=5ba9d22a-7ee2-4be6-a809-0f90d1885349, x-ms-substatus=20001}","replicaStatusList":{"Ignoring":["11315:P:Unknown","11307:S:Unhealthy","11309:S:Unhealthy"],"Attempting":["11013:S:Unknown"]},"transportRequestTimeline":[{"eventName":"created","startTimeUTC":"2025-06-04T20:45:59.321009200Z","durationInMilliSecs":0.0},{"eventName":"queued","startTimeUTC":"2025-06-04T20:45:59.321009200Z","durationInMilliSecs":0.0},{"eventName":"channelAcquisitionStarted","startTimeUTC":"2025-06-04T20:45:59.321009200Z","durationInMilliSecs":5006.8154},{"eventName":"pipelined","startTimeUTC":null,"durationInMilliSecs":0.0},{"eventName":"transitTime","startTimeUTC":null,"durationInMilliSecs":0.0},{"eventName":"decodeTime","startTimeUTC":null,"durationInMilliSecs":0.0},{"eventName":"received","startTimeUTC":null,"durationInMilliSecs":0.0},{"eventName":"completed","startTimeUTC":"2025-06-04T20:46:04.327824600Z","durationInMilliSecs":0.0}],"transportRequestChannelAcquisitionContext":{"events":[{"poll":"2025-06-04T20:45:59.321009200Z","durationInMilliSecs":0.0},{"startNew":"2025-06-04T20:45:59.321009200Z","durationInMilliSecs":5006.8154},{"completeNew":"2025-06-04T20:46:04.327824600Z"}],"waitForChannelInit":true},"rntbdRequestLengthInBytes":-1,"rntbdResponseLengthInBytes":-1,"requestPayloadLengthInBytes":0,"responsePayloadLengthInBytes":-1,"channelStatistics":null,"serviceEndpointStatistics":{"availableChannels":0,"acquiredChannels":0,"executorTaskQueueSize":0,"inflightRequests":1,"lastSuccessfulRequestTime":"2025-06-04T20:45:38.994Z","lastRequestTime":"2025-06-04T20:45:38.986Z","createdTime":"2025-06-04T20:45:38.993924Z","isClosed":false,"cerMetrics":{"lastCallTimestamp":"2025-06-04T20:45:44.101797300Z","lastActionableContext":"(2025-06-04T20:45:44.101797300Z,1)"}}},"requestResponseTimeUTC":"2025-06-04T20:46:04.328821700Z","requestStartTimeUTC":"2025-06-04T20:45:59.321009200Z","requestResourceType":"Database","requestOperationType":"Read","requestSessionToken":null,"e2ePolicyCfg":null,"excludedRegions":null,"sessionTokenEvaluationResults":[],"locationToLocationSpecificHealthContext":{"v":null}},{"storeResult":{"storePhysicalAddress":"rntbd://cdb-ms-prod-westus3-be41.documents.azure.com:11315/apps/b4a754e2-efc3-4890-b885-c2fba20447a0/services/b395315b-74a0-40f3-909c-476b990ea2b4/partitions/c7536697-f3df-4582-b0a9-8a9fb5d433fe/replicas/133915815056156135p/","lsn":-1,"quorumAckedLSN":-1,"currentReplicaSetSize":-1,"globalCommittedLsn":-1,"partitionKeyRangeId":null,"isValid":false,"statusCode":410,"subStatusCode":20001,"isGone":true,"isNotFound":false,"isInvalidPartition":false,"isThroughputControlRequestRateTooLarge":false,"requestCharge":0.0,"itemLSN":-1,"sessionToken":null,"backendLatencyInMs":null,"retryAfterInMs":null,"exceptionMessage":"failed to establish connection to cdb-ms-prod-westus3-be41.documents.azure.com/<unresolved>:11315 due to io.netty.channel.ConnectTimeoutException: connection timed out after 5000 ms: cdb-ms-prod-westus3-be41.documents.azure.com/20.14.126.131:11315","exceptionResponseHeaders":"{x-ms-activity-id=5ba9d22a-7ee2-4be6-a809-0f90d1885349, x-ms-substatus=20001}","replicaStatusList":{"Ignoring":["11307:S:Unhealthy","11013:S:Unhealthy","11309:S:Unhealthy"],"Attempting":["11315:P:Unknown"]},"transportRequestTimeline":[{"eventName":"created","startTimeUTC":"2025-06-04T20:46:04.328821700Z","durationInMilliSecs":0.0},{"eventName":"queued","startTimeUTC":"2025-06-04T20:46:04.328821700Z","durationInMilliSecs":0.0},{"eventName":"channelAcquisitionStarted","startTimeUTC":"2025-06-04T20:46:04.328821700Z","durationInMilliSecs":5015.1808},{"eventName":"pipelined","startTimeUTC":null,"durationInMilliSecs":0.0},{"eventName":"transitTime","startTimeUTC":null,"durationInMilliSecs":0.0},{"eventName":"decodeTime","startTimeUTC":null,"durationInMilliSecs":0.0},{"eventName":"received","startTimeUTC":null,"durationInMilliSecs":0.0},{"eventName":"completed","startTimeUTC":"2025-06-04T20:46:09.344002500Z","durationInMilliSecs":0.0}],"transportRequestChannelAcquisitionContext":{"events":[{"poll":"2025-06-04T20:46:04.328821700Z","durationInMilliSecs":0.0},{"startNew":"2025-06-04T20:46:04.328821700Z","durationInMilliSecs":5014.1777},{"completeNew":"2025-06-04T20:46:09.342999400Z"}],"waitForChannelInit":true},"rntbdRequestLengthInBytes":-1,"rntbdResponseLengthInBytes":-1,"requestPayloadLengthInBytes":0,"responsePayloadLengthInBytes":-1,"channelStatistics":null,"serviceEndpointStatistics":{"availableChannels":0,"acquiredChannels":0,"executorTaskQueueSize":0,"inflightRequests":1,"lastSuccessfulRequestTime":"2025-06-04T20:45:49.168Z","lastRequestTime":"2025-06-04T20:45:49.168Z","createdTime":"2025-06-04T20:45:49.168737200Z","isClosed":false,"cerMetrics":{"lastCallTimestamp":"2025-06-04T20:45:54.182094100Z","lastActionableContext":"(2025-06-04T20:45:54.182094100Z,1)"}}},"requestResponseTimeUTC":"2025-06-04T20:46:09.344002500Z","requestStartTimeUTC":"2025-06-04T20:46:04.328821700Z","requestResourceType":"Database","requestOperationType":"Read","requestSessionToken":null,"e2ePolicyCfg":null,"excludedRegions":null,"sessionTokenEvaluationResults":[],"locationToLocationSpecificHealthContext":{"v":null}}],"supplementalResponseStatisticsList":[],"addressResolutionStatistics":{"8aa9dd1f-3ab2-4f5e-ae90-09c498116f6e":{"startTimeUTC":"2025-06-04T20:45:38.458108100Z","endTimeUTC":"2025-06-04T20:45:38.950920700Z","targetEndpoint":"https://facturacioncosmosdb-westus3.documents.azure.com:443/addresses/?$resolveFor=dbs&$filter=protocol%20eq%20rntbd","exceptionMessage":null,"forceRefresh":true,"forceCollectionRoutingMapRefresh":true,"inflightRequest":false},"438314b6-3c2c-4dec-b289-dfaee49d6657":{"startTimeUTC":"2025-06-04T20:45:54.188430500Z","endTimeUTC":"2025-06-04T20:45:54.306239Z","targetEndpoint":"https://facturacioncosmosdb-westus3.documents.azure.com:443/addresses/?$resolveFor=dbs&$filter=protocol%20eq%20rntbd","exceptionMessage":null,"forceRefresh":true,"forceCollectionRoutingMapRefresh":true,"inflightRequest":false}},"regionsContacted":["west us 3"],"retryContext":{"statusAndSubStatusCodes":[[410,21009],[410,21009],[503,21009]],"retryCount":3,"retryLatency":15160},"metadataDiagnosticsContext":{"metadataDiagnosticList":[{"metaDataName":"MASTER_ADDRESS_LOOK_UP","startTimeUTC":"2025-06-04T20:45:38.458108100Z","endTimeUTC":"2025-06-04T20:45:38.948965900Z","durationinMS":490},{"metaDataName":"MASTER_ADDRESS_LOOK_UP","startTimeUTC":"2025-06-04T20:45:54.188430500Z","endTimeUTC":"2025-06-04T20:45:54.306239Z","durationinMS":117}]},"serializationDiagnosticsContext":{"serializationDiagnosticsList":null},"gatewayStatisticsList":[],"samplingRateSnapshot":1.0,"bloomFilterInsertionCountSnapshot":0,"systemInformation":{"usedMemory":"44508 KB","availableMemory":"3052068 KB","systemCpuLoad":"(2025-06-04T20:45:42.467076Z 3.3%), (2025-06-04T20:45:47.480815600Z 2.1%), (2025-06-04T20:45:52.467394900Z 2.1%), (2025-06-04T20:45:57.467218Z 2.3%), (2025-06-04T20:46:02.476947200Z 1.9%), (2025-06-04T20:46:07.470915500Z 1.6%)","availableProcessors":12},"clientCfgs":{"id":1,"machineId":"uuid:fade444e-41d4-4bcc-a079-df2b8b43d1f3","connectionMode":"DIRECT","numberOfClients":1,"excrgns":"[]","clientEndpoints":{"https://facturacioncosmosdb.documents.azure.com:443/":1},"connCfg":{"rntbd":"(cto:PT5S, nrto:PT5S, icto:PT0S, ieto:PT1H, mcpe:130, mrpc:30, cer:true)","gw":"(cps:1000, nrto:PT1M, icto:PT1M, cto:PT45S, p:false)","other":"(ed: true, cs: false, rv: true)"},"consistencyCfg":"(consistency: null, mm: true, prgns: [])","proactiveInitCfg":"","e2ePolicyCfg":"","sessionRetryCfg":"","partitionLevelCircuitBreakerCfg":"(cb: false, type: CONSECUTIVE_EXCEPTION_COUNT_BASED, rexcntt: 10, wexcntt: 5)"}}}
	at com.azure.spring.data.cosmos.exception.CosmosExceptionUtils.exceptionHandler(CosmosExceptionUtils.java:87)
	at com.azure.spring.data.cosmos.core.ReactiveCosmosTemplate.lambda$createContainerIfNotExists$0(ReactiveCosmosTemplate.java:187)
	at reactor.core.publisher.FluxOnErrorResume$ResumeSubscriber.onError(FluxOnErrorResume.java:94)
	at reactor.core.publisher.MonoPublishOn$PublishOnSubscriber.run(MonoPublishOn.java:187)
	at reactor.core.scheduler.SchedulerTask.call(SchedulerTask.java:68)
	at reactor.core.scheduler.SchedulerTask.call(SchedulerTask.java:28)
	at java.base/java.util.concurrent.FutureTask.run(FutureTask.java:317)
	at java.base/java.util.concurrent.ScheduledThreadPoolExecutor$ScheduledFutureTask.run(ScheduledThreadPoolExecutor.java:304)
	at java.base/java.util.concurrent.ThreadPoolExecutor.runWorker(ThreadPoolExecutor.java:1144)
	at java.base/java.util.concurrent.ThreadPoolExecutor$Worker.run(ThreadPoolExecutor.java:642)
	at java.base/java.lang.Thread.run(Thread.java:1575)
	Suppressed: {"ClassName":"ServiceUnavailableException","userAgent":"azsdk-java-cosmos/4.68.0 Windows10/10.0 JRE/23.0.1","statusCode":503,"resourceAddress":null,"innerErrorMessage":"Service is currently unavailable, please retry after a while. More info: https://aka.ms/cosmosdb-tsg-service-unavailable-java: Message: {\"innerErrorMessage\":\"The requested resource is no longer available at the server.\"}","causeInfo":"[class: class com.azure.cosmos.implementation.GoneException, message: {\"innerErrorMessage\":\"The requested resource is no longer available at the server.\"}]","responseHeaders":"{x-ms-substatus=21009}","cosmosDiagnostics":{"userAgent":"azsdk-java-cosmos/4.68.0 Windows10/10.0 JRE/23.0.1 az-sd-cos/5.22.0az-sp-cos/5.22.0","activityId":"5ba9d22a-7ee2-4be6-a809-0f90d1885349","requestLatencyInMs":30907,"requestStartTimeUTC":"2025-06-04T20:45:38.436108200Z","requestEndTimeUTC":"2025-06-04T20:46:09.344002500Z","responseStatisticsList":[{"storeResult":{"storePhysicalAddress":"rntbd://cdb-ms-prod-westus3-be41.documents.azure.com:11307/apps/b4a754e2-efc3-4890-b885-c2fba20447a0/services/b395315b-74a0-40f3-909c-476b990ea2b4/partitions/c7536697-f3df-4582-b0a9-8a9fb5d433fe/replicas/133915815056156134s/","lsn":0,"quorumAckedLSN":-1,"currentReplicaSetSize":-1,"globalCommittedLsn":-1,"partitionKeyRangeId":null,"isValid":false,"statusCode":410,"subStatusCode":20001,"isGone":true,"isNotFound":false,"isInvalidPartition":false,"isThroughputControlRequestRateTooLarge":false,"requestCharge":0.0,"itemLSN":-1,"sessionToken":null,"backendLatencyInMs":null,"retryAfterInMs":null,"exceptionMessage":"failed to establish connection to cdb-ms-prod-westus3-be41.documents.azure.com/<unresolved>:11307 due to io.netty.channel.ConnectTimeoutException: connection timed out after 5000 ms: cdb-ms-prod-westus3-be41.documents.azure.com/20.14.126.131:11307","exceptionResponseHeaders":"{x-ms-activity-id=5ba9d22a-7ee2-4be6-a809-0f90d1885349, x-ms-substatus=20001}","replicaStatusList":{"Ignoring":["11315:P:Unknown"],"Attempting":["11013:S:Unknown","11307:S:Unknown","11309:S:Unknown"]},"transportRequestTimeline":[{"eventName":"created","startTimeUTC":"2025-06-04T20:45:39.017390800Z","durationInMilliSecs":1.0001},{"eventName":"queued","startTimeUTC":"2025-06-04T20:45:39.018390900Z","durationInMilliSecs":0.0},{"eventName":"channelAcquisitionStarted","startTimeUTC":"2025-06-04T20:45:39.018390900Z","durationInMilliSecs":5110.6232},{"eventName":"pipelined","startTimeUTC":null,"durationInMilliSecs":0.0},{"eventName":"transitTime","startTimeUTC":null,"durationInMilliSecs":0.0},{"eventName":"decodeTime","startTimeUTC":null,"durationInMilliSecs":0.0},{"eventName":"received","startTimeUTC":null,"durationInMilliSecs":0.0},{"eventName":"completed","startTimeUTC":"2025-06-04T20:45:44.129014100Z","durationInMilliSecs":0.0}],"transportRequestChannelAcquisitionContext":{"events":[{"poll":"2025-06-04T20:45:39.018390900Z","durationInMilliSecs":0.0},{"startNew":"2025-06-04T20:45:39.018390900Z","durationInMilliSecs":5093.0589},{"completeNew":"2025-06-04T20:45:44.111449800Z"}],"waitForChannelInit":true},"rntbdRequestLengthInBytes":-1,"rntbdResponseLengthInBytes":-1,"requestPayloadLengthInBytes":0,"responsePayloadLengthInBytes":-1,"channelStatistics":null,"serviceEndpointStatistics":{"availableChannels":0,"acquiredChannels":0,"executorTaskQueueSize":0,"inflightRequests":1,"lastSuccessfulRequestTime":"2025-06-04T20:45:39.017Z","lastRequestTime":"2025-06-04T20:45:39.017Z","createdTime":"2025-06-04T20:45:39.017390800Z","isClosed":false,"cerMetrics":{}}},"requestResponseTimeUTC":"2025-06-04T20:45:44.131016200Z","requestStartTimeUTC":"2025-06-04T20:45:39.017390800Z","requestResourceType":"Database","requestOperationType":"Read","requestSessionToken":null,"e2ePolicyCfg":null,"excludedRegions":null,"sessionTokenEvaluationResults":[],"locationToLocationSpecificHealthContext":{"v":null}},{"storeResult":{"storePhysicalAddress":"rntbd://cdb-ms-prod-westus3-be41.documents.azure.com:11013/apps/b4a754e2-efc3-4890-b885-c2fba20447a0/services/b395315b-74a0-40f3-909c-476b990ea2b4/partitions/c7536697-f3df-4582-b0a9-8a9fb5d433fe/replicas/133915815012093458s/","lsn":0,"quorumAckedLSN":-1,"currentReplicaSetSize":-1,"globalCommittedLsn":-1,"partitionKeyRangeId":null,"isValid":false,"statusCode":410,"subStatusCode":20001,"isGone":true,"isNotFound":false,"isInvalidPartition":false,"isThroughputControlRequestRateTooLarge":false,"requestCharge":0.0,"itemLSN":-1,"sessionToken":null,"backendLatencyInMs":null,"retryAfterInMs":null,"exceptionMessage":"failed to establish connection to cdb-ms-prod-westus3-be41.documents.azure.com/<unresolved>:11013 due to io.netty.channel.ConnectTimeoutException: connection timed out after 5000 ms: cdb-ms-prod-westus3-be41.documents.azure.com/20.14.126.131:11013","exceptionResponseHeaders":"{x-ms-activity-id=5ba9d22a-7ee2-4be6-a809-0f90d1885349, x-ms-substatus=20001}","replicaStatusList":{"Ignoring":["11315:P:Unknown"],"Attempting":["11013:S:Unknown","11307:S:Unknown","11309:S:Unknown"]},"transportRequestTimeline":[{"eventName":"created","startTimeUTC":"2025-06-04T20:45:38.985925600Z","durationInMilliSecs":29.4668},{"eventName":"queued","startTimeUTC":"2025-06-04T20:45:39.015392400Z","durationInMilliSecs":0.0},{"eventName":"channelAcquisitionStarted","startTimeUTC":"2025-06-04T20:45:39.015392400Z","durationInMilliSecs":5113.6217},{"eventName":"pipelined","startTimeUTC":null,"durationInMilliSecs":0.0},{"eventName":"transitTime","startTimeUTC":null,"durationInMilliSecs":0.0},{"eventName":"decodeTime","startTimeUTC":null,"durationInMilliSecs":0.0},{"eventName":"received","startTimeUTC":null,"durationInMilliSecs":0.0},{"eventName":"completed","startTimeUTC":"2025-06-04T20:45:44.129014100Z","durationInMilliSecs":0.0}],"transportRequestChannelAcquisitionContext":{"events":[{"poll":"2025-06-04T20:45:39.016392300Z","durationInMilliSecs":0.0},{"startNew":"2025-06-04T20:45:39.017390800Z","durationInMilliSecs":5094.059},{"completeNew":"2025-06-04T20:45:44.111449800Z"}],"waitForChannelInit":true},"rntbdRequestLengthInBytes":-1,"rntbdResponseLengthInBytes":-1,"requestPayloadLengthInBytes":0,"responsePayloadLengthInBytes":-1,"channelStatistics":null,"serviceEndpointStatistics":{"availableChannels":0,"acquiredChannels":0,"executorTaskQueueSize":0,"inflightRequests":1,"lastSuccessfulRequestTime":"2025-06-04T20:45:38.994Z","lastRequestTime":"2025-06-04T20:45:38.994Z","createdTime":"2025-06-04T20:45:38.993924Z","isClosed":false,"cerMetrics":{}}},"requestResponseTimeUTC":"2025-06-04T20:45:44.131016200Z","requestStartTimeUTC":"2025-06-04T20:45:38.985925600Z","requestResourceType":"Database","requestOperationType":"Read","requestSessionToken":null,"e2ePolicyCfg":null,"excludedRegions":null,"sessionTokenEvaluationResults":[],"locationToLocationSpecificHealthContext":{"v":null}},{"storeResult":{"storePhysicalAddress":"rntbd://cdb-ms-prod-westus3-be41.documents.azure.com:11309/apps/b4a754e2-efc3-4890-b885-c2fba20447a0/services/b395315b-74a0-40f3-909c-476b990ea2b4/partitions/c7536697-f3df-4582-b0a9-8a9fb5d433fe/replicas/133915815056156133s/","lsn":0,"quorumAckedLSN":-1,"currentReplicaSetSize":-1,"globalCommittedLsn":-1,"partitionKeyRangeId":null,"isValid":false,"statusCode":410,"subStatusCode":20001,"isGone":true,"isNotFound":false,"isInvalidPartition":false,"isThroughputControlRequestRateTooLarge":false,"requestCharge":0.0,"itemLSN":-1,"sessionToken":null,"backendLatencyInMs":null,"retryAfterInMs":null,"exceptionMessage":"failed to establish connection to cdb-ms-prod-westus3-be41.documents.azure.com/<unresolved>:11309 due to io.netty.channel.ConnectTimeoutException: connection timed out after 5000 ms: cdb-ms-prod-westus3-be41.documents.azure.com/20.14.126.131:11309","exceptionResponseHeaders":"{x-ms-activity-id=5ba9d22a-7ee2-4be6-a809-0f90d1885349, x-ms-substatus=20001}","replicaStatusList":{"Ignoring":["11315:P:Unknown","11307:S:Unhealthy","11013:S:Unhealthy"],"Attempting":["11309:S:Unknown"]},"transportRequestTimeline":[{"eventName":"created","startTimeUTC":"2025-06-04T20:45:44.132014200Z","durationInMilliSecs":0.0},{"eventName":"queued","startTimeUTC":"2025-06-04T20:45:44.132014200Z","durationInMilliSecs":0.0},{"eventName":"channelAcquisitionStarted","startTimeUTC":"2025-06-04T20:45:44.132014200Z","durationInMilliSecs":5013.3352},{"eventName":"pipelined","startTimeUTC":null,"durationInMilliSecs":0.0},{"eventName":"transitTime","startTimeUTC":null,"durationInMilliSecs":0.0},{"eventName":"decodeTime","startTimeUTC":null,"durationInMilliSecs":0.0},{"eventName":"received","startTimeUTC":null,"durationInMilliSecs":0.0},{"eventName":"completed","startTimeUTC":"2025-06-04T20:45:49.145349400Z","durationInMilliSecs":0.0}],"transportRequestChannelAcquisitionContext":{"events":[{"poll":"2025-06-04T20:45:44.133014200Z","durationInMilliSecs":0.0},{"startNew":"2025-06-04T20:45:44.133014200Z","durationInMilliSecs":5011.3775},{"completeNew":"2025-06-04T20:45:49.144391700Z"}],"waitForChannelInit":true},"rntbdRequestLengthInBytes":-1,"rntbdResponseLengthInBytes":-1,"requestPayloadLengthInBytes":0,"responsePayloadLengthInBytes":-1,"channelStatistics":null,"serviceEndpointStatistics":{"availableChannels":0,"acquiredChannels":0,"executorTaskQueueSize":0,"inflightRequests":1,"lastSuccessfulRequestTime":"2025-06-04T20:45:44.132Z","lastRequestTime":"2025-06-04T20:45:44.132Z","createdTime":"2025-06-04T20:45:44.132014200Z","isClosed":false,"cerMetrics":{}}},"requestResponseTimeUTC":"2025-06-04T20:45:49.146400600Z","requestStartTimeUTC":"2025-06-04T20:45:44.132014200Z","requestResourceType":"Database","requestOperationType":"Read","requestSessionToken":null,"e2ePolicyCfg":null,"excludedRegions":null,"sessionTokenEvaluationResults":[],"locationToLocationSpecificHealthContext":{"v":null}},{"storeResult":{"storePhysicalAddress":"rntbd://cdb-ms-prod-westus3-be41.documents.azure.com:11315/apps/b4a754e2-efc3-4890-b885-c2fba20447a0/services/b395315b-74a0-40f3-909c-476b990ea2b4/partitions/c7536697-f3df-4582-b0a9-8a9fb5d433fe/replicas/133915815056156135p/","lsn":-1,"quorumAckedLSN":-1,"currentReplicaSetSize":-1,"globalCommittedLsn":-1,"partitionKeyRangeId":null,"isValid":false,"statusCode":410,"subStatusCode":20001,"isGone":true,"isNotFound":false,"isInvalidPartition":false,"isThroughputControlRequestRateTooLarge":false,"requestCharge":0.0,"itemLSN":-1,"sessionToken":null,"backendLatencyInMs":null,"retryAfterInMs":null,"exceptionMessage":"failed to establish connection to cdb-ms-prod-westus3-be41.documents.azure.com/<unresolved>:11315 due to io.netty.channel.ConnectTimeoutException: connection timed out after 5000 ms: cdb-ms-prod-westus3-be41.documents.azure.com/20.14.126.131:11315","exceptionResponseHeaders":"{x-ms-activity-id=5ba9d22a-7ee2-4be6-a809-0f90d1885349, x-ms-substatus=20001}","replicaStatusList":{"Ignoring":["11307:S:Unhealthy","11013:S:Unhealthy","11309:S:Unhealthy"],"Attempting":["11315:P:Unknown"]},"transportRequestTimeline":[{"eventName":"created","startTimeUTC":"2025-06-04T20:45:49.168737200Z","durationInMilliSecs":0.0},{"eventName":"queued","startTimeUTC":"2025-06-04T20:45:49.168737200Z","durationInMilliSecs":0.0},{"eventName":"channelAcquisitionStarted","startTimeUTC":"2025-06-04T20:45:49.168737200Z","durationInMilliSecs":5016.0506},{"eventName":"pipelined","startTimeUTC":null,"durationInMilliSecs":0.0},{"eventName":"transitTime","startTimeUTC":null,"durationInMilliSecs":0.0},{"eventName":"decodeTime","startTimeUTC":null,"durationInMilliSecs":0.0},{"eventName":"received","startTimeUTC":null,"durationInMilliSecs":0.0},{"eventName":"completed","startTimeUTC":"2025-06-04T20:45:54.184787800Z","durationInMilliSecs":0.0}],"transportRequestChannelAcquisitionContext":{"events":[{"poll":"2025-06-04T20:45:49.169753600Z","durationInMilliSecs":0.0},{"startNew":"2025-06-04T20:45:49.169753600Z","durationInMilliSecs":5014.4272},{"completeNew":"2025-06-04T20:45:54.184180800Z"}],"waitForChannelInit":true},"rntbdRequestLengthInBytes":-1,"rntbdResponseLengthInBytes":-1,"requestPayloadLengthInBytes":0,"responsePayloadLengthInBytes":-1,"channelStatistics":null,"serviceEndpointStatistics":{"availableChannels":0,"acquiredChannels":0,"executorTaskQueueSize":0,"inflightRequests":1,"lastSuccessfulRequestTime":"2025-06-04T20:45:49.168Z","lastRequestTime":"2025-06-04T20:45:49.168Z","createdTime":"2025-06-04T20:45:49.168737200Z","isClosed":false,"cerMetrics":{}}},"requestResponseTimeUTC":"2025-06-04T20:45:54.184787800Z","requestStartTimeUTC":"2025-06-04T20:45:49.168737200Z","requestResourceType":"Database","requestOperationType":"Read","requestSessionToken":null,"e2ePolicyCfg":null,"excludedRegions":null,"sessionTokenEvaluationResults":[],"locationToLocationSpecificHealthContext":{"v":null}},{"storeResult":{"storePhysicalAddress":"rntbd://cdb-ms-prod-westus3-be41.documents.azure.com:11309/apps/b4a754e2-efc3-4890-b885-c2fba20447a0/services/b395315b-74a0-40f3-909c-476b990ea2b4/partitions/c7536697-f3df-4582-b0a9-8a9fb5d433fe/replicas/133915815056156133s/","lsn":0,"quorumAckedLSN":-1,"currentReplicaSetSize":-1,"globalCommittedLsn":-1,"partitionKeyRangeId":null,"isValid":false,"statusCode":410,"subStatusCode":20001,"isGone":true,"isNotFound":false,"isInvalidPartition":false,"isThroughputControlRequestRateTooLarge":false,"requestCharge":0.0,"itemLSN":-1,"sessionToken":null,"backendLatencyInMs":null,"retryAfterInMs":null,"exceptionMessage":"failed to establish connection to cdb-ms-prod-westus3-be41.documents.azure.com/<unresolved>:11309 due to io.netty.channel.ConnectTimeoutException: connection timed out after 5000 ms: cdb-ms-prod-westus3-be41.documents.azure.com/20.14.126.131:11309","exceptionResponseHeaders":"{x-ms-activity-id=5ba9d22a-7ee2-4be6-a809-0f90d1885349, x-ms-substatus=20001}","replicaStatusList":{"Ignoring":["11315:P:Unknown"],"Attempting":["11013:S:Unknown","11307:S:Unknown","11309:S:Unknown"]},"transportRequestTimeline":[{"eventName":"created","startTimeUTC":"2025-06-04T20:45:54.307237300Z","durationInMilliSecs":0.9605},{"eventName":"queued","startTimeUTC":"2025-06-04T20:45:54.308197800Z","durationInMilliSecs":0.0},{"eventName":"channelAcquisitionStarted","startTimeUTC":"2025-06-04T20:45:54.308197800Z","durationInMilliSecs":5011.8224},{"eventName":"pipelined","startTimeUTC":null,"durationInMilliSecs":0.0},{"eventName":"transitTime","startTimeUTC":null,"durationInMilliSecs":0.0},{"eventName":"decodeTime","startTimeUTC":null,"durationInMilliSecs":0.0},{"eventName":"received","startTimeUTC":null,"durationInMilliSecs":0.0},{"eventName":"completed","startTimeUTC":"2025-06-04T20:45:59.320020200Z","durationInMilliSecs":0.0}],"transportRequestChannelAcquisitionContext":{"events":[{"poll":"2025-06-04T20:45:54.308197800Z","durationInMilliSecs":0.0},{"startNew":"2025-06-04T20:45:54.308197800Z","durationInMilliSecs":5011.8224},{"completeNew":"2025-06-04T20:45:59.320020200Z"}],"waitForChannelInit":true},"rntbdRequestLengthInBytes":-1,"rntbdResponseLengthInBytes":-1,"requestPayloadLengthInBytes":0,"responsePayloadLengthInBytes":-1,"channelStatistics":null,"serviceEndpointStatistics":{"availableChannels":0,"acquiredChannels":0,"executorTaskQueueSize":0,"inflightRequests":1,"lastSuccessfulRequestTime":"2025-06-04T20:45:44.132Z","lastRequestTime":"2025-06-04T20:45:44.132Z","createdTime":"2025-06-04T20:45:44.132014200Z","isClosed":false,"cerMetrics":{"lastCallTimestamp":"2025-06-04T20:45:49.142311Z","lastActionableContext":"(2025-06-04T20:45:49.142311Z,1)"}}},"requestResponseTimeUTC":"2025-06-04T20:45:59.321009200Z","requestStartTimeUTC":"2025-06-04T20:45:54.307237300Z","requestResourceType":"Database","requestOperationType":"Read","requestSessionToken":null,"e2ePolicyCfg":null,"excludedRegions":null,"sessionTokenEvaluationResults":[],"locationToLocationSpecificHealthContext":{"v":null}},{"storeResult":{"storePhysicalAddress":"rntbd://cdb-ms-prod-westus3-be41.documents.azure.com:11307/apps/b4a754e2-efc3-4890-b885-c2fba20447a0/services/b395315b-74a0-40f3-909c-476b990ea2b4/partitions/c7536697-f3df-4582-b0a9-8a9fb5d433fe/replicas/133915815056156134s/","lsn":0,"quorumAckedLSN":-1,"currentReplicaSetSize":-1,"globalCommittedLsn":-1,"partitionKeyRangeId":null,"isValid":false,"statusCode":410,"subStatusCode":20001,"isGone":true,"isNotFound":false,"isInvalidPartition":false,"isThroughputControlRequestRateTooLarge":false,"requestCharge":0.0,"itemLSN":-1,"sessionToken":null,"backendLatencyInMs":null,"retryAfterInMs":null,"exceptionMessage":"failed to establish connection to cdb-ms-prod-westus3-be41.documents.azure.com/<unresolved>:11307 due to io.netty.channel.ConnectTimeoutException: connection timed out after 5000 ms: cdb-ms-prod-westus3-be41.documents.azure.com/20.14.126.131:11307","exceptionResponseHeaders":"{x-ms-activity-id=5ba9d22a-7ee2-4be6-a809-0f90d1885349, x-ms-substatus=20001}","replicaStatusList":{"Ignoring":["11315:P:Unknown"],"Attempting":["11013:S:Unknown","11307:S:Unknown","11309:S:Unknown"]},"transportRequestTimeline":[{"eventName":"created","startTimeUTC":"2025-06-04T20:45:54.308197800Z","durationInMilliSecs":0.0},{"eventName":"queued","startTimeUTC":"2025-06-04T20:45:54.308197800Z","durationInMilliSecs":0.0},{"eventName":"channelAcquisitionStarted","startTimeUTC":"2025-06-04T20:45:54.308197800Z","durationInMilliSecs":5012.8114},{"eventName":"pipelined","startTimeUTC":null,"durationInMilliSecs":0.0},{"eventName":"transitTime","startTimeUTC":null,"durationInMilliSecs":0.0},{"eventName":"decodeTime","startTimeUTC":null,"durationInMilliSecs":0.0},{"eventName":"received","startTimeUTC":null,"durationInMilliSecs":0.0},{"eventName":"completed","startTimeUTC":"2025-06-04T20:45:59.321009200Z","durationInMilliSecs":0.0}],"transportRequestChannelAcquisitionContext":{"events":[{"poll":"2025-06-04T20:45:54.308197800Z","durationInMilliSecs":0.0},{"startNew":"2025-06-04T20:45:54.308197800Z","durationInMilliSecs":5011.8224},{"completeNew":"2025-06-04T20:45:59.320020200Z"}],"waitForChannelInit":true},"rntbdRequestLengthInBytes":-1,"rntbdResponseLengthInBytes":-1,"requestPayloadLengthInBytes":0,"responsePayloadLengthInBytes":-1,"channelStatistics":null,"serviceEndpointStatistics":{"availableChannels":0,"acquiredChannels":0,"executorTaskQueueSize":0,"inflightRequests":1,"lastSuccessfulRequestTime":"2025-06-04T20:45:39.017Z","lastRequestTime":"2025-06-04T20:45:39.017Z","createdTime":"2025-06-04T20:45:39.017390800Z","isClosed":false,"cerMetrics":{"lastCallTimestamp":"2025-06-04T20:45:44.101797300Z","lastActionableContext":"(2025-06-04T20:45:44.101797300Z,1)"}}},"requestResponseTimeUTC":"2025-06-04T20:45:59.321009200Z","requestStartTimeUTC":"2025-06-04T20:45:54.308197800Z","requestResourceType":"Database","requestOperationType":"Read","requestSessionToken":null,"e2ePolicyCfg":null,"excludedRegions":null,"sessionTokenEvaluationResults":[],"locationToLocationSpecificHealthContext":{"v":null}},{"storeResult":{"storePhysicalAddress":"rntbd://cdb-ms-prod-westus3-be41.documents.azure.com:11013/apps/b4a754e2-efc3-4890-b885-c2fba20447a0/services/b395315b-74a0-40f3-909c-476b990ea2b4/partitions/c7536697-f3df-4582-b0a9-8a9fb5d433fe/replicas/133915815012093458s/","lsn":0,"quorumAckedLSN":-1,"currentReplicaSetSize":-1,"globalCommittedLsn":-1,"partitionKeyRangeId":null,"isValid":false,"statusCode":410,"subStatusCode":20001,"isGone":true,"isNotFound":false,"isInvalidPartition":false,"isThroughputControlRequestRateTooLarge":false,"requestCharge":0.0,"itemLSN":-1,"sessionToken":null,"backendLatencyInMs":null,"retryAfterInMs":null,"exceptionMessage":"failed to establish connection to cdb-ms-prod-westus3-be41.documents.azure.com/<unresolved>:11013 due to io.netty.channel.ConnectTimeoutException: connection timed out after 5000 ms: cdb-ms-prod-westus3-be41.documents.azure.com/20.14.126.131:11013","exceptionResponseHeaders":"{x-ms-activity-id=5ba9d22a-7ee2-4be6-a809-0f90d1885349, x-ms-substatus=20001}","replicaStatusList":{"Ignoring":["11315:P:Unknown","11307:S:Unhealthy","11309:S:Unhealthy"],"Attempting":["11013:S:Unknown"]},"transportRequestTimeline":[{"eventName":"created","startTimeUTC":"2025-06-04T20:45:59.321009200Z","durationInMilliSecs":0.0},{"eventName":"queued","startTimeUTC":"2025-06-04T20:45:59.321009200Z","durationInMilliSecs":0.0},{"eventName":"channelAcquisitionStarted","startTimeUTC":"2025-06-04T20:45:59.321009200Z","durationInMilliSecs":5006.8154},{"eventName":"pipelined","startTimeUTC":null,"durationInMilliSecs":0.0},{"eventName":"transitTime","startTimeUTC":null,"durationInMilliSecs":0.0},{"eventName":"decodeTime","startTimeUTC":null,"durationInMilliSecs":0.0},{"eventName":"received","startTimeUTC":null,"durationInMilliSecs":0.0},{"eventName":"completed","startTimeUTC":"2025-06-04T20:46:04.327824600Z","durationInMilliSecs":0.0}],"transportRequestChannelAcquisitionContext":{"events":[{"poll":"2025-06-04T20:45:59.321009200Z","durationInMilliSecs":0.0},{"startNew":"2025-06-04T20:45:59.321009200Z","durationInMilliSecs":5006.8154},{"completeNew":"2025-06-04T20:46:04.327824600Z"}],"waitForChannelInit":true},"rntbdRequestLengthInBytes":-1,"rntbdResponseLengthInBytes":-1,"requestPayloadLengthInBytes":0,"responsePayloadLengthInBytes":-1,"channelStatistics":null,"serviceEndpointStatistics":{"availableChannels":0,"acquiredChannels":0,"executorTaskQueueSize":0,"inflightRequests":1,"lastSuccessfulRequestTime":"2025-06-04T20:45:38.994Z","lastRequestTime":"2025-06-04T20:45:38.986Z","createdTime":"2025-06-04T20:45:38.993924Z","isClosed":false,"cerMetrics":{"lastCallTimestamp":"2025-06-04T20:45:44.101797300Z","lastActionableContext":"(2025-06-04T20:45:44.101797300Z,1)"}}},"requestResponseTimeUTC":"2025-06-04T20:46:04.328821700Z","requestStartTimeUTC":"2025-06-04T20:45:59.321009200Z","requestResourceType":"Database","requestOperationType":"Read","requestSessionToken":null,"e2ePolicyCfg":null,"excludedRegions":null,"sessionTokenEvaluationResults":[],"locationToLocationSpecificHealthContext":{"v":null}},{"storeResult":{"storePhysicalAddress":"rntbd://cdb-ms-prod-westus3-be41.documents.azure.com:11315/apps/b4a754e2-efc3-4890-b885-c2fba20447a0/services/b395315b-74a0-40f3-909c-476b990ea2b4/partitions/c7536697-f3df-4582-b0a9-8a9fb5d433fe/replicas/133915815056156135p/","lsn":-1,"quorumAckedLSN":-1,"currentReplicaSetSize":-1,"globalCommittedLsn":-1,"partitionKeyRangeId":null,"isValid":false,"statusCode":410,"subStatusCode":20001,"isGone":true,"isNotFound":false,"isInvalidPartition":false,"isThroughputControlRequestRateTooLarge":false,"requestCharge":0.0,"itemLSN":-1,"sessionToken":null,"backendLatencyInMs":null,"retryAfterInMs":null,"exceptionMessage":"failed to establish connection to cdb-ms-prod-westus3-be41.documents.azure.com/<unresolved>:11315 due to io.netty.channel.ConnectTimeoutException: connection timed out after 5000 ms: cdb-ms-prod-westus3-be41.documents.azure.com/20.14.126.131:11315","exceptionResponseHeaders":"{x-ms-activity-id=5ba9d22a-7ee2-4be6-a809-0f90d1885349, x-ms-substatus=20001}","replicaStatusList":{"Ignoring":["11307:S:Unhealthy","11013:S:Unhealthy","11309:S:Unhealthy"],"Attempting":["11315:P:Unknown"]},"transportRequestTimeline":[{"eventName":"created","startTimeUTC":"2025-06-04T20:46:04.328821700Z","durationInMilliSecs":0.0},{"eventName":"queued","startTimeUTC":"2025-06-04T20:46:04.328821700Z","durationInMilliSecs":0.0},{"eventName":"channelAcquisitionStarted","startTimeUTC":"2025-06-04T20:46:04.328821700Z","durationInMilliSecs":5015.1808},{"eventName":"pipelined","startTimeUTC":null,"durationInMilliSecs":0.0},{"eventName":"transitTime","startTimeUTC":null,"durationInMilliSecs":0.0},{"eventName":"decodeTime","startTimeUTC":null,"durationInMilliSecs":0.0},{"eventName":"received","startTimeUTC":null,"durationInMilliSecs":0.0},{"eventName":"completed","startTimeUTC":"2025-06-04T20:46:09.344002500Z","durationInMilliSecs":0.0}],"transportRequestChannelAcquisitionContext":{"events":[{"poll":"2025-06-04T20:46:04.328821700Z","durationInMilliSecs":0.0},{"startNew":"2025-06-04T20:46:04.328821700Z","durationInMilliSecs":5014.1777},{"completeNew":"2025-06-04T20:46:09.342999400Z"}],"waitForChannelInit":true},"rntbdRequestLengthInBytes":-1,"rntbdResponseLengthInBytes":-1,"requestPayloadLengthInBytes":0,"responsePayloadLengthInBytes":-1,"channelStatistics":null,"serviceEndpointStatistics":{"availableChannels":0,"acquiredChannels":0,"executorTaskQueueSize":0,"inflightRequests":1,"lastSuccessfulRequestTime":"2025-06-04T20:45:49.168Z","lastRequestTime":"2025-06-04T20:45:49.168Z","createdTime":"2025-06-04T20:45:49.168737200Z","isClosed":false,"cerMetrics":{"lastCallTimestamp":"2025-06-04T20:45:54.182094100Z","lastActionableContext":"(2025-06-04T20:45:54.182094100Z,1)"}}},"requestResponseTimeUTC":"2025-06-04T20:46:09.344002500Z","requestStartTimeUTC":"2025-06-04T20:46:04.328821700Z","requestResourceType":"Database","requestOperationType":"Read","requestSessionToken":null,"e2ePolicyCfg":null,"excludedRegions":null,"sessionTokenEvaluationResults":[],"locationToLocationSpecificHealthContext":{"v":null}}],"supplementalResponseStatisticsList":[],"addressResolutionStatistics":{"8aa9dd1f-3ab2-4f5e-ae90-09c498116f6e":{"startTimeUTC":"2025-06-04T20:45:38.458108100Z","endTimeUTC":"2025-06-04T20:45:38.950920700Z","targetEndpoint":"https://facturacioncosmosdb-westus3.documents.azure.com:443/addresses/?$resolveFor=dbs&$filter=protocol%20eq%20rntbd","exceptionMessage":null,"forceRefresh":true,"forceCollectionRoutingMapRefresh":true,"inflightRequest":false},"438314b6-3c2c-4dec-b289-dfaee49d6657":{"startTimeUTC":"2025-06-04T20:45:54.188430500Z","endTimeUTC":"2025-06-04T20:45:54.306239Z","targetEndpoint":"https://facturacioncosmosdb-westus3.documents.azure.com:443/addresses/?$resolveFor=dbs&$filter=protocol%20eq%20rntbd","exceptionMessage":null,"forceRefresh":true,"forceCollectionRoutingMapRefresh":true,"inflightRequest":false}},"regionsContacted":["west us 3"],"retryContext":{"statusAndSubStatusCodes":[[410,21009],[410,21009],[503,21009]],"retryCount":3,"retryLatency":15160},"metadataDiagnosticsContext":{"metadataDiagnosticList":[{"metaDataName":"MASTER_ADDRESS_LOOK_UP","startTimeUTC":"2025-06-04T20:45:38.458108100Z","endTimeUTC":"2025-06-04T20:45:38.948965900Z","durationinMS":490},{"metaDataName":"MASTER_ADDRESS_LOOK_UP","startTimeUTC":"2025-06-04T20:45:54.188430500Z","endTimeUTC":"2025-06-04T20:45:54.306239Z","durationinMS":117}]},"serializationDiagnosticsContext":{"serializationDiagnosticsList":null},"gatewayStatisticsList":[],"samplingRateSnapshot":1.0,"bloomFilterInsertionCountSnapshot":0,"systemInformation":{"usedMemory":"55176 KB","availableMemory":"3041400 KB","systemCpuLoad":"empty","availableProcessors":12},"clientCfgs":{"id":1,"machineId":"uuid:fade444e-41d4-4bcc-a079-df2b8b43d1f3","connectionMode":"DIRECT","numberOfClients":0,"excrgns":"[]","clientEndpoints":{"https://facturacioncosmosdb.documents.azure.com:443/":1},"connCfg":{"rntbd":"(cto:PT5S, nrto:PT5S, icto:PT0S, ieto:PT1H, mcpe:130, mrpc:30, cer:true)","gw":"(cps:1000, nrto:PT1M, icto:PT1M, cto:PT45S, p:false)","other":"(ed: true, cs: false, rv: true)"},"consistencyCfg":"(consistency: null, mm: true, prgns: [])","proactiveInitCfg":"","e2ePolicyCfg":"","sessionRetryCfg":"","partitionLevelCircuitBreakerCfg":"(cb: false, type: CONSECUTIVE_EXCEPTION_COUNT_BASED, rexcntt: 10, wexcntt: 5)"}}}
		at com.azure.cosmos.BridgeInternal.createServiceUnavailableException(BridgeInternal.java:580)
		at com.azure.cosmos.implementation.directconnectivity.GoneAndRetryWithRetryPolicy$GoneRetryPolicy.logAndWrapExceptionWithLastRetryWithException(GoneAndRetryWithRetryPolicy.java:167)
		at com.azure.cosmos.implementation.directconnectivity.GoneAndRetryWithRetryPolicy$GoneRetryPolicy.shouldRetry(GoneAndRetryWithRetryPolicy.java:221)
		at com.azure.cosmos.implementation.directconnectivity.GoneAndRetryWithRetryPolicy.lambda$shouldRetry$1(GoneAndRetryWithRetryPolicy.java:65)
		at reactor.core.publisher.FluxFlatMap.trySubscribeScalarMap(FluxFlatMap.java:153)
		at reactor.core.publisher.MonoFlatMap.subscribeOrReturn(MonoFlatMap.java:53)
		at reactor.core.publisher.Mono.subscribe(Mono.java:4560)
		at reactor.core.publisher.FluxOnErrorResume$ResumeSubscriber.onError(FluxOnErrorResume.java:103)
		at reactor.core.publisher.MonoSingle$SingleSubscriber.onError(MonoSingle.java:150)
		at reactor.core.publisher.FluxLimitRequest$FluxLimitRequestSubscriber.onError(FluxLimitRequest.java:116)
		at reactor.core.publisher.Operators$MultiSubscriptionSubscriber.onError(Operators.java:2235)
		at reactor.core.publisher.FluxTakeUntil$TakeUntilPredicateSubscriber.onError(FluxTakeUntil.java:112)
		at reactor.core.publisher.Operators$MultiSubscriptionSubscriber.onError(Operators.java:2235)
		at reactor.core.publisher.FluxFlatMap$FlatMapMain.checkTerminated(FluxFlatMap.java:846)
		at reactor.core.publisher.FluxFlatMap$FlatMapMain.drainLoop(FluxFlatMap.java:612)
		at reactor.core.publisher.FluxFlatMap$FlatMapMain.drain(FluxFlatMap.java:592)
		at reactor.core.publisher.FluxFlatMap$FlatMapMain.innerError(FluxFlatMap.java:867)
		at reactor.core.publisher.FluxFlatMap$FlatMapInner.onError(FluxFlatMap.java:994)
		at reactor.core.publisher.FluxFlatMap$FlatMapMain.checkTerminated(FluxFlatMap.java:846)
		at reactor.core.publisher.FluxFlatMap$FlatMapMain.drainLoop(FluxFlatMap.java:612)
		at reactor.core.publisher.FluxFlatMap$FlatMapMain.drain(FluxFlatMap.java:592)
		at reactor.core.publisher.FluxFlatMap$FlatMapMain.onError(FluxFlatMap.java:455)
		at reactor.core.publisher.MonoFlatMap$FlatMapMain.onError(MonoFlatMap.java:180)
		at reactor.core.publisher.FluxDoOnEach$DoOnEachSubscriber.onError(FluxDoOnEach.java:195)
		at reactor.core.publisher.MonoFlatMap$FlatMapMain.onNext(MonoFlatMap.java:149)
		at reactor.core.publisher.MonoFlatMap$FlatMapMain.onNext(MonoFlatMap.java:158)
		at reactor.core.publisher.FluxMap$MapSubscriber.onNext(FluxMap.java:122)
		at reactor.core.publisher.FluxDoFinally$DoFinallySubscriber.onNext(FluxDoFinally.java:113)
		at reactor.core.publisher.FluxOnErrorResume$ResumeSubscriber.onNext(FluxOnErrorResume.java:79)
		at reactor.core.publisher.Operators$ScalarSubscription.request(Operators.java:2570)
		at reactor.core.publisher.Operators$MultiSubscriptionSubscriber.set(Operators.java:2366)
		at reactor.core.publisher.FluxOnErrorResume$ResumeSubscriber.onSubscribe(FluxOnErrorResume.java:74)
		at reactor.core.publisher.MonoJust.subscribe(MonoJust.java:55)
		at reactor.core.publisher.Mono.subscribe(Mono.java:4576)
		at reactor.core.publisher.FluxOnErrorResume$ResumeSubscriber.onError(FluxOnErrorResume.java:103)
		at reactor.core.publisher.MonoFlatMap$FlatMapMain.secondError(MonoFlatMap.java:241)
		at reactor.core.publisher.MonoFlatMap$FlatMapInner.onError(MonoFlatMap.java:315)
		at reactor.core.publisher.MonoFlatMap$FlatMapMain.onError(MonoFlatMap.java:180)
		at reactor.core.publisher.FluxContextWrite$ContextWriteSubscriber.onError(FluxContextWrite.java:121)
		at reactor.core.publisher.FluxDoFinally$DoFinallySubscriber.onError(FluxDoFinally.java:119)
		at reactor.core.publisher.FluxOnErrorResume$ResumeSubscriber.onError(FluxOnErrorResume.java:106)
		at reactor.core.publisher.Operators.error(Operators.java:198)
		at reactor.core.publisher.MonoError.subscribe(MonoError.java:53)
		at reactor.core.publisher.Mono.subscribe(Mono.java:4576)
		at reactor.core.publisher.FluxOnErrorResume$ResumeSubscriber.onError(FluxOnErrorResume.java:103)
		at reactor.core.publisher.FluxMap$MapSubscriber.onError(FluxMap.java:134)
		at reactor.core.publisher.MonoCompletionStage$MonoCompletionStageSubscription.apply(MonoCompletionStage.java:118)
		at reactor.core.publisher.MonoCompletionStage$MonoCompletionStageSubscription.apply(MonoCompletionStage.java:67)
		at java.base/java.util.concurrent.CompletableFuture.uniHandle(CompletableFuture.java:978)
		at java.base/java.util.concurrent.CompletableFuture$UniHandle.tryFire(CompletableFuture.java:955)
		at java.base/java.util.concurrent.CompletableFuture.postComplete(CompletableFuture.java:554)
		at java.base/java.util.concurrent.CompletableFuture.completeExceptionally(CompletableFuture.java:2238)
		at com.azure.cosmos.implementation.directconnectivity.rntbd.RntbdServiceEndpoint.writeWhenConnected(RntbdServiceEndpoint.java:617)
		at com.azure.cosmos.implementation.directconnectivity.rntbd.RntbdServiceEndpoint.lambda$write$3(RntbdServiceEndpoint.java:557)
		at io.netty.util.concurrent.DefaultPromise.notifyListener0(DefaultPromise.java:590)
		at io.netty.util.concurrent.DefaultPromise.notifyListenersNow(DefaultPromise.java:557)
		at io.netty.util.concurrent.DefaultPromise.access$200(DefaultPromise.java:35)
		at io.netty.util.concurrent.DefaultPromise$1.run(DefaultPromise.java:503)
		at io.netty.util.concurrent.AbstractEventExecutor.runTask(AbstractEventExecutor.java:173)
		at io.netty.util.concurrent.AbstractEventExecutor.safeExecute(AbstractEventExecutor.java:166)
		at io.netty.util.concurrent.SingleThreadEventExecutor.runAllTasks(SingleThreadEventExecutor.java:472)
		at io.netty.channel.nio.NioEventLoop.run(NioEventLoop.java:569)
		at io.netty.util.concurrent.SingleThreadEventExecutor$4.run(SingleThreadEventExecutor.java:998)
		at io.netty.util.internal.ThreadExecutorMap$2.run(ThreadExecutorMap.java:74)
		at io.netty.util.concurrent.FastThreadLocalRunnable.run(FastThreadLocalRunnable.java:30)
		... 1 more
	Caused by: {"ClassName":"GoneException","userAgent":"azsdk-java-cosmos/4.68.0 Windows10/10.0 JRE/23.0.1","statusCode":410,"resourceAddress":null,"innerErrorMessage":"The requested resource is no longer available at the server.","causeInfo":null,"responseHeaders":"{x-ms-substatus=21009}"}
		at com.azure.cosmos.implementation.directconnectivity.StoreReader.lambda$readPrimaryAsync$20(StoreReader.java:555)
		at reactor.core.publisher.MonoFlatMap$FlatMapMain.onNext(MonoFlatMap.java:132)
		... 41 more
	Suppressed: java.lang.Exception: #block terminated with an error
		at reactor.core.publisher.BlockingSingleSubscriber.blockingGet(BlockingSingleSubscriber.java:104)
		at reactor.core.publisher.Mono.block(Mono.java:1779)
		at com.azure.spring.data.cosmos.repository.support.SimpleReactiveCosmosRepository.createContainerIfNotExists(SimpleReactiveCosmosRepository.java:85)
		at com.azure.spring.data.cosmos.repository.support.SimpleReactiveCosmosRepository.<init>(SimpleReactiveCosmosRepository.java:50)
		at java.base/java.lang.reflect.Constructor.newInstanceWithCaller(Constructor.java:501)
		at java.base/java.lang.reflect.Constructor.newInstance(Constructor.java:485)
		at org.springframework.beans.BeanUtils.instantiateClass(BeanUtils.java:209)
		at org.springframework.data.repository.core.support.RepositoryFactorySupport.lambda$instantiateClass$5(RepositoryFactorySupport.java:657)
		at java.base/java.util.Optional.map(Optional.java:260)
		at org.springframework.data.repository.core.support.RepositoryFactorySupport.instantiateClass(RepositoryFactorySupport.java:657)
		at org.springframework.data.repository.core.support.RepositoryFactorySupport.getTargetRepositoryViaReflection(RepositoryFactorySupport.java:622)
		at com.azure.spring.data.cosmos.repository.support.ReactiveCosmosRepositoryFactory.getTargetRepository(ReactiveCosmosRepositoryFactory.java:48)
		at org.springframework.data.repository.core.support.RepositoryFactorySupport.getRepository(RepositoryFactorySupport.java:377)
		at org.springframework.data.repository.core.support.RepositoryFactoryBeanSupport.lambda$afterPropertiesSet$4(RepositoryFactoryBeanSupport.java:350)
		at org.springframework.data.util.Lazy.getNullable(Lazy.java:135)
		at org.springframework.data.util.Lazy.get(Lazy.java:113)
		at org.springframework.data.repository.core.support.RepositoryFactoryBeanSupport.afterPropertiesSet(RepositoryFactoryBeanSupport.java:356)
		at com.azure.spring.data.cosmos.repository.support.ReactiveCosmosRepositoryFactoryBean.afterPropertiesSet(ReactiveCosmosRepositoryFactoryBean.java:69)
		at org.springframework.beans.factory.support.AbstractAutowireCapableBeanFactory.invokeInitMethods(AbstractAutowireCapableBeanFactory.java:1865)
		at org.springframework.beans.factory.support.AbstractAutowireCapableBeanFactory.initializeBean(AbstractAutowireCapableBeanFactory.java:1814)
		at org.springframework.beans.factory.support.AbstractAutowireCapableBeanFactory.doCreateBean(AbstractAutowireCapableBeanFactory.java:607)
		at org.springframework.beans.factory.support.AbstractAutowireCapableBeanFactory.createBean(AbstractAutowireCapableBeanFactory.java:529)
		at org.springframework.beans.factory.support.AbstractBeanFactory.lambda$doGetBean$0(AbstractBeanFactory.java:339)
		at org.springframework.beans.factory.support.DefaultSingletonBeanRegistry.getSingleton(DefaultSingletonBeanRegistry.java:371)
		at org.springframework.beans.factory.support.AbstractBeanFactory.doGetBean(AbstractBeanFactory.java:337)
		at org.springframework.beans.factory.support.AbstractBeanFactory.getBean(AbstractBeanFactory.java:202)
		at org.springframework.beans.factory.support.DefaultListableBeanFactory.doResolveDependency(DefaultListableBeanFactory.java:1681)
		at org.springframework.beans.factory.support.DefaultListableBeanFactory.resolveDependency(DefaultListableBeanFactory.java:1627)
		at org.springframework.beans.factory.support.ConstructorResolver.resolveAutowiredArgument(ConstructorResolver.java:913)
		at org.springframework.beans.factory.support.ConstructorResolver.createArgumentArray(ConstructorResolver.java:791)
		at org.springframework.beans.factory.support.ConstructorResolver.autowireConstructor(ConstructorResolver.java:240)
		at org.springframework.beans.factory.support.AbstractAutowireCapableBeanFactory.autowireConstructor(AbstractAutowireCapableBeanFactory.java:1387)
		at org.springframework.beans.factory.support.AbstractAutowireCapableBeanFactory.createBeanInstance(AbstractAutowireCapableBeanFactory.java:1224)
		at org.springframework.beans.factory.support.AbstractAutowireCapableBeanFactory.doCreateBean(AbstractAutowireCapableBeanFactory.java:569)
		at org.springframework.beans.factory.support.AbstractAutowireCapableBeanFactory.createBean(AbstractAutowireCapableBeanFactory.java:529)
		at org.springframework.beans.factory.support.AbstractBeanFactory.lambda$doGetBean$0(AbstractBeanFactory.java:339)
		at org.springframework.beans.factory.support.DefaultSingletonBeanRegistry.getSingleton(DefaultSingletonBeanRegistry.java:371)
		at org.springframework.beans.factory.support.AbstractBeanFactory.doGetBean(AbstractBeanFactory.java:337)
		at org.springframework.beans.factory.support.AbstractBeanFactory.getBean(AbstractBeanFactory.java:202)
		at org.springframework.beans.factory.support.DefaultListableBeanFactory.instantiateSingleton(DefaultListableBeanFactory.java:1221)
		at org.springframework.beans.factory.support.DefaultListableBeanFactory.preInstantiateSingleton(DefaultListableBeanFactory.java:1187)
		at org.springframework.beans.factory.support.DefaultListableBeanFactory.preInstantiateSingletons(DefaultListableBeanFactory.java:1122)
		at org.springframework.context.support.AbstractApplicationContext.finishBeanFactoryInitialization(AbstractApplicationContext.java:987)
		at org.springframework.context.support.AbstractApplicationContext.refresh(AbstractApplicationContext.java:627)
		at org.springframework.boot.SpringApplication.refresh(SpringApplication.java:753)
		at org.springframework.boot.SpringApplication.refreshContext(SpringApplication.java:439)
		at org.springframework.boot.SpringApplication.run(SpringApplication.java:318)
		at org.springframework.boot.test.context.SpringBootContextLoader.lambda$loadContext$3(SpringBootContextLoader.java:144)
		at org.springframework.util.function.ThrowingSupplier.get(ThrowingSupplier.java:58)
		at org.springframework.util.function.ThrowingSupplier.get(ThrowingSupplier.java:46)
		at org.springframework.boot.SpringApplication.withHook(SpringApplication.java:1462)
		at org.springframework.boot.test.context.SpringBootContextLoader$ContextLoaderHook.run(SpringBootContextLoader.java:563)
		at org.springframework.boot.test.context.SpringBootContextLoader.loadContext(SpringBootContextLoader.java:144)
		at org.springframework.boot.test.context.SpringBootContextLoader.loadContext(SpringBootContextLoader.java:110)
		at org.springframework.test.context.cache.DefaultCacheAwareContextLoaderDelegate.loadContextInternal(DefaultCacheAwareContextLoaderDelegate.java:225)
		at org.springframework.test.context.cache.DefaultCacheAwareContextLoaderDelegate.loadContext(DefaultCacheAwareContextLoaderDelegate.java:152)
		at org.springframework.test.context.support.DefaultTestContext.getApplicationContext(DefaultTestContext.java:130)
		at org.springframework.test.context.support.DependencyInjectionTestExecutionListener.injectDependencies(DependencyInjectionTestExecutionListener.java:155)
		at org.springframework.test.context.support.DependencyInjectionTestExecutionListener.prepareTestInstance(DependencyInjectionTestExecutionListener.java:111)
		at org.springframework.test.context.TestContextManager.prepareTestInstance(TestContextManager.java:260)
		at org.springframework.test.context.junit.jupiter.SpringExtension.postProcessTestInstance(SpringExtension.java:159)
		at java.base/java.util.stream.ForEachOps$ForEachOp$OfRef.accept(ForEachOps.java:184)
		at java.base/java.util.stream.ReferencePipeline$3$1.accept(ReferencePipeline.java:215)
		at java.base/java.util.stream.ReferencePipeline$2$1.accept(ReferencePipeline.java:197)
		at java.base/java.util.stream.ReferencePipeline$3$1.accept(ReferencePipeline.java:215)
		at java.base/java.util.ArrayList$ArrayListSpliterator.forEachRemaining(ArrayList.java:1709)
		at java.base/java.util.stream.AbstractPipeline.copyInto(AbstractPipeline.java:570)
		at java.base/java.util.stream.AbstractPipeline.wrapAndCopyInto(AbstractPipeline.java:560)
		at java.base/java.util.stream.ForEachOps$ForEachOp.evaluateSequential(ForEachOps.java:151)
		at java.base/java.util.stream.ForEachOps$ForEachOp$OfRef.evaluateSequential(ForEachOps.java:174)
		at java.base/java.util.stream.AbstractPipeline.evaluate(AbstractPipeline.java:265)
		at java.base/java.util.stream.ReferencePipeline.forEach(ReferencePipeline.java:636)
		at java.base/java.util.Optional.orElseGet(Optional.java:364)
		at java.base/java.util.ArrayList.forEach(ArrayList.java:1597)
		at java.base/java.util.ArrayList.forEach(ArrayList.java:1597)
Caused by: [CIRCULAR REFERENCE: {"ClassName":"ServiceUnavailableException","userAgent":"azsdk-java-cosmos/4.68.0 Windows10/10.0 JRE/23.0.1","statusCode":503,"resourceAddress":null,"innerErrorMessage":"Service is currently unavailable, please retry after a while. More info: https://aka.ms/cosmosdb-tsg-service-unavailable-java: Message: {\"innerErrorMessage\":\"The requested resource is no longer available at the server.\"}","causeInfo":"[class: class com.azure.cosmos.implementation.GoneException, message: {\"innerErrorMessage\":\"The requested resource is no longer available at the server.\"}]","responseHeaders":"{x-ms-substatus=21009}","cosmosDiagnostics":{"userAgent":"azsdk-java-cosmos/4.68.0 Windows10/10.0 JRE/23.0.1 az-sd-cos/5.22.0az-sp-cos/5.22.0","activityId":"5ba9d22a-7ee2-4be6-a809-0f90d1885349","requestLatencyInMs":30907,"requestStartTimeUTC":"2025-06-04T20:45:38.436108200Z","requestEndTimeUTC":"2025-06-04T20:46:09.344002500Z","responseStatisticsList":[{"storeResult":{"storePhysicalAddress":"rntbd://cdb-ms-prod-westus3-be41.documents.azure.com:11307/apps/b4a754e2-efc3-4890-b885-c2fba20447a0/services/b395315b-74a0-40f3-909c-476b990ea2b4/partitions/c7536697-f3df-4582-b0a9-8a9fb5d433fe/replicas/133915815056156134s/","lsn":0,"quorumAckedLSN":-1,"currentReplicaSetSize":-1,"globalCommittedLsn":-1,"partitionKeyRangeId":null,"isValid":false,"statusCode":410,"subStatusCode":20001,"isGone":true,"isNotFound":false,"isInvalidPartition":false,"isThroughputControlRequestRateTooLarge":false,"requestCharge":0.0,"itemLSN":-1,"sessionToken":null,"backendLatencyInMs":null,"retryAfterInMs":null,"exceptionMessage":"failed to establish connection to cdb-ms-prod-westus3-be41.documents.azure.com/<unresolved>:11307 due to io.netty.channel.ConnectTimeoutException: connection timed out after 5000 ms: cdb-ms-prod-westus3-be41.documents.azure.com/20.14.126.131:11307","exceptionResponseHeaders":"{x-ms-activity-id=5ba9d22a-7ee2-4be6-a809-0f90d1885349, x-ms-substatus=20001}","replicaStatusList":{"Ignoring":["11315:P:Unknown"],"Attempting":["11013:S:Unknown","11307:S:Unknown","11309:S:Unknown"]},"transportRequestTimeline":[{"eventName":"created","startTimeUTC":"2025-06-04T20:45:39.017390800Z","durationInMilliSecs":1.0001},{"eventName":"queued","startTimeUTC":"2025-06-04T20:45:39.018390900Z","durationInMilliSecs":0.0},{"eventName":"channelAcquisitionStarted","startTimeUTC":"2025-06-04T20:45:39.018390900Z","durationInMilliSecs":5110.6232},{"eventName":"pipelined","startTimeUTC":null,"durationInMilliSecs":0.0},{"eventName":"transitTime","startTimeUTC":null,"durationInMilliSecs":0.0},{"eventName":"decodeTime","startTimeUTC":null,"durationInMilliSecs":0.0},{"eventName":"received","startTimeUTC":null,"durationInMilliSecs":0.0},{"eventName":"completed","startTimeUTC":"2025-06-04T20:45:44.129014100Z","durationInMilliSecs":0.0}],"transportRequestChannelAcquisitionContext":{"events":[{"poll":"2025-06-04T20:45:39.018390900Z","durationInMilliSecs":0.0},{"startNew":"2025-06-04T20:45:39.018390900Z","durationInMilliSecs":5093.0589},{"completeNew":"2025-06-04T20:45:44.111449800Z"}],"waitForChannelInit":true},"rntbdRequestLengthInBytes":-1,"rntbdResponseLengthInBytes":-1,"requestPayloadLengthInBytes":0,"responsePayloadLengthInBytes":-1,"channelStatistics":null,"serviceEndpointStatistics":{"availableChannels":0,"acquiredChannels":0,"executorTaskQueueSize":0,"inflightRequests":1,"lastSuccessfulRequestTime":"2025-06-04T20:45:39.017Z","lastRequestTime":"2025-06-04T20:45:39.017Z","createdTime":"2025-06-04T20:45:39.017390800Z","isClosed":false,"cerMetrics":{}}},"requestResponseTimeUTC":"2025-06-04T20:45:44.131016200Z","requestStartTimeUTC":"2025-06-04T20:45:39.017390800Z","requestResourceType":"Database","requestOperationType":"Read","requestSessionToken":null,"e2ePolicyCfg":null,"excludedRegions":null,"sessionTokenEvaluationResults":[],"locationToLocationSpecificHealthContext":{"v":null}},{"storeResult":{"storePhysicalAddress":"rntbd://cdb-ms-prod-westus3-be41.documents.azure.com:11013/apps/b4a754e2-efc3-4890-b885-c2fba20447a0/services/b395315b-74a0-40f3-909c-476b990ea2b4/partitions/c7536697-f3df-4582-b0a9-8a9fb5d433fe/replicas/133915815012093458s/","lsn":0,"quorumAckedLSN":-1,"currentReplicaSetSize":-1,"globalCommittedLsn":-1,"partitionKeyRangeId":null,"isValid":false,"statusCode":410,"subStatusCode":20001,"isGone":true,"isNotFound":false,"isInvalidPartition":false,"isThroughputControlRequestRateTooLarge":false,"requestCharge":0.0,"itemLSN":-1,"sessionToken":null,"backendLatencyInMs":null,"retryAfterInMs":null,"exceptionMessage":"failed to establish connection to cdb-ms-prod-westus3-be41.documents.azure.com/<unresolved>:11013 due to io.netty.channel.ConnectTimeoutException: connection timed out after 5000 ms: cdb-ms-prod-westus3-be41.documents.azure.com/20.14.126.131:11013","exceptionResponseHeaders":"{x-ms-activity-id=5ba9d22a-7ee2-4be6-a809-0f90d1885349, x-ms-substatus=20001}","replicaStatusList":{"Ignoring":["11315:P:Unknown"],"Attempting":["11013:S:Unknown","11307:S:Unknown","11309:S:Unknown"]},"transportRequestTimeline":[{"eventName":"created","startTimeUTC":"2025-06-04T20:45:38.985925600Z","durationInMilliSecs":29.4668},{"eventName":"queued","startTimeUTC":"2025-06-04T20:45:39.015392400Z","durationInMilliSecs":0.0},{"eventName":"channelAcquisitionStarted","startTimeUTC":"2025-06-04T20:45:39.015392400Z","durationInMilliSecs":5113.6217},{"eventName":"pipelined","startTimeUTC":null,"durationInMilliSecs":0.0},{"eventName":"transitTime","startTimeUTC":null,"durationInMilliSecs":0.0},{"eventName":"decodeTime","startTimeUTC":null,"durationInMilliSecs":0.0},{"eventName":"received","startTimeUTC":null,"durationInMilliSecs":0.0},{"eventName":"completed","startTimeUTC":"2025-06-04T20:45:44.129014100Z","durationInMilliSecs":0.0}],"transportRequestChannelAcquisitionContext":{"events":[{"poll":"2025-06-04T20:45:39.016392300Z","durationInMilliSecs":0.0},{"startNew":"2025-06-04T20:45:39.017390800Z","durationInMilliSecs":5094.059},{"completeNew":"2025-06-04T20:45:44.111449800Z"}],"waitForChannelInit":true},"rntbdRequestLengthInBytes":-1,"rntbdResponseLengthInBytes":-1,"requestPayloadLengthInBytes":0,"responsePayloadLengthInBytes":-1,"channelStatistics":null,"serviceEndpointStatistics":{"availableChannels":0,"acquiredChannels":0,"executorTaskQueueSize":0,"inflightRequests":1,"lastSuccessfulRequestTime":"2025-06-04T20:45:38.994Z","lastRequestTime":"2025-06-04T20:45:38.994Z","createdTime":"2025-06-04T20:45:38.993924Z","isClosed":false,"cerMetrics":{}}},"requestResponseTimeUTC":"2025-06-04T20:45:44.131016200Z","requestStartTimeUTC":"2025-06-04T20:45:38.985925600Z","requestResourceType":"Database","requestOperationType":"Read","requestSessionToken":null,"e2ePolicyCfg":null,"excludedRegions":null,"sessionTokenEvaluationResults":[],"locationToLocationSpecificHealthContext":{"v":null}},{"storeResult":{"storePhysicalAddress":"rntbd://cdb-ms-prod-westus3-be41.documents.azure.com:11309/apps/b4a754e2-efc3-4890-b885-c2fba20447a0/services/b395315b-74a0-40f3-909c-476b990ea2b4/partitions/c7536697-f3df-4582-b0a9-8a9fb5d433fe/replicas/133915815056156133s/","lsn":0,"quorumAckedLSN":-1,"currentReplicaSetSize":-1,"globalCommittedLsn":-1,"partitionKeyRangeId":null,"isValid":false,"statusCode":410,"subStatusCode":20001,"isGone":true,"isNotFound":false,"isInvalidPartition":false,"isThroughputControlRequestRateTooLarge":false,"requestCharge":0.0,"itemLSN":-1,"sessionToken":null,"backendLatencyInMs":null,"retryAfterInMs":null,"exceptionMessage":"failed to establish connection to cdb-ms-prod-westus3-be41.documents.azure.com/<unresolved>:11309 due to io.netty.channel.ConnectTimeoutException: connection timed out after 5000 ms: cdb-ms-prod-westus3-be41.documents.azure.com/20.14.126.131:11309","exceptionResponseHeaders":"{x-ms-activity-id=5ba9d22a-7ee2-4be6-a809-0f90d1885349, x-ms-substatus=20001}","replicaStatusList":{"Ignoring":["11315:P:Unknown","11307:S:Unhealthy","11013:S:Unhealthy"],"Attempting":["11309:S:Unknown"]},"transportRequestTimeline":[{"eventName":"created","startTimeUTC":"2025-06-04T20:45:44.132014200Z","durationInMilliSecs":0.0},{"eventName":"queued","startTimeUTC":"2025-06-04T20:45:44.132014200Z","durationInMilliSecs":0.0},{"eventName":"channelAcquisitionStarted","startTimeUTC":"2025-06-04T20:45:44.132014200Z","durationInMilliSecs":5013.3352},{"eventName":"pipelined","startTimeUTC":null,"durationInMilliSecs":0.0},{"eventName":"transitTime","startTimeUTC":null,"durationInMilliSecs":0.0},{"eventName":"decodeTime","startTimeUTC":null,"durationInMilliSecs":0.0},{"eventName":"received","startTimeUTC":null,"durationInMilliSecs":0.0},{"eventName":"completed","startTimeUTC":"2025-06-04T20:45:49.145349400Z","durationInMilliSecs":0.0}],"transportRequestChannelAcquisitionContext":{"events":[{"poll":"2025-06-04T20:45:44.133014200Z","durationInMilliSecs":0.0},{"startNew":"2025-06-04T20:45:44.133014200Z","durationInMilliSecs":5011.3775},{"completeNew":"2025-06-04T20:45:49.144391700Z"}],"waitForChannelInit":true},"rntbdRequestLengthInBytes":-1,"rntbdResponseLengthInBytes":-1,"requestPayloadLengthInBytes":0,"responsePayloadLengthInBytes":-1,"channelStatistics":null,"serviceEndpointStatistics":{"availableChannels":0,"acquiredChannels":0,"executorTaskQueueSize":0,"inflightRequests":1,"lastSuccessfulRequestTime":"2025-06-04T20:45:44.132Z","lastRequestTime":"2025-06-04T20:45:44.132Z","createdTime":"2025-06-04T20:45:44.132014200Z","isClosed":false,"cerMetrics":{}}},"requestResponseTimeUTC":"2025-06-04T20:45:49.146400600Z","requestStartTimeUTC":"2025-06-04T20:45:44.132014200Z","requestResourceType":"Database","requestOperationType":"Read","requestSessionToken":null,"e2ePolicyCfg":null,"excludedRegions":null,"sessionTokenEvaluationResults":[],"locationToLocationSpecificHealthContext":{"v":null}},{"storeResult":{"storePhysicalAddress":"rntbd://cdb-ms-prod-westus3-be41.documents.azure.com:11315/apps/b4a754e2-efc3-4890-b885-c2fba20447a0/services/b395315b-74a0-40f3-909c-476b990ea2b4/partitions/c7536697-f3df-4582-b0a9-8a9fb5d433fe/replicas/133915815056156135p/","lsn":-1,"quorumAckedLSN":-1,"currentReplicaSetSize":-1,"globalCommittedLsn":-1,"partitionKeyRangeId":null,"isValid":false,"statusCode":410,"subStatusCode":20001,"isGone":true,"isNotFound":false,"isInvalidPartition":false,"isThroughputControlRequestRateTooLarge":false,"requestCharge":0.0,"itemLSN":-1,"sessionToken":null,"backendLatencyInMs":null,"retryAfterInMs":null,"exceptionMessage":"failed to establish connection to cdb-ms-prod-westus3-be41.documents.azure.com/<unresolved>:11315 due to io.netty.channel.ConnectTimeoutException: connection timed out after 5000 ms: cdb-ms-prod-westus3-be41.documents.azure.com/20.14.126.131:11315","exceptionResponseHeaders":"{x-ms-activity-id=5ba9d22a-7ee2-4be6-a809-0f90d1885349, x-ms-substatus=20001}","replicaStatusList":{"Ignoring":["11307:S:Unhealthy","11013:S:Unhealthy","11309:S:Unhealthy"],"Attempting":["11315:P:Unknown"]},"transportRequestTimeline":[{"eventName":"created","startTimeUTC":"2025-06-04T20:45:49.168737200Z","durationInMilliSecs":0.0},{"eventName":"queued","startTimeUTC":"2025-06-04T20:45:49.168737200Z","durationInMilliSecs":0.0},{"eventName":"channelAcquisitionStarted","startTimeUTC":"2025-06-04T20:45:49.168737200Z","durationInMilliSecs":5016.0506},{"eventName":"pipelined","startTimeUTC":null,"durationInMilliSecs":0.0},{"eventName":"transitTime","startTimeUTC":null,"durationInMilliSecs":0.0},{"eventName":"decodeTime","startTimeUTC":null,"durationInMilliSecs":0.0},{"eventName":"received","startTimeUTC":null,"durationInMilliSecs":0.0},{"eventName":"completed","startTimeUTC":"2025-06-04T20:45:54.184787800Z","durationInMilliSecs":0.0}],"transportRequestChannelAcquisitionContext":{"events":[{"poll":"2025-06-04T20:45:49.169753600Z","durationInMilliSecs":0.0},{"startNew":"2025-06-04T20:45:49.169753600Z","durationInMilliSecs":5014.4272},{"completeNew":"2025-06-04T20:45:54.184180800Z"}],"waitForChannelInit":true},"rntbdRequestLengthInBytes":-1,"rntbdResponseLengthInBytes":-1,"requestPayloadLengthInBytes":0,"responsePayloadLengthInBytes":-1,"channelStatistics":null,"serviceEndpointStatistics":{"availableChannels":0,"acquiredChannels":0,"executorTaskQueueSize":0,"inflightRequests":1,"lastSuccessfulRequestTime":"2025-06-04T20:45:49.168Z","lastRequestTime":"2025-06-04T20:45:49.168Z","createdTime":"2025-06-04T20:45:49.168737200Z","isClosed":false,"cerMetrics":{}}},"requestResponseTimeUTC":"2025-06-04T20:45:54.184787800Z","requestStartTimeUTC":"2025-06-04T20:45:49.168737200Z","requestResourceType":"Database","requestOperationType":"Read","requestSessionToken":null,"e2ePolicyCfg":null,"excludedRegions":null,"sessionTokenEvaluationResults":[],"locationToLocationSpecificHealthContext":{"v":null}},{"storeResult":{"storePhysicalAddress":"rntbd://cdb-ms-prod-westus3-be41.documents.azure.com:11309/apps/b4a754e2-efc3-4890-b885-c2fba20447a0/services/b395315b-74a0-40f3-909c-476b990ea2b4/partitions/c7536697-f3df-4582-b0a9-8a9fb5d433fe/replicas/133915815056156133s/","lsn":0,"quorumAckedLSN":-1,"currentReplicaSetSize":-1,"globalCommittedLsn":-1,"partitionKeyRangeId":null,"isValid":false,"statusCode":410,"subStatusCode":20001,"isGone":true,"isNotFound":false,"isInvalidPartition":false,"isThroughputControlRequestRateTooLarge":false,"requestCharge":0.0,"itemLSN":-1,"sessionToken":null,"backendLatencyInMs":null,"retryAfterInMs":null,"exceptionMessage":"failed to establish connection to cdb-ms-prod-westus3-be41.documents.azure.com/<unresolved>:11309 due to io.netty.channel.ConnectTimeoutException: connection timed out after 5000 ms: cdb-ms-prod-westus3-be41.documents.azure.com/20.14.126.131:11309","exceptionResponseHeaders":"{x-ms-activity-id=5ba9d22a-7ee2-4be6-a809-0f90d1885349, x-ms-substatus=20001}","replicaStatusList":{"Ignoring":["11315:P:Unknown"],"Attempting":["11013:S:Unknown","11307:S:Unknown","11309:S:Unknown"]},"transportRequestTimeline":[{"eventName":"created","startTimeUTC":"2025-06-04T20:45:54.307237300Z","durationInMilliSecs":0.9605},{"eventName":"queued","startTimeUTC":"2025-06-04T20:45:54.308197800Z","durationInMilliSecs":0.0},{"eventName":"channelAcquisitionStarted","startTimeUTC":"2025-06-04T20:45:54.308197800Z","durationInMilliSecs":5011.8224},{"eventName":"pipelined","startTimeUTC":null,"durationInMilliSecs":0.0},{"eventName":"transitTime","startTimeUTC":null,"durationInMilliSecs":0.0},{"eventName":"decodeTime","startTimeUTC":null,"durationInMilliSecs":0.0},{"eventName":"received","startTimeUTC":null,"durationInMilliSecs":0.0},{"eventName":"completed","startTimeUTC":"2025-06-04T20:45:59.320020200Z","durationInMilliSecs":0.0}],"transportRequestChannelAcquisitionContext":{"events":[{"poll":"2025-06-04T20:45:54.308197800Z","durationInMilliSecs":0.0},{"startNew":"2025-06-04T20:45:54.308197800Z","durationInMilliSecs":5011.8224},{"completeNew":"2025-06-04T20:45:59.320020200Z"}],"waitForChannelInit":true},"rntbdRequestLengthInBytes":-1,"rntbdResponseLengthInBytes":-1,"requestPayloadLengthInBytes":0,"responsePayloadLengthInBytes":-1,"channelStatistics":null,"serviceEndpointStatistics":{"availableChannels":0,"acquiredChannels":0,"executorTaskQueueSize":0,"inflightRequests":1,"lastSuccessfulRequestTime":"2025-06-04T20:45:44.132Z","lastRequestTime":"2025-06-04T20:45:44.132Z","createdTime":"2025-06-04T20:45:44.132014200Z","isClosed":false,"cerMetrics":{"lastCallTimestamp":"2025-06-04T20:45:49.142311Z","lastActionableContext":"(2025-06-04T20:45:49.142311Z,1)"}}},"requestResponseTimeUTC":"2025-06-04T20:45:59.321009200Z","requestStartTimeUTC":"2025-06-04T20:45:54.307237300Z","requestResourceType":"Database","requestOperationType":"Read","requestSessionToken":null,"e2ePolicyCfg":null,"excludedRegions":null,"sessionTokenEvaluationResults":[],"locationToLocationSpecificHealthContext":{"v":null}},{"storeResult":{"storePhysicalAddress":"rntbd://cdb-ms-prod-westus3-be41.documents.azure.com:11307/apps/b4a754e2-efc3-4890-b885-c2fba20447a0/services/b395315b-74a0-40f3-909c-476b990ea2b4/partitions/c7536697-f3df-4582-b0a9-8a9fb5d433fe/replicas/133915815056156134s/","lsn":0,"quorumAckedLSN":-1,"currentReplicaSetSize":-1,"globalCommittedLsn":-1,"partitionKeyRangeId":null,"isValid":false,"statusCode":410,"subStatusCode":20001,"isGone":true,"isNotFound":false,"isInvalidPartition":false,"isThroughputControlRequestRateTooLarge":false,"requestCharge":0.0,"itemLSN":-1,"sessionToken":null,"backendLatencyInMs":null,"retryAfterInMs":null,"exceptionMessage":"failed to establish connection to cdb-ms-prod-westus3-be41.documents.azure.com/<unresolved>:11307 due to io.netty.channel.ConnectTimeoutException: connection timed out after 5000 ms: cdb-ms-prod-westus3-be41.documents.azure.com/20.14.126.131:11307","exceptionResponseHeaders":"{x-ms-activity-id=5ba9d22a-7ee2-4be6-a809-0f90d1885349, x-ms-substatus=20001}","replicaStatusList":{"Ignoring":["11315:P:Unknown"],"Attempting":["11013:S:Unknown","11307:S:Unknown","11309:S:Unknown"]},"transportRequestTimeline":[{"eventName":"created","startTimeUTC":"2025-06-04T20:45:54.308197800Z","durationInMilliSecs":0.0},{"eventName":"queued","startTimeUTC":"2025-06-04T20:45:54.308197800Z","durationInMilliSecs":0.0},{"eventName":"channelAcquisitionStarted","startTimeUTC":"2025-06-04T20:45:54.308197800Z","durationInMilliSecs":5012.8114},{"eventName":"pipelined","startTimeUTC":null,"durationInMilliSecs":0.0},{"eventName":"transitTime","startTimeUTC":null,"durationInMilliSecs":0.0},{"eventName":"decodeTime","startTimeUTC":null,"durationInMilliSecs":0.0},{"eventName":"received","startTimeUTC":null,"durationInMilliSecs":0.0},{"eventName":"completed","startTimeUTC":"2025-06-04T20:45:59.321009200Z","durationInMilliSecs":0.0}],"transportRequestChannelAcquisitionContext":{"events":[{"poll":"2025-06-04T20:45:54.308197800Z","durationInMilliSecs":0.0},{"startNew":"2025-06-04T20:45:54.308197800Z","durationInMilliSecs":5011.8224},{"completeNew":"2025-06-04T20:45:59.320020200Z"}],"waitForChannelInit":true},"rntbdRequestLengthInBytes":-1,"rntbdResponseLengthInBytes":-1,"requestPayloadLengthInBytes":0,"responsePayloadLengthInBytes":-1,"channelStatistics":null,"serviceEndpointStatistics":{"availableChannels":0,"acquiredChannels":0,"executorTaskQueueSize":0,"inflightRequests":1,"lastSuccessfulRequestTime":"2025-06-04T20:45:39.017Z","lastRequestTime":"2025-06-04T20:45:39.017Z","createdTime":"2025-06-04T20:45:39.017390800Z","isClosed":false,"cerMetrics":{"lastCallTimestamp":"2025-06-04T20:45:44.101797300Z","lastActionableContext":"(2025-06-04T20:45:44.101797300Z,1)"}}},"requestResponseTimeUTC":"2025-06-04T20:45:59.321009200Z","requestStartTimeUTC":"2025-06-04T20:45:54.308197800Z","requestResourceType":"Database","requestOperationType":"Read","requestSessionToken":null,"e2ePolicyCfg":null,"excludedRegions":null,"sessionTokenEvaluationResults":[],"locationToLocationSpecificHealthContext":{"v":null}},{"storeResult":{"storePhysicalAddress":"rntbd://cdb-ms-prod-westus3-be41.documents.azure.com:11013/apps/b4a754e2-efc3-4890-b885-c2fba20447a0/services/b395315b-74a0-40f3-909c-476b990ea2b4/partitions/c7536697-f3df-4582-b0a9-8a9fb5d433fe/replicas/133915815012093458s/","lsn":0,"quorumAckedLSN":-1,"currentReplicaSetSize":-1,"globalCommittedLsn":-1,"partitionKeyRangeId":null,"isValid":false,"statusCode":410,"subStatusCode":20001,"isGone":true,"isNotFound":false,"isInvalidPartition":false,"isThroughputControlRequestRateTooLarge":false,"requestCharge":0.0,"itemLSN":-1,"sessionToken":null,"backendLatencyInMs":null,"retryAfterInMs":null,"exceptionMessage":"failed to establish connection to cdb-ms-prod-westus3-be41.documents.azure.com/<unresolved>:11013 due to io.netty.channel.ConnectTimeoutException: connection timed out after 5000 ms: cdb-ms-prod-westus3-be41.documents.azure.com/20.14.126.131:11013","exceptionResponseHeaders":"{x-ms-activity-id=5ba9d22a-7ee2-4be6-a809-0f90d1885349, x-ms-substatus=20001}","replicaStatusList":{"Ignoring":["11315:P:Unknown","11307:S:Unhealthy","11309:S:Unhealthy"],"Attempting":["11013:S:Unknown"]},"transportRequestTimeline":[{"eventName":"created","startTimeUTC":"2025-06-04T20:45:59.321009200Z","durationInMilliSecs":0.0},{"eventName":"queued","startTimeUTC":"2025-06-04T20:45:59.321009200Z","durationInMilliSecs":0.0},{"eventName":"channelAcquisitionStarted","startTimeUTC":"2025-06-04T20:45:59.321009200Z","durationInMilliSecs":5006.8154},{"eventName":"pipelined","startTimeUTC":null,"durationInMilliSecs":0.0},{"eventName":"transitTime","startTimeUTC":null,"durationInMilliSecs":0.0},{"eventName":"decodeTime","startTimeUTC":null,"durationInMilliSecs":0.0},{"eventName":"received","startTimeUTC":null,"durationInMilliSecs":0.0},{"eventName":"completed","startTimeUTC":"2025-06-04T20:46:04.327824600Z","durationInMilliSecs":0.0}],"transportRequestChannelAcquisitionContext":{"events":[{"poll":"2025-06-04T20:45:59.321009200Z","durationInMilliSecs":0.0},{"startNew":"2025-06-04T20:45:59.321009200Z","durationInMilliSecs":5006.8154},{"completeNew":"2025-06-04T20:46:04.327824600Z"}],"waitForChannelInit":true},"rntbdRequestLengthInBytes":-1,"rntbdResponseLengthInBytes":-1,"requestPayloadLengthInBytes":0,"responsePayloadLengthInBytes":-1,"channelStatistics":null,"serviceEndpointStatistics":{"availableChannels":0,"acquiredChannels":0,"executorTaskQueueSize":0,"inflightRequests":1,"lastSuccessfulRequestTime":"2025-06-04T20:45:38.994Z","lastRequestTime":"2025-06-04T20:45:38.986Z","createdTime":"2025-06-04T20:45:38.993924Z","isClosed":false,"cerMetrics":{"lastCallTimestamp":"2025-06-04T20:45:44.101797300Z","lastActionableContext":"(2025-06-04T20:45:44.101797300Z,1)"}}},"requestResponseTimeUTC":"2025-06-04T20:46:04.328821700Z","requestStartTimeUTC":"2025-06-04T20:45:59.321009200Z","requestResourceType":"Database","requestOperationType":"Read","requestSessionToken":null,"e2ePolicyCfg":null,"excludedRegions":null,"sessionTokenEvaluationResults":[],"locationToLocationSpecificHealthContext":{"v":null}},{"storeResult":{"storePhysicalAddress":"rntbd://cdb-ms-prod-westus3-be41.documents.azure.com:11315/apps/b4a754e2-efc3-4890-b885-c2fba20447a0/services/b395315b-74a0-40f3-909c-476b990ea2b4/partitions/c7536697-f3df-4582-b0a9-8a9fb5d433fe/replicas/133915815056156135p/","lsn":-1,"quorumAckedLSN":-1,"currentReplicaSetSize":-1,"globalCommittedLsn":-1,"partitionKeyRangeId":null,"isValid":false,"statusCode":410,"subStatusCode":20001,"isGone":true,"isNotFound":false,"isInvalidPartition":false,"isThroughputControlRequestRateTooLarge":false,"requestCharge":0.0,"itemLSN":-1,"sessionToken":null,"backendLatencyInMs":null,"retryAfterInMs":null,"exceptionMessage":"failed to establish connection to cdb-ms-prod-westus3-be41.documents.azure.com/<unresolved>:11315 due to io.netty.channel.ConnectTimeoutException: connection timed out after 5000 ms: cdb-ms-prod-westus3-be41.documents.azure.com/20.14.126.131:11315","exceptionResponseHeaders":"{x-ms-activity-id=5ba9d22a-7ee2-4be6-a809-0f90d1885349, x-ms-substatus=20001}","replicaStatusList":{"Ignoring":["11307:S:Unhealthy","11013:S:Unhealthy","11309:S:Unhealthy"],"Attempting":["11315:P:Unknown"]},"transportRequestTimeline":[{"eventName":"created","startTimeUTC":"2025-06-04T20:46:04.328821700Z","durationInMilliSecs":0.0},{"eventName":"queued","startTimeUTC":"2025-06-04T20:46:04.328821700Z","durationInMilliSecs":0.0},{"eventName":"channelAcquisitionStarted","startTimeUTC":"2025-06-04T20:46:04.328821700Z","durationInMilliSecs":5015.1808},{"eventName":"pipelined","startTimeUTC":null,"durationInMilliSecs":0.0},{"eventName":"transitTime","startTimeUTC":null,"durationInMilliSecs":0.0},{"eventName":"decodeTime","startTimeUTC":null,"durationInMilliSecs":0.0},{"eventName":"received","startTimeUTC":null,"durationInMilliSecs":0.0},{"eventName":"completed","startTimeUTC":"2025-06-04T20:46:09.344002500Z","durationInMilliSecs":0.0}],"transportRequestChannelAcquisitionContext":{"events":[{"poll":"2025-06-04T20:46:04.328821700Z","durationInMilliSecs":0.0},{"startNew":"2025-06-04T20:46:04.328821700Z","durationInMilliSecs":5014.1777},{"completeNew":"2025-06-04T20:46:09.342999400Z"}],"waitForChannelInit":true},"rntbdRequestLengthInBytes":-1,"rntbdResponseLengthInBytes":-1,"requestPayloadLengthInBytes":0,"responsePayloadLengthInBytes":-1,"channelStatistics":null,"serviceEndpointStatistics":{"availableChannels":0,"acquiredChannels":0,"executorTaskQueueSize":0,"inflightRequests":1,"lastSuccessfulRequestTime":"2025-06-04T20:45:49.168Z","lastRequestTime":"2025-06-04T20:45:49.168Z","createdTime":"2025-06-04T20:45:49.168737200Z","isClosed":false,"cerMetrics":{"lastCallTimestamp":"2025-06-04T20:45:54.182094100Z","lastActionableContext":"(2025-06-04T20:45:54.182094100Z,1)"}}},"requestResponseTimeUTC":"2025-06-04T20:46:09.344002500Z","requestStartTimeUTC":"2025-06-04T20:46:04.328821700Z","requestResourceType":"Database","requestOperationType":"Read","requestSessionToken":null,"e2ePolicyCfg":null,"excludedRegions":null,"sessionTokenEvaluationResults":[],"locationToLocationSpecificHealthContext":{"v":null}}],"supplementalResponseStatisticsList":[],"addressResolutionStatistics":{"8aa9dd1f-3ab2-4f5e-ae90-09c498116f6e":{"startTimeUTC":"2025-06-04T20:45:38.458108100Z","endTimeUTC":"2025-06-04T20:45:38.950920700Z","targetEndpoint":"https://facturacioncosmosdb-westus3.documents.azure.com:443/addresses/?$resolveFor=dbs&$filter=protocol%20eq%20rntbd","exceptionMessage":null,"forceRefresh":true,"forceCollectionRoutingMapRefresh":true,"inflightRequest":false},"438314b6-3c2c-4dec-b289-dfaee49d6657":{"startTimeUTC":"2025-06-04T20:45:54.188430500Z","endTimeUTC":"2025-06-04T20:45:54.306239Z","targetEndpoint":"https://facturacioncosmosdb-westus3.documents.azure.com:443/addresses/?$resolveFor=dbs&$filter=protocol%20eq%20rntbd","exceptionMessage":null,"forceRefresh":true,"forceCollectionRoutingMapRefresh":true,"inflightRequest":false}},"regionsContacted":["west us 3"],"retryContext":{"statusAndSubStatusCodes":[[410,21009],[410,21009],[503,21009]],"retryCount":3,"retryLatency":15160},"metadataDiagnosticsContext":{"metadataDiagnosticList":[{"metaDataName":"MASTER_ADDRESS_LOOK_UP","startTimeUTC":"2025-06-04T20:45:38.458108100Z","endTimeUTC":"2025-06-04T20:45:38.948965900Z","durationinMS":490},{"metaDataName":"MASTER_ADDRESS_LOOK_UP","startTimeUTC":"2025-06-04T20:45:54.188430500Z","endTimeUTC":"2025-06-04T20:45:54.306239Z","durationinMS":117}]},"serializationDiagnosticsContext":{"serializationDiagnosticsList":null},"gatewayStatisticsList":[],"samplingRateSnapshot":1.0,"bloomFilterInsertionCountSnapshot":0,"systemInformation":{"usedMemory":"55176 KB","availableMemory":"3041400 KB","systemCpuLoad":"empty","availableProcessors":12},"clientCfgs":{"id":1,"machineId":"uuid:fade444e-41d4-4bcc-a079-df2b8b43d1f3","connectionMode":"DIRECT","numberOfClients":0,"excrgns":"[]","clientEndpoints":{"https://facturacioncosmosdb.documents.azure.com:443/":1},"connCfg":{"rntbd":"(cto:PT5S, nrto:PT5S, icto:PT0S, ieto:PT1H, mcpe:130, mrpc:30, cer:true)","gw":"(cps:1000, nrto:PT1M, icto:PT1M, cto:PT45S, p:false)","other":"(ed: true, cs: false, rv: true)"},"consistencyCfg":"(consistency: null, mm: true, prgns: [])","proactiveInitCfg":"","e2ePolicyCfg":"","sessionRetryCfg":"","partitionLevelCircuitBreakerCfg":"(cb: false, type: CONSECUTIVE_EXCEPTION_COUNT_BASED, rexcntt: 10, wexcntt: 5)"}}}]
]]></error>
    <system-out><![CDATA[14:45:34.400 [main] INFO org.springframework.test.context.support.AnnotationConfigContextLoaderUtils -- Could not detect default configuration classes for test class [com.E4.cosmos_sql.CosmosSqlApplicationTests]: CosmosSqlApplicationTests does not declare any static, non-private, non-final, nested classes annotated with @Configuration.
14:45:34.525 [main] INFO org.springframework.boot.test.context.SpringBootTestContextBootstrapper -- Found @SpringBootConfiguration com.E4.cosmos_sql.CosmosSqlApplication for test class com.E4.cosmos_sql.CosmosSqlApplicationTests

  .   ____          _            __ _ _
 /\\ / ___'_ __ _ _(_)_ __  __ _ \ \ \ \
( ( )\___ | '_ | '_| | '_ \/ _` | \ \ \ \
 \\/  ___)| |_)| | | | | || (_| |  ) ) ) )
  '  |____| .__|_| |_|_| |_\__, | / / / /
 =========|_|==============|___/=/_/_/_/

 :: Spring Boot ::                (v3.4.5)

2025-06-04T14:45:34.989-06:00  WARN 17664 --- [cosmos-sql] [           main] ory$DuplicateJsonObjectContextCustomizer : 

Found multiple occurrences of org.json.JSONObject on the class path:

	jar:file:/C:/Users/Omen/.m2/repository/com/vaadin/external/google/android-json/0.0.20131108.vaadin1/android-json-0.0.20131108.vaadin1.jar!/org/json/JSONObject.class
	jar:file:/C:/Users/Omen/.m2/repository/org/json/json/20180130/json-20180130.jar!/org/json/JSONObject.class

You may wish to exclude one of them to ensure predictable runtime behavior

2025-06-04T14:45:35.020-06:00  INFO 17664 --- [cosmos-sql] [           main] c.E.c.CosmosSqlApplicationTests          : Starting CosmosSqlApplicationTests using Java 23.0.1 with PID 17664 (started by lalo-omen in D:\Tareas UV\BaseDeDatosDistribuidos\cosmos-sql)
2025-06-04T14:45:35.021-06:00  INFO 17664 --- [cosmos-sql] [           main] c.E.c.CosmosSqlApplicationTests          : No active profile set, falling back to 1 default profile: "default"
2025-06-04T14:45:35.695-06:00  INFO 17664 --- [cosmos-sql] [           main] .s.d.r.c.RepositoryConfigurationDelegate : Bootstrapping Spring Data cosmos repositories in DEFAULT mode.
2025-06-04T14:45:35.824-06:00  INFO 17664 --- [cosmos-sql] [           main] .s.d.r.c.RepositoryConfigurationDelegate : Finished Spring Data repository scanning in 120 ms. Found 2 cosmos repository interfaces.
2025-06-04T14:45:35.833-06:00  INFO 17664 --- [cosmos-sql] [           main] .s.d.r.c.RepositoryConfigurationDelegate : Bootstrapping Spring Data cosmos repositories in DEFAULT mode.
2025-06-04T14:45:35.839-06:00  INFO 17664 --- [cosmos-sql] [           main] .s.d.r.c.RepositoryConfigurationDelegate : Finished Spring Data repository scanning in 3 ms. Found 0 cosmos repository interfaces.
2025-06-04T14:45:36.304-06:00  INFO 17664 --- [cosmos-sql] [           main] c.a.c.h.n.implementation.NettyUtility    : {"az.sdk.message":"The following Netty versions were found on the classpath and have a mismatch with the versions used by azure-core-http-netty. If your application runs without issue this message can be ignored, otherwise please align the Netty versions used in your application. For more information, see https://aka.ms/azsdk/java/dependency/troubleshoot.","azure-netty-version":"4.1.118.Final","azure-netty-native-version":"2.0.70.Final","classpath-netty-version-io.netty:netty-common":"4.1.119.Final","classpath-netty-version-io.netty:netty-handler":"4.1.119.Final","classpath-netty-version-io.netty:netty-handler-proxy":"4.1.119.Final","classpath-netty-version-io.netty:netty-buffer":"4.1.119.Final","classpath-netty-version-io.netty:netty-codec":"4.1.119.Final","classpath-netty-version-io.netty:netty-codec-http":"4.1.119.Final","classpath-netty-version-io.netty:netty-codec-http2":"4.1.119.Final","classpath-netty-version-io.netty:netty-transport-native-unix-common":"4.1.119.Final","classpath-netty-version-io.netty:netty-transport-native-epoll":"4.1.119.Final","classpath-netty-version-io.netty:netty-transport-native-kqueue":"4.1.119.Final","classpath-native-netty-version-io.netty:netty-tcnative-boringssl-static":"2.0.70.Final"}
2025-06-04T14:45:36.434-06:00  WARN 17664 --- [cosmos-sql] [           main] com.azure.cosmos.implementation.Utils    : Neither Afterburner nor Blackbird Jackson module loaded.  Consider adding one to your classpath for maximum Jackson performance.
2025-06-04T14:45:36.435-06:00  WARN 17664 --- [cosmos-sql] [           main] com.azure.cosmos.implementation.Utils    : Neither Afterburner nor Blackbird Jackson module loaded.  Consider adding one to your classpath for maximum Jackson performance.
2025-06-04T14:45:36.563-06:00  WARN 17664 --- [cosmos-sql] [           main] c.a.s.c.s.i.c.CosmosClientBuilderFactory : Configuration instance is not supported to configure in CosmosClientBuilder
2025-06-04T14:45:36.636-06:00  WARN 17664 --- [cosmos-sql] [           main] com.azure.cosmos.implementation.Utils    : Neither Afterburner nor Blackbird Jackson module loaded.  Consider adding one to your classpath for maximum Jackson performance.
2025-06-04T14:45:36.671-06:00  INFO 17664 --- [cosmos-sql] [           main] c.a.c.i.RxDocumentClientImpl             : Initializing DocumentClient [1] with serviceEndpoint [https://facturacioncosmosdb.documents.azure.com:443/], connectionPolicy [null], consistencyLevel [null]
2025-06-04T14:45:37.481-06:00  INFO 17664 --- [cosmos-sql] [smos-parallel-1] c.a.c.i.RxDocumentClientImpl             : Getting database account endpoint from https://facturacioncosmosdb.documents.azure.com:443/
2025-06-04T14:45:38.271-06:00  INFO 17664 --- [cosmos-sql] [ctor-http-nio-1] c.a.c.i.GlobalEndpointManager            : db account retrieved {"_self":"","id":"facturacioncosmosdb","_rid":"facturacioncosmosdb.documents.azure.com","media":"//media/","addresses":"//addresses/","_dbs":"//dbs/","writableLocations":[{"name":"West US 3","databaseAccountEndpoint":"https://facturacioncosmosdb-westus3.documents.azure.com:443/"}],"readableLocations":[{"name":"West US 3","databaseAccountEndpoint":"https://facturacioncosmosdb-westus3.documents.azure.com:443/"}],"enableMultipleWriteLocations":false,"continuousBackupEnabled":false,"enableNRegionSynchronousCommit":false,"userReplicationPolicy":{"asyncReplication":false,"minReplicaSetSize":3,"maxReplicasetSize":4},"userConsistencyPolicy":{"defaultConsistencyLevel":"Session"},"systemReplicationPolicy":{"minReplicaSetSize":3,"maxReplicasetSize":4},"readPolicy":{"primaryReadCoefficient":1,"secondaryReadCoefficient":1},"queryEngineConfiguration":"{\"allowNewKeywords\":true,\"maxJoinsPerSqlQuery\":10,\"maxQueryRequestTimeoutFraction\":0.9,\"maxSqlQueryInputLength\":524288,\"maxUdfRefPerSqlQuery\":10,\"queryMaxInMemorySortDocumentCount\":-1000,\"spatialMaxGeometryPointCount\":256,\"sqlAllowNonFiniteNumbers\":false,\"sqlDisableOptimizationFlags\":0,\"sqlQueryILDisableOptimizationFlags\":0,\"clientDisableOptimisticDirectExecution\":false,\"queryEnableFullText\":true,\"enableSpatialIndexing\":true,\"maxInExpressionItemsCount\":2147483647,\"maxLogicalAndPerSqlQuery\":2147483647,\"maxLogicalOrPerSqlQuery\":2147483647,\"maxSpatialQueryCells\":2147483647,\"sqlAllowAggregateFunctions\":true,\"sqlAllowGroupByClause\":true,\"sqlAllowLike\":true,\"sqlAllowSubQuery\":true,\"sqlAllowScalarSubQuery\":true,\"sqlAllowTop\":true}"}
2025-06-04T14:45:38.300-06:00  INFO 17664 --- [cosmos-sql] [           main] c.a.c.i.d.RntbdTransportClient           : Using default Direct TCP options: azure.cosmos.directTcp.defaultOptions
2025-06-04T14:45:38.334-06:00  INFO 17664 --- [cosmos-sql] [           main] Endpoint$RntbdEndpointMonitoringProvider : Starting RntbdClientChannelPoolMonitoringProvider ...
2025-06-04T14:45:38.369-06:00  WARN 17664 --- [cosmos-sql] [           main] com.azure.cosmos.CosmosClientBuilder     : Cosmos Client with (Correlation) ID [00001] started up in [1789] ms with the following configuration: serviceEndpoint [https://facturacioncosmosdb.documents.azure.com:443/], preferredRegions [[]], excludedRegions [[]], connectionPolicy [null], consistencyLevel [null], contentResponseOnWriteEnabled [true], sessionCapturingOverride [false], connectionSharingAcrossClients [false], proactiveContainerInit [null], diagnostics [{samplingRate=1.0, thresholds={pointOperationLatencyThreshold=PT1S, nonPointOperationLatencyThreshold=PT3S, requestChargeThreshold=1000.0, payloadSizeInBytesThreshold=2147483647, customFailureHandler=false}, clientCorrelationId=null, clientMetricsEnabled=true, transportLevelTracingEnabled=false, showQueryMode=None, customTracerProvided=false, customDiagnosticHandlers=()}], tracing [true, false, com.azure.cosmos.implementation.DiagnosticsProvider.EnabledNoOpTracer, [com.azure.cosmos.implementation.clienttelemetry.ClientMetricsDiagnosticsHandler]], nativeTransport [false] fastClientOpen [false] isRegionScopedSessionCapturingEnabled [false]
2025-06-04T14:45:43.299-06:00  INFO 17664 --- [cosmos-sql] [ctor-http-nio-2] c.a.c.i.clienttelemetry.ClientTelemetry  : Client is not on azure vm
2025-06-04T14:45:43.299-06:00  WARN 17664 --- [cosmos-sql] [ctor-http-nio-2] c.a.c.i.RxDocumentClientImpl             : Initialized DocumentClient [1] with machineId[uuid:fade444e-41d4-4bcc-a079-df2b8b43d1f3] serviceEndpoint [https://facturacioncosmosdb.documents.azure.com:443/], connectionPolicy [null], consistencyLevel [null]
2025-06-04T14:45:44.101-06:00  INFO 17664 --- [cosmos-sql] [s-rntbd-nio-2-1] c.a.c.i.d.rntbd.RntbdClientChannelPool   : channel acquisition failed due to 

io.netty.channel.ConnectTimeoutException: connection timed out after 5000 ms: cdb-ms-prod-westus3-be41.documents.azure.com/20.14.126.131:11013
	at io.netty.channel.nio.AbstractNioChannel$AbstractNioUnsafe$1.run(AbstractNioChannel.java:263) ~[netty-transport-4.1.119.Final.jar:4.1.119.Final]
	at io.netty.util.concurrent.PromiseTask.runTask(PromiseTask.java:98) ~[netty-common-4.1.119.Final.jar:4.1.119.Final]
	at io.netty.util.concurrent.ScheduledFutureTask.run(ScheduledFutureTask.java:156) ~[netty-common-4.1.119.Final.jar:4.1.119.Final]
	at io.netty.util.concurrent.AbstractEventExecutor.runTask(AbstractEventExecutor.java:173) ~[netty-common-4.1.119.Final.jar:4.1.119.Final]
	at io.netty.util.concurrent.AbstractEventExecutor.safeExecute(AbstractEventExecutor.java:166) ~[netty-common-4.1.119.Final.jar:4.1.119.Final]
	at io.netty.util.concurrent.SingleThreadEventExecutor.runAllTasks(SingleThreadEventExecutor.java:472) ~[netty-common-4.1.119.Final.jar:4.1.119.Final]
	at io.netty.channel.nio.NioEventLoop.run(NioEventLoop.java:569) ~[netty-transport-4.1.119.Final.jar:4.1.119.Final]
	at io.netty.util.concurrent.SingleThreadEventExecutor$4.run(SingleThreadEventExecutor.java:998) ~[netty-common-4.1.119.Final.jar:4.1.119.Final]
	at io.netty.util.internal.ThreadExecutorMap$2.run(ThreadExecutorMap.java:74) ~[netty-common-4.1.119.Final.jar:4.1.119.Final]
	at io.netty.util.concurrent.FastThreadLocalRunnable.run(FastThreadLocalRunnable.java:30) ~[netty-common-4.1.119.Final.jar:4.1.119.Final]
	at java.base/java.lang.Thread.run(Thread.java:1575) ~[na:na]

2025-06-04T14:45:44.101-06:00  INFO 17664 --- [cosmos-sql] [s-rntbd-nio-2-2] c.a.c.i.d.rntbd.RntbdClientChannelPool   : channel acquisition failed due to 

io.netty.channel.ConnectTimeoutException: connection timed out after 5000 ms: cdb-ms-prod-westus3-be41.documents.azure.com/20.14.126.131:11307
	at io.netty.channel.nio.AbstractNioChannel$AbstractNioUnsafe$1.run(AbstractNioChannel.java:263) ~[netty-transport-4.1.119.Final.jar:4.1.119.Final]
	at io.netty.util.concurrent.PromiseTask.runTask(PromiseTask.java:98) ~[netty-common-4.1.119.Final.jar:4.1.119.Final]
	at io.netty.util.concurrent.ScheduledFutureTask.run(ScheduledFutureTask.java:156) ~[netty-common-4.1.119.Final.jar:4.1.119.Final]
	at io.netty.util.concurrent.AbstractEventExecutor.runTask(AbstractEventExecutor.java:173) ~[netty-common-4.1.119.Final.jar:4.1.119.Final]
	at io.netty.util.concurrent.AbstractEventExecutor.safeExecute(AbstractEventExecutor.java:166) ~[netty-common-4.1.119.Final.jar:4.1.119.Final]
	at io.netty.util.concurrent.SingleThreadEventExecutor.runAllTasks(SingleThreadEventExecutor.java:472) ~[netty-common-4.1.119.Final.jar:4.1.119.Final]
	at io.netty.channel.nio.NioEventLoop.run(NioEventLoop.java:569) ~[netty-transport-4.1.119.Final.jar:4.1.119.Final]
	at io.netty.util.concurrent.SingleThreadEventExecutor$4.run(SingleThreadEventExecutor.java:998) ~[netty-common-4.1.119.Final.jar:4.1.119.Final]
	at io.netty.util.internal.ThreadExecutorMap$2.run(ThreadExecutorMap.java:74) ~[netty-common-4.1.119.Final.jar:4.1.119.Final]
	at io.netty.util.concurrent.FastThreadLocalRunnable.run(FastThreadLocalRunnable.java:30) ~[netty-common-4.1.119.Final.jar:4.1.119.Final]
	at java.base/java.lang.Thread.run(Thread.java:1575) ~[na:na]

2025-06-04T14:45:49.142-06:00  INFO 17664 --- [cosmos-sql] [s-rntbd-nio-2-7] c.a.c.i.d.rntbd.RntbdClientChannelPool   : channel acquisition failed due to 

io.netty.channel.ConnectTimeoutException: connection timed out after 5000 ms: cdb-ms-prod-westus3-be41.documents.azure.com/20.14.126.131:11309
	at io.netty.channel.nio.AbstractNioChannel$AbstractNioUnsafe$1.run(AbstractNioChannel.java:263) ~[netty-transport-4.1.119.Final.jar:4.1.119.Final]
	at io.netty.util.concurrent.PromiseTask.runTask(PromiseTask.java:98) ~[netty-common-4.1.119.Final.jar:4.1.119.Final]
	at io.netty.util.concurrent.ScheduledFutureTask.run(ScheduledFutureTask.java:156) ~[netty-common-4.1.119.Final.jar:4.1.119.Final]
	at io.netty.util.concurrent.AbstractEventExecutor.runTask(AbstractEventExecutor.java:173) ~[netty-common-4.1.119.Final.jar:4.1.119.Final]
	at io.netty.util.concurrent.AbstractEventExecutor.safeExecute(AbstractEventExecutor.java:166) ~[netty-common-4.1.119.Final.jar:4.1.119.Final]
	at io.netty.util.concurrent.SingleThreadEventExecutor.runAllTasks(SingleThreadEventExecutor.java:472) ~[netty-common-4.1.119.Final.jar:4.1.119.Final]
	at io.netty.channel.nio.NioEventLoop.run(NioEventLoop.java:569) ~[netty-transport-4.1.119.Final.jar:4.1.119.Final]
	at io.netty.util.concurrent.SingleThreadEventExecutor$4.run(SingleThreadEventExecutor.java:998) ~[netty-common-4.1.119.Final.jar:4.1.119.Final]
	at io.netty.util.internal.ThreadExecutorMap$2.run(ThreadExecutorMap.java:74) ~[netty-common-4.1.119.Final.jar:4.1.119.Final]
	at io.netty.util.concurrent.FastThreadLocalRunnable.run(FastThreadLocalRunnable.java:30) ~[netty-common-4.1.119.Final.jar:4.1.119.Final]
	at java.base/java.lang.Thread.run(Thread.java:1575) ~[na:na]

2025-06-04T14:45:49.157-06:00  INFO 17664 --- [cosmos-sql] [s-rntbd-nio-2-9] c.a.c.i.directconnectivity.QuorumReader  : QuorumNotSelected: Quorum could not be selected with read quorum of 2, ReadQuorumResult StoreResponses: 
2025-06-04T14:45:54.182-06:00  INFO 17664 --- [cosmos-sql] [-rntbd-nio-2-10] c.a.c.i.d.rntbd.RntbdClientChannelPool   : channel acquisition failed due to 

io.netty.channel.ConnectTimeoutException: connection timed out after 5000 ms: cdb-ms-prod-westus3-be41.documents.azure.com/20.14.126.131:11315
	at io.netty.channel.nio.AbstractNioChannel$AbstractNioUnsafe$1.run(AbstractNioChannel.java:263) ~[netty-transport-4.1.119.Final.jar:4.1.119.Final]
	at io.netty.util.concurrent.PromiseTask.runTask(PromiseTask.java:98) ~[netty-common-4.1.119.Final.jar:4.1.119.Final]
	at io.netty.util.concurrent.ScheduledFutureTask.run(ScheduledFutureTask.java:156) ~[netty-common-4.1.119.Final.jar:4.1.119.Final]
	at io.netty.util.concurrent.AbstractEventExecutor.runTask(AbstractEventExecutor.java:173) ~[netty-common-4.1.119.Final.jar:4.1.119.Final]
	at io.netty.util.concurrent.AbstractEventExecutor.safeExecute(AbstractEventExecutor.java:166) ~[netty-common-4.1.119.Final.jar:4.1.119.Final]
	at io.netty.util.concurrent.SingleThreadEventExecutor.runAllTasks(SingleThreadEventExecutor.java:472) ~[netty-common-4.1.119.Final.jar:4.1.119.Final]
	at io.netty.channel.nio.NioEventLoop.run(NioEventLoop.java:569) ~[netty-transport-4.1.119.Final.jar:4.1.119.Final]
	at io.netty.util.concurrent.SingleThreadEventExecutor$4.run(SingleThreadEventExecutor.java:998) ~[netty-common-4.1.119.Final.jar:4.1.119.Final]
	at io.netty.util.internal.ThreadExecutorMap$2.run(ThreadExecutorMap.java:74) ~[netty-common-4.1.119.Final.jar:4.1.119.Final]
	at io.netty.util.concurrent.FastThreadLocalRunnable.run(FastThreadLocalRunnable.java:30) ~[netty-common-4.1.119.Final.jar:4.1.119.Final]
	at java.base/java.lang.Thread.run(Thread.java:1575) ~[na:na]

2025-06-04T14:45:59.318-06:00  INFO 17664 --- [cosmos-sql] [s-rntbd-nio-2-7] c.a.c.i.d.rntbd.RntbdClientChannelPool   : channel acquisition failed due to 

io.netty.channel.ConnectTimeoutException: connection timed out after 5000 ms: cdb-ms-prod-westus3-be41.documents.azure.com/20.14.126.131:11309
	at io.netty.channel.nio.AbstractNioChannel$AbstractNioUnsafe$1.run(AbstractNioChannel.java:263) ~[netty-transport-4.1.119.Final.jar:4.1.119.Final]
	at io.netty.util.concurrent.PromiseTask.runTask(PromiseTask.java:98) ~[netty-common-4.1.119.Final.jar:4.1.119.Final]
	at io.netty.util.concurrent.ScheduledFutureTask.run(ScheduledFutureTask.java:156) ~[netty-common-4.1.119.Final.jar:4.1.119.Final]
	at io.netty.util.concurrent.AbstractEventExecutor.runTask(AbstractEventExecutor.java:173) ~[netty-common-4.1.119.Final.jar:4.1.119.Final]
	at io.netty.util.concurrent.AbstractEventExecutor.safeExecute(AbstractEventExecutor.java:166) ~[netty-common-4.1.119.Final.jar:4.1.119.Final]
	at io.netty.util.concurrent.SingleThreadEventExecutor.runAllTasks(SingleThreadEventExecutor.java:472) ~[netty-common-4.1.119.Final.jar:4.1.119.Final]
	at io.netty.channel.nio.NioEventLoop.run(NioEventLoop.java:569) ~[netty-transport-4.1.119.Final.jar:4.1.119.Final]
	at io.netty.util.concurrent.SingleThreadEventExecutor$4.run(SingleThreadEventExecutor.java:998) ~[netty-common-4.1.119.Final.jar:4.1.119.Final]
	at io.netty.util.internal.ThreadExecutorMap$2.run(ThreadExecutorMap.java:74) ~[netty-common-4.1.119.Final.jar:4.1.119.Final]
	at io.netty.util.concurrent.FastThreadLocalRunnable.run(FastThreadLocalRunnable.java:30) ~[netty-common-4.1.119.Final.jar:4.1.119.Final]
	at java.base/java.lang.Thread.run(Thread.java:1575) ~[na:na]

2025-06-04T14:45:59.318-06:00  INFO 17664 --- [cosmos-sql] [s-rntbd-nio-2-2] c.a.c.i.d.rntbd.RntbdClientChannelPool   : channel acquisition failed due to 

io.netty.channel.ConnectTimeoutException: connection timed out after 5000 ms: cdb-ms-prod-westus3-be41.documents.azure.com/20.14.126.131:11307
	at io.netty.channel.nio.AbstractNioChannel$AbstractNioUnsafe$1.run(AbstractNioChannel.java:263) ~[netty-transport-4.1.119.Final.jar:4.1.119.Final]
	at io.netty.util.concurrent.PromiseTask.runTask(PromiseTask.java:98) ~[netty-common-4.1.119.Final.jar:4.1.119.Final]
	at io.netty.util.concurrent.ScheduledFutureTask.run(ScheduledFutureTask.java:156) ~[netty-common-4.1.119.Final.jar:4.1.119.Final]
	at io.netty.util.concurrent.AbstractEventExecutor.runTask(AbstractEventExecutor.java:173) ~[netty-common-4.1.119.Final.jar:4.1.119.Final]
	at io.netty.util.concurrent.AbstractEventExecutor.safeExecute(AbstractEventExecutor.java:166) ~[netty-common-4.1.119.Final.jar:4.1.119.Final]
	at io.netty.util.concurrent.SingleThreadEventExecutor.runAllTasks(SingleThreadEventExecutor.java:472) ~[netty-common-4.1.119.Final.jar:4.1.119.Final]
	at io.netty.channel.nio.NioEventLoop.run(NioEventLoop.java:569) ~[netty-transport-4.1.119.Final.jar:4.1.119.Final]
	at io.netty.util.concurrent.SingleThreadEventExecutor$4.run(SingleThreadEventExecutor.java:998) ~[netty-common-4.1.119.Final.jar:4.1.119.Final]
	at io.netty.util.internal.ThreadExecutorMap$2.run(ThreadExecutorMap.java:74) ~[netty-common-4.1.119.Final.jar:4.1.119.Final]
	at io.netty.util.concurrent.FastThreadLocalRunnable.run(FastThreadLocalRunnable.java:30) ~[netty-common-4.1.119.Final.jar:4.1.119.Final]
	at java.base/java.lang.Thread.run(Thread.java:1575) ~[na:na]

2025-06-04T14:46:04.326-06:00  INFO 17664 --- [cosmos-sql] [s-rntbd-nio-2-1] c.a.c.i.d.rntbd.RntbdClientChannelPool   : channel acquisition failed due to 

io.netty.channel.ConnectTimeoutException: connection timed out after 5000 ms: cdb-ms-prod-westus3-be41.documents.azure.com/20.14.126.131:11013
	at io.netty.channel.nio.AbstractNioChannel$AbstractNioUnsafe$1.run(AbstractNioChannel.java:263) ~[netty-transport-4.1.119.Final.jar:4.1.119.Final]
	at io.netty.util.concurrent.PromiseTask.runTask(PromiseTask.java:98) ~[netty-common-4.1.119.Final.jar:4.1.119.Final]
	at io.netty.util.concurrent.ScheduledFutureTask.run(ScheduledFutureTask.java:156) ~[netty-common-4.1.119.Final.jar:4.1.119.Final]
	at io.netty.util.concurrent.AbstractEventExecutor.runTask(AbstractEventExecutor.java:173) ~[netty-common-4.1.119.Final.jar:4.1.119.Final]
	at io.netty.util.concurrent.AbstractEventExecutor.safeExecute(AbstractEventExecutor.java:166) ~[netty-common-4.1.119.Final.jar:4.1.119.Final]
	at io.netty.util.concurrent.SingleThreadEventExecutor.runAllTasks(SingleThreadEventExecutor.java:472) ~[netty-common-4.1.119.Final.jar:4.1.119.Final]
	at io.netty.channel.nio.NioEventLoop.run(NioEventLoop.java:569) ~[netty-transport-4.1.119.Final.jar:4.1.119.Final]
	at io.netty.util.concurrent.SingleThreadEventExecutor$4.run(SingleThreadEventExecutor.java:998) ~[netty-common-4.1.119.Final.jar:4.1.119.Final]
	at io.netty.util.internal.ThreadExecutorMap$2.run(ThreadExecutorMap.java:74) ~[netty-common-4.1.119.Final.jar:4.1.119.Final]
	at io.netty.util.concurrent.FastThreadLocalRunnable.run(FastThreadLocalRunnable.java:30) ~[netty-common-4.1.119.Final.jar:4.1.119.Final]
	at java.base/java.lang.Thread.run(Thread.java:1575) ~[na:na]

2025-06-04T14:46:04.328-06:00  INFO 17664 --- [cosmos-sql] [-rntbd-nio-2-18] c.a.c.i.directconnectivity.QuorumReader  : QuorumNotSelected: Quorum could not be selected with read quorum of 2, ReadQuorumResult StoreResponses: 
2025-06-04T14:46:09.340-06:00  INFO 17664 --- [cosmos-sql] [-rntbd-nio-2-10] c.a.c.i.d.rntbd.RntbdClientChannelPool   : channel acquisition failed due to 

io.netty.channel.ConnectTimeoutException: connection timed out after 5000 ms: cdb-ms-prod-westus3-be41.documents.azure.com/20.14.126.131:11315
	at io.netty.channel.nio.AbstractNioChannel$AbstractNioUnsafe$1.run(AbstractNioChannel.java:263) ~[netty-transport-4.1.119.Final.jar:4.1.119.Final]
	at io.netty.util.concurrent.PromiseTask.runTask(PromiseTask.java:98) ~[netty-common-4.1.119.Final.jar:4.1.119.Final]
	at io.netty.util.concurrent.ScheduledFutureTask.run(ScheduledFutureTask.java:156) ~[netty-common-4.1.119.Final.jar:4.1.119.Final]
	at io.netty.util.concurrent.AbstractEventExecutor.runTask(AbstractEventExecutor.java:173) ~[netty-common-4.1.119.Final.jar:4.1.119.Final]
	at io.netty.util.concurrent.AbstractEventExecutor.safeExecute(AbstractEventExecutor.java:166) ~[netty-common-4.1.119.Final.jar:4.1.119.Final]
	at io.netty.util.concurrent.SingleThreadEventExecutor.runAllTasks(SingleThreadEventExecutor.java:472) ~[netty-common-4.1.119.Final.jar:4.1.119.Final]
	at io.netty.channel.nio.NioEventLoop.run(NioEventLoop.java:569) ~[netty-transport-4.1.119.Final.jar:4.1.119.Final]
	at io.netty.util.concurrent.SingleThreadEventExecutor$4.run(SingleThreadEventExecutor.java:998) ~[netty-common-4.1.119.Final.jar:4.1.119.Final]
	at io.netty.util.internal.ThreadExecutorMap$2.run(ThreadExecutorMap.java:74) ~[netty-common-4.1.119.Final.jar:4.1.119.Final]
	at io.netty.util.concurrent.FastThreadLocalRunnable.run(FastThreadLocalRunnable.java:30) ~[netty-common-4.1.119.Final.jar:4.1.119.Final]
	at java.base/java.lang.Thread.run(Thread.java:1575) ~[na:na]

2025-06-04T14:46:09.345-06:00  WARN 17664 --- [cosmos-sql] [-rntbd-nio-2-20] c.a.c.i.d.GoneAndRetryWithRetryPolicy    : Received GoneException after backoff/retry. Will fail the request. {}

com.azure.cosmos.implementation.GoneException: {"innerErrorMessage":"The requested resource is no longer available at the server."}
	at com.azure.cosmos.implementation.directconnectivity.StoreReader.lambda$readPrimaryAsync$20(StoreReader.java:555) ~[azure-cosmos-4.68.0.jar:4.68.0]
	at reactor.core.publisher.MonoFlatMap$FlatMapMain.onNext(MonoFlatMap.java:132) ~[reactor-core-3.7.5.jar:3.7.5]
	at reactor.core.publisher.MonoFlatMap$FlatMapMain.onNext(MonoFlatMap.java:158) ~[reactor-core-3.7.5.jar:3.7.5]
	at reactor.core.publisher.FluxMap$MapSubscriber.onNext(FluxMap.java:122) ~[reactor-core-3.7.5.jar:3.7.5]
	at reactor.core.publisher.FluxDoFinally$DoFinallySubscriber.onNext(FluxDoFinally.java:113) ~[reactor-core-3.7.5.jar:3.7.5]
	at reactor.core.publisher.FluxOnErrorResume$ResumeSubscriber.onNext(FluxOnErrorResume.java:79) ~[reactor-core-3.7.5.jar:3.7.5]
	at reactor.core.publisher.Operators$ScalarSubscription.request(Operators.java:2570) ~[reactor-core-3.7.5.jar:3.7.5]
	at reactor.core.publisher.Operators$MultiSubscriptionSubscriber.set(Operators.java:2366) ~[reactor-core-3.7.5.jar:3.7.5]
	at reactor.core.publisher.FluxOnErrorResume$ResumeSubscriber.onSubscribe(FluxOnErrorResume.java:74) ~[reactor-core-3.7.5.jar:3.7.5]
	at reactor.core.publisher.MonoJust.subscribe(MonoJust.java:55) ~[reactor-core-3.7.5.jar:3.7.5]
	at reactor.core.publisher.Mono.subscribe(Mono.java:4576) ~[reactor-core-3.7.5.jar:3.7.5]
	at reactor.core.publisher.FluxOnErrorResume$ResumeSubscriber.onError(FluxOnErrorResume.java:103) ~[reactor-core-3.7.5.jar:3.7.5]
	at reactor.core.publisher.MonoFlatMap$FlatMapMain.secondError(MonoFlatMap.java:241) ~[reactor-core-3.7.5.jar:3.7.5]
	at reactor.core.publisher.MonoFlatMap$FlatMapInner.onError(MonoFlatMap.java:315) ~[reactor-core-3.7.5.jar:3.7.5]
	at reactor.core.publisher.MonoFlatMap$FlatMapMain.onError(MonoFlatMap.java:180) ~[reactor-core-3.7.5.jar:3.7.5]
	at reactor.core.publisher.FluxContextWrite$ContextWriteSubscriber.onError(FluxContextWrite.java:121) ~[reactor-core-3.7.5.jar:3.7.5]
	at reactor.core.publisher.FluxDoFinally$DoFinallySubscriber.onError(FluxDoFinally.java:119) ~[reactor-core-3.7.5.jar:3.7.5]
	at reactor.core.publisher.FluxOnErrorResume$ResumeSubscriber.onError(FluxOnErrorResume.java:106) ~[reactor-core-3.7.5.jar:3.7.5]
	at reactor.core.publisher.Operators.error(Operators.java:198) ~[reactor-core-3.7.5.jar:3.7.5]
	at reactor.core.publisher.MonoError.subscribe(MonoError.java:53) ~[reactor-core-3.7.5.jar:3.7.5]
	at reactor.core.publisher.Mono.subscribe(Mono.java:4576) ~[reactor-core-3.7.5.jar:3.7.5]
	at reactor.core.publisher.FluxOnErrorResume$ResumeSubscriber.onError(FluxOnErrorResume.java:103) ~[reactor-core-3.7.5.jar:3.7.5]
	at reactor.core.publisher.FluxMap$MapSubscriber.onError(FluxMap.java:134) ~[reactor-core-3.7.5.jar:3.7.5]
	at reactor.core.publisher.MonoCompletionStage$MonoCompletionStageSubscription.apply(MonoCompletionStage.java:118) ~[reactor-core-3.7.5.jar:3.7.5]
	at reactor.core.publisher.MonoCompletionStage$MonoCompletionStageSubscription.apply(MonoCompletionStage.java:67) ~[reactor-core-3.7.5.jar:3.7.5]
	at java.base/java.util.concurrent.CompletableFuture.uniHandle(CompletableFuture.java:978) ~[na:na]
	at java.base/java.util.concurrent.CompletableFuture$UniHandle.tryFire(CompletableFuture.java:955) ~[na:na]
	at java.base/java.util.concurrent.CompletableFuture.postComplete(CompletableFuture.java:554) ~[na:na]
	at java.base/java.util.concurrent.CompletableFuture.completeExceptionally(CompletableFuture.java:2238) ~[na:na]
	at com.azure.cosmos.implementation.directconnectivity.rntbd.RntbdServiceEndpoint.writeWhenConnected(RntbdServiceEndpoint.java:617) ~[azure-cosmos-4.68.0.jar:4.68.0]
	at com.azure.cosmos.implementation.directconnectivity.rntbd.RntbdServiceEndpoint.lambda$write$3(RntbdServiceEndpoint.java:557) ~[azure-cosmos-4.68.0.jar:4.68.0]
	at io.netty.util.concurrent.DefaultPromise.notifyListener0(DefaultPromise.java:590) ~[netty-common-4.1.119.Final.jar:4.1.119.Final]
	at io.netty.util.concurrent.DefaultPromise.notifyListenersNow(DefaultPromise.java:557) ~[netty-common-4.1.119.Final.jar:4.1.119.Final]
	at io.netty.util.concurrent.DefaultPromise.access$200(DefaultPromise.java:35) ~[netty-common-4.1.119.Final.jar:4.1.119.Final]
	at io.netty.util.concurrent.DefaultPromise$1.run(DefaultPromise.java:503) ~[netty-common-4.1.119.Final.jar:4.1.119.Final]
	at io.netty.util.concurrent.AbstractEventExecutor.runTask(AbstractEventExecutor.java:173) ~[netty-common-4.1.119.Final.jar:4.1.119.Final]
	at io.netty.util.concurrent.AbstractEventExecutor.safeExecute(AbstractEventExecutor.java:166) ~[netty-common-4.1.119.Final.jar:4.1.119.Final]
	at io.netty.util.concurrent.SingleThreadEventExecutor.runAllTasks(SingleThreadEventExecutor.java:472) ~[netty-common-4.1.119.Final.jar:4.1.119.Final]
	at io.netty.channel.nio.NioEventLoop.run(NioEventLoop.java:569) ~[netty-transport-4.1.119.Final.jar:4.1.119.Final]
	at io.netty.util.concurrent.SingleThreadEventExecutor$4.run(SingleThreadEventExecutor.java:998) ~[netty-common-4.1.119.Final.jar:4.1.119.Final]
	at io.netty.util.internal.ThreadExecutorMap$2.run(ThreadExecutorMap.java:74) ~[netty-common-4.1.119.Final.jar:4.1.119.Final]
	at io.netty.util.concurrent.FastThreadLocalRunnable.run(FastThreadLocalRunnable.java:30) ~[netty-common-4.1.119.Final.jar:4.1.119.Final]
	at java.base/java.lang.Thread.run(Thread.java:1575) ~[na:na]

2025-06-04T14:46:09.348-06:00  INFO 17664 --- [cosmos-sql] [-rntbd-nio-2-20] c.a.c.implementation.ClientRetryPolicy   : Service unavailable - IsReadRequest true, IsWebExceptionRetriable false, NonIdempotentWriteRetriesEnabled false

com.azure.cosmos.implementation.ServiceUnavailableException: {"innerErrorMessage":"Service is currently unavailable, please retry after a while. More info: https://aka.ms/cosmosdb-tsg-service-unavailable-java: Message: {\"innerErrorMessage\":\"The requested resource is no longer available at the server.\"}","cosmosDiagnostics":{"userAgent":"azsdk-java-cosmos/4.68.0 Windows10/10.0 JRE/23.0.1 az-sd-cos/5.22.0az-sp-cos/5.22.0","activityId":"5ba9d22a-7ee2-4be6-a809-0f90d1885349","requestLatencyInMs":30907,"requestStartTimeUTC":"2025-06-04T20:45:38.436108200Z","requestEndTimeUTC":"2025-06-04T20:46:09.344002500Z","responseStatisticsList":[{"storeResult":{"storePhysicalAddress":"rntbd://cdb-ms-prod-westus3-be41.documents.azure.com:11307/apps/b4a754e2-efc3-4890-b885-c2fba20447a0/services/b395315b-74a0-40f3-909c-476b990ea2b4/partitions/c7536697-f3df-4582-b0a9-8a9fb5d433fe/replicas/133915815056156134s/","lsn":0,"quorumAckedLSN":-1,"currentReplicaSetSize":-1,"globalCommittedLsn":-1,"partitionKeyRangeId":null,"isValid":false,"statusCode":410,"subStatusCode":20001,"isGone":true,"isNotFound":false,"isInvalidPartition":false,"isThroughputControlRequestRateTooLarge":false,"requestCharge":0.0,"itemLSN":-1,"sessionToken":null,"backendLatencyInMs":null,"retryAfterInMs":null,"exceptionMessage":"failed to establish connection to cdb-ms-prod-westus3-be41.documents.azure.com/<unresolved>:11307 due to io.netty.channel.ConnectTimeoutException: connection timed out after 5000 ms: cdb-ms-prod-westus3-be41.documents.azure.com/20.14.126.131:11307","exceptionResponseHeaders":"{x-ms-activity-id=5ba9d22a-7ee2-4be6-a809-0f90d1885349, x-ms-substatus=20001}","replicaStatusList":{"Ignoring":["11315:P:Unknown"],"Attempting":["11013:S:Unknown","11307:S:Unknown","11309:S:Unknown"]},"transportRequestTimeline":[{"eventName":"created","startTimeUTC":"2025-06-04T20:45:39.017390800Z","durationInMilliSecs":1.0001},{"eventName":"queued","startTimeUTC":"2025-06-04T20:45:39.018390900Z","durationInMilliSecs":0.0},{"eventName":"channelAcquisitionStarted","startTimeUTC":"2025-06-04T20:45:39.018390900Z","durationInMilliSecs":5110.6232},{"eventName":"pipelined","startTimeUTC":null,"durationInMilliSecs":0.0},{"eventName":"transitTime","startTimeUTC":null,"durationInMilliSecs":0.0},{"eventName":"decodeTime","startTimeUTC":null,"durationInMilliSecs":0.0},{"eventName":"received","startTimeUTC":null,"durationInMilliSecs":0.0},{"eventName":"completed","startTimeUTC":"2025-06-04T20:45:44.129014100Z","durationInMilliSecs":0.0}],"transportRequestChannelAcquisitionContext":{"events":[{"poll":"2025-06-04T20:45:39.018390900Z","durationInMilliSecs":0.0},{"startNew":"2025-06-04T20:45:39.018390900Z","durationInMilliSecs":5093.0589},{"completeNew":"2025-06-04T20:45:44.111449800Z"}],"waitForChannelInit":true},"rntbdRequestLengthInBytes":-1,"rntbdResponseLengthInBytes":-1,"requestPayloadLengthInBytes":0,"responsePayloadLengthInBytes":-1,"channelStatistics":null,"serviceEndpointStatistics":{"availableChannels":0,"acquiredChannels":0,"executorTaskQueueSize":0,"inflightRequests":1,"lastSuccessfulRequestTime":"2025-06-04T20:45:39.017Z","lastRequestTime":"2025-06-04T20:45:39.017Z","createdTime":"2025-06-04T20:45:39.017390800Z","isClosed":false,"cerMetrics":{}}},"requestResponseTimeUTC":"2025-06-04T20:45:44.131016200Z","requestStartTimeUTC":"2025-06-04T20:45:39.017390800Z","requestResourceType":"Database","requestOperationType":"Read","requestSessionToken":null,"e2ePolicyCfg":null,"excludedRegions":null,"sessionTokenEvaluationResults":[],"locationToLocationSpecificHealthContext":{"v":null}},{"storeResult":{"storePhysicalAddress":"rntbd://cdb-ms-prod-westus3-be41.documents.azure.com:11013/apps/b4a754e2-efc3-4890-b885-c2fba20447a0/services/b395315b-74a0-40f3-909c-476b990ea2b4/partitions/c7536697-f3df-4582-b0a9-8a9fb5d433fe/replicas/133915815012093458s/","lsn":0,"quorumAckedLSN":-1,"currentReplicaSetSize":-1,"globalCommittedLsn":-1,"partitionKeyRangeId":null,"isValid":false,"statusCode":410,"subStatusCode":20001,"isGone":true,"isNotFound":false,"isInvalidPartition":false,"isThroughputControlRequestRateTooLarge":false,"requestCharge":0.0,"itemLSN":-1,"sessionToken":null,"backendLatencyInMs":null,"retryAfterInMs":null,"exceptionMessage":"failed to establish connection to cdb-ms-prod-westus3-be41.documents.azure.com/<unresolved>:11013 due to io.netty.channel.ConnectTimeoutException: connection timed out after 5000 ms: cdb-ms-prod-westus3-be41.documents.azure.com/20.14.126.131:11013","exceptionResponseHeaders":"{x-ms-activity-id=5ba9d22a-7ee2-4be6-a809-0f90d1885349, x-ms-substatus=20001}","replicaStatusList":{"Ignoring":["11315:P:Unknown"],"Attempting":["11013:S:Unknown","11307:S:Unknown","11309:S:Unknown"]},"transportRequestTimeline":[{"eventName":"created","startTimeUTC":"2025-06-04T20:45:38.985925600Z","durationInMilliSecs":29.4668},{"eventName":"queued","startTimeUTC":"2025-06-04T20:45:39.015392400Z","durationInMilliSecs":0.0},{"eventName":"channelAcquisitionStarted","startTimeUTC":"2025-06-04T20:45:39.015392400Z","durationInMilliSecs":5113.6217},{"eventName":"pipelined","startTimeUTC":null,"durationInMilliSecs":0.0},{"eventName":"transitTime","startTimeUTC":null,"durationInMilliSecs":0.0},{"eventName":"decodeTime","startTimeUTC":null,"durationInMilliSecs":0.0},{"eventName":"received","startTimeUTC":null,"durationInMilliSecs":0.0},{"eventName":"completed","startTimeUTC":"2025-06-04T20:45:44.129014100Z","durationInMilliSecs":0.0}],"transportRequestChannelAcquisitionContext":{"events":[{"poll":"2025-06-04T20:45:39.016392300Z","durationInMilliSecs":0.0},{"startNew":"2025-06-04T20:45:39.017390800Z","durationInMilliSecs":5094.059},{"completeNew":"2025-06-04T20:45:44.111449800Z"}],"waitForChannelInit":true},"rntbdRequestLengthInBytes":-1,"rntbdResponseLengthInBytes":-1,"requestPayloadLengthInBytes":0,"responsePayloadLengthInBytes":-1,"channelStatistics":null,"serviceEndpointStatistics":{"availableChannels":0,"acquiredChannels":0,"executorTaskQueueSize":0,"inflightRequests":1,"lastSuccessfulRequestTime":"2025-06-04T20:45:38.994Z","lastRequestTime":"2025-06-04T20:45:38.994Z","createdTime":"2025-06-04T20:45:38.993924Z","isClosed":false,"cerMetrics":{}}},"requestResponseTimeUTC":"2025-06-04T20:45:44.131016200Z","requestStartTimeUTC":"2025-06-04T20:45:38.985925600Z","requestResourceType":"Database","requestOperationType":"Read","requestSessionToken":null,"e2ePolicyCfg":null,"excludedRegions":null,"sessionTokenEvaluationResults":[],"locationToLocationSpecificHealthContext":{"v":null}},{"storeResult":{"storePhysicalAddress":"rntbd://cdb-ms-prod-westus3-be41.documents.azure.com:11309/apps/b4a754e2-efc3-4890-b885-c2fba20447a0/services/b395315b-74a0-40f3-909c-476b990ea2b4/partitions/c7536697-f3df-4582-b0a9-8a9fb5d433fe/replicas/133915815056156133s/","lsn":0,"quorumAckedLSN":-1,"currentReplicaSetSize":-1,"globalCommittedLsn":-1,"partitionKeyRangeId":null,"isValid":false,"statusCode":410,"subStatusCode":20001,"isGone":true,"isNotFound":false,"isInvalidPartition":false,"isThroughputControlRequestRateTooLarge":false,"requestCharge":0.0,"itemLSN":-1,"sessionToken":null,"backendLatencyInMs":null,"retryAfterInMs":null,"exceptionMessage":"failed to establish connection to cdb-ms-prod-westus3-be41.documents.azure.com/<unresolved>:11309 due to io.netty.channel.ConnectTimeoutException: connection timed out after 5000 ms: cdb-ms-prod-westus3-be41.documents.azure.com/20.14.126.131:11309","exceptionResponseHeaders":"{x-ms-activity-id=5ba9d22a-7ee2-4be6-a809-0f90d1885349, x-ms-substatus=20001}","replicaStatusList":{"Ignoring":["11315:P:Unknown","11307:S:Unhealthy","11013:S:Unhealthy"],"Attempting":["11309:S:Unknown"]},"transportRequestTimeline":[{"eventName":"created","startTimeUTC":"2025-06-04T20:45:44.132014200Z","durationInMilliSecs":0.0},{"eventName":"queued","startTimeUTC":"2025-06-04T20:45:44.132014200Z","durationInMilliSecs":0.0},{"eventName":"channelAcquisitionStarted","startTimeUTC":"2025-06-04T20:45:44.132014200Z","durationInMilliSecs":5013.3352},{"eventName":"pipelined","startTimeUTC":null,"durationInMilliSecs":0.0},{"eventName":"transitTime","startTimeUTC":null,"durationInMilliSecs":0.0},{"eventName":"decodeTime","startTimeUTC":null,"durationInMilliSecs":0.0},{"eventName":"received","startTimeUTC":null,"durationInMilliSecs":0.0},{"eventName":"completed","startTimeUTC":"2025-06-04T20:45:49.145349400Z","durationInMilliSecs":0.0}],"transportRequestChannelAcquisitionContext":{"events":[{"poll":"2025-06-04T20:45:44.133014200Z","durationInMilliSecs":0.0},{"startNew":"2025-06-04T20:45:44.133014200Z","durationInMilliSecs":5011.3775},{"completeNew":"2025-06-04T20:45:49.144391700Z"}],"waitForChannelInit":true},"rntbdRequestLengthInBytes":-1,"rntbdResponseLengthInBytes":-1,"requestPayloadLengthInBytes":0,"responsePayloadLengthInBytes":-1,"channelStatistics":null,"serviceEndpointStatistics":{"availableChannels":0,"acquiredChannels":0,"executorTaskQueueSize":0,"inflightRequests":1,"lastSuccessfulRequestTime":"2025-06-04T20:45:44.132Z","lastRequestTime":"2025-06-04T20:45:44.132Z","createdTime":"2025-06-04T20:45:44.132014200Z","isClosed":false,"cerMetrics":{}}},"requestResponseTimeUTC":"2025-06-04T20:45:49.146400600Z","requestStartTimeUTC":"2025-06-04T20:45:44.132014200Z","requestResourceType":"Database","requestOperationType":"Read","requestSessionToken":null,"e2ePolicyCfg":null,"excludedRegions":null,"sessionTokenEvaluationResults":[],"locationToLocationSpecificHealthContext":{"v":null}},{"storeResult":{"storePhysicalAddress":"rntbd://cdb-ms-prod-westus3-be41.documents.azure.com:11315/apps/b4a754e2-efc3-4890-b885-c2fba20447a0/services/b395315b-74a0-40f3-909c-476b990ea2b4/partitions/c7536697-f3df-4582-b0a9-8a9fb5d433fe/replicas/133915815056156135p/","lsn":-1,"quorumAckedLSN":-1,"currentReplicaSetSize":-1,"globalCommittedLsn":-1,"partitionKeyRangeId":null,"isValid":false,"statusCode":410,"subStatusCode":20001,"isGone":true,"isNotFound":false,"isInvalidPartition":false,"isThroughputControlRequestRateTooLarge":false,"requestCharge":0.0,"itemLSN":-1,"sessionToken":null,"backendLatencyInMs":null,"retryAfterInMs":null,"exceptionMessage":"failed to establish connection to cdb-ms-prod-westus3-be41.documents.azure.com/<unresolved>:11315 due to io.netty.channel.ConnectTimeoutException: connection timed out after 5000 ms: cdb-ms-prod-westus3-be41.documents.azure.com/20.14.126.131:11315","exceptionResponseHeaders":"{x-ms-activity-id=5ba9d22a-7ee2-4be6-a809-0f90d1885349, x-ms-substatus=20001}","replicaStatusList":{"Ignoring":["11307:S:Unhealthy","11013:S:Unhealthy","11309:S:Unhealthy"],"Attempting":["11315:P:Unknown"]},"transportRequestTimeline":[{"eventName":"created","startTimeUTC":"2025-06-04T20:45:49.168737200Z","durationInMilliSecs":0.0},{"eventName":"queued","startTimeUTC":"2025-06-04T20:45:49.168737200Z","durationInMilliSecs":0.0},{"eventName":"channelAcquisitionStarted","startTimeUTC":"2025-06-04T20:45:49.168737200Z","durationInMilliSecs":5016.0506},{"eventName":"pipelined","startTimeUTC":null,"durationInMilliSecs":0.0},{"eventName":"transitTime","startTimeUTC":null,"durationInMilliSecs":0.0},{"eventName":"decodeTime","startTimeUTC":null,"durationInMilliSecs":0.0},{"eventName":"received","startTimeUTC":null,"durationInMilliSecs":0.0},{"eventName":"completed","startTimeUTC":"2025-06-04T20:45:54.184787800Z","durationInMilliSecs":0.0}],"transportRequestChannelAcquisitionContext":{"events":[{"poll":"2025-06-04T20:45:49.169753600Z","durationInMilliSecs":0.0},{"startNew":"2025-06-04T20:45:49.169753600Z","durationInMilliSecs":5014.4272},{"completeNew":"2025-06-04T20:45:54.184180800Z"}],"waitForChannelInit":true},"rntbdRequestLengthInBytes":-1,"rntbdResponseLengthInBytes":-1,"requestPayloadLengthInBytes":0,"responsePayloadLengthInBytes":-1,"channelStatistics":null,"serviceEndpointStatistics":{"availableChannels":0,"acquiredChannels":0,"executorTaskQueueSize":0,"inflightRequests":1,"lastSuccessfulRequestTime":"2025-06-04T20:45:49.168Z","lastRequestTime":"2025-06-04T20:45:49.168Z","createdTime":"2025-06-04T20:45:49.168737200Z","isClosed":false,"cerMetrics":{}}},"requestResponseTimeUTC":"2025-06-04T20:45:54.184787800Z","requestStartTimeUTC":"2025-06-04T20:45:49.168737200Z","requestResourceType":"Database","requestOperationType":"Read","requestSessionToken":null,"e2ePolicyCfg":null,"excludedRegions":null,"sessionTokenEvaluationResults":[],"locationToLocationSpecificHealthContext":{"v":null}},{"storeResult":{"storePhysicalAddress":"rntbd://cdb-ms-prod-westus3-be41.documents.azure.com:11309/apps/b4a754e2-efc3-4890-b885-c2fba20447a0/services/b395315b-74a0-40f3-909c-476b990ea2b4/partitions/c7536697-f3df-4582-b0a9-8a9fb5d433fe/replicas/133915815056156133s/","lsn":0,"quorumAckedLSN":-1,"currentReplicaSetSize":-1,"globalCommittedLsn":-1,"partitionKeyRangeId":null,"isValid":false,"statusCode":410,"subStatusCode":20001,"isGone":true,"isNotFound":false,"isInvalidPartition":false,"isThroughputControlRequestRateTooLarge":false,"requestCharge":0.0,"itemLSN":-1,"sessionToken":null,"backendLatencyInMs":null,"retryAfterInMs":null,"exceptionMessage":"failed to establish connection to cdb-ms-prod-westus3-be41.documents.azure.com/<unresolved>:11309 due to io.netty.channel.ConnectTimeoutException: connection timed out after 5000 ms: cdb-ms-prod-westus3-be41.documents.azure.com/20.14.126.131:11309","exceptionResponseHeaders":"{x-ms-activity-id=5ba9d22a-7ee2-4be6-a809-0f90d1885349, x-ms-substatus=20001}","replicaStatusList":{"Ignoring":["11315:P:Unknown"],"Attempting":["11013:S:Unknown","11307:S:Unknown","11309:S:Unknown"]},"transportRequestTimeline":[{"eventName":"created","startTimeUTC":"2025-06-04T20:45:54.307237300Z","durationInMilliSecs":0.9605},{"eventName":"queued","startTimeUTC":"2025-06-04T20:45:54.308197800Z","durationInMilliSecs":0.0},{"eventName":"channelAcquisitionStarted","startTimeUTC":"2025-06-04T20:45:54.308197800Z","durationInMilliSecs":5011.8224},{"eventName":"pipelined","startTimeUTC":null,"durationInMilliSecs":0.0},{"eventName":"transitTime","startTimeUTC":null,"durationInMilliSecs":0.0},{"eventName":"decodeTime","startTimeUTC":null,"durationInMilliSecs":0.0},{"eventName":"received","startTimeUTC":null,"durationInMilliSecs":0.0},{"eventName":"completed","startTimeUTC":"2025-06-04T20:45:59.320020200Z","durationInMilliSecs":0.0}],"transportRequestChannelAcquisitionContext":{"events":[{"poll":"2025-06-04T20:45:54.308197800Z","durationInMilliSecs":0.0},{"startNew":"2025-06-04T20:45:54.308197800Z","durationInMilliSecs":5011.8224},{"completeNew":"2025-06-04T20:45:59.320020200Z"}],"waitForChannelInit":true},"rntbdRequestLengthInBytes":-1,"rntbdResponseLengthInBytes":-1,"requestPayloadLengthInBytes":0,"responsePayloadLengthInBytes":-1,"channelStatistics":null,"serviceEndpointStatistics":{"availableChannels":0,"acquiredChannels":0,"executorTaskQueueSize":0,"inflightRequests":1,"lastSuccessfulRequestTime":"2025-06-04T20:45:44.132Z","lastRequestTime":"2025-06-04T20:45:44.132Z","createdTime":"2025-06-04T20:45:44.132014200Z","isClosed":false,"cerMetrics":{"lastCallTimestamp":"2025-06-04T20:45:49.142311Z","lastActionableContext":"(2025-06-04T20:45:49.142311Z,1)"}}},"requestResponseTimeUTC":"2025-06-04T20:45:59.321009200Z","requestStartTimeUTC":"2025-06-04T20:45:54.307237300Z","requestResourceType":"Database","requestOperationType":"Read","requestSessionToken":null,"e2ePolicyCfg":null,"excludedRegions":null,"sessionTokenEvaluationResults":[],"locationToLocationSpecificHealthContext":{"v":null}},{"storeResult":{"storePhysicalAddress":"rntbd://cdb-ms-prod-westus3-be41.documents.azure.com:11307/apps/b4a754e2-efc3-4890-b885-c2fba20447a0/services/b395315b-74a0-40f3-909c-476b990ea2b4/partitions/c7536697-f3df-4582-b0a9-8a9fb5d433fe/replicas/133915815056156134s/","lsn":0,"quorumAckedLSN":-1,"currentReplicaSetSize":-1,"globalCommittedLsn":-1,"partitionKeyRangeId":null,"isValid":false,"statusCode":410,"subStatusCode":20001,"isGone":true,"isNotFound":false,"isInvalidPartition":false,"isThroughputControlRequestRateTooLarge":false,"requestCharge":0.0,"itemLSN":-1,"sessionToken":null,"backendLatencyInMs":null,"retryAfterInMs":null,"exceptionMessage":"failed to establish connection to cdb-ms-prod-westus3-be41.documents.azure.com/<unresolved>:11307 due to io.netty.channel.ConnectTimeoutException: connection timed out after 5000 ms: cdb-ms-prod-westus3-be41.documents.azure.com/20.14.126.131:11307","exceptionResponseHeaders":"{x-ms-activity-id=5ba9d22a-7ee2-4be6-a809-0f90d1885349, x-ms-substatus=20001}","replicaStatusList":{"Ignoring":["11315:P:Unknown"],"Attempting":["11013:S:Unknown","11307:S:Unknown","11309:S:Unknown"]},"transportRequestTimeline":[{"eventName":"created","startTimeUTC":"2025-06-04T20:45:54.308197800Z","durationInMilliSecs":0.0},{"eventName":"queued","startTimeUTC":"2025-06-04T20:45:54.308197800Z","durationInMilliSecs":0.0},{"eventName":"channelAcquisitionStarted","startTimeUTC":"2025-06-04T20:45:54.308197800Z","durationInMilliSecs":5012.8114},{"eventName":"pipelined","startTimeUTC":null,"durationInMilliSecs":0.0},{"eventName":"transitTime","startTimeUTC":null,"durationInMilliSecs":0.0},{"eventName":"decodeTime","startTimeUTC":null,"durationInMilliSecs":0.0},{"eventName":"received","startTimeUTC":null,"durationInMilliSecs":0.0},{"eventName":"completed","startTimeUTC":"2025-06-04T20:45:59.321009200Z","durationInMilliSecs":0.0}],"transportRequestChannelAcquisitionContext":{"events":[{"poll":"2025-06-04T20:45:54.308197800Z","durationInMilliSecs":0.0},{"startNew":"2025-06-04T20:45:54.308197800Z","durationInMilliSecs":5011.8224},{"completeNew":"2025-06-04T20:45:59.320020200Z"}],"waitForChannelInit":true},"rntbdRequestLengthInBytes":-1,"rntbdResponseLengthInBytes":-1,"requestPayloadLengthInBytes":0,"responsePayloadLengthInBytes":-1,"channelStatistics":null,"serviceEndpointStatistics":{"availableChannels":0,"acquiredChannels":0,"executorTaskQueueSize":0,"inflightRequests":1,"lastSuccessfulRequestTime":"2025-06-04T20:45:39.017Z","lastRequestTime":"2025-06-04T20:45:39.017Z","createdTime":"2025-06-04T20:45:39.017390800Z","isClosed":false,"cerMetrics":{"lastCallTimestamp":"2025-06-04T20:45:44.101797300Z","lastActionableContext":"(2025-06-04T20:45:44.101797300Z,1)"}}},"requestResponseTimeUTC":"2025-06-04T20:45:59.321009200Z","requestStartTimeUTC":"2025-06-04T20:45:54.308197800Z","requestResourceType":"Database","requestOperationType":"Read","requestSessionToken":null,"e2ePolicyCfg":null,"excludedRegions":null,"sessionTokenEvaluationResults":[],"locationToLocationSpecificHealthContext":{"v":null}},{"storeResult":{"storePhysicalAddress":"rntbd://cdb-ms-prod-westus3-be41.documents.azure.com:11013/apps/b4a754e2-efc3-4890-b885-c2fba20447a0/services/b395315b-74a0-40f3-909c-476b990ea2b4/partitions/c7536697-f3df-4582-b0a9-8a9fb5d433fe/replicas/133915815012093458s/","lsn":0,"quorumAckedLSN":-1,"currentReplicaSetSize":-1,"globalCommittedLsn":-1,"partitionKeyRangeId":null,"isValid":false,"statusCode":410,"subStatusCode":20001,"isGone":true,"isNotFound":false,"isInvalidPartition":false,"isThroughputControlRequestRateTooLarge":false,"requestCharge":0.0,"itemLSN":-1,"sessionToken":null,"backendLatencyInMs":null,"retryAfterInMs":null,"exceptionMessage":"failed to establish connection to cdb-ms-prod-westus3-be41.documents.azure.com/<unresolved>:11013 due to io.netty.channel.ConnectTimeoutException: connection timed out after 5000 ms: cdb-ms-prod-westus3-be41.documents.azure.com/20.14.126.131:11013","exceptionResponseHeaders":"{x-ms-activity-id=5ba9d22a-7ee2-4be6-a809-0f90d1885349, x-ms-substatus=20001}","replicaStatusList":{"Ignoring":["11315:P:Unknown","11307:S:Unhealthy","11309:S:Unhealthy"],"Attempting":["11013:S:Unknown"]},"transportRequestTimeline":[{"eventName":"created","startTimeUTC":"2025-06-04T20:45:59.321009200Z","durationInMilliSecs":0.0},{"eventName":"queued","startTimeUTC":"2025-06-04T20:45:59.321009200Z","durationInMilliSecs":0.0},{"eventName":"channelAcquisitionStarted","startTimeUTC":"2025-06-04T20:45:59.321009200Z","durationInMilliSecs":5006.8154},{"eventName":"pipelined","startTimeUTC":null,"durationInMilliSecs":0.0},{"eventName":"transitTime","startTimeUTC":null,"durationInMilliSecs":0.0},{"eventName":"decodeTime","startTimeUTC":null,"durationInMilliSecs":0.0},{"eventName":"received","startTimeUTC":null,"durationInMilliSecs":0.0},{"eventName":"completed","startTimeUTC":"2025-06-04T20:46:04.327824600Z","durationInMilliSecs":0.0}],"transportRequestChannelAcquisitionContext":{"events":[{"poll":"2025-06-04T20:45:59.321009200Z","durationInMilliSecs":0.0},{"startNew":"2025-06-04T20:45:59.321009200Z","durationInMilliSecs":5006.8154},{"completeNew":"2025-06-04T20:46:04.327824600Z"}],"waitForChannelInit":true},"rntbdRequestLengthInBytes":-1,"rntbdResponseLengthInBytes":-1,"requestPayloadLengthInBytes":0,"responsePayloadLengthInBytes":-1,"channelStatistics":null,"serviceEndpointStatistics":{"availableChannels":0,"acquiredChannels":0,"executorTaskQueueSize":0,"inflightRequests":1,"lastSuccessfulRequestTime":"2025-06-04T20:45:38.994Z","lastRequestTime":"2025-06-04T20:45:38.986Z","createdTime":"2025-06-04T20:45:38.993924Z","isClosed":false,"cerMetrics":{"lastCallTimestamp":"2025-06-04T20:45:44.101797300Z","lastActionableContext":"(2025-06-04T20:45:44.101797300Z,1)"}}},"requestResponseTimeUTC":"2025-06-04T20:46:04.328821700Z","requestStartTimeUTC":"2025-06-04T20:45:59.321009200Z","requestResourceType":"Database","requestOperationType":"Read","requestSessionToken":null,"e2ePolicyCfg":null,"excludedRegions":null,"sessionTokenEvaluationResults":[],"locationToLocationSpecificHealthContext":{"v":null}},{"storeResult":{"storePhysicalAddress":"rntbd://cdb-ms-prod-westus3-be41.documents.azure.com:11315/apps/b4a754e2-efc3-4890-b885-c2fba20447a0/services/b395315b-74a0-40f3-909c-476b990ea2b4/partitions/c7536697-f3df-4582-b0a9-8a9fb5d433fe/replicas/133915815056156135p/","lsn":-1,"quorumAckedLSN":-1,"currentReplicaSetSize":-1,"globalCommittedLsn":-1,"partitionKeyRangeId":null,"isValid":false,"statusCode":410,"subStatusCode":20001,"isGone":true,"isNotFound":false,"isInvalidPartition":false,"isThroughputControlRequestRateTooLarge":false,"requestCharge":0.0,"itemLSN":-1,"sessionToken":null,"backendLatencyInMs":null,"retryAfterInMs":null,"exceptionMessage":"failed to establish connection to cdb-ms-prod-westus3-be41.documents.azure.com/<unresolved>:11315 due to io.netty.channel.ConnectTimeoutException: connection timed out after 5000 ms: cdb-ms-prod-westus3-be41.documents.azure.com/20.14.126.131:11315","exceptionResponseHeaders":"{x-ms-activity-id=5ba9d22a-7ee2-4be6-a809-0f90d1885349, x-ms-substatus=20001}","replicaStatusList":{"Ignoring":["11307:S:Unhealthy","11013:S:Unhealthy","11309:S:Unhealthy"],"Attempting":["11315:P:Unknown"]},"transportRequestTimeline":[{"eventName":"created","startTimeUTC":"2025-06-04T20:46:04.328821700Z","durationInMilliSecs":0.0},{"eventName":"queued","startTimeUTC":"2025-06-04T20:46:04.328821700Z","durationInMilliSecs":0.0},{"eventName":"channelAcquisitionStarted","startTimeUTC":"2025-06-04T20:46:04.328821700Z","durationInMilliSecs":5015.1808},{"eventName":"pipelined","startTimeUTC":null,"durationInMilliSecs":0.0},{"eventName":"transitTime","startTimeUTC":null,"durationInMilliSecs":0.0},{"eventName":"decodeTime","startTimeUTC":null,"durationInMilliSecs":0.0},{"eventName":"received","startTimeUTC":null,"durationInMilliSecs":0.0},{"eventName":"completed","startTimeUTC":"2025-06-04T20:46:09.344002500Z","durationInMilliSecs":0.0}],"transportRequestChannelAcquisitionContext":{"events":[{"poll":"2025-06-04T20:46:04.328821700Z","durationInMilliSecs":0.0},{"startNew":"2025-06-04T20:46:04.328821700Z","durationInMilliSecs":5014.1777},{"completeNew":"2025-06-04T20:46:09.342999400Z"}],"waitForChannelInit":true},"rntbdRequestLengthInBytes":-1,"rntbdResponseLengthInBytes":-1,"requestPayloadLengthInBytes":0,"responsePayloadLengthInBytes":-1,"channelStatistics":null,"serviceEndpointStatistics":{"availableChannels":0,"acquiredChannels":0,"executorTaskQueueSize":0,"inflightRequests":1,"lastSuccessfulRequestTime":"2025-06-04T20:45:49.168Z","lastRequestTime":"2025-06-04T20:45:49.168Z","createdTime":"2025-06-04T20:45:49.168737200Z","isClosed":false,"cerMetrics":{"lastCallTimestamp":"2025-06-04T20:45:54.182094100Z","lastActionableContext":"(2025-06-04T20:45:54.182094100Z,1)"}}},"requestResponseTimeUTC":"2025-06-04T20:46:09.344002500Z","requestStartTimeUTC":"2025-06-04T20:46:04.328821700Z","requestResourceType":"Database","requestOperationType":"Read","requestSessionToken":null,"e2ePolicyCfg":null,"excludedRegions":null,"sessionTokenEvaluationResults":[],"locationToLocationSpecificHealthContext":{"v":null}}],"supplementalResponseStatisticsList":[],"addressResolutionStatistics":{"8aa9dd1f-3ab2-4f5e-ae90-09c498116f6e":{"startTimeUTC":"2025-06-04T20:45:38.458108100Z","endTimeUTC":"2025-06-04T20:45:38.950920700Z","targetEndpoint":"https://facturacioncosmosdb-westus3.documents.azure.com:443/addresses/?$resolveFor=dbs&$filter=protocol%20eq%20rntbd","exceptionMessage":null,"forceRefresh":true,"forceCollectionRoutingMapRefresh":true,"inflightRequest":false},"438314b6-3c2c-4dec-b289-dfaee49d6657":{"startTimeUTC":"2025-06-04T20:45:54.188430500Z","endTimeUTC":"2025-06-04T20:45:54.306239Z","targetEndpoint":"https://facturacioncosmosdb-westus3.documents.azure.com:443/addresses/?$resolveFor=dbs&$filter=protocol%20eq%20rntbd","exceptionMessage":null,"forceRefresh":true,"forceCollectionRoutingMapRefresh":true,"inflightRequest":false}},"regionsContacted":["west us 3"],"retryContext":{"statusAndSubStatusCodes":[[410,21009],[410,21009]],"retryCount":2,"retryLatency":15160},"metadataDiagnosticsContext":{"metadataDiagnosticList":[{"metaDataName":"MASTER_ADDRESS_LOOK_UP","startTimeUTC":"2025-06-04T20:45:38.458108100Z","endTimeUTC":"2025-06-04T20:45:38.948965900Z","durationinMS":490},{"metaDataName":"MASTER_ADDRESS_LOOK_UP","startTimeUTC":"2025-06-04T20:45:54.188430500Z","endTimeUTC":"2025-06-04T20:45:54.306239Z","durationinMS":117}]},"serializationDiagnosticsContext":{"serializationDiagnosticsList":null},"gatewayStatisticsList":[],"samplingRateSnapshot":1.0,"bloomFilterInsertionCountSnapshot":0,"systemInformation":{"usedMemory":"43102 KB","availableMemory":"3053474 KB","systemCpuLoad":"(2025-06-04T20:45:42.467076Z 3.3%), (2025-06-04T20:45:47.480815600Z 2.1%), (2025-06-04T20:45:52.467394900Z 2.1%), (2025-06-04T20:45:57.467218Z 2.3%), (2025-06-04T20:46:02.476947200Z 1.9%), (2025-06-04T20:46:07.470915500Z 1.6%)","availableProcessors":12},"clientCfgs":{"id":1,"machineId":"uuid:fade444e-41d4-4bcc-a079-df2b8b43d1f3","connectionMode":"DIRECT","numberOfClients":1,"excrgns":"[]","clientEndpoints":{"https://facturacioncosmosdb.documents.azure.com:443/":1},"connCfg":{"rntbd":"(cto:PT5S, nrto:PT5S, icto:PT0S, ieto:PT1H, mcpe:130, mrpc:30, cer:true)","gw":"(cps:1000, nrto:PT1M, icto:PT1M, cto:PT45S, p:false)","other":"(ed: true, cs: false, rv: true)"},"consistencyCfg":"(consistency: null, mm: true, prgns: [])","proactiveInitCfg":"","e2ePolicyCfg":"","sessionRetryCfg":"","partitionLevelCircuitBreakerCfg":"(cb: false, type: CONSECUTIVE_EXCEPTION_COUNT_BASED, rexcntt: 10, wexcntt: 5)"}}}
	at com.azure.cosmos.BridgeInternal.createServiceUnavailableException(BridgeInternal.java:580) ~[azure-cosmos-4.68.0.jar:4.68.0]
	at com.azure.cosmos.implementation.directconnectivity.GoneAndRetryWithRetryPolicy$GoneRetryPolicy.logAndWrapExceptionWithLastRetryWithException(GoneAndRetryWithRetryPolicy.java:167) ~[azure-cosmos-4.68.0.jar:4.68.0]
	at com.azure.cosmos.implementation.directconnectivity.GoneAndRetryWithRetryPolicy$GoneRetryPolicy.shouldRetry(GoneAndRetryWithRetryPolicy.java:221) ~[azure-cosmos-4.68.0.jar:4.68.0]
	at com.azure.cosmos.implementation.directconnectivity.GoneAndRetryWithRetryPolicy.lambda$shouldRetry$1(GoneAndRetryWithRetryPolicy.java:65) ~[azure-cosmos-4.68.0.jar:4.68.0]
	at reactor.core.publisher.FluxFlatMap.trySubscribeScalarMap(FluxFlatMap.java:153) ~[reactor-core-3.7.5.jar:3.7.5]
	at reactor.core.publisher.MonoFlatMap.subscribeOrReturn(MonoFlatMap.java:53) ~[reactor-core-3.7.5.jar:3.7.5]
	at reactor.core.publisher.Mono.subscribe(Mono.java:4560) ~[reactor-core-3.7.5.jar:3.7.5]
	at reactor.core.publisher.FluxOnErrorResume$ResumeSubscriber.onError(FluxOnErrorResume.java:103) ~[reactor-core-3.7.5.jar:3.7.5]
	at reactor.core.publisher.MonoSingle$SingleSubscriber.onError(MonoSingle.java:150) ~[reactor-core-3.7.5.jar:3.7.5]
	at reactor.core.publisher.FluxLimitRequest$FluxLimitRequestSubscriber.onError(FluxLimitRequest.java:116) ~[reactor-core-3.7.5.jar:3.7.5]
	at reactor.core.publisher.Operators$MultiSubscriptionSubscriber.onError(Operators.java:2235) ~[reactor-core-3.7.5.jar:3.7.5]
	at reactor.core.publisher.FluxTakeUntil$TakeUntilPredicateSubscriber.onError(FluxTakeUntil.java:112) ~[reactor-core-3.7.5.jar:3.7.5]
	at reactor.core.publisher.Operators$MultiSubscriptionSubscriber.onError(Operators.java:2235) ~[reactor-core-3.7.5.jar:3.7.5]
	at reactor.core.publisher.FluxFlatMap$FlatMapMain.checkTerminated(FluxFlatMap.java:846) ~[reactor-core-3.7.5.jar:3.7.5]
	at reactor.core.publisher.FluxFlatMap$FlatMapMain.drainLoop(FluxFlatMap.java:612) ~[reactor-core-3.7.5.jar:3.7.5]
	at reactor.core.publisher.FluxFlatMap$FlatMapMain.drain(FluxFlatMap.java:592) ~[reactor-core-3.7.5.jar:3.7.5]
	at reactor.core.publisher.FluxFlatMap$FlatMapMain.innerError(FluxFlatMap.java:867) ~[reactor-core-3.7.5.jar:3.7.5]
	at reactor.core.publisher.FluxFlatMap$FlatMapInner.onError(FluxFlatMap.java:994) ~[reactor-core-3.7.5.jar:3.7.5]
	at reactor.core.publisher.FluxFlatMap$FlatMapMain.checkTerminated(FluxFlatMap.java:846) ~[reactor-core-3.7.5.jar:3.7.5]
	at reactor.core.publisher.FluxFlatMap$FlatMapMain.drainLoop(FluxFlatMap.java:612) ~[reactor-core-3.7.5.jar:3.7.5]
	at reactor.core.publisher.FluxFlatMap$FlatMapMain.drain(FluxFlatMap.java:592) ~[reactor-core-3.7.5.jar:3.7.5]
	at reactor.core.publisher.FluxFlatMap$FlatMapMain.onError(FluxFlatMap.java:455) ~[reactor-core-3.7.5.jar:3.7.5]
	at reactor.core.publisher.MonoFlatMap$FlatMapMain.onError(MonoFlatMap.java:180) ~[reactor-core-3.7.5.jar:3.7.5]
	at reactor.core.publisher.FluxDoOnEach$DoOnEachSubscriber.onError(FluxDoOnEach.java:195) ~[reactor-core-3.7.5.jar:3.7.5]
	at reactor.core.publisher.MonoFlatMap$FlatMapMain.onNext(MonoFlatMap.java:149) ~[reactor-core-3.7.5.jar:3.7.5]
	at reactor.core.publisher.MonoFlatMap$FlatMapMain.onNext(MonoFlatMap.java:158) ~[reactor-core-3.7.5.jar:3.7.5]
	at reactor.core.publisher.FluxMap$MapSubscriber.onNext(FluxMap.java:122) ~[reactor-core-3.7.5.jar:3.7.5]
	at reactor.core.publisher.FluxDoFinally$DoFinallySubscriber.onNext(FluxDoFinally.java:113) ~[reactor-core-3.7.5.jar:3.7.5]
	at reactor.core.publisher.FluxOnErrorResume$ResumeSubscriber.onNext(FluxOnErrorResume.java:79) ~[reactor-core-3.7.5.jar:3.7.5]
	at reactor.core.publisher.Operators$ScalarSubscription.request(Operators.java:2570) ~[reactor-core-3.7.5.jar:3.7.5]
	at reactor.core.publisher.Operators$MultiSubscriptionSubscriber.set(Operators.java:2366) ~[reactor-core-3.7.5.jar:3.7.5]
	at reactor.core.publisher.FluxOnErrorResume$ResumeSubscriber.onSubscribe(FluxOnErrorResume.java:74) ~[reactor-core-3.7.5.jar:3.7.5]
	at reactor.core.publisher.MonoJust.subscribe(MonoJust.java:55) ~[reactor-core-3.7.5.jar:3.7.5]
	at reactor.core.publisher.Mono.subscribe(Mono.java:4576) ~[reactor-core-3.7.5.jar:3.7.5]
	at reactor.core.publisher.FluxOnErrorResume$ResumeSubscriber.onError(FluxOnErrorResume.java:103) ~[reactor-core-3.7.5.jar:3.7.5]
	at reactor.core.publisher.MonoFlatMap$FlatMapMain.secondError(MonoFlatMap.java:241) ~[reactor-core-3.7.5.jar:3.7.5]
	at reactor.core.publisher.MonoFlatMap$FlatMapInner.onError(MonoFlatMap.java:315) ~[reactor-core-3.7.5.jar:3.7.5]
	at reactor.core.publisher.MonoFlatMap$FlatMapMain.onError(MonoFlatMap.java:180) ~[reactor-core-3.7.5.jar:3.7.5]
	at reactor.core.publisher.FluxContextWrite$ContextWriteSubscriber.onError(FluxContextWrite.java:121) ~[reactor-core-3.7.5.jar:3.7.5]
	at reactor.core.publisher.FluxDoFinally$DoFinallySubscriber.onError(FluxDoFinally.java:119) ~[reactor-core-3.7.5.jar:3.7.5]
	at reactor.core.publisher.FluxOnErrorResume$ResumeSubscriber.onError(FluxOnErrorResume.java:106) ~[reactor-core-3.7.5.jar:3.7.5]
	at reactor.core.publisher.Operators.error(Operators.java:198) ~[reactor-core-3.7.5.jar:3.7.5]
	at reactor.core.publisher.MonoError.subscribe(MonoError.java:53) ~[reactor-core-3.7.5.jar:3.7.5]
	at reactor.core.publisher.Mono.subscribe(Mono.java:4576) ~[reactor-core-3.7.5.jar:3.7.5]
	at reactor.core.publisher.FluxOnErrorResume$ResumeSubscriber.onError(FluxOnErrorResume.java:103) ~[reactor-core-3.7.5.jar:3.7.5]
	at reactor.core.publisher.FluxMap$MapSubscriber.onError(FluxMap.java:134) ~[reactor-core-3.7.5.jar:3.7.5]
	at reactor.core.publisher.MonoCompletionStage$MonoCompletionStageSubscription.apply(MonoCompletionStage.java:118) ~[reactor-core-3.7.5.jar:3.7.5]
	at reactor.core.publisher.MonoCompletionStage$MonoCompletionStageSubscription.apply(MonoCompletionStage.java:67) ~[reactor-core-3.7.5.jar:3.7.5]
	at java.base/java.util.concurrent.CompletableFuture.uniHandle(CompletableFuture.java:978) ~[na:na]
	at java.base/java.util.concurrent.CompletableFuture$UniHandle.tryFire(CompletableFuture.java:955) ~[na:na]
	at java.base/java.util.concurrent.CompletableFuture.postComplete(CompletableFuture.java:554) ~[na:na]
	at java.base/java.util.concurrent.CompletableFuture.completeExceptionally(CompletableFuture.java:2238) ~[na:na]
	at com.azure.cosmos.implementation.directconnectivity.rntbd.RntbdServiceEndpoint.writeWhenConnected(RntbdServiceEndpoint.java:617) ~[azure-cosmos-4.68.0.jar:4.68.0]
	at com.azure.cosmos.implementation.directconnectivity.rntbd.RntbdServiceEndpoint.lambda$write$3(RntbdServiceEndpoint.java:557) ~[azure-cosmos-4.68.0.jar:4.68.0]
	at io.netty.util.concurrent.DefaultPromise.notifyListener0(DefaultPromise.java:590) ~[netty-common-4.1.119.Final.jar:4.1.119.Final]
	at io.netty.util.concurrent.DefaultPromise.notifyListenersNow(DefaultPromise.java:557) ~[netty-common-4.1.119.Final.jar:4.1.119.Final]
	at io.netty.util.concurrent.DefaultPromise.access$200(DefaultPromise.java:35) ~[netty-common-4.1.119.Final.jar:4.1.119.Final]
	at io.netty.util.concurrent.DefaultPromise$1.run(DefaultPromise.java:503) ~[netty-common-4.1.119.Final.jar:4.1.119.Final]
	at io.netty.util.concurrent.AbstractEventExecutor.runTask(AbstractEventExecutor.java:173) ~[netty-common-4.1.119.Final.jar:4.1.119.Final]
	at io.netty.util.concurrent.AbstractEventExecutor.safeExecute(AbstractEventExecutor.java:166) ~[netty-common-4.1.119.Final.jar:4.1.119.Final]
	at io.netty.util.concurrent.SingleThreadEventExecutor.runAllTasks(SingleThreadEventExecutor.java:472) ~[netty-common-4.1.119.Final.jar:4.1.119.Final]
	at io.netty.channel.nio.NioEventLoop.run(NioEventLoop.java:569) ~[netty-transport-4.1.119.Final.jar:4.1.119.Final]
	at io.netty.util.concurrent.SingleThreadEventExecutor$4.run(SingleThreadEventExecutor.java:998) ~[netty-common-4.1.119.Final.jar:4.1.119.Final]
	at io.netty.util.internal.ThreadExecutorMap$2.run(ThreadExecutorMap.java:74) ~[netty-common-4.1.119.Final.jar:4.1.119.Final]
	at io.netty.util.concurrent.FastThreadLocalRunnable.run(FastThreadLocalRunnable.java:30) ~[netty-common-4.1.119.Final.jar:4.1.119.Final]
	at java.base/java.lang.Thread.run(Thread.java:1575) ~[na:na]
Caused by: com.azure.cosmos.implementation.GoneException: {"innerErrorMessage":"The requested resource is no longer available at the server."}
	at com.azure.cosmos.implementation.directconnectivity.StoreReader.lambda$readPrimaryAsync$20(StoreReader.java:555) ~[azure-cosmos-4.68.0.jar:4.68.0]
	at reactor.core.publisher.MonoFlatMap$FlatMapMain.onNext(MonoFlatMap.java:132) ~[reactor-core-3.7.5.jar:3.7.5]
	... 41 common frames omitted

2025-06-04T14:46:09.400-06:00  WARN 17664 --- [cosmos-sql] [-rntbd-nio-2-20] c.a.c.implementation.ClientRetryPolicy   : shouldRetryOnServiceUnavailable() Not retrying. No other regions available for the request. AvailablePreferredLocations = 1
2025-06-04T14:46:09.412-06:00  WARN 17664 --- [cosmos-sql] [           main] r.c.GenericReactiveWebApplicationContext : Exception encountered during context initialization - cancelling refresh attempt: org.springframework.beans.factory.UnsatisfiedDependencyException: Error creating bean with name 'clientesController' defined in file [D:\Tareas UV\BaseDeDatosDistribuidos\cosmos-sql\target\classes\com\E4\cosmos_sql\controller\ClientesController.class]: Unsatisfied dependency expressed through constructor parameter 0: Error creating bean with name 'clientesRepository' defined in com.E4.cosmos_sql.repository.ClientesRepository defined in @EnableReactiveCosmosRepositories declared on CosmosReactiveRepositoriesAutoConfigureRegistrar.EnableCosmosReactiveRepositoriesConfiguration: Failed to instantiate [com.azure.spring.data.cosmos.repository.support.SimpleReactiveCosmosRepository]: Constructor threw exception
2025-06-04T14:46:09.413-06:00  INFO 17664 --- [cosmos-sql] [           main] c.a.c.i.RxDocumentClientImpl             : Attempting to close client 1
2025-06-04T14:46:09.414-06:00  INFO 17664 --- [cosmos-sql] [           main] c.a.c.i.RxDocumentClientImpl             : Shutting down ...
2025-06-04T14:46:09.414-06:00  INFO 17664 --- [cosmos-sql] [           main] c.a.c.i.RxDocumentClientImpl             : Closing globalPartitionEndpointManagerForCircuitBreaker...
2025-06-04T14:46:09.420-06:00  INFO 17664 --- [cosmos-sql] [           main] c.a.c.i.RxDocumentClientImpl             : Closing Global Endpoint Manager ...
2025-06-04T14:46:09.420-06:00  INFO 17664 --- [cosmos-sql] [           main] c.a.c.i.RxDocumentClientImpl             : Closing StoreClientFactory ...
2025-06-04T14:46:09.420-06:00  INFO 17664 --- [cosmos-sql] [           main] .i.d.r.ProactiveOpenConnectionsProcessor : Shutting down ProactiveOpenConnectionsProcessor...
2025-06-04T14:46:09.420-06:00  INFO 17664 --- [cosmos-sql] [           main] Endpoint$RntbdEndpointMonitoringProvider : Shutting down RntbdClientChannelPoolMonitoringProvider ...
2025-06-04T14:46:09.424-06:00  INFO 17664 --- [cosmos-sql] [           main] c.a.c.i.RxDocumentClientImpl             : Shutting down reactorHttpClient ...
2025-06-04T14:46:09.426-06:00  INFO 17664 --- [cosmos-sql] [           main] c.a.c.i.RxDocumentClientImpl             : Shutting down CpuMonitor ...
2025-06-04T14:46:09.427-06:00  INFO 17664 --- [cosmos-sql] [           main] c.a.c.i.RxDocumentClientImpl             : Shutting down completed.
2025-06-04T14:46:09.444-06:00  INFO 17664 --- [cosmos-sql] [           main] .s.b.a.l.ConditionEvaluationReportLogger : 

Error starting ApplicationContext. To display the condition evaluation report re-run your application with 'debug' enabled.
2025-06-04T14:46:09.469-06:00 ERROR 17664 --- [cosmos-sql] [           main] o.s.boot.SpringApplication               : Application run failed

org.springframework.beans.factory.UnsatisfiedDependencyException: Error creating bean with name 'clientesController' defined in file [D:\Tareas UV\BaseDeDatosDistribuidos\cosmos-sql\target\classes\com\E4\cosmos_sql\controller\ClientesController.class]: Unsatisfied dependency expressed through constructor parameter 0: Error creating bean with name 'clientesRepository' defined in com.E4.cosmos_sql.repository.ClientesRepository defined in @EnableReactiveCosmosRepositories declared on CosmosReactiveRepositoriesAutoConfigureRegistrar.EnableCosmosReactiveRepositoriesConfiguration: Failed to instantiate [com.azure.spring.data.cosmos.repository.support.SimpleReactiveCosmosRepository]: Constructor threw exception
	at org.springframework.beans.factory.support.ConstructorResolver.createArgumentArray(ConstructorResolver.java:804) ~[spring-beans-6.2.6.jar:6.2.6]
	at org.springframework.beans.factory.support.ConstructorResolver.autowireConstructor(ConstructorResolver.java:240) ~[spring-beans-6.2.6.jar:6.2.6]
	at org.springframework.beans.factory.support.AbstractAutowireCapableBeanFactory.autowireConstructor(AbstractAutowireCapableBeanFactory.java:1387) ~[spring-beans-6.2.6.jar:6.2.6]
	at org.springframework.beans.factory.support.AbstractAutowireCapableBeanFactory.createBeanInstance(AbstractAutowireCapableBeanFactory.java:1224) ~[spring-beans-6.2.6.jar:6.2.6]
	at org.springframework.beans.factory.support.AbstractAutowireCapableBeanFactory.doCreateBean(AbstractAutowireCapableBeanFactory.java:569) ~[spring-beans-6.2.6.jar:6.2.6]
	at org.springframework.beans.factory.support.AbstractAutowireCapableBeanFactory.createBean(AbstractAutowireCapableBeanFactory.java:529) ~[spring-beans-6.2.6.jar:6.2.6]
	at org.springframework.beans.factory.support.AbstractBeanFactory.lambda$doGetBean$0(AbstractBeanFactory.java:339) ~[spring-beans-6.2.6.jar:6.2.6]
	at org.springframework.beans.factory.support.DefaultSingletonBeanRegistry.getSingleton(DefaultSingletonBeanRegistry.java:371) ~[spring-beans-6.2.6.jar:6.2.6]
	at org.springframework.beans.factory.support.AbstractBeanFactory.doGetBean(AbstractBeanFactory.java:337) ~[spring-beans-6.2.6.jar:6.2.6]
	at org.springframework.beans.factory.support.AbstractBeanFactory.getBean(AbstractBeanFactory.java:202) ~[spring-beans-6.2.6.jar:6.2.6]
	at org.springframework.beans.factory.support.DefaultListableBeanFactory.instantiateSingleton(DefaultListableBeanFactory.java:1221) ~[spring-beans-6.2.6.jar:6.2.6]
	at org.springframework.beans.factory.support.DefaultListableBeanFactory.preInstantiateSingleton(DefaultListableBeanFactory.java:1187) ~[spring-beans-6.2.6.jar:6.2.6]
	at org.springframework.beans.factory.support.DefaultListableBeanFactory.preInstantiateSingletons(DefaultListableBeanFactory.java:1122) ~[spring-beans-6.2.6.jar:6.2.6]
	at org.springframework.context.support.AbstractApplicationContext.finishBeanFactoryInitialization(AbstractApplicationContext.java:987) ~[spring-context-6.2.6.jar:6.2.6]
	at org.springframework.context.support.AbstractApplicationContext.refresh(AbstractApplicationContext.java:627) ~[spring-context-6.2.6.jar:6.2.6]
	at org.springframework.boot.SpringApplication.refresh(SpringApplication.java:753) ~[spring-boot-3.4.5.jar:3.4.5]
	at org.springframework.boot.SpringApplication.refreshContext(SpringApplication.java:439) ~[spring-boot-3.4.5.jar:3.4.5]
	at org.springframework.boot.SpringApplication.run(SpringApplication.java:318) ~[spring-boot-3.4.5.jar:3.4.5]
	at org.springframework.boot.test.context.SpringBootContextLoader.lambda$loadContext$3(SpringBootContextLoader.java:144) ~[spring-boot-test-3.4.5.jar:3.4.5]
	at org.springframework.util.function.ThrowingSupplier.get(ThrowingSupplier.java:58) ~[spring-core-6.2.6.jar:6.2.6]
	at org.springframework.util.function.ThrowingSupplier.get(ThrowingSupplier.java:46) ~[spring-core-6.2.6.jar:6.2.6]
	at org.springframework.boot.SpringApplication.withHook(SpringApplication.java:1462) ~[spring-boot-3.4.5.jar:3.4.5]
	at org.springframework.boot.test.context.SpringBootContextLoader$ContextLoaderHook.run(SpringBootContextLoader.java:563) ~[spring-boot-test-3.4.5.jar:3.4.5]
	at org.springframework.boot.test.context.SpringBootContextLoader.loadContext(SpringBootContextLoader.java:144) ~[spring-boot-test-3.4.5.jar:3.4.5]
	at org.springframework.boot.test.context.SpringBootContextLoader.loadContext(SpringBootContextLoader.java:110) ~[spring-boot-test-3.4.5.jar:3.4.5]
	at org.springframework.test.context.cache.DefaultCacheAwareContextLoaderDelegate.loadContextInternal(DefaultCacheAwareContextLoaderDelegate.java:225) ~[spring-test-6.2.6.jar:6.2.6]
	at org.springframework.test.context.cache.DefaultCacheAwareContextLoaderDelegate.loadContext(DefaultCacheAwareContextLoaderDelegate.java:152) ~[spring-test-6.2.6.jar:6.2.6]
	at org.springframework.test.context.support.DefaultTestContext.getApplicationContext(DefaultTestContext.java:130) ~[spring-test-6.2.6.jar:6.2.6]
	at org.springframework.test.context.support.DependencyInjectionTestExecutionListener.injectDependencies(DependencyInjectionTestExecutionListener.java:155) ~[spring-test-6.2.6.jar:6.2.6]
	at org.springframework.test.context.support.DependencyInjectionTestExecutionListener.prepareTestInstance(DependencyInjectionTestExecutionListener.java:111) ~[spring-test-6.2.6.jar:6.2.6]
	at org.springframework.test.context.TestContextManager.prepareTestInstance(TestContextManager.java:260) ~[spring-test-6.2.6.jar:6.2.6]
	at org.springframework.test.context.junit.jupiter.SpringExtension.postProcessTestInstance(SpringExtension.java:159) ~[spring-test-6.2.6.jar:6.2.6]
	at org.junit.jupiter.engine.descriptor.ClassBasedTestDescriptor.lambda$invokeTestInstancePostProcessors$11(ClassBasedTestDescriptor.java:378) ~[junit-jupiter-engine-5.11.4.jar:5.11.4]
	at org.junit.jupiter.engine.descriptor.ClassBasedTestDescriptor.executeAndMaskThrowable(ClassBasedTestDescriptor.java:383) ~[junit-jupiter-engine-5.11.4.jar:5.11.4]
	at org.junit.jupiter.engine.descriptor.ClassBasedTestDescriptor.lambda$invokeTestInstancePostProcessors$12(ClassBasedTestDescriptor.java:378) ~[junit-jupiter-engine-5.11.4.jar:5.11.4]
	at java.base/java.util.stream.ForEachOps$ForEachOp$OfRef.accept(ForEachOps.java:184) ~[na:na]
	at java.base/java.util.stream.ReferencePipeline$3$1.accept(ReferencePipeline.java:215) ~[na:na]
	at java.base/java.util.stream.ReferencePipeline$2$1.accept(ReferencePipeline.java:197) ~[na:na]
	at java.base/java.util.stream.ReferencePipeline$3$1.accept(ReferencePipeline.java:215) ~[na:na]
	at java.base/java.util.ArrayList$ArrayListSpliterator.forEachRemaining(ArrayList.java:1709) ~[na:na]
	at java.base/java.util.stream.AbstractPipeline.copyInto(AbstractPipeline.java:570) ~[na:na]
	at java.base/java.util.stream.AbstractPipeline.wrapAndCopyInto(AbstractPipeline.java:560) ~[na:na]
	at java.base/java.util.stream.ForEachOps$ForEachOp.evaluateSequential(ForEachOps.java:151) ~[na:na]
	at java.base/java.util.stream.ForEachOps$ForEachOp$OfRef.evaluateSequential(ForEachOps.java:174) ~[na:na]
	at java.base/java.util.stream.AbstractPipeline.evaluate(AbstractPipeline.java:265) ~[na:na]
	at java.base/java.util.stream.ReferencePipeline.forEach(ReferencePipeline.java:636) ~[na:na]
	at org.junit.jupiter.engine.descriptor.ClassBasedTestDescriptor.invokeTestInstancePostProcessors(ClassBasedTestDescriptor.java:377) ~[junit-jupiter-engine-5.11.4.jar:5.11.4]
	at org.junit.jupiter.engine.descriptor.ClassBasedTestDescriptor.lambda$instantiateAndPostProcessTestInstance$7(ClassBasedTestDescriptor.java:290) ~[junit-jupiter-engine-5.11.4.jar:5.11.4]
	at org.junit.platform.engine.support.hierarchical.ThrowableCollector.execute(ThrowableCollector.java:73) ~[junit-platform-engine-1.11.4.jar:1.11.4]
	at org.junit.jupiter.engine.descriptor.ClassBasedTestDescriptor.instantiateAndPostProcessTestInstance(ClassBasedTestDescriptor.java:289) ~[junit-jupiter-engine-5.11.4.jar:5.11.4]
	at org.junit.jupiter.engine.descriptor.ClassBasedTestDescriptor.lambda$testInstancesProvider$5(ClassBasedTestDescriptor.java:279) ~[junit-jupiter-engine-5.11.4.jar:5.11.4]
	at java.base/java.util.Optional.orElseGet(Optional.java:364) ~[na:na]
	at org.junit.jupiter.engine.descriptor.ClassBasedTestDescriptor.lambda$testInstancesProvider$6(ClassBasedTestDescriptor.java:278) ~[junit-jupiter-engine-5.11.4.jar:5.11.4]
	at org.junit.jupiter.engine.execution.TestInstancesProvider.getTestInstances(TestInstancesProvider.java:31) ~[junit-jupiter-engine-5.11.4.jar:5.11.4]
	at org.junit.jupiter.engine.descriptor.TestMethodTestDescriptor.lambda$prepare$1(TestMethodTestDescriptor.java:105) ~[junit-jupiter-engine-5.11.4.jar:5.11.4]
	at org.junit.platform.engine.support.hierarchical.ThrowableCollector.execute(ThrowableCollector.java:73) ~[junit-platform-engine-1.11.4.jar:1.11.4]
	at org.junit.jupiter.engine.descriptor.TestMethodTestDescriptor.prepare(TestMethodTestDescriptor.java:104) ~[junit-jupiter-engine-5.11.4.jar:5.11.4]
	at org.junit.jupiter.engine.descriptor.TestMethodTestDescriptor.prepare(TestMethodTestDescriptor.java:68) ~[junit-jupiter-engine-5.11.4.jar:5.11.4]
	at org.junit.platform.engine.support.hierarchical.NodeTestTask.lambda$prepare$2(NodeTestTask.java:128) ~[junit-platform-engine-1.11.4.jar:1.11.4]
	at org.junit.platform.engine.support.hierarchical.ThrowableCollector.execute(ThrowableCollector.java:73) ~[junit-platform-engine-1.11.4.jar:1.11.4]
	at org.junit.platform.engine.support.hierarchical.NodeTestTask.prepare(NodeTestTask.java:128) ~[junit-platform-engine-1.11.4.jar:1.11.4]
	at org.junit.platform.engine.support.hierarchical.NodeTestTask.execute(NodeTestTask.java:95) ~[junit-platform-engine-1.11.4.jar:1.11.4]
	at java.base/java.util.ArrayList.forEach(ArrayList.java:1597) ~[na:na]
	at org.junit.platform.engine.support.hierarchical.SameThreadHierarchicalTestExecutorService.invokeAll(SameThreadHierarchicalTestExecutorService.java:41) ~[junit-platform-engine-1.11.4.jar:1.11.4]
	at org.junit.platform.engine.support.hierarchical.NodeTestTask.lambda$executeRecursively$6(NodeTestTask.java:160) ~[junit-platform-engine-1.11.4.jar:1.11.4]
	at org.junit.platform.engine.support.hierarchical.ThrowableCollector.execute(ThrowableCollector.java:73) ~[junit-platform-engine-1.11.4.jar:1.11.4]
	at org.junit.platform.engine.support.hierarchical.NodeTestTask.lambda$executeRecursively$8(NodeTestTask.java:146) ~[junit-platform-engine-1.11.4.jar:1.11.4]
	at org.junit.platform.engine.support.hierarchical.Node.around(Node.java:137) ~[junit-platform-engine-1.11.4.jar:1.11.4]
	at org.junit.platform.engine.support.hierarchical.NodeTestTask.lambda$executeRecursively$9(NodeTestTask.java:144) ~[junit-platform-engine-1.11.4.jar:1.11.4]
	at org.junit.platform.engine.support.hierarchical.ThrowableCollector.execute(ThrowableCollector.java:73) ~[junit-platform-engine-1.11.4.jar:1.11.4]
	at org.junit.platform.engine.support.hierarchical.NodeTestTask.executeRecursively(NodeTestTask.java:143) ~[junit-platform-engine-1.11.4.jar:1.11.4]
	at org.junit.platform.engine.support.hierarchical.NodeTestTask.execute(NodeTestTask.java:100) ~[junit-platform-engine-1.11.4.jar:1.11.4]
	at java.base/java.util.ArrayList.forEach(ArrayList.java:1597) ~[na:na]
	at org.junit.platform.engine.support.hierarchical.SameThreadHierarchicalTestExecutorService.invokeAll(SameThreadHierarchicalTestExecutorService.java:41) ~[junit-platform-engine-1.11.4.jar:1.11.4]
	at org.junit.platform.engine.support.hierarchical.NodeTestTask.lambda$executeRecursively$6(NodeTestTask.java:160) ~[junit-platform-engine-1.11.4.jar:1.11.4]
	at org.junit.platform.engine.support.hierarchical.ThrowableCollector.execute(ThrowableCollector.java:73) ~[junit-platform-engine-1.11.4.jar:1.11.4]
	at org.junit.platform.engine.support.hierarchical.NodeTestTask.lambda$executeRecursively$8(NodeTestTask.java:146) ~[junit-platform-engine-1.11.4.jar:1.11.4]
	at org.junit.platform.engine.support.hierarchical.Node.around(Node.java:137) ~[junit-platform-engine-1.11.4.jar:1.11.4]
	at org.junit.platform.engine.support.hierarchical.NodeTestTask.lambda$executeRecursively$9(NodeTestTask.java:144) ~[junit-platform-engine-1.11.4.jar:1.11.4]
	at org.junit.platform.engine.support.hierarchical.ThrowableCollector.execute(ThrowableCollector.java:73) ~[junit-platform-engine-1.11.4.jar:1.11.4]
	at org.junit.platform.engine.support.hierarchical.NodeTestTask.executeRecursively(NodeTestTask.java:143) ~[junit-platform-engine-1.11.4.jar:1.11.4]
	at org.junit.platform.engine.support.hierarchical.NodeTestTask.execute(NodeTestTask.java:100) ~[junit-platform-engine-1.11.4.jar:1.11.4]
	at org.junit.platform.engine.support.hierarchical.SameThreadHierarchicalTestExecutorService.submit(SameThreadHierarchicalTestExecutorService.java:35) ~[junit-platform-engine-1.11.4.jar:1.11.4]
	at org.junit.platform.engine.support.hierarchical.HierarchicalTestExecutor.execute(HierarchicalTestExecutor.java:57) ~[junit-platform-engine-1.11.4.jar:1.11.4]
	at org.junit.platform.engine.support.hierarchical.HierarchicalTestEngine.execute(HierarchicalTestEngine.java:54) ~[junit-platform-engine-1.11.4.jar:1.11.4]
	at org.junit.platform.launcher.core.EngineExecutionOrchestrator.execute(EngineExecutionOrchestrator.java:198) ~[junit-platform-launcher-1.11.4.jar:1.11.4]
	at org.junit.platform.launcher.core.EngineExecutionOrchestrator.execute(EngineExecutionOrchestrator.java:169) ~[junit-platform-launcher-1.11.4.jar:1.11.4]
	at org.junit.platform.launcher.core.EngineExecutionOrchestrator.execute(EngineExecutionOrchestrator.java:93) ~[junit-platform-launcher-1.11.4.jar:1.11.4]
	at org.junit.platform.launcher.core.EngineExecutionOrchestrator.lambda$execute$0(EngineExecutionOrchestrator.java:58) ~[junit-platform-launcher-1.11.4.jar:1.11.4]
	at org.junit.platform.launcher.core.EngineExecutionOrchestrator.withInterceptedStreams(EngineExecutionOrchestrator.java:141) ~[junit-platform-launcher-1.11.4.jar:1.11.4]
	at org.junit.platform.launcher.core.EngineExecutionOrchestrator.execute(EngineExecutionOrchestrator.java:57) ~[junit-platform-launcher-1.11.4.jar:1.11.4]
	at org.junit.platform.launcher.core.DefaultLauncher.execute(DefaultLauncher.java:103) ~[junit-platform-launcher-1.11.4.jar:1.11.4]
	at org.junit.platform.launcher.core.DefaultLauncher.execute(DefaultLauncher.java:85) ~[junit-platform-launcher-1.11.4.jar:1.11.4]
	at org.junit.platform.launcher.core.DelegatingLauncher.execute(DelegatingLauncher.java:47) ~[junit-platform-launcher-1.11.4.jar:1.11.4]
	at org.apache.maven.surefire.junitplatform.LazyLauncher.execute(LazyLauncher.java:56) ~[surefire-junit-platform-3.5.3.jar:3.5.3]
	at org.apache.maven.surefire.junitplatform.JUnitPlatformProvider.execute(JUnitPlatformProvider.java:194) ~[surefire-junit-platform-3.5.3.jar:3.5.3]
	at org.apache.maven.surefire.junitplatform.JUnitPlatformProvider.invokeAllTests(JUnitPlatformProvider.java:150) ~[surefire-junit-platform-3.5.3.jar:3.5.3]
	at org.apache.maven.surefire.junitplatform.JUnitPlatformProvider.invoke(JUnitPlatformProvider.java:124) ~[surefire-junit-platform-3.5.3.jar:3.5.3]
	at org.apache.maven.surefire.booter.ForkedBooter.runSuitesInProcess(ForkedBooter.java:385) ~[surefire-booter-3.5.3.jar:3.5.3]
	at org.apache.maven.surefire.booter.ForkedBooter.execute(ForkedBooter.java:162) ~[surefire-booter-3.5.3.jar:3.5.3]
	at org.apache.maven.surefire.booter.ForkedBooter.run(ForkedBooter.java:507) ~[surefire-booter-3.5.3.jar:3.5.3]
	at org.apache.maven.surefire.booter.ForkedBooter.main(ForkedBooter.java:495) ~[surefire-booter-3.5.3.jar:3.5.3]
Caused by: org.springframework.beans.factory.BeanCreationException: Error creating bean with name 'clientesRepository' defined in com.E4.cosmos_sql.repository.ClientesRepository defined in @EnableReactiveCosmosRepositories declared on CosmosReactiveRepositoriesAutoConfigureRegistrar.EnableCosmosReactiveRepositoriesConfiguration: Failed to instantiate [com.azure.spring.data.cosmos.repository.support.SimpleReactiveCosmosRepository]: Constructor threw exception
	at org.springframework.beans.factory.support.AbstractAutowireCapableBeanFactory.initializeBean(AbstractAutowireCapableBeanFactory.java:1818) ~[spring-beans-6.2.6.jar:6.2.6]
	at org.springframework.beans.factory.support.AbstractAutowireCapableBeanFactory.doCreateBean(AbstractAutowireCapableBeanFactory.java:607) ~[spring-beans-6.2.6.jar:6.2.6]
	at org.springframework.beans.factory.support.AbstractAutowireCapableBeanFactory.createBean(AbstractAutowireCapableBeanFactory.java:529) ~[spring-beans-6.2.6.jar:6.2.6]
	at org.springframework.beans.factory.support.AbstractBeanFactory.lambda$doGetBean$0(AbstractBeanFactory.java:339) ~[spring-beans-6.2.6.jar:6.2.6]
	at org.springframework.beans.factory.support.DefaultSingletonBeanRegistry.getSingleton(DefaultSingletonBeanRegistry.java:371) ~[spring-beans-6.2.6.jar:6.2.6]
	at org.springframework.beans.factory.support.AbstractBeanFactory.doGetBean(AbstractBeanFactory.java:337) ~[spring-beans-6.2.6.jar:6.2.6]
	at org.springframework.beans.factory.support.AbstractBeanFactory.getBean(AbstractBeanFactory.java:202) ~[spring-beans-6.2.6.jar:6.2.6]
	at org.springframework.beans.factory.support.DefaultListableBeanFactory.doResolveDependency(DefaultListableBeanFactory.java:1681) ~[spring-beans-6.2.6.jar:6.2.6]
	at org.springframework.beans.factory.support.DefaultListableBeanFactory.resolveDependency(DefaultListableBeanFactory.java:1627) ~[spring-beans-6.2.6.jar:6.2.6]
	at org.springframework.beans.factory.support.ConstructorResolver.resolveAutowiredArgument(ConstructorResolver.java:913) ~[spring-beans-6.2.6.jar:6.2.6]
	at org.springframework.beans.factory.support.ConstructorResolver.createArgumentArray(ConstructorResolver.java:791) ~[spring-beans-6.2.6.jar:6.2.6]
	... 101 common frames omitted
Caused by: org.springframework.beans.BeanInstantiationException: Failed to instantiate [com.azure.spring.data.cosmos.repository.support.SimpleReactiveCosmosRepository]: Constructor threw exception
	at org.springframework.beans.BeanUtils.instantiateClass(BeanUtils.java:222) ~[spring-beans-6.2.6.jar:6.2.6]
	at org.springframework.data.repository.core.support.RepositoryFactorySupport.lambda$instantiateClass$5(RepositoryFactorySupport.java:657) ~[spring-data-commons-3.4.5.jar:3.4.5]
	at java.base/java.util.Optional.map(Optional.java:260) ~[na:na]
	at org.springframework.data.repository.core.support.RepositoryFactorySupport.instantiateClass(RepositoryFactorySupport.java:657) ~[spring-data-commons-3.4.5.jar:3.4.5]
	at org.springframework.data.repository.core.support.RepositoryFactorySupport.getTargetRepositoryViaReflection(RepositoryFactorySupport.java:622) ~[spring-data-commons-3.4.5.jar:3.4.5]
	at com.azure.spring.data.cosmos.repository.support.ReactiveCosmosRepositoryFactory.getTargetRepository(ReactiveCosmosRepositoryFactory.java:48) ~[azure-spring-data-cosmos-5.22.0.jar:5.22.0]
	at org.springframework.data.repository.core.support.RepositoryFactorySupport.getRepository(RepositoryFactorySupport.java:377) ~[spring-data-commons-3.4.5.jar:3.4.5]
	at org.springframework.data.repository.core.support.RepositoryFactoryBeanSupport.lambda$afterPropertiesSet$4(RepositoryFactoryBeanSupport.java:350) ~[spring-data-commons-3.4.5.jar:3.4.5]
	at org.springframework.data.util.Lazy.getNullable(Lazy.java:135) ~[spring-data-commons-3.4.5.jar:3.4.5]
	at org.springframework.data.util.Lazy.get(Lazy.java:113) ~[spring-data-commons-3.4.5.jar:3.4.5]
	at org.springframework.data.repository.core.support.RepositoryFactoryBeanSupport.afterPropertiesSet(RepositoryFactoryBeanSupport.java:356) ~[spring-data-commons-3.4.5.jar:3.4.5]
	at com.azure.spring.data.cosmos.repository.support.ReactiveCosmosRepositoryFactoryBean.afterPropertiesSet(ReactiveCosmosRepositoryFactoryBean.java:69) ~[azure-spring-data-cosmos-5.22.0.jar:5.22.0]
	at org.springframework.beans.factory.support.AbstractAutowireCapableBeanFactory.invokeInitMethods(AbstractAutowireCapableBeanFactory.java:1865) ~[spring-beans-6.2.6.jar:6.2.6]
	at org.springframework.beans.factory.support.AbstractAutowireCapableBeanFactory.initializeBean(AbstractAutowireCapableBeanFactory.java:1814) ~[spring-beans-6.2.6.jar:6.2.6]
	... 111 common frames omitted
Caused by: com.azure.spring.data.cosmos.exception.CosmosServiceUnavailableException: Failed to create database{"innerErrorMessage":"Service is currently unavailable, please retry after a while. More info: https://aka.ms/cosmosdb-tsg-service-unavailable-java: Message: {\"innerErrorMessage\":\"The requested resource is no longer available at the server.\"}","cosmosDiagnostics":{"userAgent":"azsdk-java-cosmos/4.68.0 Windows10/10.0 JRE/23.0.1 az-sd-cos/5.22.0az-sp-cos/5.22.0","activityId":"5ba9d22a-7ee2-4be6-a809-0f90d1885349","requestLatencyInMs":30907,"requestStartTimeUTC":"2025-06-04T20:45:38.436108200Z","requestEndTimeUTC":"2025-06-04T20:46:09.344002500Z","responseStatisticsList":[{"storeResult":{"storePhysicalAddress":"rntbd://cdb-ms-prod-westus3-be41.documents.azure.com:11307/apps/b4a754e2-efc3-4890-b885-c2fba20447a0/services/b395315b-74a0-40f3-909c-476b990ea2b4/partitions/c7536697-f3df-4582-b0a9-8a9fb5d433fe/replicas/133915815056156134s/","lsn":0,"quorumAckedLSN":-1,"currentReplicaSetSize":-1,"globalCommittedLsn":-1,"partitionKeyRangeId":null,"isValid":false,"statusCode":410,"subStatusCode":20001,"isGone":true,"isNotFound":false,"isInvalidPartition":false,"isThroughputControlRequestRateTooLarge":false,"requestCharge":0.0,"itemLSN":-1,"sessionToken":null,"backendLatencyInMs":null,"retryAfterInMs":null,"exceptionMessage":"failed to establish connection to cdb-ms-prod-westus3-be41.documents.azure.com/<unresolved>:11307 due to io.netty.channel.ConnectTimeoutException: connection timed out after 5000 ms: cdb-ms-prod-westus3-be41.documents.azure.com/20.14.126.131:11307","exceptionResponseHeaders":"{x-ms-activity-id=5ba9d22a-7ee2-4be6-a809-0f90d1885349, x-ms-substatus=20001}","replicaStatusList":{"Ignoring":["11315:P:Unknown"],"Attempting":["11013:S:Unknown","11307:S:Unknown","11309:S:Unknown"]},"transportRequestTimeline":[{"eventName":"created","startTimeUTC":"2025-06-04T20:45:39.017390800Z","durationInMilliSecs":1.0001},{"eventName":"queued","startTimeUTC":"2025-06-04T20:45:39.018390900Z","durationInMilliSecs":0.0},{"eventName":"channelAcquisitionStarted","startTimeUTC":"2025-06-04T20:45:39.018390900Z","durationInMilliSecs":5110.6232},{"eventName":"pipelined","startTimeUTC":null,"durationInMilliSecs":0.0},{"eventName":"transitTime","startTimeUTC":null,"durationInMilliSecs":0.0},{"eventName":"decodeTime","startTimeUTC":null,"durationInMilliSecs":0.0},{"eventName":"received","startTimeUTC":null,"durationInMilliSecs":0.0},{"eventName":"completed","startTimeUTC":"2025-06-04T20:45:44.129014100Z","durationInMilliSecs":0.0}],"transportRequestChannelAcquisitionContext":{"events":[{"poll":"2025-06-04T20:45:39.018390900Z","durationInMilliSecs":0.0},{"startNew":"2025-06-04T20:45:39.018390900Z","durationInMilliSecs":5093.0589},{"completeNew":"2025-06-04T20:45:44.111449800Z"}],"waitForChannelInit":true},"rntbdRequestLengthInBytes":-1,"rntbdResponseLengthInBytes":-1,"requestPayloadLengthInBytes":0,"responsePayloadLengthInBytes":-1,"channelStatistics":null,"serviceEndpointStatistics":{"availableChannels":0,"acquiredChannels":0,"executorTaskQueueSize":0,"inflightRequests":1,"lastSuccessfulRequestTime":"2025-06-04T20:45:39.017Z","lastRequestTime":"2025-06-04T20:45:39.017Z","createdTime":"2025-06-04T20:45:39.017390800Z","isClosed":false,"cerMetrics":{}}},"requestResponseTimeUTC":"2025-06-04T20:45:44.131016200Z","requestStartTimeUTC":"2025-06-04T20:45:39.017390800Z","requestResourceType":"Database","requestOperationType":"Read","requestSessionToken":null,"e2ePolicyCfg":null,"excludedRegions":null,"sessionTokenEvaluationResults":[],"locationToLocationSpecificHealthContext":{"v":null}},{"storeResult":{"storePhysicalAddress":"rntbd://cdb-ms-prod-westus3-be41.documents.azure.com:11013/apps/b4a754e2-efc3-4890-b885-c2fba20447a0/services/b395315b-74a0-40f3-909c-476b990ea2b4/partitions/c7536697-f3df-4582-b0a9-8a9fb5d433fe/replicas/133915815012093458s/","lsn":0,"quorumAckedLSN":-1,"currentReplicaSetSize":-1,"globalCommittedLsn":-1,"partitionKeyRangeId":null,"isValid":false,"statusCode":410,"subStatusCode":20001,"isGone":true,"isNotFound":false,"isInvalidPartition":false,"isThroughputControlRequestRateTooLarge":false,"requestCharge":0.0,"itemLSN":-1,"sessionToken":null,"backendLatencyInMs":null,"retryAfterInMs":null,"exceptionMessage":"failed to establish connection to cdb-ms-prod-westus3-be41.documents.azure.com/<unresolved>:11013 due to io.netty.channel.ConnectTimeoutException: connection timed out after 5000 ms: cdb-ms-prod-westus3-be41.documents.azure.com/20.14.126.131:11013","exceptionResponseHeaders":"{x-ms-activity-id=5ba9d22a-7ee2-4be6-a809-0f90d1885349, x-ms-substatus=20001}","replicaStatusList":{"Ignoring":["11315:P:Unknown"],"Attempting":["11013:S:Unknown","11307:S:Unknown","11309:S:Unknown"]},"transportRequestTimeline":[{"eventName":"created","startTimeUTC":"2025-06-04T20:45:38.985925600Z","durationInMilliSecs":29.4668},{"eventName":"queued","startTimeUTC":"2025-06-04T20:45:39.015392400Z","durationInMilliSecs":0.0},{"eventName":"channelAcquisitionStarted","startTimeUTC":"2025-06-04T20:45:39.015392400Z","durationInMilliSecs":5113.6217},{"eventName":"pipelined","startTimeUTC":null,"durationInMilliSecs":0.0},{"eventName":"transitTime","startTimeUTC":null,"durationInMilliSecs":0.0},{"eventName":"decodeTime","startTimeUTC":null,"durationInMilliSecs":0.0},{"eventName":"received","startTimeUTC":null,"durationInMilliSecs":0.0},{"eventName":"completed","startTimeUTC":"2025-06-04T20:45:44.129014100Z","durationInMilliSecs":0.0}],"transportRequestChannelAcquisitionContext":{"events":[{"poll":"2025-06-04T20:45:39.016392300Z","durationInMilliSecs":0.0},{"startNew":"2025-06-04T20:45:39.017390800Z","durationInMilliSecs":5094.059},{"completeNew":"2025-06-04T20:45:44.111449800Z"}],"waitForChannelInit":true},"rntbdRequestLengthInBytes":-1,"rntbdResponseLengthInBytes":-1,"requestPayloadLengthInBytes":0,"responsePayloadLengthInBytes":-1,"channelStatistics":null,"serviceEndpointStatistics":{"availableChannels":0,"acquiredChannels":0,"executorTaskQueueSize":0,"inflightRequests":1,"lastSuccessfulRequestTime":"2025-06-04T20:45:38.994Z","lastRequestTime":"2025-06-04T20:45:38.994Z","createdTime":"2025-06-04T20:45:38.993924Z","isClosed":false,"cerMetrics":{}}},"requestResponseTimeUTC":"2025-06-04T20:45:44.131016200Z","requestStartTimeUTC":"2025-06-04T20:45:38.985925600Z","requestResourceType":"Database","requestOperationType":"Read","requestSessionToken":null,"e2ePolicyCfg":null,"excludedRegions":null,"sessionTokenEvaluationResults":[],"locationToLocationSpecificHealthContext":{"v":null}},{"storeResult":{"storePhysicalAddress":"rntbd://cdb-ms-prod-westus3-be41.documents.azure.com:11309/apps/b4a754e2-efc3-4890-b885-c2fba20447a0/services/b395315b-74a0-40f3-909c-476b990ea2b4/partitions/c7536697-f3df-4582-b0a9-8a9fb5d433fe/replicas/133915815056156133s/","lsn":0,"quorumAckedLSN":-1,"currentReplicaSetSize":-1,"globalCommittedLsn":-1,"partitionKeyRangeId":null,"isValid":false,"statusCode":410,"subStatusCode":20001,"isGone":true,"isNotFound":false,"isInvalidPartition":false,"isThroughputControlRequestRateTooLarge":false,"requestCharge":0.0,"itemLSN":-1,"sessionToken":null,"backendLatencyInMs":null,"retryAfterInMs":null,"exceptionMessage":"failed to establish connection to cdb-ms-prod-westus3-be41.documents.azure.com/<unresolved>:11309 due to io.netty.channel.ConnectTimeoutException: connection timed out after 5000 ms: cdb-ms-prod-westus3-be41.documents.azure.com/20.14.126.131:11309","exceptionResponseHeaders":"{x-ms-activity-id=5ba9d22a-7ee2-4be6-a809-0f90d1885349, x-ms-substatus=20001}","replicaStatusList":{"Ignoring":["11315:P:Unknown","11307:S:Unhealthy","11013:S:Unhealthy"],"Attempting":["11309:S:Unknown"]},"transportRequestTimeline":[{"eventName":"created","startTimeUTC":"2025-06-04T20:45:44.132014200Z","durationInMilliSecs":0.0},{"eventName":"queued","startTimeUTC":"2025-06-04T20:45:44.132014200Z","durationInMilliSecs":0.0},{"eventName":"channelAcquisitionStarted","startTimeUTC":"2025-06-04T20:45:44.132014200Z","durationInMilliSecs":5013.3352},{"eventName":"pipelined","startTimeUTC":null,"durationInMilliSecs":0.0},{"eventName":"transitTime","startTimeUTC":null,"durationInMilliSecs":0.0},{"eventName":"decodeTime","startTimeUTC":null,"durationInMilliSecs":0.0},{"eventName":"received","startTimeUTC":null,"durationInMilliSecs":0.0},{"eventName":"completed","startTimeUTC":"2025-06-04T20:45:49.145349400Z","durationInMilliSecs":0.0}],"transportRequestChannelAcquisitionContext":{"events":[{"poll":"2025-06-04T20:45:44.133014200Z","durationInMilliSecs":0.0},{"startNew":"2025-06-04T20:45:44.133014200Z","durationInMilliSecs":5011.3775},{"completeNew":"2025-06-04T20:45:49.144391700Z"}],"waitForChannelInit":true},"rntbdRequestLengthInBytes":-1,"rntbdResponseLengthInBytes":-1,"requestPayloadLengthInBytes":0,"responsePayloadLengthInBytes":-1,"channelStatistics":null,"serviceEndpointStatistics":{"availableChannels":0,"acquiredChannels":0,"executorTaskQueueSize":0,"inflightRequests":1,"lastSuccessfulRequestTime":"2025-06-04T20:45:44.132Z","lastRequestTime":"2025-06-04T20:45:44.132Z","createdTime":"2025-06-04T20:45:44.132014200Z","isClosed":false,"cerMetrics":{}}},"requestResponseTimeUTC":"2025-06-04T20:45:49.146400600Z","requestStartTimeUTC":"2025-06-04T20:45:44.132014200Z","requestResourceType":"Database","requestOperationType":"Read","requestSessionToken":null,"e2ePolicyCfg":null,"excludedRegions":null,"sessionTokenEvaluationResults":[],"locationToLocationSpecificHealthContext":{"v":null}},{"storeResult":{"storePhysicalAddress":"rntbd://cdb-ms-prod-westus3-be41.documents.azure.com:11315/apps/b4a754e2-efc3-4890-b885-c2fba20447a0/services/b395315b-74a0-40f3-909c-476b990ea2b4/partitions/c7536697-f3df-4582-b0a9-8a9fb5d433fe/replicas/133915815056156135p/","lsn":-1,"quorumAckedLSN":-1,"currentReplicaSetSize":-1,"globalCommittedLsn":-1,"partitionKeyRangeId":null,"isValid":false,"statusCode":410,"subStatusCode":20001,"isGone":true,"isNotFound":false,"isInvalidPartition":false,"isThroughputControlRequestRateTooLarge":false,"requestCharge":0.0,"itemLSN":-1,"sessionToken":null,"backendLatencyInMs":null,"retryAfterInMs":null,"exceptionMessage":"failed to establish connection to cdb-ms-prod-westus3-be41.documents.azure.com/<unresolved>:11315 due to io.netty.channel.ConnectTimeoutException: connection timed out after 5000 ms: cdb-ms-prod-westus3-be41.documents.azure.com/20.14.126.131:11315","exceptionResponseHeaders":"{x-ms-activity-id=5ba9d22a-7ee2-4be6-a809-0f90d1885349, x-ms-substatus=20001}","replicaStatusList":{"Ignoring":["11307:S:Unhealthy","11013:S:Unhealthy","11309:S:Unhealthy"],"Attempting":["11315:P:Unknown"]},"transportRequestTimeline":[{"eventName":"created","startTimeUTC":"2025-06-04T20:45:49.168737200Z","durationInMilliSecs":0.0},{"eventName":"queued","startTimeUTC":"2025-06-04T20:45:49.168737200Z","durationInMilliSecs":0.0},{"eventName":"channelAcquisitionStarted","startTimeUTC":"2025-06-04T20:45:49.168737200Z","durationInMilliSecs":5016.0506},{"eventName":"pipelined","startTimeUTC":null,"durationInMilliSecs":0.0},{"eventName":"transitTime","startTimeUTC":null,"durationInMilliSecs":0.0},{"eventName":"decodeTime","startTimeUTC":null,"durationInMilliSecs":0.0},{"eventName":"received","startTimeUTC":null,"durationInMilliSecs":0.0},{"eventName":"completed","startTimeUTC":"2025-06-04T20:45:54.184787800Z","durationInMilliSecs":0.0}],"transportRequestChannelAcquisitionContext":{"events":[{"poll":"2025-06-04T20:45:49.169753600Z","durationInMilliSecs":0.0},{"startNew":"2025-06-04T20:45:49.169753600Z","durationInMilliSecs":5014.4272},{"completeNew":"2025-06-04T20:45:54.184180800Z"}],"waitForChannelInit":true},"rntbdRequestLengthInBytes":-1,"rntbdResponseLengthInBytes":-1,"requestPayloadLengthInBytes":0,"responsePayloadLengthInBytes":-1,"channelStatistics":null,"serviceEndpointStatistics":{"availableChannels":0,"acquiredChannels":0,"executorTaskQueueSize":0,"inflightRequests":1,"lastSuccessfulRequestTime":"2025-06-04T20:45:49.168Z","lastRequestTime":"2025-06-04T20:45:49.168Z","createdTime":"2025-06-04T20:45:49.168737200Z","isClosed":false,"cerMetrics":{}}},"requestResponseTimeUTC":"2025-06-04T20:45:54.184787800Z","requestStartTimeUTC":"2025-06-04T20:45:49.168737200Z","requestResourceType":"Database","requestOperationType":"Read","requestSessionToken":null,"e2ePolicyCfg":null,"excludedRegions":null,"sessionTokenEvaluationResults":[],"locationToLocationSpecificHealthContext":{"v":null}},{"storeResult":{"storePhysicalAddress":"rntbd://cdb-ms-prod-westus3-be41.documents.azure.com:11309/apps/b4a754e2-efc3-4890-b885-c2fba20447a0/services/b395315b-74a0-40f3-909c-476b990ea2b4/partitions/c7536697-f3df-4582-b0a9-8a9fb5d433fe/replicas/133915815056156133s/","lsn":0,"quorumAckedLSN":-1,"currentReplicaSetSize":-1,"globalCommittedLsn":-1,"partitionKeyRangeId":null,"isValid":false,"statusCode":410,"subStatusCode":20001,"isGone":true,"isNotFound":false,"isInvalidPartition":false,"isThroughputControlRequestRateTooLarge":false,"requestCharge":0.0,"itemLSN":-1,"sessionToken":null,"backendLatencyInMs":null,"retryAfterInMs":null,"exceptionMessage":"failed to establish connection to cdb-ms-prod-westus3-be41.documents.azure.com/<unresolved>:11309 due to io.netty.channel.ConnectTimeoutException: connection timed out after 5000 ms: cdb-ms-prod-westus3-be41.documents.azure.com/20.14.126.131:11309","exceptionResponseHeaders":"{x-ms-activity-id=5ba9d22a-7ee2-4be6-a809-0f90d1885349, x-ms-substatus=20001}","replicaStatusList":{"Ignoring":["11315:P:Unknown"],"Attempting":["11013:S:Unknown","11307:S:Unknown","11309:S:Unknown"]},"transportRequestTimeline":[{"eventName":"created","startTimeUTC":"2025-06-04T20:45:54.307237300Z","durationInMilliSecs":0.9605},{"eventName":"queued","startTimeUTC":"2025-06-04T20:45:54.308197800Z","durationInMilliSecs":0.0},{"eventName":"channelAcquisitionStarted","startTimeUTC":"2025-06-04T20:45:54.308197800Z","durationInMilliSecs":5011.8224},{"eventName":"pipelined","startTimeUTC":null,"durationInMilliSecs":0.0},{"eventName":"transitTime","startTimeUTC":null,"durationInMilliSecs":0.0},{"eventName":"decodeTime","startTimeUTC":null,"durationInMilliSecs":0.0},{"eventName":"received","startTimeUTC":null,"durationInMilliSecs":0.0},{"eventName":"completed","startTimeUTC":"2025-06-04T20:45:59.320020200Z","durationInMilliSecs":0.0}],"transportRequestChannelAcquisitionContext":{"events":[{"poll":"2025-06-04T20:45:54.308197800Z","durationInMilliSecs":0.0},{"startNew":"2025-06-04T20:45:54.308197800Z","durationInMilliSecs":5011.8224},{"completeNew":"2025-06-04T20:45:59.320020200Z"}],"waitForChannelInit":true},"rntbdRequestLengthInBytes":-1,"rntbdResponseLengthInBytes":-1,"requestPayloadLengthInBytes":0,"responsePayloadLengthInBytes":-1,"channelStatistics":null,"serviceEndpointStatistics":{"availableChannels":0,"acquiredChannels":0,"executorTaskQueueSize":0,"inflightRequests":1,"lastSuccessfulRequestTime":"2025-06-04T20:45:44.132Z","lastRequestTime":"2025-06-04T20:45:44.132Z","createdTime":"2025-06-04T20:45:44.132014200Z","isClosed":false,"cerMetrics":{"lastCallTimestamp":"2025-06-04T20:45:49.142311Z","lastActionableContext":"(2025-06-04T20:45:49.142311Z,1)"}}},"requestResponseTimeUTC":"2025-06-04T20:45:59.321009200Z","requestStartTimeUTC":"2025-06-04T20:45:54.307237300Z","requestResourceType":"Database","requestOperationType":"Read","requestSessionToken":null,"e2ePolicyCfg":null,"excludedRegions":null,"sessionTokenEvaluationResults":[],"locationToLocationSpecificHealthContext":{"v":null}},{"storeResult":{"storePhysicalAddress":"rntbd://cdb-ms-prod-westus3-be41.documents.azure.com:11307/apps/b4a754e2-efc3-4890-b885-c2fba20447a0/services/b395315b-74a0-40f3-909c-476b990ea2b4/partitions/c7536697-f3df-4582-b0a9-8a9fb5d433fe/replicas/133915815056156134s/","lsn":0,"quorumAckedLSN":-1,"currentReplicaSetSize":-1,"globalCommittedLsn":-1,"partitionKeyRangeId":null,"isValid":false,"statusCode":410,"subStatusCode":20001,"isGone":true,"isNotFound":false,"isInvalidPartition":false,"isThroughputControlRequestRateTooLarge":false,"requestCharge":0.0,"itemLSN":-1,"sessionToken":null,"backendLatencyInMs":null,"retryAfterInMs":null,"exceptionMessage":"failed to establish connection to cdb-ms-prod-westus3-be41.documents.azure.com/<unresolved>:11307 due to io.netty.channel.ConnectTimeoutException: connection timed out after 5000 ms: cdb-ms-prod-westus3-be41.documents.azure.com/20.14.126.131:11307","exceptionResponseHeaders":"{x-ms-activity-id=5ba9d22a-7ee2-4be6-a809-0f90d1885349, x-ms-substatus=20001}","replicaStatusList":{"Ignoring":["11315:P:Unknown"],"Attempting":["11013:S:Unknown","11307:S:Unknown","11309:S:Unknown"]},"transportRequestTimeline":[{"eventName":"created","startTimeUTC":"2025-06-04T20:45:54.308197800Z","durationInMilliSecs":0.0},{"eventName":"queued","startTimeUTC":"2025-06-04T20:45:54.308197800Z","durationInMilliSecs":0.0},{"eventName":"channelAcquisitionStarted","startTimeUTC":"2025-06-04T20:45:54.308197800Z","durationInMilliSecs":5012.8114},{"eventName":"pipelined","startTimeUTC":null,"durationInMilliSecs":0.0},{"eventName":"transitTime","startTimeUTC":null,"durationInMilliSecs":0.0},{"eventName":"decodeTime","startTimeUTC":null,"durationInMilliSecs":0.0},{"eventName":"received","startTimeUTC":null,"durationInMilliSecs":0.0},{"eventName":"completed","startTimeUTC":"2025-06-04T20:45:59.321009200Z","durationInMilliSecs":0.0}],"transportRequestChannelAcquisitionContext":{"events":[{"poll":"2025-06-04T20:45:54.308197800Z","durationInMilliSecs":0.0},{"startNew":"2025-06-04T20:45:54.308197800Z","durationInMilliSecs":5011.8224},{"completeNew":"2025-06-04T20:45:59.320020200Z"}],"waitForChannelInit":true},"rntbdRequestLengthInBytes":-1,"rntbdResponseLengthInBytes":-1,"requestPayloadLengthInBytes":0,"responsePayloadLengthInBytes":-1,"channelStatistics":null,"serviceEndpointStatistics":{"availableChannels":0,"acquiredChannels":0,"executorTaskQueueSize":0,"inflightRequests":1,"lastSuccessfulRequestTime":"2025-06-04T20:45:39.017Z","lastRequestTime":"2025-06-04T20:45:39.017Z","createdTime":"2025-06-04T20:45:39.017390800Z","isClosed":false,"cerMetrics":{"lastCallTimestamp":"2025-06-04T20:45:44.101797300Z","lastActionableContext":"(2025-06-04T20:45:44.101797300Z,1)"}}},"requestResponseTimeUTC":"2025-06-04T20:45:59.321009200Z","requestStartTimeUTC":"2025-06-04T20:45:54.308197800Z","requestResourceType":"Database","requestOperationType":"Read","requestSessionToken":null,"e2ePolicyCfg":null,"excludedRegions":null,"sessionTokenEvaluationResults":[],"locationToLocationSpecificHealthContext":{"v":null}},{"storeResult":{"storePhysicalAddress":"rntbd://cdb-ms-prod-westus3-be41.documents.azure.com:11013/apps/b4a754e2-efc3-4890-b885-c2fba20447a0/services/b395315b-74a0-40f3-909c-476b990ea2b4/partitions/c7536697-f3df-4582-b0a9-8a9fb5d433fe/replicas/133915815012093458s/","lsn":0,"quorumAckedLSN":-1,"currentReplicaSetSize":-1,"globalCommittedLsn":-1,"partitionKeyRangeId":null,"isValid":false,"statusCode":410,"subStatusCode":20001,"isGone":true,"isNotFound":false,"isInvalidPartition":false,"isThroughputControlRequestRateTooLarge":false,"requestCharge":0.0,"itemLSN":-1,"sessionToken":null,"backendLatencyInMs":null,"retryAfterInMs":null,"exceptionMessage":"failed to establish connection to cdb-ms-prod-westus3-be41.documents.azure.com/<unresolved>:11013 due to io.netty.channel.ConnectTimeoutException: connection timed out after 5000 ms: cdb-ms-prod-westus3-be41.documents.azure.com/20.14.126.131:11013","exceptionResponseHeaders":"{x-ms-activity-id=5ba9d22a-7ee2-4be6-a809-0f90d1885349, x-ms-substatus=20001}","replicaStatusList":{"Ignoring":["11315:P:Unknown","11307:S:Unhealthy","11309:S:Unhealthy"],"Attempting":["11013:S:Unknown"]},"transportRequestTimeline":[{"eventName":"created","startTimeUTC":"2025-06-04T20:45:59.321009200Z","durationInMilliSecs":0.0},{"eventName":"queued","startTimeUTC":"2025-06-04T20:45:59.321009200Z","durationInMilliSecs":0.0},{"eventName":"channelAcquisitionStarted","startTimeUTC":"2025-06-04T20:45:59.321009200Z","durationInMilliSecs":5006.8154},{"eventName":"pipelined","startTimeUTC":null,"durationInMilliSecs":0.0},{"eventName":"transitTime","startTimeUTC":null,"durationInMilliSecs":0.0},{"eventName":"decodeTime","startTimeUTC":null,"durationInMilliSecs":0.0},{"eventName":"received","startTimeUTC":null,"durationInMilliSecs":0.0},{"eventName":"completed","startTimeUTC":"2025-06-04T20:46:04.327824600Z","durationInMilliSecs":0.0}],"transportRequestChannelAcquisitionContext":{"events":[{"poll":"2025-06-04T20:45:59.321009200Z","durationInMilliSecs":0.0},{"startNew":"2025-06-04T20:45:59.321009200Z","durationInMilliSecs":5006.8154},{"completeNew":"2025-06-04T20:46:04.327824600Z"}],"waitForChannelInit":true},"rntbdRequestLengthInBytes":-1,"rntbdResponseLengthInBytes":-1,"requestPayloadLengthInBytes":0,"responsePayloadLengthInBytes":-1,"channelStatistics":null,"serviceEndpointStatistics":{"availableChannels":0,"acquiredChannels":0,"executorTaskQueueSize":0,"inflightRequests":1,"lastSuccessfulRequestTime":"2025-06-04T20:45:38.994Z","lastRequestTime":"2025-06-04T20:45:38.986Z","createdTime":"2025-06-04T20:45:38.993924Z","isClosed":false,"cerMetrics":{"lastCallTimestamp":"2025-06-04T20:45:44.101797300Z","lastActionableContext":"(2025-06-04T20:45:44.101797300Z,1)"}}},"requestResponseTimeUTC":"2025-06-04T20:46:04.328821700Z","requestStartTimeUTC":"2025-06-04T20:45:59.321009200Z","requestResourceType":"Database","requestOperationType":"Read","requestSessionToken":null,"e2ePolicyCfg":null,"excludedRegions":null,"sessionTokenEvaluationResults":[],"locationToLocationSpecificHealthContext":{"v":null}},{"storeResult":{"storePhysicalAddress":"rntbd://cdb-ms-prod-westus3-be41.documents.azure.com:11315/apps/b4a754e2-efc3-4890-b885-c2fba20447a0/services/b395315b-74a0-40f3-909c-476b990ea2b4/partitions/c7536697-f3df-4582-b0a9-8a9fb5d433fe/replicas/133915815056156135p/","lsn":-1,"quorumAckedLSN":-1,"currentReplicaSetSize":-1,"globalCommittedLsn":-1,"partitionKeyRangeId":null,"isValid":false,"statusCode":410,"subStatusCode":20001,"isGone":true,"isNotFound":false,"isInvalidPartition":false,"isThroughputControlRequestRateTooLarge":false,"requestCharge":0.0,"itemLSN":-1,"sessionToken":null,"backendLatencyInMs":null,"retryAfterInMs":null,"exceptionMessage":"failed to establish connection to cdb-ms-prod-westus3-be41.documents.azure.com/<unresolved>:11315 due to io.netty.channel.ConnectTimeoutException: connection timed out after 5000 ms: cdb-ms-prod-westus3-be41.documents.azure.com/20.14.126.131:11315","exceptionResponseHeaders":"{x-ms-activity-id=5ba9d22a-7ee2-4be6-a809-0f90d1885349, x-ms-substatus=20001}","replicaStatusList":{"Ignoring":["11307:S:Unhealthy","11013:S:Unhealthy","11309:S:Unhealthy"],"Attempting":["11315:P:Unknown"]},"transportRequestTimeline":[{"eventName":"created","startTimeUTC":"2025-06-04T20:46:04.328821700Z","durationInMilliSecs":0.0},{"eventName":"queued","startTimeUTC":"2025-06-04T20:46:04.328821700Z","durationInMilliSecs":0.0},{"eventName":"channelAcquisitionStarted","startTimeUTC":"2025-06-04T20:46:04.328821700Z","durationInMilliSecs":5015.1808},{"eventName":"pipelined","startTimeUTC":null,"durationInMilliSecs":0.0},{"eventName":"transitTime","startTimeUTC":null,"durationInMilliSecs":0.0},{"eventName":"decodeTime","startTimeUTC":null,"durationInMilliSecs":0.0},{"eventName":"received","startTimeUTC":null,"durationInMilliSecs":0.0},{"eventName":"completed","startTimeUTC":"2025-06-04T20:46:09.344002500Z","durationInMilliSecs":0.0}],"transportRequestChannelAcquisitionContext":{"events":[{"poll":"2025-06-04T20:46:04.328821700Z","durationInMilliSecs":0.0},{"startNew":"2025-06-04T20:46:04.328821700Z","durationInMilliSecs":5014.1777},{"completeNew":"2025-06-04T20:46:09.342999400Z"}],"waitForChannelInit":true},"rntbdRequestLengthInBytes":-1,"rntbdResponseLengthInBytes":-1,"requestPayloadLengthInBytes":0,"responsePayloadLengthInBytes":-1,"channelStatistics":null,"serviceEndpointStatistics":{"availableChannels":0,"acquiredChannels":0,"executorTaskQueueSize":0,"inflightRequests":1,"lastSuccessfulRequestTime":"2025-06-04T20:45:49.168Z","lastRequestTime":"2025-06-04T20:45:49.168Z","createdTime":"2025-06-04T20:45:49.168737200Z","isClosed":false,"cerMetrics":{"lastCallTimestamp":"2025-06-04T20:45:54.182094100Z","lastActionableContext":"(2025-06-04T20:45:54.182094100Z,1)"}}},"requestResponseTimeUTC":"2025-06-04T20:46:09.344002500Z","requestStartTimeUTC":"2025-06-04T20:46:04.328821700Z","requestResourceType":"Database","requestOperationType":"Read","requestSessionToken":null,"e2ePolicyCfg":null,"excludedRegions":null,"sessionTokenEvaluationResults":[],"locationToLocationSpecificHealthContext":{"v":null}}],"supplementalResponseStatisticsList":[],"addressResolutionStatistics":{"8aa9dd1f-3ab2-4f5e-ae90-09c498116f6e":{"startTimeUTC":"2025-06-04T20:45:38.458108100Z","endTimeUTC":"2025-06-04T20:45:38.950920700Z","targetEndpoint":"https://facturacioncosmosdb-westus3.documents.azure.com:443/addresses/?$resolveFor=dbs&$filter=protocol%20eq%20rntbd","exceptionMessage":null,"forceRefresh":true,"forceCollectionRoutingMapRefresh":true,"inflightRequest":false},"438314b6-3c2c-4dec-b289-dfaee49d6657":{"startTimeUTC":"2025-06-04T20:45:54.188430500Z","endTimeUTC":"2025-06-04T20:45:54.306239Z","targetEndpoint":"https://facturacioncosmosdb-westus3.documents.azure.com:443/addresses/?$resolveFor=dbs&$filter=protocol%20eq%20rntbd","exceptionMessage":null,"forceRefresh":true,"forceCollectionRoutingMapRefresh":true,"inflightRequest":false}},"regionsContacted":["west us 3"],"retryContext":{"statusAndSubStatusCodes":[[410,21009],[410,21009],[503,21009]],"retryCount":3,"retryLatency":15160},"metadataDiagnosticsContext":{"metadataDiagnosticList":[{"metaDataName":"MASTER_ADDRESS_LOOK_UP","startTimeUTC":"2025-06-04T20:45:38.458108100Z","endTimeUTC":"2025-06-04T20:45:38.948965900Z","durationinMS":490},{"metaDataName":"MASTER_ADDRESS_LOOK_UP","startTimeUTC":"2025-06-04T20:45:54.188430500Z","endTimeUTC":"2025-06-04T20:45:54.306239Z","durationinMS":117}]},"serializationDiagnosticsContext":{"serializationDiagnosticsList":null},"gatewayStatisticsList":[],"samplingRateSnapshot":1.0,"bloomFilterInsertionCountSnapshot":0,"systemInformation":{"usedMemory":"44508 KB","availableMemory":"3052068 KB","systemCpuLoad":"(2025-06-04T20:45:42.467076Z 3.3%), (2025-06-04T20:45:47.480815600Z 2.1%), (2025-06-04T20:45:52.467394900Z 2.1%), (2025-06-04T20:45:57.467218Z 2.3%), (2025-06-04T20:46:02.476947200Z 1.9%), (2025-06-04T20:46:07.470915500Z 1.6%)","availableProcessors":12},"clientCfgs":{"id":1,"machineId":"uuid:fade444e-41d4-4bcc-a079-df2b8b43d1f3","connectionMode":"DIRECT","numberOfClients":1,"excrgns":"[]","clientEndpoints":{"https://facturacioncosmosdb.documents.azure.com:443/":1},"connCfg":{"rntbd":"(cto:PT5S, nrto:PT5S, icto:PT0S, ieto:PT1H, mcpe:130, mrpc:30, cer:true)","gw":"(cps:1000, nrto:PT1M, icto:PT1M, cto:PT45S, p:false)","other":"(ed: true, cs: false, rv: true)"},"consistencyCfg":"(consistency: null, mm: true, prgns: [])","proactiveInitCfg":"","e2ePolicyCfg":"","sessionRetryCfg":"","partitionLevelCircuitBreakerCfg":"(cb: false, type: CONSECUTIVE_EXCEPTION_COUNT_BASED, rexcntt: 10, wexcntt: 5)"}}}
	at com.azure.spring.data.cosmos.exception.CosmosExceptionUtils.exceptionHandler(CosmosExceptionUtils.java:87) ~[azure-spring-data-cosmos-5.22.0.jar:5.22.0]
	at com.azure.spring.data.cosmos.core.ReactiveCosmosTemplate.lambda$createContainerIfNotExists$0(ReactiveCosmosTemplate.java:187) ~[azure-spring-data-cosmos-5.22.0.jar:5.22.0]
	at reactor.core.publisher.FluxOnErrorResume$ResumeSubscriber.onError(FluxOnErrorResume.java:94) ~[reactor-core-3.7.5.jar:3.7.5]
	at reactor.core.publisher.MonoPublishOn$PublishOnSubscriber.run(MonoPublishOn.java:187) ~[reactor-core-3.7.5.jar:3.7.5]
	at reactor.core.scheduler.SchedulerTask.call(SchedulerTask.java:68) ~[reactor-core-3.7.5.jar:3.7.5]
	at reactor.core.scheduler.SchedulerTask.call(SchedulerTask.java:28) ~[reactor-core-3.7.5.jar:3.7.5]
	at java.base/java.util.concurrent.FutureTask.run(FutureTask.java:317) ~[na:na]
	at java.base/java.util.concurrent.ScheduledThreadPoolExecutor$ScheduledFutureTask.run(ScheduledThreadPoolExecutor.java:304) ~[na:na]
	at java.base/java.util.concurrent.ThreadPoolExecutor.runWorker(ThreadPoolExecutor.java:1144) ~[na:na]
	at java.base/java.util.concurrent.ThreadPoolExecutor$Worker.run(ThreadPoolExecutor.java:642) ~[na:na]
	at java.base/java.lang.Thread.run(Thread.java:1575) ~[na:na]
	Suppressed: [CIRCULAR REFERENCE: com.azure.cosmos.implementation.ServiceUnavailableException: {"innerErrorMessage":"Service is currently unavailable, please retry after a while. More info: https://aka.ms/cosmosdb-tsg-service-unavailable-java: Message: {\"innerErrorMessage\":\"The requested resource is no longer available at the server.\"}","cosmosDiagnostics":{"userAgent":"azsdk-java-cosmos/4.68.0 Windows10/10.0 JRE/23.0.1 az-sd-cos/5.22.0az-sp-cos/5.22.0","activityId":"5ba9d22a-7ee2-4be6-a809-0f90d1885349","requestLatencyInMs":30907,"requestStartTimeUTC":"2025-06-04T20:45:38.436108200Z","requestEndTimeUTC":"2025-06-04T20:46:09.344002500Z","responseStatisticsList":[{"storeResult":{"storePhysicalAddress":"rntbd://cdb-ms-prod-westus3-be41.documents.azure.com:11307/apps/b4a754e2-efc3-4890-b885-c2fba20447a0/services/b395315b-74a0-40f3-909c-476b990ea2b4/partitions/c7536697-f3df-4582-b0a9-8a9fb5d433fe/replicas/133915815056156134s/","lsn":0,"quorumAckedLSN":-1,"currentReplicaSetSize":-1,"globalCommittedLsn":-1,"partitionKeyRangeId":null,"isValid":false,"statusCode":410,"subStatusCode":20001,"isGone":true,"isNotFound":false,"isInvalidPartition":false,"isThroughputControlRequestRateTooLarge":false,"requestCharge":0.0,"itemLSN":-1,"sessionToken":null,"backendLatencyInMs":null,"retryAfterInMs":null,"exceptionMessage":"failed to establish connection to cdb-ms-prod-westus3-be41.documents.azure.com/<unresolved>:11307 due to io.netty.channel.ConnectTimeoutException: connection timed out after 5000 ms: cdb-ms-prod-westus3-be41.documents.azure.com/20.14.126.131:11307","exceptionResponseHeaders":"{x-ms-activity-id=5ba9d22a-7ee2-4be6-a809-0f90d1885349, x-ms-substatus=20001}","replicaStatusList":{"Ignoring":["11315:P:Unknown"],"Attempting":["11013:S:Unknown","11307:S:Unknown","11309:S:Unknown"]},"transportRequestTimeline":[{"eventName":"created","startTimeUTC":"2025-06-04T20:45:39.017390800Z","durationInMilliSecs":1.0001},{"eventName":"queued","startTimeUTC":"2025-06-04T20:45:39.018390900Z","durationInMilliSecs":0.0},{"eventName":"channelAcquisitionStarted","startTimeUTC":"2025-06-04T20:45:39.018390900Z","durationInMilliSecs":5110.6232},{"eventName":"pipelined","startTimeUTC":null,"durationInMilliSecs":0.0},{"eventName":"transitTime","startTimeUTC":null,"durationInMilliSecs":0.0},{"eventName":"decodeTime","startTimeUTC":null,"durationInMilliSecs":0.0},{"eventName":"received","startTimeUTC":null,"durationInMilliSecs":0.0},{"eventName":"completed","startTimeUTC":"2025-06-04T20:45:44.129014100Z","durationInMilliSecs":0.0}],"transportRequestChannelAcquisitionContext":{"events":[{"poll":"2025-06-04T20:45:39.018390900Z","durationInMilliSecs":0.0},{"startNew":"2025-06-04T20:45:39.018390900Z","durationInMilliSecs":5093.0589},{"completeNew":"2025-06-04T20:45:44.111449800Z"}],"waitForChannelInit":true},"rntbdRequestLengthInBytes":-1,"rntbdResponseLengthInBytes":-1,"requestPayloadLengthInBytes":0,"responsePayloadLengthInBytes":-1,"channelStatistics":null,"serviceEndpointStatistics":{"availableChannels":0,"acquiredChannels":0,"executorTaskQueueSize":0,"inflightRequests":1,"lastSuccessfulRequestTime":"2025-06-04T20:45:39.017Z","lastRequestTime":"2025-06-04T20:45:39.017Z","createdTime":"2025-06-04T20:45:39.017390800Z","isClosed":false,"cerMetrics":{}}},"requestResponseTimeUTC":"2025-06-04T20:45:44.131016200Z","requestStartTimeUTC":"2025-06-04T20:45:39.017390800Z","requestResourceType":"Database","requestOperationType":"Read","requestSessionToken":null,"e2ePolicyCfg":null,"excludedRegions":null,"sessionTokenEvaluationResults":[],"locationToLocationSpecificHealthContext":{"v":null}},{"storeResult":{"storePhysicalAddress":"rntbd://cdb-ms-prod-westus3-be41.documents.azure.com:11013/apps/b4a754e2-efc3-4890-b885-c2fba20447a0/services/b395315b-74a0-40f3-909c-476b990ea2b4/partitions/c7536697-f3df-4582-b0a9-8a9fb5d433fe/replicas/133915815012093458s/","lsn":0,"quorumAckedLSN":-1,"currentReplicaSetSize":-1,"globalCommittedLsn":-1,"partitionKeyRangeId":null,"isValid":false,"statusCode":410,"subStatusCode":20001,"isGone":true,"isNotFound":false,"isInvalidPartition":false,"isThroughputControlRequestRateTooLarge":false,"requestCharge":0.0,"itemLSN":-1,"sessionToken":null,"backendLatencyInMs":null,"retryAfterInMs":null,"exceptionMessage":"failed to establish connection to cdb-ms-prod-westus3-be41.documents.azure.com/<unresolved>:11013 due to io.netty.channel.ConnectTimeoutException: connection timed out after 5000 ms: cdb-ms-prod-westus3-be41.documents.azure.com/20.14.126.131:11013","exceptionResponseHeaders":"{x-ms-activity-id=5ba9d22a-7ee2-4be6-a809-0f90d1885349, x-ms-substatus=20001}","replicaStatusList":{"Ignoring":["11315:P:Unknown"],"Attempting":["11013:S:Unknown","11307:S:Unknown","11309:S:Unknown"]},"transportRequestTimeline":[{"eventName":"created","startTimeUTC":"2025-06-04T20:45:38.985925600Z","durationInMilliSecs":29.4668},{"eventName":"queued","startTimeUTC":"2025-06-04T20:45:39.015392400Z","durationInMilliSecs":0.0},{"eventName":"channelAcquisitionStarted","startTimeUTC":"2025-06-04T20:45:39.015392400Z","durationInMilliSecs":5113.6217},{"eventName":"pipelined","startTimeUTC":null,"durationInMilliSecs":0.0},{"eventName":"transitTime","startTimeUTC":null,"durationInMilliSecs":0.0},{"eventName":"decodeTime","startTimeUTC":null,"durationInMilliSecs":0.0},{"eventName":"received","startTimeUTC":null,"durationInMilliSecs":0.0},{"eventName":"completed","startTimeUTC":"2025-06-04T20:45:44.129014100Z","durationInMilliSecs":0.0}],"transportRequestChannelAcquisitionContext":{"events":[{"poll":"2025-06-04T20:45:39.016392300Z","durationInMilliSecs":0.0},{"startNew":"2025-06-04T20:45:39.017390800Z","durationInMilliSecs":5094.059},{"completeNew":"2025-06-04T20:45:44.111449800Z"}],"waitForChannelInit":true},"rntbdRequestLengthInBytes":-1,"rntbdResponseLengthInBytes":-1,"requestPayloadLengthInBytes":0,"responsePayloadLengthInBytes":-1,"channelStatistics":null,"serviceEndpointStatistics":{"availableChannels":0,"acquiredChannels":0,"executorTaskQueueSize":0,"inflightRequests":1,"lastSuccessfulRequestTime":"2025-06-04T20:45:38.994Z","lastRequestTime":"2025-06-04T20:45:38.994Z","createdTime":"2025-06-04T20:45:38.993924Z","isClosed":false,"cerMetrics":{}}},"requestResponseTimeUTC":"2025-06-04T20:45:44.131016200Z","requestStartTimeUTC":"2025-06-04T20:45:38.985925600Z","requestResourceType":"Database","requestOperationType":"Read","requestSessionToken":null,"e2ePolicyCfg":null,"excludedRegions":null,"sessionTokenEvaluationResults":[],"locationToLocationSpecificHealthContext":{"v":null}},{"storeResult":{"storePhysicalAddress":"rntbd://cdb-ms-prod-westus3-be41.documents.azure.com:11309/apps/b4a754e2-efc3-4890-b885-c2fba20447a0/services/b395315b-74a0-40f3-909c-476b990ea2b4/partitions/c7536697-f3df-4582-b0a9-8a9fb5d433fe/replicas/133915815056156133s/","lsn":0,"quorumAckedLSN":-1,"currentReplicaSetSize":-1,"globalCommittedLsn":-1,"partitionKeyRangeId":null,"isValid":false,"statusCode":410,"subStatusCode":20001,"isGone":true,"isNotFound":false,"isInvalidPartition":false,"isThroughputControlRequestRateTooLarge":false,"requestCharge":0.0,"itemLSN":-1,"sessionToken":null,"backendLatencyInMs":null,"retryAfterInMs":null,"exceptionMessage":"failed to establish connection to cdb-ms-prod-westus3-be41.documents.azure.com/<unresolved>:11309 due to io.netty.channel.ConnectTimeoutException: connection timed out after 5000 ms: cdb-ms-prod-westus3-be41.documents.azure.com/20.14.126.131:11309","exceptionResponseHeaders":"{x-ms-activity-id=5ba9d22a-7ee2-4be6-a809-0f90d1885349, x-ms-substatus=20001}","replicaStatusList":{"Ignoring":["11315:P:Unknown","11307:S:Unhealthy","11013:S:Unhealthy"],"Attempting":["11309:S:Unknown"]},"transportRequestTimeline":[{"eventName":"created","startTimeUTC":"2025-06-04T20:45:44.132014200Z","durationInMilliSecs":0.0},{"eventName":"queued","startTimeUTC":"2025-06-04T20:45:44.132014200Z","durationInMilliSecs":0.0},{"eventName":"channelAcquisitionStarted","startTimeUTC":"2025-06-04T20:45:44.132014200Z","durationInMilliSecs":5013.3352},{"eventName":"pipelined","startTimeUTC":null,"durationInMilliSecs":0.0},{"eventName":"transitTime","startTimeUTC":null,"durationInMilliSecs":0.0},{"eventName":"decodeTime","startTimeUTC":null,"durationInMilliSecs":0.0},{"eventName":"received","startTimeUTC":null,"durationInMilliSecs":0.0},{"eventName":"completed","startTimeUTC":"2025-06-04T20:45:49.145349400Z","durationInMilliSecs":0.0}],"transportRequestChannelAcquisitionContext":{"events":[{"poll":"2025-06-04T20:45:44.133014200Z","durationInMilliSecs":0.0},{"startNew":"2025-06-04T20:45:44.133014200Z","durationInMilliSecs":5011.3775},{"completeNew":"2025-06-04T20:45:49.144391700Z"}],"waitForChannelInit":true},"rntbdRequestLengthInBytes":-1,"rntbdResponseLengthInBytes":-1,"requestPayloadLengthInBytes":0,"responsePayloadLengthInBytes":-1,"channelStatistics":null,"serviceEndpointStatistics":{"availableChannels":0,"acquiredChannels":0,"executorTaskQueueSize":0,"inflightRequests":1,"lastSuccessfulRequestTime":"2025-06-04T20:45:44.132Z","lastRequestTime":"2025-06-04T20:45:44.132Z","createdTime":"2025-06-04T20:45:44.132014200Z","isClosed":false,"cerMetrics":{}}},"requestResponseTimeUTC":"2025-06-04T20:45:49.146400600Z","requestStartTimeUTC":"2025-06-04T20:45:44.132014200Z","requestResourceType":"Database","requestOperationType":"Read","requestSessionToken":null,"e2ePolicyCfg":null,"excludedRegions":null,"sessionTokenEvaluationResults":[],"locationToLocationSpecificHealthContext":{"v":null}},{"storeResult":{"storePhysicalAddress":"rntbd://cdb-ms-prod-westus3-be41.documents.azure.com:11315/apps/b4a754e2-efc3-4890-b885-c2fba20447a0/services/b395315b-74a0-40f3-909c-476b990ea2b4/partitions/c7536697-f3df-4582-b0a9-8a9fb5d433fe/replicas/133915815056156135p/","lsn":-1,"quorumAckedLSN":-1,"currentReplicaSetSize":-1,"globalCommittedLsn":-1,"partitionKeyRangeId":null,"isValid":false,"statusCode":410,"subStatusCode":20001,"isGone":true,"isNotFound":false,"isInvalidPartition":false,"isThroughputControlRequestRateTooLarge":false,"requestCharge":0.0,"itemLSN":-1,"sessionToken":null,"backendLatencyInMs":null,"retryAfterInMs":null,"exceptionMessage":"failed to establish connection to cdb-ms-prod-westus3-be41.documents.azure.com/<unresolved>:11315 due to io.netty.channel.ConnectTimeoutException: connection timed out after 5000 ms: cdb-ms-prod-westus3-be41.documents.azure.com/20.14.126.131:11315","exceptionResponseHeaders":"{x-ms-activity-id=5ba9d22a-7ee2-4be6-a809-0f90d1885349, x-ms-substatus=20001}","replicaStatusList":{"Ignoring":["11307:S:Unhealthy","11013:S:Unhealthy","11309:S:Unhealthy"],"Attempting":["11315:P:Unknown"]},"transportRequestTimeline":[{"eventName":"created","startTimeUTC":"2025-06-04T20:45:49.168737200Z","durationInMilliSecs":0.0},{"eventName":"queued","startTimeUTC":"2025-06-04T20:45:49.168737200Z","durationInMilliSecs":0.0},{"eventName":"channelAcquisitionStarted","startTimeUTC":"2025-06-04T20:45:49.168737200Z","durationInMilliSecs":5016.0506},{"eventName":"pipelined","startTimeUTC":null,"durationInMilliSecs":0.0},{"eventName":"transitTime","startTimeUTC":null,"durationInMilliSecs":0.0},{"eventName":"decodeTime","startTimeUTC":null,"durationInMilliSecs":0.0},{"eventName":"received","startTimeUTC":null,"durationInMilliSecs":0.0},{"eventName":"completed","startTimeUTC":"2025-06-04T20:45:54.184787800Z","durationInMilliSecs":0.0}],"transportRequestChannelAcquisitionContext":{"events":[{"poll":"2025-06-04T20:45:49.169753600Z","durationInMilliSecs":0.0},{"startNew":"2025-06-04T20:45:49.169753600Z","durationInMilliSecs":5014.4272},{"completeNew":"2025-06-04T20:45:54.184180800Z"}],"waitForChannelInit":true},"rntbdRequestLengthInBytes":-1,"rntbdResponseLengthInBytes":-1,"requestPayloadLengthInBytes":0,"responsePayloadLengthInBytes":-1,"channelStatistics":null,"serviceEndpointStatistics":{"availableChannels":0,"acquiredChannels":0,"executorTaskQueueSize":0,"inflightRequests":1,"lastSuccessfulRequestTime":"2025-06-04T20:45:49.168Z","lastRequestTime":"2025-06-04T20:45:49.168Z","createdTime":"2025-06-04T20:45:49.168737200Z","isClosed":false,"cerMetrics":{}}},"requestResponseTimeUTC":"2025-06-04T20:45:54.184787800Z","requestStartTimeUTC":"2025-06-04T20:45:49.168737200Z","requestResourceType":"Database","requestOperationType":"Read","requestSessionToken":null,"e2ePolicyCfg":null,"excludedRegions":null,"sessionTokenEvaluationResults":[],"locationToLocationSpecificHealthContext":{"v":null}},{"storeResult":{"storePhysicalAddress":"rntbd://cdb-ms-prod-westus3-be41.documents.azure.com:11309/apps/b4a754e2-efc3-4890-b885-c2fba20447a0/services/b395315b-74a0-40f3-909c-476b990ea2b4/partitions/c7536697-f3df-4582-b0a9-8a9fb5d433fe/replicas/133915815056156133s/","lsn":0,"quorumAckedLSN":-1,"currentReplicaSetSize":-1,"globalCommittedLsn":-1,"partitionKeyRangeId":null,"isValid":false,"statusCode":410,"subStatusCode":20001,"isGone":true,"isNotFound":false,"isInvalidPartition":false,"isThroughputControlRequestRateTooLarge":false,"requestCharge":0.0,"itemLSN":-1,"sessionToken":null,"backendLatencyInMs":null,"retryAfterInMs":null,"exceptionMessage":"failed to establish connection to cdb-ms-prod-westus3-be41.documents.azure.com/<unresolved>:11309 due to io.netty.channel.ConnectTimeoutException: connection timed out after 5000 ms: cdb-ms-prod-westus3-be41.documents.azure.com/20.14.126.131:11309","exceptionResponseHeaders":"{x-ms-activity-id=5ba9d22a-7ee2-4be6-a809-0f90d1885349, x-ms-substatus=20001}","replicaStatusList":{"Ignoring":["11315:P:Unknown"],"Attempting":["11013:S:Unknown","11307:S:Unknown","11309:S:Unknown"]},"transportRequestTimeline":[{"eventName":"created","startTimeUTC":"2025-06-04T20:45:54.307237300Z","durationInMilliSecs":0.9605},{"eventName":"queued","startTimeUTC":"2025-06-04T20:45:54.308197800Z","durationInMilliSecs":0.0},{"eventName":"channelAcquisitionStarted","startTimeUTC":"2025-06-04T20:45:54.308197800Z","durationInMilliSecs":5011.8224},{"eventName":"pipelined","startTimeUTC":null,"durationInMilliSecs":0.0},{"eventName":"transitTime","startTimeUTC":null,"durationInMilliSecs":0.0},{"eventName":"decodeTime","startTimeUTC":null,"durationInMilliSecs":0.0},{"eventName":"received","startTimeUTC":null,"durationInMilliSecs":0.0},{"eventName":"completed","startTimeUTC":"2025-06-04T20:45:59.320020200Z","durationInMilliSecs":0.0}],"transportRequestChannelAcquisitionContext":{"events":[{"poll":"2025-06-04T20:45:54.308197800Z","durationInMilliSecs":0.0},{"startNew":"2025-06-04T20:45:54.308197800Z","durationInMilliSecs":5011.8224},{"completeNew":"2025-06-04T20:45:59.320020200Z"}],"waitForChannelInit":true},"rntbdRequestLengthInBytes":-1,"rntbdResponseLengthInBytes":-1,"requestPayloadLengthInBytes":0,"responsePayloadLengthInBytes":-1,"channelStatistics":null,"serviceEndpointStatistics":{"availableChannels":0,"acquiredChannels":0,"executorTaskQueueSize":0,"inflightRequests":1,"lastSuccessfulRequestTime":"2025-06-04T20:45:44.132Z","lastRequestTime":"2025-06-04T20:45:44.132Z","createdTime":"2025-06-04T20:45:44.132014200Z","isClosed":false,"cerMetrics":{"lastCallTimestamp":"2025-06-04T20:45:49.142311Z","lastActionableContext":"(2025-06-04T20:45:49.142311Z,1)"}}},"requestResponseTimeUTC":"2025-06-04T20:45:59.321009200Z","requestStartTimeUTC":"2025-06-04T20:45:54.307237300Z","requestResourceType":"Database","requestOperationType":"Read","requestSessionToken":null,"e2ePolicyCfg":null,"excludedRegions":null,"sessionTokenEvaluationResults":[],"locationToLocationSpecificHealthContext":{"v":null}},{"storeResult":{"storePhysicalAddress":"rntbd://cdb-ms-prod-westus3-be41.documents.azure.com:11307/apps/b4a754e2-efc3-4890-b885-c2fba20447a0/services/b395315b-74a0-40f3-909c-476b990ea2b4/partitions/c7536697-f3df-4582-b0a9-8a9fb5d433fe/replicas/133915815056156134s/","lsn":0,"quorumAckedLSN":-1,"currentReplicaSetSize":-1,"globalCommittedLsn":-1,"partitionKeyRangeId":null,"isValid":false,"statusCode":410,"subStatusCode":20001,"isGone":true,"isNotFound":false,"isInvalidPartition":false,"isThroughputControlRequestRateTooLarge":false,"requestCharge":0.0,"itemLSN":-1,"sessionToken":null,"backendLatencyInMs":null,"retryAfterInMs":null,"exceptionMessage":"failed to establish connection to cdb-ms-prod-westus3-be41.documents.azure.com/<unresolved>:11307 due to io.netty.channel.ConnectTimeoutException: connection timed out after 5000 ms: cdb-ms-prod-westus3-be41.documents.azure.com/20.14.126.131:11307","exceptionResponseHeaders":"{x-ms-activity-id=5ba9d22a-7ee2-4be6-a809-0f90d1885349, x-ms-substatus=20001}","replicaStatusList":{"Ignoring":["11315:P:Unknown"],"Attempting":["11013:S:Unknown","11307:S:Unknown","11309:S:Unknown"]},"transportRequestTimeline":[{"eventName":"created","startTimeUTC":"2025-06-04T20:45:54.308197800Z","durationInMilliSecs":0.0},{"eventName":"queued","startTimeUTC":"2025-06-04T20:45:54.308197800Z","durationInMilliSecs":0.0},{"eventName":"channelAcquisitionStarted","startTimeUTC":"2025-06-04T20:45:54.308197800Z","durationInMilliSecs":5012.8114},{"eventName":"pipelined","startTimeUTC":null,"durationInMilliSecs":0.0},{"eventName":"transitTime","startTimeUTC":null,"durationInMilliSecs":0.0},{"eventName":"decodeTime","startTimeUTC":null,"durationInMilliSecs":0.0},{"eventName":"received","startTimeUTC":null,"durationInMilliSecs":0.0},{"eventName":"completed","startTimeUTC":"2025-06-04T20:45:59.321009200Z","durationInMilliSecs":0.0}],"transportRequestChannelAcquisitionContext":{"events":[{"poll":"2025-06-04T20:45:54.308197800Z","durationInMilliSecs":0.0},{"startNew":"2025-06-04T20:45:54.308197800Z","durationInMilliSecs":5011.8224},{"completeNew":"2025-06-04T20:45:59.320020200Z"}],"waitForChannelInit":true},"rntbdRequestLengthInBytes":-1,"rntbdResponseLengthInBytes":-1,"requestPayloadLengthInBytes":0,"responsePayloadLengthInBytes":-1,"channelStatistics":null,"serviceEndpointStatistics":{"availableChannels":0,"acquiredChannels":0,"executorTaskQueueSize":0,"inflightRequests":1,"lastSuccessfulRequestTime":"2025-06-04T20:45:39.017Z","lastRequestTime":"2025-06-04T20:45:39.017Z","createdTime":"2025-06-04T20:45:39.017390800Z","isClosed":false,"cerMetrics":{"lastCallTimestamp":"2025-06-04T20:45:44.101797300Z","lastActionableContext":"(2025-06-04T20:45:44.101797300Z,1)"}}},"requestResponseTimeUTC":"2025-06-04T20:45:59.321009200Z","requestStartTimeUTC":"2025-06-04T20:45:54.308197800Z","requestResourceType":"Database","requestOperationType":"Read","requestSessionToken":null,"e2ePolicyCfg":null,"excludedRegions":null,"sessionTokenEvaluationResults":[],"locationToLocationSpecificHealthContext":{"v":null}},{"storeResult":{"storePhysicalAddress":"rntbd://cdb-ms-prod-westus3-be41.documents.azure.com:11013/apps/b4a754e2-efc3-4890-b885-c2fba20447a0/services/b395315b-74a0-40f3-909c-476b990ea2b4/partitions/c7536697-f3df-4582-b0a9-8a9fb5d433fe/replicas/133915815012093458s/","lsn":0,"quorumAckedLSN":-1,"currentReplicaSetSize":-1,"globalCommittedLsn":-1,"partitionKeyRangeId":null,"isValid":false,"statusCode":410,"subStatusCode":20001,"isGone":true,"isNotFound":false,"isInvalidPartition":false,"isThroughputControlRequestRateTooLarge":false,"requestCharge":0.0,"itemLSN":-1,"sessionToken":null,"backendLatencyInMs":null,"retryAfterInMs":null,"exceptionMessage":"failed to establish connection to cdb-ms-prod-westus3-be41.documents.azure.com/<unresolved>:11013 due to io.netty.channel.ConnectTimeoutException: connection timed out after 5000 ms: cdb-ms-prod-westus3-be41.documents.azure.com/20.14.126.131:11013","exceptionResponseHeaders":"{x-ms-activity-id=5ba9d22a-7ee2-4be6-a809-0f90d1885349, x-ms-substatus=20001}","replicaStatusList":{"Ignoring":["11315:P:Unknown","11307:S:Unhealthy","11309:S:Unhealthy"],"Attempting":["11013:S:Unknown"]},"transportRequestTimeline":[{"eventName":"created","startTimeUTC":"2025-06-04T20:45:59.321009200Z","durationInMilliSecs":0.0},{"eventName":"queued","startTimeUTC":"2025-06-04T20:45:59.321009200Z","durationInMilliSecs":0.0},{"eventName":"channelAcquisitionStarted","startTimeUTC":"2025-06-04T20:45:59.321009200Z","durationInMilliSecs":5006.8154},{"eventName":"pipelined","startTimeUTC":null,"durationInMilliSecs":0.0},{"eventName":"transitTime","startTimeUTC":null,"durationInMilliSecs":0.0},{"eventName":"decodeTime","startTimeUTC":null,"durationInMilliSecs":0.0},{"eventName":"received","startTimeUTC":null,"durationInMilliSecs":0.0},{"eventName":"completed","startTimeUTC":"2025-06-04T20:46:04.327824600Z","durationInMilliSecs":0.0}],"transportRequestChannelAcquisitionContext":{"events":[{"poll":"2025-06-04T20:45:59.321009200Z","durationInMilliSecs":0.0},{"startNew":"2025-06-04T20:45:59.321009200Z","durationInMilliSecs":5006.8154},{"completeNew":"2025-06-04T20:46:04.327824600Z"}],"waitForChannelInit":true},"rntbdRequestLengthInBytes":-1,"rntbdResponseLengthInBytes":-1,"requestPayloadLengthInBytes":0,"responsePayloadLengthInBytes":-1,"channelStatistics":null,"serviceEndpointStatistics":{"availableChannels":0,"acquiredChannels":0,"executorTaskQueueSize":0,"inflightRequests":1,"lastSuccessfulRequestTime":"2025-06-04T20:45:38.994Z","lastRequestTime":"2025-06-04T20:45:38.986Z","createdTime":"2025-06-04T20:45:38.993924Z","isClosed":false,"cerMetrics":{"lastCallTimestamp":"2025-06-04T20:45:44.101797300Z","lastActionableContext":"(2025-06-04T20:45:44.101797300Z,1)"}}},"requestResponseTimeUTC":"2025-06-04T20:46:04.328821700Z","requestStartTimeUTC":"2025-06-04T20:45:59.321009200Z","requestResourceType":"Database","requestOperationType":"Read","requestSessionToken":null,"e2ePolicyCfg":null,"excludedRegions":null,"sessionTokenEvaluationResults":[],"locationToLocationSpecificHealthContext":{"v":null}},{"storeResult":{"storePhysicalAddress":"rntbd://cdb-ms-prod-westus3-be41.documents.azure.com:11315/apps/b4a754e2-efc3-4890-b885-c2fba20447a0/services/b395315b-74a0-40f3-909c-476b990ea2b4/partitions/c7536697-f3df-4582-b0a9-8a9fb5d433fe/replicas/133915815056156135p/","lsn":-1,"quorumAckedLSN":-1,"currentReplicaSetSize":-1,"globalCommittedLsn":-1,"partitionKeyRangeId":null,"isValid":false,"statusCode":410,"subStatusCode":20001,"isGone":true,"isNotFound":false,"isInvalidPartition":false,"isThroughputControlRequestRateTooLarge":false,"requestCharge":0.0,"itemLSN":-1,"sessionToken":null,"backendLatencyInMs":null,"retryAfterInMs":null,"exceptionMessage":"failed to establish connection to cdb-ms-prod-westus3-be41.documents.azure.com/<unresolved>:11315 due to io.netty.channel.ConnectTimeoutException: connection timed out after 5000 ms: cdb-ms-prod-westus3-be41.documents.azure.com/20.14.126.131:11315","exceptionResponseHeaders":"{x-ms-activity-id=5ba9d22a-7ee2-4be6-a809-0f90d1885349, x-ms-substatus=20001}","replicaStatusList":{"Ignoring":["11307:S:Unhealthy","11013:S:Unhealthy","11309:S:Unhealthy"],"Attempting":["11315:P:Unknown"]},"transportRequestTimeline":[{"eventName":"created","startTimeUTC":"2025-06-04T20:46:04.328821700Z","durationInMilliSecs":0.0},{"eventName":"queued","startTimeUTC":"2025-06-04T20:46:04.328821700Z","durationInMilliSecs":0.0},{"eventName":"channelAcquisitionStarted","startTimeUTC":"2025-06-04T20:46:04.328821700Z","durationInMilliSecs":5015.1808},{"eventName":"pipelined","startTimeUTC":null,"durationInMilliSecs":0.0},{"eventName":"transitTime","startTimeUTC":null,"durationInMilliSecs":0.0},{"eventName":"decodeTime","startTimeUTC":null,"durationInMilliSecs":0.0},{"eventName":"received","startTimeUTC":null,"durationInMilliSecs":0.0},{"eventName":"completed","startTimeUTC":"2025-06-04T20:46:09.344002500Z","durationInMilliSecs":0.0}],"transportRequestChannelAcquisitionContext":{"events":[{"poll":"2025-06-04T20:46:04.328821700Z","durationInMilliSecs":0.0},{"startNew":"2025-06-04T20:46:04.328821700Z","durationInMilliSecs":5014.1777},{"completeNew":"2025-06-04T20:46:09.342999400Z"}],"waitForChannelInit":true},"rntbdRequestLengthInBytes":-1,"rntbdResponseLengthInBytes":-1,"requestPayloadLengthInBytes":0,"responsePayloadLengthInBytes":-1,"channelStatistics":null,"serviceEndpointStatistics":{"availableChannels":0,"acquiredChannels":0,"executorTaskQueueSize":0,"inflightRequests":1,"lastSuccessfulRequestTime":"2025-06-04T20:45:49.168Z","lastRequestTime":"2025-06-04T20:45:49.168Z","createdTime":"2025-06-04T20:45:49.168737200Z","isClosed":false,"cerMetrics":{"lastCallTimestamp":"2025-06-04T20:45:54.182094100Z","lastActionableContext":"(2025-06-04T20:45:54.182094100Z,1)"}}},"requestResponseTimeUTC":"2025-06-04T20:46:09.344002500Z","requestStartTimeUTC":"2025-06-04T20:46:04.328821700Z","requestResourceType":"Database","requestOperationType":"Read","requestSessionToken":null,"e2ePolicyCfg":null,"excludedRegions":null,"sessionTokenEvaluationResults":[],"locationToLocationSpecificHealthContext":{"v":null}}],"supplementalResponseStatisticsList":[],"addressResolutionStatistics":{"8aa9dd1f-3ab2-4f5e-ae90-09c498116f6e":{"startTimeUTC":"2025-06-04T20:45:38.458108100Z","endTimeUTC":"2025-06-04T20:45:38.950920700Z","targetEndpoint":"https://facturacioncosmosdb-westus3.documents.azure.com:443/addresses/?$resolveFor=dbs&$filter=protocol%20eq%20rntbd","exceptionMessage":null,"forceRefresh":true,"forceCollectionRoutingMapRefresh":true,"inflightRequest":false},"438314b6-3c2c-4dec-b289-dfaee49d6657":{"startTimeUTC":"2025-06-04T20:45:54.188430500Z","endTimeUTC":"2025-06-04T20:45:54.306239Z","targetEndpoint":"https://facturacioncosmosdb-westus3.documents.azure.com:443/addresses/?$resolveFor=dbs&$filter=protocol%20eq%20rntbd","exceptionMessage":null,"forceRefresh":true,"forceCollectionRoutingMapRefresh":true,"inflightRequest":false}},"regionsContacted":["west us 3"],"retryContext":{"statusAndSubStatusCodes":[[410,21009],[410,21009],[503,21009]],"retryCount":3,"retryLatency":15160},"metadataDiagnosticsContext":{"metadataDiagnosticList":[{"metaDataName":"MASTER_ADDRESS_LOOK_UP","startTimeUTC":"2025-06-04T20:45:38.458108100Z","endTimeUTC":"2025-06-04T20:45:38.948965900Z","durationinMS":490},{"metaDataName":"MASTER_ADDRESS_LOOK_UP","startTimeUTC":"2025-06-04T20:45:54.188430500Z","endTimeUTC":"2025-06-04T20:45:54.306239Z","durationinMS":117}]},"serializationDiagnosticsContext":{"serializationDiagnosticsList":null},"gatewayStatisticsList":[],"samplingRateSnapshot":1.0,"bloomFilterInsertionCountSnapshot":0,"systemInformation":{"usedMemory":"49588 KB","availableMemory":"3046988 KB","systemCpuLoad":"empty","availableProcessors":12},"clientCfgs":{"id":1,"machineId":"uuid:fade444e-41d4-4bcc-a079-df2b8b43d1f3","connectionMode":"DIRECT","numberOfClients":0,"excrgns":"[]","clientEndpoints":{"https://facturacioncosmosdb.documents.azure.com:443/":1},"connCfg":{"rntbd":"(cto:PT5S, nrto:PT5S, icto:PT0S, ieto:PT1H, mcpe:130, mrpc:30, cer:true)","gw":"(cps:1000, nrto:PT1M, icto:PT1M, cto:PT45S, p:false)","other":"(ed: true, cs: false, rv: true)"},"consistencyCfg":"(consistency: null, mm: true, prgns: [])","proactiveInitCfg":"","e2ePolicyCfg":"","sessionRetryCfg":"","partitionLevelCircuitBreakerCfg":"(cb: false, type: CONSECUTIVE_EXCEPTION_COUNT_BASED, rexcntt: 10, wexcntt: 5)"}}}]
	Suppressed: java.lang.Exception: #block terminated with an error
		at reactor.core.publisher.BlockingSingleSubscriber.blockingGet(BlockingSingleSubscriber.java:104) ~[reactor-core-3.7.5.jar:3.7.5]
		at reactor.core.publisher.Mono.block(Mono.java:1779) ~[reactor-core-3.7.5.jar:3.7.5]
		at com.azure.spring.data.cosmos.repository.support.SimpleReactiveCosmosRepository.createContainerIfNotExists(SimpleReactiveCosmosRepository.java:85) ~[azure-spring-data-cosmos-5.22.0.jar:5.22.0]
		at com.azure.spring.data.cosmos.repository.support.SimpleReactiveCosmosRepository.<init>(SimpleReactiveCosmosRepository.java:50) ~[azure-spring-data-cosmos-5.22.0.jar:5.22.0]
		at java.base/jdk.internal.reflect.DirectConstructorHandleAccessor.newInstance(DirectConstructorHandleAccessor.java:62) ~[na:na]
		at java.base/java.lang.reflect.Constructor.newInstanceWithCaller(Constructor.java:501) ~[na:na]
		at java.base/java.lang.reflect.Constructor.newInstance(Constructor.java:485) ~[na:na]
		at org.springframework.beans.BeanUtils.instantiateClass(BeanUtils.java:209) ~[spring-beans-6.2.6.jar:6.2.6]
		at org.springframework.data.repository.core.support.RepositoryFactorySupport.lambda$instantiateClass$5(RepositoryFactorySupport.java:657) ~[spring-data-commons-3.4.5.jar:3.4.5]
		at java.base/java.util.Optional.map(Optional.java:260) ~[na:na]
		at org.springframework.data.repository.core.support.RepositoryFactorySupport.instantiateClass(RepositoryFactorySupport.java:657) ~[spring-data-commons-3.4.5.jar:3.4.5]
		at org.springframework.data.repository.core.support.RepositoryFactorySupport.getTargetRepositoryViaReflection(RepositoryFactorySupport.java:622) ~[spring-data-commons-3.4.5.jar:3.4.5]
		at com.azure.spring.data.cosmos.repository.support.ReactiveCosmosRepositoryFactory.getTargetRepository(ReactiveCosmosRepositoryFactory.java:48) ~[azure-spring-data-cosmos-5.22.0.jar:5.22.0]
		at org.springframework.data.repository.core.support.RepositoryFactorySupport.getRepository(RepositoryFactorySupport.java:377) ~[spring-data-commons-3.4.5.jar:3.4.5]
		at org.springframework.data.repository.core.support.RepositoryFactoryBeanSupport.lambda$afterPropertiesSet$4(RepositoryFactoryBeanSupport.java:350) ~[spring-data-commons-3.4.5.jar:3.4.5]
		at org.springframework.data.util.Lazy.getNullable(Lazy.java:135) ~[spring-data-commons-3.4.5.jar:3.4.5]
		at org.springframework.data.util.Lazy.get(Lazy.java:113) ~[spring-data-commons-3.4.5.jar:3.4.5]
		at org.springframework.data.repository.core.support.RepositoryFactoryBeanSupport.afterPropertiesSet(RepositoryFactoryBeanSupport.java:356) ~[spring-data-commons-3.4.5.jar:3.4.5]
		at com.azure.spring.data.cosmos.repository.support.ReactiveCosmosRepositoryFactoryBean.afterPropertiesSet(ReactiveCosmosRepositoryFactoryBean.java:69) ~[azure-spring-data-cosmos-5.22.0.jar:5.22.0]
		at org.springframework.beans.factory.support.AbstractAutowireCapableBeanFactory.invokeInitMethods(AbstractAutowireCapableBeanFactory.java:1865) ~[spring-beans-6.2.6.jar:6.2.6]
		at org.springframework.beans.factory.support.AbstractAutowireCapableBeanFactory.initializeBean(AbstractAutowireCapableBeanFactory.java:1814) ~[spring-beans-6.2.6.jar:6.2.6]
		at org.springframework.beans.factory.support.AbstractAutowireCapableBeanFactory.doCreateBean(AbstractAutowireCapableBeanFactory.java:607) ~[spring-beans-6.2.6.jar:6.2.6]
		at org.springframework.beans.factory.support.AbstractAutowireCapableBeanFactory.createBean(AbstractAutowireCapableBeanFactory.java:529) ~[spring-beans-6.2.6.jar:6.2.6]
		at org.springframework.beans.factory.support.AbstractBeanFactory.lambda$doGetBean$0(AbstractBeanFactory.java:339) ~[spring-beans-6.2.6.jar:6.2.6]
		at org.springframework.beans.factory.support.DefaultSingletonBeanRegistry.getSingleton(DefaultSingletonBeanRegistry.java:371) ~[spring-beans-6.2.6.jar:6.2.6]
		at org.springframework.beans.factory.support.AbstractBeanFactory.doGetBean(AbstractBeanFactory.java:337) ~[spring-beans-6.2.6.jar:6.2.6]
		at org.springframework.beans.factory.support.AbstractBeanFactory.getBean(AbstractBeanFactory.java:202) ~[spring-beans-6.2.6.jar:6.2.6]
		at org.springframework.beans.factory.support.DefaultListableBeanFactory.doResolveDependency(DefaultListableBeanFactory.java:1681) ~[spring-beans-6.2.6.jar:6.2.6]
		at org.springframework.beans.factory.support.DefaultListableBeanFactory.resolveDependency(DefaultListableBeanFactory.java:1627) ~[spring-beans-6.2.6.jar:6.2.6]
		at org.springframework.beans.factory.support.ConstructorResolver.resolveAutowiredArgument(ConstructorResolver.java:913) ~[spring-beans-6.2.6.jar:6.2.6]
		at org.springframework.beans.factory.support.ConstructorResolver.createArgumentArray(ConstructorResolver.java:791) ~[spring-beans-6.2.6.jar:6.2.6]
		at org.springframework.beans.factory.support.ConstructorResolver.autowireConstructor(ConstructorResolver.java:240) ~[spring-beans-6.2.6.jar:6.2.6]
		at org.springframework.beans.factory.support.AbstractAutowireCapableBeanFactory.autowireConstructor(AbstractAutowireCapableBeanFactory.java:1387) ~[spring-beans-6.2.6.jar:6.2.6]
		at org.springframework.beans.factory.support.AbstractAutowireCapableBeanFactory.createBeanInstance(AbstractAutowireCapableBeanFactory.java:1224) ~[spring-beans-6.2.6.jar:6.2.6]
		at org.springframework.beans.factory.support.AbstractAutowireCapableBeanFactory.doCreateBean(AbstractAutowireCapableBeanFactory.java:569) ~[spring-beans-6.2.6.jar:6.2.6]
		at org.springframework.beans.factory.support.AbstractAutowireCapableBeanFactory.createBean(AbstractAutowireCapableBeanFactory.java:529) ~[spring-beans-6.2.6.jar:6.2.6]
		at org.springframework.beans.factory.support.AbstractBeanFactory.lambda$doGetBean$0(AbstractBeanFactory.java:339) ~[spring-beans-6.2.6.jar:6.2.6]
		at org.springframework.beans.factory.support.DefaultSingletonBeanRegistry.getSingleton(DefaultSingletonBeanRegistry.java:371) ~[spring-beans-6.2.6.jar:6.2.6]
		at org.springframework.beans.factory.support.AbstractBeanFactory.doGetBean(AbstractBeanFactory.java:337) ~[spring-beans-6.2.6.jar:6.2.6]
		at org.springframework.beans.factory.support.AbstractBeanFactory.getBean(AbstractBeanFactory.java:202) ~[spring-beans-6.2.6.jar:6.2.6]
		at org.springframework.beans.factory.support.DefaultListableBeanFactory.instantiateSingleton(DefaultListableBeanFactory.java:1221) ~[spring-beans-6.2.6.jar:6.2.6]
		at org.springframework.beans.factory.support.DefaultListableBeanFactory.preInstantiateSingleton(DefaultListableBeanFactory.java:1187) ~[spring-beans-6.2.6.jar:6.2.6]
		at org.springframework.beans.factory.support.DefaultListableBeanFactory.preInstantiateSingletons(DefaultListableBeanFactory.java:1122) ~[spring-beans-6.2.6.jar:6.2.6]
		at org.springframework.context.support.AbstractApplicationContext.finishBeanFactoryInitialization(AbstractApplicationContext.java:987) ~[spring-context-6.2.6.jar:6.2.6]
		at org.springframework.context.support.AbstractApplicationContext.refresh(AbstractApplicationContext.java:627) ~[spring-context-6.2.6.jar:6.2.6]
		at org.springframework.boot.SpringApplication.refresh(SpringApplication.java:753) ~[spring-boot-3.4.5.jar:3.4.5]
		at org.springframework.boot.SpringApplication.refreshContext(SpringApplication.java:439) ~[spring-boot-3.4.5.jar:3.4.5]
		at org.springframework.boot.SpringApplication.run(SpringApplication.java:318) ~[spring-boot-3.4.5.jar:3.4.5]
		at org.springframework.boot.test.context.SpringBootContextLoader.lambda$loadContext$3(SpringBootContextLoader.java:144) ~[spring-boot-test-3.4.5.jar:3.4.5]
		at org.springframework.util.function.ThrowingSupplier.get(ThrowingSupplier.java:58) ~[spring-core-6.2.6.jar:6.2.6]
		at org.springframework.util.function.ThrowingSupplier.get(ThrowingSupplier.java:46) ~[spring-core-6.2.6.jar:6.2.6]
		at org.springframework.boot.SpringApplication.withHook(SpringApplication.java:1462) ~[spring-boot-3.4.5.jar:3.4.5]
		at org.springframework.boot.test.context.SpringBootContextLoader$ContextLoaderHook.run(SpringBootContextLoader.java:563) ~[spring-boot-test-3.4.5.jar:3.4.5]
		at org.springframework.boot.test.context.SpringBootContextLoader.loadContext(SpringBootContextLoader.java:144) ~[spring-boot-test-3.4.5.jar:3.4.5]
		at org.springframework.boot.test.context.SpringBootContextLoader.loadContext(SpringBootContextLoader.java:110) ~[spring-boot-test-3.4.5.jar:3.4.5]
		at org.springframework.test.context.cache.DefaultCacheAwareContextLoaderDelegate.loadContextInternal(DefaultCacheAwareContextLoaderDelegate.java:225) ~[spring-test-6.2.6.jar:6.2.6]
		at org.springframework.test.context.cache.DefaultCacheAwareContextLoaderDelegate.loadContext(DefaultCacheAwareContextLoaderDelegate.java:152) ~[spring-test-6.2.6.jar:6.2.6]
		at org.springframework.test.context.support.DefaultTestContext.getApplicationContext(DefaultTestContext.java:130) ~[spring-test-6.2.6.jar:6.2.6]
		at org.springframework.test.context.support.DependencyInjectionTestExecutionListener.injectDependencies(DependencyInjectionTestExecutionListener.java:155) ~[spring-test-6.2.6.jar:6.2.6]
		at org.springframework.test.context.support.DependencyInjectionTestExecutionListener.prepareTestInstance(DependencyInjectionTestExecutionListener.java:111) ~[spring-test-6.2.6.jar:6.2.6]
		at org.springframework.test.context.TestContextManager.prepareTestInstance(TestContextManager.java:260) ~[spring-test-6.2.6.jar:6.2.6]
		at org.springframework.test.context.junit.jupiter.SpringExtension.postProcessTestInstance(SpringExtension.java:159) ~[spring-test-6.2.6.jar:6.2.6]
		at org.junit.jupiter.engine.descriptor.ClassBasedTestDescriptor.lambda$invokeTestInstancePostProcessors$11(ClassBasedTestDescriptor.java:378) ~[junit-jupiter-engine-5.11.4.jar:5.11.4]
		at org.junit.jupiter.engine.descriptor.ClassBasedTestDescriptor.executeAndMaskThrowable(ClassBasedTestDescriptor.java:383) ~[junit-jupiter-engine-5.11.4.jar:5.11.4]
		at org.junit.jupiter.engine.descriptor.ClassBasedTestDescriptor.lambda$invokeTestInstancePostProcessors$12(ClassBasedTestDescriptor.java:378) ~[junit-jupiter-engine-5.11.4.jar:5.11.4]
		at java.base/java.util.stream.ForEachOps$ForEachOp$OfRef.accept(ForEachOps.java:184) ~[na:na]
		at java.base/java.util.stream.ReferencePipeline$3$1.accept(ReferencePipeline.java:215) ~[na:na]
		at java.base/java.util.stream.ReferencePipeline$2$1.accept(ReferencePipeline.java:197) ~[na:na]
		at java.base/java.util.stream.ReferencePipeline$3$1.accept(ReferencePipeline.java:215) ~[na:na]
		at java.base/java.util.ArrayList$ArrayListSpliterator.forEachRemaining(ArrayList.java:1709) ~[na:na]
		at java.base/java.util.stream.AbstractPipeline.copyInto(AbstractPipeline.java:570) ~[na:na]
		at java.base/java.util.stream.AbstractPipeline.wrapAndCopyInto(AbstractPipeline.java:560) ~[na:na]
		at java.base/java.util.stream.ForEachOps$ForEachOp.evaluateSequential(ForEachOps.java:151) ~[na:na]
		at java.base/java.util.stream.ForEachOps$ForEachOp$OfRef.evaluateSequential(ForEachOps.java:174) ~[na:na]
		at java.base/java.util.stream.AbstractPipeline.evaluate(AbstractPipeline.java:265) ~[na:na]
		at java.base/java.util.stream.ReferencePipeline.forEach(ReferencePipeline.java:636) ~[na:na]
		at org.junit.jupiter.engine.descriptor.ClassBasedTestDescriptor.invokeTestInstancePostProcessors(ClassBasedTestDescriptor.java:377) ~[junit-jupiter-engine-5.11.4.jar:5.11.4]
		at org.junit.jupiter.engine.descriptor.ClassBasedTestDescriptor.lambda$instantiateAndPostProcessTestInstance$7(ClassBasedTestDescriptor.java:290) ~[junit-jupiter-engine-5.11.4.jar:5.11.4]
		at org.junit.platform.engine.support.hierarchical.ThrowableCollector.execute(ThrowableCollector.java:73) ~[junit-platform-engine-1.11.4.jar:1.11.4]
		at org.junit.jupiter.engine.descriptor.ClassBasedTestDescriptor.instantiateAndPostProcessTestInstance(ClassBasedTestDescriptor.java:289) ~[junit-jupiter-engine-5.11.4.jar:5.11.4]
		at org.junit.jupiter.engine.descriptor.ClassBasedTestDescriptor.lambda$testInstancesProvider$5(ClassBasedTestDescriptor.java:279) ~[junit-jupiter-engine-5.11.4.jar:5.11.4]
		at java.base/java.util.Optional.orElseGet(Optional.java:364) ~[na:na]
		at org.junit.jupiter.engine.descriptor.ClassBasedTestDescriptor.lambda$testInstancesProvider$6(ClassBasedTestDescriptor.java:278) ~[junit-jupiter-engine-5.11.4.jar:5.11.4]
		at org.junit.jupiter.engine.execution.TestInstancesProvider.getTestInstances(TestInstancesProvider.java:31) ~[junit-jupiter-engine-5.11.4.jar:5.11.4]
		at org.junit.jupiter.engine.descriptor.TestMethodTestDescriptor.lambda$prepare$1(TestMethodTestDescriptor.java:105) ~[junit-jupiter-engine-5.11.4.jar:5.11.4]
		at org.junit.platform.engine.support.hierarchical.ThrowableCollector.execute(ThrowableCollector.java:73) ~[junit-platform-engine-1.11.4.jar:1.11.4]
		at org.junit.jupiter.engine.descriptor.TestMethodTestDescriptor.prepare(TestMethodTestDescriptor.java:104) ~[junit-jupiter-engine-5.11.4.jar:5.11.4]
		at org.junit.jupiter.engine.descriptor.TestMethodTestDescriptor.prepare(TestMethodTestDescriptor.java:68) ~[junit-jupiter-engine-5.11.4.jar:5.11.4]
		at org.junit.platform.engine.support.hierarchical.NodeTestTask.lambda$prepare$2(NodeTestTask.java:128) ~[junit-platform-engine-1.11.4.jar:1.11.4]
		at org.junit.platform.engine.support.hierarchical.ThrowableCollector.execute(ThrowableCollector.java:73) ~[junit-platform-engine-1.11.4.jar:1.11.4]
		at org.junit.platform.engine.support.hierarchical.NodeTestTask.prepare(NodeTestTask.java:128) ~[junit-platform-engine-1.11.4.jar:1.11.4]
		at org.junit.platform.engine.support.hierarchical.NodeTestTask.execute(NodeTestTask.java:95) ~[junit-platform-engine-1.11.4.jar:1.11.4]
		at java.base/java.util.ArrayList.forEach(ArrayList.java:1597) ~[na:na]
		at org.junit.platform.engine.support.hierarchical.SameThreadHierarchicalTestExecutorService.invokeAll(SameThreadHierarchicalTestExecutorService.java:41) ~[junit-platform-engine-1.11.4.jar:1.11.4]
		at org.junit.platform.engine.support.hierarchical.NodeTestTask.lambda$executeRecursively$6(NodeTestTask.java:160) ~[junit-platform-engine-1.11.4.jar:1.11.4]
		at org.junit.platform.engine.support.hierarchical.ThrowableCollector.execute(ThrowableCollector.java:73) ~[junit-platform-engine-1.11.4.jar:1.11.4]
		at org.junit.platform.engine.support.hierarchical.NodeTestTask.lambda$executeRecursively$8(NodeTestTask.java:146) ~[junit-platform-engine-1.11.4.jar:1.11.4]
		at org.junit.platform.engine.support.hierarchical.Node.around(Node.java:137) ~[junit-platform-engine-1.11.4.jar:1.11.4]
		at org.junit.platform.engine.support.hierarchical.NodeTestTask.lambda$executeRecursively$9(NodeTestTask.java:144) ~[junit-platform-engine-1.11.4.jar:1.11.4]
		at org.junit.platform.engine.support.hierarchical.ThrowableCollector.execute(ThrowableCollector.java:73) ~[junit-platform-engine-1.11.4.jar:1.11.4]
		at org.junit.platform.engine.support.hierarchical.NodeTestTask.executeRecursively(NodeTestTask.java:143) ~[junit-platform-engine-1.11.4.jar:1.11.4]
		at org.junit.platform.engine.support.hierarchical.NodeTestTask.execute(NodeTestTask.java:100) ~[junit-platform-engine-1.11.4.jar:1.11.4]
		at java.base/java.util.ArrayList.forEach(ArrayList.java:1597) ~[na:na]
		at org.junit.platform.engine.support.hierarchical.SameThreadHierarchicalTestExecutorService.invokeAll(SameThreadHierarchicalTestExecutorService.java:41) ~[junit-platform-engine-1.11.4.jar:1.11.4]
		at org.junit.platform.engine.support.hierarchical.NodeTestTask.lambda$executeRecursively$6(NodeTestTask.java:160) ~[junit-platform-engine-1.11.4.jar:1.11.4]
		at org.junit.platform.engine.support.hierarchical.ThrowableCollector.execute(ThrowableCollector.java:73) ~[junit-platform-engine-1.11.4.jar:1.11.4]
		at org.junit.platform.engine.support.hierarchical.NodeTestTask.lambda$executeRecursively$8(NodeTestTask.java:146) ~[junit-platform-engine-1.11.4.jar:1.11.4]
		at org.junit.platform.engine.support.hierarchical.Node.around(Node.java:137) ~[junit-platform-engine-1.11.4.jar:1.11.4]
		at org.junit.platform.engine.support.hierarchical.NodeTestTask.lambda$executeRecursively$9(NodeTestTask.java:144) ~[junit-platform-engine-1.11.4.jar:1.11.4]
		at org.junit.platform.engine.support.hierarchical.ThrowableCollector.execute(ThrowableCollector.java:73) ~[junit-platform-engine-1.11.4.jar:1.11.4]
		at org.junit.platform.engine.support.hierarchical.NodeTestTask.executeRecursively(NodeTestTask.java:143) ~[junit-platform-engine-1.11.4.jar:1.11.4]
		at org.junit.platform.engine.support.hierarchical.NodeTestTask.execute(NodeTestTask.java:100) ~[junit-platform-engine-1.11.4.jar:1.11.4]
		at org.junit.platform.engine.support.hierarchical.SameThreadHierarchicalTestExecutorService.submit(SameThreadHierarchicalTestExecutorService.java:35) ~[junit-platform-engine-1.11.4.jar:1.11.4]
		at org.junit.platform.engine.support.hierarchical.HierarchicalTestExecutor.execute(HierarchicalTestExecutor.java:57) ~[junit-platform-engine-1.11.4.jar:1.11.4]
		at org.junit.platform.engine.support.hierarchical.HierarchicalTestEngine.execute(HierarchicalTestEngine.java:54) ~[junit-platform-engine-1.11.4.jar:1.11.4]
		at org.junit.platform.launcher.core.EngineExecutionOrchestrator.execute(EngineExecutionOrchestrator.java:198) ~[junit-platform-launcher-1.11.4.jar:1.11.4]
		at org.junit.platform.launcher.core.EngineExecutionOrchestrator.execute(EngineExecutionOrchestrator.java:169) ~[junit-platform-launcher-1.11.4.jar:1.11.4]
		at org.junit.platform.launcher.core.EngineExecutionOrchestrator.execute(EngineExecutionOrchestrator.java:93) ~[junit-platform-launcher-1.11.4.jar:1.11.4]
		at org.junit.platform.launcher.core.EngineExecutionOrchestrator.lambda$execute$0(EngineExecutionOrchestrator.java:58) ~[junit-platform-launcher-1.11.4.jar:1.11.4]
		at org.junit.platform.launcher.core.EngineExecutionOrchestrator.withInterceptedStreams(EngineExecutionOrchestrator.java:141) ~[junit-platform-launcher-1.11.4.jar:1.11.4]
		at org.junit.platform.launcher.core.EngineExecutionOrchestrator.execute(EngineExecutionOrchestrator.java:57) ~[junit-platform-launcher-1.11.4.jar:1.11.4]
		at org.junit.platform.launcher.core.DefaultLauncher.execute(DefaultLauncher.java:103) ~[junit-platform-launcher-1.11.4.jar:1.11.4]
		at org.junit.platform.launcher.core.DefaultLauncher.execute(DefaultLauncher.java:85) ~[junit-platform-launcher-1.11.4.jar:1.11.4]
		at org.junit.platform.launcher.core.DelegatingLauncher.execute(DelegatingLauncher.java:47) ~[junit-platform-launcher-1.11.4.jar:1.11.4]
		at org.apache.maven.surefire.junitplatform.LazyLauncher.execute(LazyLauncher.java:56) ~[surefire-junit-platform-3.5.3.jar:3.5.3]
		at org.apache.maven.surefire.junitplatform.JUnitPlatformProvider.execute(JUnitPlatformProvider.java:194) ~[surefire-junit-platform-3.5.3.jar:3.5.3]
		at org.apache.maven.surefire.junitplatform.JUnitPlatformProvider.invokeAllTests(JUnitPlatformProvider.java:150) ~[surefire-junit-platform-3.5.3.jar:3.5.3]
		at org.apache.maven.surefire.junitplatform.JUnitPlatformProvider.invoke(JUnitPlatformProvider.java:124) ~[surefire-junit-platform-3.5.3.jar:3.5.3]
		at org.apache.maven.surefire.booter.ForkedBooter.runSuitesInProcess(ForkedBooter.java:385) ~[surefire-booter-3.5.3.jar:3.5.3]
		at org.apache.maven.surefire.booter.ForkedBooter.execute(ForkedBooter.java:162) ~[surefire-booter-3.5.3.jar:3.5.3]
		at org.apache.maven.surefire.booter.ForkedBooter.run(ForkedBooter.java:507) ~[surefire-booter-3.5.3.jar:3.5.3]
		at org.apache.maven.surefire.booter.ForkedBooter.main(ForkedBooter.java:495) ~[surefire-booter-3.5.3.jar:3.5.3]
Caused by: com.azure.cosmos.implementation.ServiceUnavailableException: {"innerErrorMessage":"Service is currently unavailable, please retry after a while. More info: https://aka.ms/cosmosdb-tsg-service-unavailable-java: Message: {\"innerErrorMessage\":\"The requested resource is no longer available at the server.\"}","cosmosDiagnostics":{"userAgent":"azsdk-java-cosmos/4.68.0 Windows10/10.0 JRE/23.0.1 az-sd-cos/5.22.0az-sp-cos/5.22.0","activityId":"5ba9d22a-7ee2-4be6-a809-0f90d1885349","requestLatencyInMs":30907,"requestStartTimeUTC":"2025-06-04T20:45:38.436108200Z","requestEndTimeUTC":"2025-06-04T20:46:09.344002500Z","responseStatisticsList":[{"storeResult":{"storePhysicalAddress":"rntbd://cdb-ms-prod-westus3-be41.documents.azure.com:11307/apps/b4a754e2-efc3-4890-b885-c2fba20447a0/services/b395315b-74a0-40f3-909c-476b990ea2b4/partitions/c7536697-f3df-4582-b0a9-8a9fb5d433fe/replicas/133915815056156134s/","lsn":0,"quorumAckedLSN":-1,"currentReplicaSetSize":-1,"globalCommittedLsn":-1,"partitionKeyRangeId":null,"isValid":false,"statusCode":410,"subStatusCode":20001,"isGone":true,"isNotFound":false,"isInvalidPartition":false,"isThroughputControlRequestRateTooLarge":false,"requestCharge":0.0,"itemLSN":-1,"sessionToken":null,"backendLatencyInMs":null,"retryAfterInMs":null,"exceptionMessage":"failed to establish connection to cdb-ms-prod-westus3-be41.documents.azure.com/<unresolved>:11307 due to io.netty.channel.ConnectTimeoutException: connection timed out after 5000 ms: cdb-ms-prod-westus3-be41.documents.azure.com/20.14.126.131:11307","exceptionResponseHeaders":"{x-ms-activity-id=5ba9d22a-7ee2-4be6-a809-0f90d1885349, x-ms-substatus=20001}","replicaStatusList":{"Ignoring":["11315:P:Unknown"],"Attempting":["11013:S:Unknown","11307:S:Unknown","11309:S:Unknown"]},"transportRequestTimeline":[{"eventName":"created","startTimeUTC":"2025-06-04T20:45:39.017390800Z","durationInMilliSecs":1.0001},{"eventName":"queued","startTimeUTC":"2025-06-04T20:45:39.018390900Z","durationInMilliSecs":0.0},{"eventName":"channelAcquisitionStarted","startTimeUTC":"2025-06-04T20:45:39.018390900Z","durationInMilliSecs":5110.6232},{"eventName":"pipelined","startTimeUTC":null,"durationInMilliSecs":0.0},{"eventName":"transitTime","startTimeUTC":null,"durationInMilliSecs":0.0},{"eventName":"decodeTime","startTimeUTC":null,"durationInMilliSecs":0.0},{"eventName":"received","startTimeUTC":null,"durationInMilliSecs":0.0},{"eventName":"completed","startTimeUTC":"2025-06-04T20:45:44.129014100Z","durationInMilliSecs":0.0}],"transportRequestChannelAcquisitionContext":{"events":[{"poll":"2025-06-04T20:45:39.018390900Z","durationInMilliSecs":0.0},{"startNew":"2025-06-04T20:45:39.018390900Z","durationInMilliSecs":5093.0589},{"completeNew":"2025-06-04T20:45:44.111449800Z"}],"waitForChannelInit":true},"rntbdRequestLengthInBytes":-1,"rntbdResponseLengthInBytes":-1,"requestPayloadLengthInBytes":0,"responsePayloadLengthInBytes":-1,"channelStatistics":null,"serviceEndpointStatistics":{"availableChannels":0,"acquiredChannels":0,"executorTaskQueueSize":0,"inflightRequests":1,"lastSuccessfulRequestTime":"2025-06-04T20:45:39.017Z","lastRequestTime":"2025-06-04T20:45:39.017Z","createdTime":"2025-06-04T20:45:39.017390800Z","isClosed":false,"cerMetrics":{}}},"requestResponseTimeUTC":"2025-06-04T20:45:44.131016200Z","requestStartTimeUTC":"2025-06-04T20:45:39.017390800Z","requestResourceType":"Database","requestOperationType":"Read","requestSessionToken":null,"e2ePolicyCfg":null,"excludedRegions":null,"sessionTokenEvaluationResults":[],"locationToLocationSpecificHealthContext":{"v":null}},{"storeResult":{"storePhysicalAddress":"rntbd://cdb-ms-prod-westus3-be41.documents.azure.com:11013/apps/b4a754e2-efc3-4890-b885-c2fba20447a0/services/b395315b-74a0-40f3-909c-476b990ea2b4/partitions/c7536697-f3df-4582-b0a9-8a9fb5d433fe/replicas/133915815012093458s/","lsn":0,"quorumAckedLSN":-1,"currentReplicaSetSize":-1,"globalCommittedLsn":-1,"partitionKeyRangeId":null,"isValid":false,"statusCode":410,"subStatusCode":20001,"isGone":true,"isNotFound":false,"isInvalidPartition":false,"isThroughputControlRequestRateTooLarge":false,"requestCharge":0.0,"itemLSN":-1,"sessionToken":null,"backendLatencyInMs":null,"retryAfterInMs":null,"exceptionMessage":"failed to establish connection to cdb-ms-prod-westus3-be41.documents.azure.com/<unresolved>:11013 due to io.netty.channel.ConnectTimeoutException: connection timed out after 5000 ms: cdb-ms-prod-westus3-be41.documents.azure.com/20.14.126.131:11013","exceptionResponseHeaders":"{x-ms-activity-id=5ba9d22a-7ee2-4be6-a809-0f90d1885349, x-ms-substatus=20001}","replicaStatusList":{"Ignoring":["11315:P:Unknown"],"Attempting":["11013:S:Unknown","11307:S:Unknown","11309:S:Unknown"]},"transportRequestTimeline":[{"eventName":"created","startTimeUTC":"2025-06-04T20:45:38.985925600Z","durationInMilliSecs":29.4668},{"eventName":"queued","startTimeUTC":"2025-06-04T20:45:39.015392400Z","durationInMilliSecs":0.0},{"eventName":"channelAcquisitionStarted","startTimeUTC":"2025-06-04T20:45:39.015392400Z","durationInMilliSecs":5113.6217},{"eventName":"pipelined","startTimeUTC":null,"durationInMilliSecs":0.0},{"eventName":"transitTime","startTimeUTC":null,"durationInMilliSecs":0.0},{"eventName":"decodeTime","startTimeUTC":null,"durationInMilliSecs":0.0},{"eventName":"received","startTimeUTC":null,"durationInMilliSecs":0.0},{"eventName":"completed","startTimeUTC":"2025-06-04T20:45:44.129014100Z","durationInMilliSecs":0.0}],"transportRequestChannelAcquisitionContext":{"events":[{"poll":"2025-06-04T20:45:39.016392300Z","durationInMilliSecs":0.0},{"startNew":"2025-06-04T20:45:39.017390800Z","durationInMilliSecs":5094.059},{"completeNew":"2025-06-04T20:45:44.111449800Z"}],"waitForChannelInit":true},"rntbdRequestLengthInBytes":-1,"rntbdResponseLengthInBytes":-1,"requestPayloadLengthInBytes":0,"responsePayloadLengthInBytes":-1,"channelStatistics":null,"serviceEndpointStatistics":{"availableChannels":0,"acquiredChannels":0,"executorTaskQueueSize":0,"inflightRequests":1,"lastSuccessfulRequestTime":"2025-06-04T20:45:38.994Z","lastRequestTime":"2025-06-04T20:45:38.994Z","createdTime":"2025-06-04T20:45:38.993924Z","isClosed":false,"cerMetrics":{}}},"requestResponseTimeUTC":"2025-06-04T20:45:44.131016200Z","requestStartTimeUTC":"2025-06-04T20:45:38.985925600Z","requestResourceType":"Database","requestOperationType":"Read","requestSessionToken":null,"e2ePolicyCfg":null,"excludedRegions":null,"sessionTokenEvaluationResults":[],"locationToLocationSpecificHealthContext":{"v":null}},{"storeResult":{"storePhysicalAddress":"rntbd://cdb-ms-prod-westus3-be41.documents.azure.com:11309/apps/b4a754e2-efc3-4890-b885-c2fba20447a0/services/b395315b-74a0-40f3-909c-476b990ea2b4/partitions/c7536697-f3df-4582-b0a9-8a9fb5d433fe/replicas/133915815056156133s/","lsn":0,"quorumAckedLSN":-1,"currentReplicaSetSize":-1,"globalCommittedLsn":-1,"partitionKeyRangeId":null,"isValid":false,"statusCode":410,"subStatusCode":20001,"isGone":true,"isNotFound":false,"isInvalidPartition":false,"isThroughputControlRequestRateTooLarge":false,"requestCharge":0.0,"itemLSN":-1,"sessionToken":null,"backendLatencyInMs":null,"retryAfterInMs":null,"exceptionMessage":"failed to establish connection to cdb-ms-prod-westus3-be41.documents.azure.com/<unresolved>:11309 due to io.netty.channel.ConnectTimeoutException: connection timed out after 5000 ms: cdb-ms-prod-westus3-be41.documents.azure.com/20.14.126.131:11309","exceptionResponseHeaders":"{x-ms-activity-id=5ba9d22a-7ee2-4be6-a809-0f90d1885349, x-ms-substatus=20001}","replicaStatusList":{"Ignoring":["11315:P:Unknown","11307:S:Unhealthy","11013:S:Unhealthy"],"Attempting":["11309:S:Unknown"]},"transportRequestTimeline":[{"eventName":"created","startTimeUTC":"2025-06-04T20:45:44.132014200Z","durationInMilliSecs":0.0},{"eventName":"queued","startTimeUTC":"2025-06-04T20:45:44.132014200Z","durationInMilliSecs":0.0},{"eventName":"channelAcquisitionStarted","startTimeUTC":"2025-06-04T20:45:44.132014200Z","durationInMilliSecs":5013.3352},{"eventName":"pipelined","startTimeUTC":null,"durationInMilliSecs":0.0},{"eventName":"transitTime","startTimeUTC":null,"durationInMilliSecs":0.0},{"eventName":"decodeTime","startTimeUTC":null,"durationInMilliSecs":0.0},{"eventName":"received","startTimeUTC":null,"durationInMilliSecs":0.0},{"eventName":"completed","startTimeUTC":"2025-06-04T20:45:49.145349400Z","durationInMilliSecs":0.0}],"transportRequestChannelAcquisitionContext":{"events":[{"poll":"2025-06-04T20:45:44.133014200Z","durationInMilliSecs":0.0},{"startNew":"2025-06-04T20:45:44.133014200Z","durationInMilliSecs":5011.3775},{"completeNew":"2025-06-04T20:45:49.144391700Z"}],"waitForChannelInit":true},"rntbdRequestLengthInBytes":-1,"rntbdResponseLengthInBytes":-1,"requestPayloadLengthInBytes":0,"responsePayloadLengthInBytes":-1,"channelStatistics":null,"serviceEndpointStatistics":{"availableChannels":0,"acquiredChannels":0,"executorTaskQueueSize":0,"inflightRequests":1,"lastSuccessfulRequestTime":"2025-06-04T20:45:44.132Z","lastRequestTime":"2025-06-04T20:45:44.132Z","createdTime":"2025-06-04T20:45:44.132014200Z","isClosed":false,"cerMetrics":{}}},"requestResponseTimeUTC":"2025-06-04T20:45:49.146400600Z","requestStartTimeUTC":"2025-06-04T20:45:44.132014200Z","requestResourceType":"Database","requestOperationType":"Read","requestSessionToken":null,"e2ePolicyCfg":null,"excludedRegions":null,"sessionTokenEvaluationResults":[],"locationToLocationSpecificHealthContext":{"v":null}},{"storeResult":{"storePhysicalAddress":"rntbd://cdb-ms-prod-westus3-be41.documents.azure.com:11315/apps/b4a754e2-efc3-4890-b885-c2fba20447a0/services/b395315b-74a0-40f3-909c-476b990ea2b4/partitions/c7536697-f3df-4582-b0a9-8a9fb5d433fe/replicas/133915815056156135p/","lsn":-1,"quorumAckedLSN":-1,"currentReplicaSetSize":-1,"globalCommittedLsn":-1,"partitionKeyRangeId":null,"isValid":false,"statusCode":410,"subStatusCode":20001,"isGone":true,"isNotFound":false,"isInvalidPartition":false,"isThroughputControlRequestRateTooLarge":false,"requestCharge":0.0,"itemLSN":-1,"sessionToken":null,"backendLatencyInMs":null,"retryAfterInMs":null,"exceptionMessage":"failed to establish connection to cdb-ms-prod-westus3-be41.documents.azure.com/<unresolved>:11315 due to io.netty.channel.ConnectTimeoutException: connection timed out after 5000 ms: cdb-ms-prod-westus3-be41.documents.azure.com/20.14.126.131:11315","exceptionResponseHeaders":"{x-ms-activity-id=5ba9d22a-7ee2-4be6-a809-0f90d1885349, x-ms-substatus=20001}","replicaStatusList":{"Ignoring":["11307:S:Unhealthy","11013:S:Unhealthy","11309:S:Unhealthy"],"Attempting":["11315:P:Unknown"]},"transportRequestTimeline":[{"eventName":"created","startTimeUTC":"2025-06-04T20:45:49.168737200Z","durationInMilliSecs":0.0},{"eventName":"queued","startTimeUTC":"2025-06-04T20:45:49.168737200Z","durationInMilliSecs":0.0},{"eventName":"channelAcquisitionStarted","startTimeUTC":"2025-06-04T20:45:49.168737200Z","durationInMilliSecs":5016.0506},{"eventName":"pipelined","startTimeUTC":null,"durationInMilliSecs":0.0},{"eventName":"transitTime","startTimeUTC":null,"durationInMilliSecs":0.0},{"eventName":"decodeTime","startTimeUTC":null,"durationInMilliSecs":0.0},{"eventName":"received","startTimeUTC":null,"durationInMilliSecs":0.0},{"eventName":"completed","startTimeUTC":"2025-06-04T20:45:54.184787800Z","durationInMilliSecs":0.0}],"transportRequestChannelAcquisitionContext":{"events":[{"poll":"2025-06-04T20:45:49.169753600Z","durationInMilliSecs":0.0},{"startNew":"2025-06-04T20:45:49.169753600Z","durationInMilliSecs":5014.4272},{"completeNew":"2025-06-04T20:45:54.184180800Z"}],"waitForChannelInit":true},"rntbdRequestLengthInBytes":-1,"rntbdResponseLengthInBytes":-1,"requestPayloadLengthInBytes":0,"responsePayloadLengthInBytes":-1,"channelStatistics":null,"serviceEndpointStatistics":{"availableChannels":0,"acquiredChannels":0,"executorTaskQueueSize":0,"inflightRequests":1,"lastSuccessfulRequestTime":"2025-06-04T20:45:49.168Z","lastRequestTime":"2025-06-04T20:45:49.168Z","createdTime":"2025-06-04T20:45:49.168737200Z","isClosed":false,"cerMetrics":{}}},"requestResponseTimeUTC":"2025-06-04T20:45:54.184787800Z","requestStartTimeUTC":"2025-06-04T20:45:49.168737200Z","requestResourceType":"Database","requestOperationType":"Read","requestSessionToken":null,"e2ePolicyCfg":null,"excludedRegions":null,"sessionTokenEvaluationResults":[],"locationToLocationSpecificHealthContext":{"v":null}},{"storeResult":{"storePhysicalAddress":"rntbd://cdb-ms-prod-westus3-be41.documents.azure.com:11309/apps/b4a754e2-efc3-4890-b885-c2fba20447a0/services/b395315b-74a0-40f3-909c-476b990ea2b4/partitions/c7536697-f3df-4582-b0a9-8a9fb5d433fe/replicas/133915815056156133s/","lsn":0,"quorumAckedLSN":-1,"currentReplicaSetSize":-1,"globalCommittedLsn":-1,"partitionKeyRangeId":null,"isValid":false,"statusCode":410,"subStatusCode":20001,"isGone":true,"isNotFound":false,"isInvalidPartition":false,"isThroughputControlRequestRateTooLarge":false,"requestCharge":0.0,"itemLSN":-1,"sessionToken":null,"backendLatencyInMs":null,"retryAfterInMs":null,"exceptionMessage":"failed to establish connection to cdb-ms-prod-westus3-be41.documents.azure.com/<unresolved>:11309 due to io.netty.channel.ConnectTimeoutException: connection timed out after 5000 ms: cdb-ms-prod-westus3-be41.documents.azure.com/20.14.126.131:11309","exceptionResponseHeaders":"{x-ms-activity-id=5ba9d22a-7ee2-4be6-a809-0f90d1885349, x-ms-substatus=20001}","replicaStatusList":{"Ignoring":["11315:P:Unknown"],"Attempting":["11013:S:Unknown","11307:S:Unknown","11309:S:Unknown"]},"transportRequestTimeline":[{"eventName":"created","startTimeUTC":"2025-06-04T20:45:54.307237300Z","durationInMilliSecs":0.9605},{"eventName":"queued","startTimeUTC":"2025-06-04T20:45:54.308197800Z","durationInMilliSecs":0.0},{"eventName":"channelAcquisitionStarted","startTimeUTC":"2025-06-04T20:45:54.308197800Z","durationInMilliSecs":5011.8224},{"eventName":"pipelined","startTimeUTC":null,"durationInMilliSecs":0.0},{"eventName":"transitTime","startTimeUTC":null,"durationInMilliSecs":0.0},{"eventName":"decodeTime","startTimeUTC":null,"durationInMilliSecs":0.0},{"eventName":"received","startTimeUTC":null,"durationInMilliSecs":0.0},{"eventName":"completed","startTimeUTC":"2025-06-04T20:45:59.320020200Z","durationInMilliSecs":0.0}],"transportRequestChannelAcquisitionContext":{"events":[{"poll":"2025-06-04T20:45:54.308197800Z","durationInMilliSecs":0.0},{"startNew":"2025-06-04T20:45:54.308197800Z","durationInMilliSecs":5011.8224},{"completeNew":"2025-06-04T20:45:59.320020200Z"}],"waitForChannelInit":true},"rntbdRequestLengthInBytes":-1,"rntbdResponseLengthInBytes":-1,"requestPayloadLengthInBytes":0,"responsePayloadLengthInBytes":-1,"channelStatistics":null,"serviceEndpointStatistics":{"availableChannels":0,"acquiredChannels":0,"executorTaskQueueSize":0,"inflightRequests":1,"lastSuccessfulRequestTime":"2025-06-04T20:45:44.132Z","lastRequestTime":"2025-06-04T20:45:44.132Z","createdTime":"2025-06-04T20:45:44.132014200Z","isClosed":false,"cerMetrics":{"lastCallTimestamp":"2025-06-04T20:45:49.142311Z","lastActionableContext":"(2025-06-04T20:45:49.142311Z,1)"}}},"requestResponseTimeUTC":"2025-06-04T20:45:59.321009200Z","requestStartTimeUTC":"2025-06-04T20:45:54.307237300Z","requestResourceType":"Database","requestOperationType":"Read","requestSessionToken":null,"e2ePolicyCfg":null,"excludedRegions":null,"sessionTokenEvaluationResults":[],"locationToLocationSpecificHealthContext":{"v":null}},{"storeResult":{"storePhysicalAddress":"rntbd://cdb-ms-prod-westus3-be41.documents.azure.com:11307/apps/b4a754e2-efc3-4890-b885-c2fba20447a0/services/b395315b-74a0-40f3-909c-476b990ea2b4/partitions/c7536697-f3df-4582-b0a9-8a9fb5d433fe/replicas/133915815056156134s/","lsn":0,"quorumAckedLSN":-1,"currentReplicaSetSize":-1,"globalCommittedLsn":-1,"partitionKeyRangeId":null,"isValid":false,"statusCode":410,"subStatusCode":20001,"isGone":true,"isNotFound":false,"isInvalidPartition":false,"isThroughputControlRequestRateTooLarge":false,"requestCharge":0.0,"itemLSN":-1,"sessionToken":null,"backendLatencyInMs":null,"retryAfterInMs":null,"exceptionMessage":"failed to establish connection to cdb-ms-prod-westus3-be41.documents.azure.com/<unresolved>:11307 due to io.netty.channel.ConnectTimeoutException: connection timed out after 5000 ms: cdb-ms-prod-westus3-be41.documents.azure.com/20.14.126.131:11307","exceptionResponseHeaders":"{x-ms-activity-id=5ba9d22a-7ee2-4be6-a809-0f90d1885349, x-ms-substatus=20001}","replicaStatusList":{"Ignoring":["11315:P:Unknown"],"Attempting":["11013:S:Unknown","11307:S:Unknown","11309:S:Unknown"]},"transportRequestTimeline":[{"eventName":"created","startTimeUTC":"2025-06-04T20:45:54.308197800Z","durationInMilliSecs":0.0},{"eventName":"queued","startTimeUTC":"2025-06-04T20:45:54.308197800Z","durationInMilliSecs":0.0},{"eventName":"channelAcquisitionStarted","startTimeUTC":"2025-06-04T20:45:54.308197800Z","durationInMilliSecs":5012.8114},{"eventName":"pipelined","startTimeUTC":null,"durationInMilliSecs":0.0},{"eventName":"transitTime","startTimeUTC":null,"durationInMilliSecs":0.0},{"eventName":"decodeTime","startTimeUTC":null,"durationInMilliSecs":0.0},{"eventName":"received","startTimeUTC":null,"durationInMilliSecs":0.0},{"eventName":"completed","startTimeUTC":"2025-06-04T20:45:59.321009200Z","durationInMilliSecs":0.0}],"transportRequestChannelAcquisitionContext":{"events":[{"poll":"2025-06-04T20:45:54.308197800Z","durationInMilliSecs":0.0},{"startNew":"2025-06-04T20:45:54.308197800Z","durationInMilliSecs":5011.8224},{"completeNew":"2025-06-04T20:45:59.320020200Z"}],"waitForChannelInit":true},"rntbdRequestLengthInBytes":-1,"rntbdResponseLengthInBytes":-1,"requestPayloadLengthInBytes":0,"responsePayloadLengthInBytes":-1,"channelStatistics":null,"serviceEndpointStatistics":{"availableChannels":0,"acquiredChannels":0,"executorTaskQueueSize":0,"inflightRequests":1,"lastSuccessfulRequestTime":"2025-06-04T20:45:39.017Z","lastRequestTime":"2025-06-04T20:45:39.017Z","createdTime":"2025-06-04T20:45:39.017390800Z","isClosed":false,"cerMetrics":{"lastCallTimestamp":"2025-06-04T20:45:44.101797300Z","lastActionableContext":"(2025-06-04T20:45:44.101797300Z,1)"}}},"requestResponseTimeUTC":"2025-06-04T20:45:59.321009200Z","requestStartTimeUTC":"2025-06-04T20:45:54.308197800Z","requestResourceType":"Database","requestOperationType":"Read","requestSessionToken":null,"e2ePolicyCfg":null,"excludedRegions":null,"sessionTokenEvaluationResults":[],"locationToLocationSpecificHealthContext":{"v":null}},{"storeResult":{"storePhysicalAddress":"rntbd://cdb-ms-prod-westus3-be41.documents.azure.com:11013/apps/b4a754e2-efc3-4890-b885-c2fba20447a0/services/b395315b-74a0-40f3-909c-476b990ea2b4/partitions/c7536697-f3df-4582-b0a9-8a9fb5d433fe/replicas/133915815012093458s/","lsn":0,"quorumAckedLSN":-1,"currentReplicaSetSize":-1,"globalCommittedLsn":-1,"partitionKeyRangeId":null,"isValid":false,"statusCode":410,"subStatusCode":20001,"isGone":true,"isNotFound":false,"isInvalidPartition":false,"isThroughputControlRequestRateTooLarge":false,"requestCharge":0.0,"itemLSN":-1,"sessionToken":null,"backendLatencyInMs":null,"retryAfterInMs":null,"exceptionMessage":"failed to establish connection to cdb-ms-prod-westus3-be41.documents.azure.com/<unresolved>:11013 due to io.netty.channel.ConnectTimeoutException: connection timed out after 5000 ms: cdb-ms-prod-westus3-be41.documents.azure.com/20.14.126.131:11013","exceptionResponseHeaders":"{x-ms-activity-id=5ba9d22a-7ee2-4be6-a809-0f90d1885349, x-ms-substatus=20001}","replicaStatusList":{"Ignoring":["11315:P:Unknown","11307:S:Unhealthy","11309:S:Unhealthy"],"Attempting":["11013:S:Unknown"]},"transportRequestTimeline":[{"eventName":"created","startTimeUTC":"2025-06-04T20:45:59.321009200Z","durationInMilliSecs":0.0},{"eventName":"queued","startTimeUTC":"2025-06-04T20:45:59.321009200Z","durationInMilliSecs":0.0},{"eventName":"channelAcquisitionStarted","startTimeUTC":"2025-06-04T20:45:59.321009200Z","durationInMilliSecs":5006.8154},{"eventName":"pipelined","startTimeUTC":null,"durationInMilliSecs":0.0},{"eventName":"transitTime","startTimeUTC":null,"durationInMilliSecs":0.0},{"eventName":"decodeTime","startTimeUTC":null,"durationInMilliSecs":0.0},{"eventName":"received","startTimeUTC":null,"durationInMilliSecs":0.0},{"eventName":"completed","startTimeUTC":"2025-06-04T20:46:04.327824600Z","durationInMilliSecs":0.0}],"transportRequestChannelAcquisitionContext":{"events":[{"poll":"2025-06-04T20:45:59.321009200Z","durationInMilliSecs":0.0},{"startNew":"2025-06-04T20:45:59.321009200Z","durationInMilliSecs":5006.8154},{"completeNew":"2025-06-04T20:46:04.327824600Z"}],"waitForChannelInit":true},"rntbdRequestLengthInBytes":-1,"rntbdResponseLengthInBytes":-1,"requestPayloadLengthInBytes":0,"responsePayloadLengthInBytes":-1,"channelStatistics":null,"serviceEndpointStatistics":{"availableChannels":0,"acquiredChannels":0,"executorTaskQueueSize":0,"inflightRequests":1,"lastSuccessfulRequestTime":"2025-06-04T20:45:38.994Z","lastRequestTime":"2025-06-04T20:45:38.986Z","createdTime":"2025-06-04T20:45:38.993924Z","isClosed":false,"cerMetrics":{"lastCallTimestamp":"2025-06-04T20:45:44.101797300Z","lastActionableContext":"(2025-06-04T20:45:44.101797300Z,1)"}}},"requestResponseTimeUTC":"2025-06-04T20:46:04.328821700Z","requestStartTimeUTC":"2025-06-04T20:45:59.321009200Z","requestResourceType":"Database","requestOperationType":"Read","requestSessionToken":null,"e2ePolicyCfg":null,"excludedRegions":null,"sessionTokenEvaluationResults":[],"locationToLocationSpecificHealthContext":{"v":null}},{"storeResult":{"storePhysicalAddress":"rntbd://cdb-ms-prod-westus3-be41.documents.azure.com:11315/apps/b4a754e2-efc3-4890-b885-c2fba20447a0/services/b395315b-74a0-40f3-909c-476b990ea2b4/partitions/c7536697-f3df-4582-b0a9-8a9fb5d433fe/replicas/133915815056156135p/","lsn":-1,"quorumAckedLSN":-1,"currentReplicaSetSize":-1,"globalCommittedLsn":-1,"partitionKeyRangeId":null,"isValid":false,"statusCode":410,"subStatusCode":20001,"isGone":true,"isNotFound":false,"isInvalidPartition":false,"isThroughputControlRequestRateTooLarge":false,"requestCharge":0.0,"itemLSN":-1,"sessionToken":null,"backendLatencyInMs":null,"retryAfterInMs":null,"exceptionMessage":"failed to establish connection to cdb-ms-prod-westus3-be41.documents.azure.com/<unresolved>:11315 due to io.netty.channel.ConnectTimeoutException: connection timed out after 5000 ms: cdb-ms-prod-westus3-be41.documents.azure.com/20.14.126.131:11315","exceptionResponseHeaders":"{x-ms-activity-id=5ba9d22a-7ee2-4be6-a809-0f90d1885349, x-ms-substatus=20001}","replicaStatusList":{"Ignoring":["11307:S:Unhealthy","11013:S:Unhealthy","11309:S:Unhealthy"],"Attempting":["11315:P:Unknown"]},"transportRequestTimeline":[{"eventName":"created","startTimeUTC":"2025-06-04T20:46:04.328821700Z","durationInMilliSecs":0.0},{"eventName":"queued","startTimeUTC":"2025-06-04T20:46:04.328821700Z","durationInMilliSecs":0.0},{"eventName":"channelAcquisitionStarted","startTimeUTC":"2025-06-04T20:46:04.328821700Z","durationInMilliSecs":5015.1808},{"eventName":"pipelined","startTimeUTC":null,"durationInMilliSecs":0.0},{"eventName":"transitTime","startTimeUTC":null,"durationInMilliSecs":0.0},{"eventName":"decodeTime","startTimeUTC":null,"durationInMilliSecs":0.0},{"eventName":"received","startTimeUTC":null,"durationInMilliSecs":0.0},{"eventName":"completed","startTimeUTC":"2025-06-04T20:46:09.344002500Z","durationInMilliSecs":0.0}],"transportRequestChannelAcquisitionContext":{"events":[{"poll":"2025-06-04T20:46:04.328821700Z","durationInMilliSecs":0.0},{"startNew":"2025-06-04T20:46:04.328821700Z","durationInMilliSecs":5014.1777},{"completeNew":"2025-06-04T20:46:09.342999400Z"}],"waitForChannelInit":true},"rntbdRequestLengthInBytes":-1,"rntbdResponseLengthInBytes":-1,"requestPayloadLengthInBytes":0,"responsePayloadLengthInBytes":-1,"channelStatistics":null,"serviceEndpointStatistics":{"availableChannels":0,"acquiredChannels":0,"executorTaskQueueSize":0,"inflightRequests":1,"lastSuccessfulRequestTime":"2025-06-04T20:45:49.168Z","lastRequestTime":"2025-06-04T20:45:49.168Z","createdTime":"2025-06-04T20:45:49.168737200Z","isClosed":false,"cerMetrics":{"lastCallTimestamp":"2025-06-04T20:45:54.182094100Z","lastActionableContext":"(2025-06-04T20:45:54.182094100Z,1)"}}},"requestResponseTimeUTC":"2025-06-04T20:46:09.344002500Z","requestStartTimeUTC":"2025-06-04T20:46:04.328821700Z","requestResourceType":"Database","requestOperationType":"Read","requestSessionToken":null,"e2ePolicyCfg":null,"excludedRegions":null,"sessionTokenEvaluationResults":[],"locationToLocationSpecificHealthContext":{"v":null}}],"supplementalResponseStatisticsList":[],"addressResolutionStatistics":{"8aa9dd1f-3ab2-4f5e-ae90-09c498116f6e":{"startTimeUTC":"2025-06-04T20:45:38.458108100Z","endTimeUTC":"2025-06-04T20:45:38.950920700Z","targetEndpoint":"https://facturacioncosmosdb-westus3.documents.azure.com:443/addresses/?$resolveFor=dbs&$filter=protocol%20eq%20rntbd","exceptionMessage":null,"forceRefresh":true,"forceCollectionRoutingMapRefresh":true,"inflightRequest":false},"438314b6-3c2c-4dec-b289-dfaee49d6657":{"startTimeUTC":"2025-06-04T20:45:54.188430500Z","endTimeUTC":"2025-06-04T20:45:54.306239Z","targetEndpoint":"https://facturacioncosmosdb-westus3.documents.azure.com:443/addresses/?$resolveFor=dbs&$filter=protocol%20eq%20rntbd","exceptionMessage":null,"forceRefresh":true,"forceCollectionRoutingMapRefresh":true,"inflightRequest":false}},"regionsContacted":["west us 3"],"retryContext":{"statusAndSubStatusCodes":[[410,21009],[410,21009],[503,21009]],"retryCount":3,"retryLatency":15160},"metadataDiagnosticsContext":{"metadataDiagnosticList":[{"metaDataName":"MASTER_ADDRESS_LOOK_UP","startTimeUTC":"2025-06-04T20:45:38.458108100Z","endTimeUTC":"2025-06-04T20:45:38.948965900Z","durationinMS":490},{"metaDataName":"MASTER_ADDRESS_LOOK_UP","startTimeUTC":"2025-06-04T20:45:54.188430500Z","endTimeUTC":"2025-06-04T20:45:54.306239Z","durationinMS":117}]},"serializationDiagnosticsContext":{"serializationDiagnosticsList":null},"gatewayStatisticsList":[],"samplingRateSnapshot":1.0,"bloomFilterInsertionCountSnapshot":0,"systemInformation":{"usedMemory":"49032 KB","availableMemory":"3047544 KB","systemCpuLoad":"empty","availableProcessors":12},"clientCfgs":{"id":1,"machineId":"uuid:fade444e-41d4-4bcc-a079-df2b8b43d1f3","connectionMode":"DIRECT","numberOfClients":0,"excrgns":"[]","clientEndpoints":{"https://facturacioncosmosdb.documents.azure.com:443/":1},"connCfg":{"rntbd":"(cto:PT5S, nrto:PT5S, icto:PT0S, ieto:PT1H, mcpe:130, mrpc:30, cer:true)","gw":"(cps:1000, nrto:PT1M, icto:PT1M, cto:PT45S, p:false)","other":"(ed: true, cs: false, rv: true)"},"consistencyCfg":"(consistency: null, mm: true, prgns: [])","proactiveInitCfg":"","e2ePolicyCfg":"","sessionRetryCfg":"","partitionLevelCircuitBreakerCfg":"(cb: false, type: CONSECUTIVE_EXCEPTION_COUNT_BASED, rexcntt: 10, wexcntt: 5)"}}}
	at com.azure.cosmos.BridgeInternal.createServiceUnavailableException(BridgeInternal.java:580) ~[azure-cosmos-4.68.0.jar:4.68.0]
	at com.azure.cosmos.implementation.directconnectivity.GoneAndRetryWithRetryPolicy$GoneRetryPolicy.logAndWrapExceptionWithLastRetryWithException(GoneAndRetryWithRetryPolicy.java:167) ~[azure-cosmos-4.68.0.jar:4.68.0]
	at com.azure.cosmos.implementation.directconnectivity.GoneAndRetryWithRetryPolicy$GoneRetryPolicy.shouldRetry(GoneAndRetryWithRetryPolicy.java:221) ~[azure-cosmos-4.68.0.jar:4.68.0]
	at com.azure.cosmos.implementation.directconnectivity.GoneAndRetryWithRetryPolicy.lambda$shouldRetry$1(GoneAndRetryWithRetryPolicy.java:65) ~[azure-cosmos-4.68.0.jar:4.68.0]
	at reactor.core.publisher.FluxFlatMap.trySubscribeScalarMap(FluxFlatMap.java:153) ~[reactor-core-3.7.5.jar:3.7.5]
	at reactor.core.publisher.MonoFlatMap.subscribeOrReturn(MonoFlatMap.java:53) ~[reactor-core-3.7.5.jar:3.7.5]
	at reactor.core.publisher.Mono.subscribe(Mono.java:4560) ~[reactor-core-3.7.5.jar:3.7.5]
	at reactor.core.publisher.FluxOnErrorResume$ResumeSubscriber.onError(FluxOnErrorResume.java:103) ~[reactor-core-3.7.5.jar:3.7.5]
	at reactor.core.publisher.MonoSingle$SingleSubscriber.onError(MonoSingle.java:150) ~[reactor-core-3.7.5.jar:3.7.5]
	at reactor.core.publisher.FluxLimitRequest$FluxLimitRequestSubscriber.onError(FluxLimitRequest.java:116) ~[reactor-core-3.7.5.jar:3.7.5]
	at reactor.core.publisher.Operators$MultiSubscriptionSubscriber.onError(Operators.java:2235) ~[reactor-core-3.7.5.jar:3.7.5]
	at reactor.core.publisher.FluxTakeUntil$TakeUntilPredicateSubscriber.onError(FluxTakeUntil.java:112) ~[reactor-core-3.7.5.jar:3.7.5]
	at reactor.core.publisher.Operators$MultiSubscriptionSubscriber.onError(Operators.java:2235) ~[reactor-core-3.7.5.jar:3.7.5]
	at reactor.core.publisher.FluxFlatMap$FlatMapMain.checkTerminated(FluxFlatMap.java:846) ~[reactor-core-3.7.5.jar:3.7.5]
	at reactor.core.publisher.FluxFlatMap$FlatMapMain.drainLoop(FluxFlatMap.java:612) ~[reactor-core-3.7.5.jar:3.7.5]
	at reactor.core.publisher.FluxFlatMap$FlatMapMain.drain(FluxFlatMap.java:592) ~[reactor-core-3.7.5.jar:3.7.5]
	at reactor.core.publisher.FluxFlatMap$FlatMapMain.innerError(FluxFlatMap.java:867) ~[reactor-core-3.7.5.jar:3.7.5]
	at reactor.core.publisher.FluxFlatMap$FlatMapInner.onError(FluxFlatMap.java:994) ~[reactor-core-3.7.5.jar:3.7.5]
	at reactor.core.publisher.FluxFlatMap$FlatMapMain.checkTerminated(FluxFlatMap.java:846) ~[reactor-core-3.7.5.jar:3.7.5]
	at reactor.core.publisher.FluxFlatMap$FlatMapMain.drainLoop(FluxFlatMap.java:612) ~[reactor-core-3.7.5.jar:3.7.5]
	at reactor.core.publisher.FluxFlatMap$FlatMapMain.drain(FluxFlatMap.java:592) ~[reactor-core-3.7.5.jar:3.7.5]
	at reactor.core.publisher.FluxFlatMap$FlatMapMain.onError(FluxFlatMap.java:455) ~[reactor-core-3.7.5.jar:3.7.5]
	at reactor.core.publisher.MonoFlatMap$FlatMapMain.onError(MonoFlatMap.java:180) ~[reactor-core-3.7.5.jar:3.7.5]
	at reactor.core.publisher.FluxDoOnEach$DoOnEachSubscriber.onError(FluxDoOnEach.java:195) ~[reactor-core-3.7.5.jar:3.7.5]
	at reactor.core.publisher.MonoFlatMap$FlatMapMain.onNext(MonoFlatMap.java:149) ~[reactor-core-3.7.5.jar:3.7.5]
	at reactor.core.publisher.MonoFlatMap$FlatMapMain.onNext(MonoFlatMap.java:158) ~[reactor-core-3.7.5.jar:3.7.5]
	at reactor.core.publisher.FluxMap$MapSubscriber.onNext(FluxMap.java:122) ~[reactor-core-3.7.5.jar:3.7.5]
	at reactor.core.publisher.FluxDoFinally$DoFinallySubscriber.onNext(FluxDoFinally.java:113) ~[reactor-core-3.7.5.jar:3.7.5]
	at reactor.core.publisher.FluxOnErrorResume$ResumeSubscriber.onNext(FluxOnErrorResume.java:79) ~[reactor-core-3.7.5.jar:3.7.5]
	at reactor.core.publisher.Operators$ScalarSubscription.request(Operators.java:2570) ~[reactor-core-3.7.5.jar:3.7.5]
	at reactor.core.publisher.Operators$MultiSubscriptionSubscriber.set(Operators.java:2366) ~[reactor-core-3.7.5.jar:3.7.5]
	at reactor.core.publisher.FluxOnErrorResume$ResumeSubscriber.onSubscribe(FluxOnErrorResume.java:74) ~[reactor-core-3.7.5.jar:3.7.5]
	at reactor.core.publisher.MonoJust.subscribe(MonoJust.java:55) ~[reactor-core-3.7.5.jar:3.7.5]
	at reactor.core.publisher.Mono.subscribe(Mono.java:4576) ~[reactor-core-3.7.5.jar:3.7.5]
	at reactor.core.publisher.FluxOnErrorResume$ResumeSubscriber.onError(FluxOnErrorResume.java:103) ~[reactor-core-3.7.5.jar:3.7.5]
	at reactor.core.publisher.MonoFlatMap$FlatMapMain.secondError(MonoFlatMap.java:241) ~[reactor-core-3.7.5.jar:3.7.5]
	at reactor.core.publisher.MonoFlatMap$FlatMapInner.onError(MonoFlatMap.java:315) ~[reactor-core-3.7.5.jar:3.7.5]
	at reactor.core.publisher.MonoFlatMap$FlatMapMain.onError(MonoFlatMap.java:180) ~[reactor-core-3.7.5.jar:3.7.5]
	at reactor.core.publisher.FluxContextWrite$ContextWriteSubscriber.onError(FluxContextWrite.java:121) ~[reactor-core-3.7.5.jar:3.7.5]
	at reactor.core.publisher.FluxDoFinally$DoFinallySubscriber.onError(FluxDoFinally.java:119) ~[reactor-core-3.7.5.jar:3.7.5]
	at reactor.core.publisher.FluxOnErrorResume$ResumeSubscriber.onError(FluxOnErrorResume.java:106) ~[reactor-core-3.7.5.jar:3.7.5]
	at reactor.core.publisher.Operators.error(Operators.java:198) ~[reactor-core-3.7.5.jar:3.7.5]
	at reactor.core.publisher.MonoError.subscribe(MonoError.java:53) ~[reactor-core-3.7.5.jar:3.7.5]
	at reactor.core.publisher.Mono.subscribe(Mono.java:4576) ~[reactor-core-3.7.5.jar:3.7.5]
	at reactor.core.publisher.FluxOnErrorResume$ResumeSubscriber.onError(FluxOnErrorResume.java:103) ~[reactor-core-3.7.5.jar:3.7.5]
	at reactor.core.publisher.FluxMap$MapSubscriber.onError(FluxMap.java:134) ~[reactor-core-3.7.5.jar:3.7.5]
	at reactor.core.publisher.MonoCompletionStage$MonoCompletionStageSubscription.apply(MonoCompletionStage.java:118) ~[reactor-core-3.7.5.jar:3.7.5]
	at reactor.core.publisher.MonoCompletionStage$MonoCompletionStageSubscription.apply(MonoCompletionStage.java:67) ~[reactor-core-3.7.5.jar:3.7.5]
	at java.base/java.util.concurrent.CompletableFuture.uniHandle(CompletableFuture.java:978) ~[na:na]
	at java.base/java.util.concurrent.CompletableFuture$UniHandle.tryFire(CompletableFuture.java:955) ~[na:na]
	at java.base/java.util.concurrent.CompletableFuture.postComplete(CompletableFuture.java:554) ~[na:na]
	at java.base/java.util.concurrent.CompletableFuture.completeExceptionally(CompletableFuture.java:2238) ~[na:na]
	at com.azure.cosmos.implementation.directconnectivity.rntbd.RntbdServiceEndpoint.writeWhenConnected(RntbdServiceEndpoint.java:617) ~[azure-cosmos-4.68.0.jar:4.68.0]
	at com.azure.cosmos.implementation.directconnectivity.rntbd.RntbdServiceEndpoint.lambda$write$3(RntbdServiceEndpoint.java:557) ~[azure-cosmos-4.68.0.jar:4.68.0]
	at io.netty.util.concurrent.DefaultPromise.notifyListener0(DefaultPromise.java:590) ~[netty-common-4.1.119.Final.jar:4.1.119.Final]
	at io.netty.util.concurrent.DefaultPromise.notifyListenersNow(DefaultPromise.java:557) ~[netty-common-4.1.119.Final.jar:4.1.119.Final]
	at io.netty.util.concurrent.DefaultPromise.access$200(DefaultPromise.java:35) ~[netty-common-4.1.119.Final.jar:4.1.119.Final]
	at io.netty.util.concurrent.DefaultPromise$1.run(DefaultPromise.java:503) ~[netty-common-4.1.119.Final.jar:4.1.119.Final]
	at io.netty.util.concurrent.AbstractEventExecutor.runTask(AbstractEventExecutor.java:173) ~[netty-common-4.1.119.Final.jar:4.1.119.Final]
	at io.netty.util.concurrent.AbstractEventExecutor.safeExecute(AbstractEventExecutor.java:166) ~[netty-common-4.1.119.Final.jar:4.1.119.Final]
	at io.netty.util.concurrent.SingleThreadEventExecutor.runAllTasks(SingleThreadEventExecutor.java:472) ~[netty-common-4.1.119.Final.jar:4.1.119.Final]
	at io.netty.channel.nio.NioEventLoop.run(NioEventLoop.java:569) ~[netty-transport-4.1.119.Final.jar:4.1.119.Final]
	at io.netty.util.concurrent.SingleThreadEventExecutor$4.run(SingleThreadEventExecutor.java:998) ~[netty-common-4.1.119.Final.jar:4.1.119.Final]
	at io.netty.util.internal.ThreadExecutorMap$2.run(ThreadExecutorMap.java:74) ~[netty-common-4.1.119.Final.jar:4.1.119.Final]
	at io.netty.util.concurrent.FastThreadLocalRunnable.run(FastThreadLocalRunnable.java:30) ~[netty-common-4.1.119.Final.jar:4.1.119.Final]
	... 1 common frames omitted
Caused by: com.azure.cosmos.implementation.GoneException: {"innerErrorMessage":"The requested resource is no longer available at the server."}
	at com.azure.cosmos.implementation.directconnectivity.StoreReader.lambda$readPrimaryAsync$20(StoreReader.java:555) ~[azure-cosmos-4.68.0.jar:4.68.0]
	at reactor.core.publisher.MonoFlatMap$FlatMapMain.onNext(MonoFlatMap.java:132) ~[reactor-core-3.7.5.jar:3.7.5]
	... 41 common frames omitted

2025-06-04T14:46:09.482-06:00  WARN 17664 --- [cosmos-sql] [           main] o.s.test.context.TestContextManager      : Caught exception while allowing TestExecutionListener [org.springframework.test.context.support.DependencyInjectionTestExecutionListener] to prepare test instance [com.E4.cosmos_sql.CosmosSqlApplicationTests@6200b644]

java.lang.IllegalStateException: Failed to load ApplicationContext for [ReactiveWebMergedContextConfiguration@5f3f57ff testClass = com.E4.cosmos_sql.CosmosSqlApplicationTests, locations = [], classes = [com.E4.cosmos_sql.CosmosSqlApplication], contextInitializerClasses = [], activeProfiles = [], propertySourceDescriptors = [], propertySourceProperties = ["org.springframework.boot.test.context.SpringBootTestContextBootstrapper=true"], contextCustomizers = [org.springframework.boot.test.context.filter.ExcludeFilterContextCustomizer@176b75f7, org.springframework.boot.test.json.DuplicateJsonObjectContextCustomizerFactory$DuplicateJsonObjectContextCustomizer@3b8f0a79, org.springframework.boot.test.mock.mockito.MockitoContextCustomizer@0, org.springframework.boot.test.web.client.TestRestTemplateContextCustomizer@3148f668, org.springframework.boot.test.web.reactive.server.WebTestClientContextCustomizer@5b67bb7e, org.springframework.boot.test.web.reactor.netty.DisableReactorResourceFactoryGlobalResourcesContextCustomizerFactory$DisableReactorResourceFactoryGlobalResourcesContextCustomizerCustomizer@1ab06251, org.springframework.boot.test.autoconfigure.OnFailureConditionReportContextCustomizerFactory$OnFailureConditionReportContextCustomizer@1115ec15, org.springframework.boot.test.autoconfigure.actuate.observability.ObservabilityContextCustomizerFactory$DisableObservabilityContextCustomizer@1f, org.springframework.boot.test.autoconfigure.properties.PropertyMappingContextCustomizer@0, org.springframework.boot.test.autoconfigure.web.servlet.WebDriverContextCustomizer@6f44a157, org.springframework.test.context.support.DynamicPropertiesContextCustomizer@0, org.springframework.boot.test.context.SpringBootTestAnnotation@fc315353], contextLoader = org.springframework.boot.test.context.SpringBootContextLoader, parent = null]
	at org.springframework.test.context.cache.DefaultCacheAwareContextLoaderDelegate.loadContext(DefaultCacheAwareContextLoaderDelegate.java:180) ~[spring-test-6.2.6.jar:6.2.6]
	at org.springframework.test.context.support.DefaultTestContext.getApplicationContext(DefaultTestContext.java:130) ~[spring-test-6.2.6.jar:6.2.6]
	at org.springframework.test.context.support.DependencyInjectionTestExecutionListener.injectDependencies(DependencyInjectionTestExecutionListener.java:155) ~[spring-test-6.2.6.jar:6.2.6]
	at org.springframework.test.context.support.DependencyInjectionTestExecutionListener.prepareTestInstance(DependencyInjectionTestExecutionListener.java:111) ~[spring-test-6.2.6.jar:6.2.6]
	at org.springframework.test.context.TestContextManager.prepareTestInstance(TestContextManager.java:260) ~[spring-test-6.2.6.jar:6.2.6]
	at org.springframework.test.context.junit.jupiter.SpringExtension.postProcessTestInstance(SpringExtension.java:159) ~[spring-test-6.2.6.jar:6.2.6]
	at org.junit.jupiter.engine.descriptor.ClassBasedTestDescriptor.lambda$invokeTestInstancePostProcessors$11(ClassBasedTestDescriptor.java:378) ~[junit-jupiter-engine-5.11.4.jar:5.11.4]
	at org.junit.jupiter.engine.descriptor.ClassBasedTestDescriptor.executeAndMaskThrowable(ClassBasedTestDescriptor.java:383) ~[junit-jupiter-engine-5.11.4.jar:5.11.4]
	at org.junit.jupiter.engine.descriptor.ClassBasedTestDescriptor.lambda$invokeTestInstancePostProcessors$12(ClassBasedTestDescriptor.java:378) ~[junit-jupiter-engine-5.11.4.jar:5.11.4]
	at java.base/java.util.stream.ForEachOps$ForEachOp$OfRef.accept(ForEachOps.java:184) ~[na:na]
	at java.base/java.util.stream.ReferencePipeline$3$1.accept(ReferencePipeline.java:215) ~[na:na]
	at java.base/java.util.stream.ReferencePipeline$2$1.accept(ReferencePipeline.java:197) ~[na:na]
	at java.base/java.util.stream.ReferencePipeline$3$1.accept(ReferencePipeline.java:215) ~[na:na]
	at java.base/java.util.ArrayList$ArrayListSpliterator.forEachRemaining(ArrayList.java:1709) ~[na:na]
	at java.base/java.util.stream.AbstractPipeline.copyInto(AbstractPipeline.java:570) ~[na:na]
	at java.base/java.util.stream.AbstractPipeline.wrapAndCopyInto(AbstractPipeline.java:560) ~[na:na]
	at java.base/java.util.stream.ForEachOps$ForEachOp.evaluateSequential(ForEachOps.java:151) ~[na:na]
	at java.base/java.util.stream.ForEachOps$ForEachOp$OfRef.evaluateSequential(ForEachOps.java:174) ~[na:na]
	at java.base/java.util.stream.AbstractPipeline.evaluate(AbstractPipeline.java:265) ~[na:na]
	at java.base/java.util.stream.ReferencePipeline.forEach(ReferencePipeline.java:636) ~[na:na]
	at org.junit.jupiter.engine.descriptor.ClassBasedTestDescriptor.invokeTestInstancePostProcessors(ClassBasedTestDescriptor.java:377) ~[junit-jupiter-engine-5.11.4.jar:5.11.4]
	at org.junit.jupiter.engine.descriptor.ClassBasedTestDescriptor.lambda$instantiateAndPostProcessTestInstance$7(ClassBasedTestDescriptor.java:290) ~[junit-jupiter-engine-5.11.4.jar:5.11.4]
	at org.junit.platform.engine.support.hierarchical.ThrowableCollector.execute(ThrowableCollector.java:73) ~[junit-platform-engine-1.11.4.jar:1.11.4]
	at org.junit.jupiter.engine.descriptor.ClassBasedTestDescriptor.instantiateAndPostProcessTestInstance(ClassBasedTestDescriptor.java:289) ~[junit-jupiter-engine-5.11.4.jar:5.11.4]
	at org.junit.jupiter.engine.descriptor.ClassBasedTestDescriptor.lambda$testInstancesProvider$5(ClassBasedTestDescriptor.java:279) ~[junit-jupiter-engine-5.11.4.jar:5.11.4]
	at java.base/java.util.Optional.orElseGet(Optional.java:364) ~[na:na]
	at org.junit.jupiter.engine.descriptor.ClassBasedTestDescriptor.lambda$testInstancesProvider$6(ClassBasedTestDescriptor.java:278) ~[junit-jupiter-engine-5.11.4.jar:5.11.4]
	at org.junit.jupiter.engine.execution.TestInstancesProvider.getTestInstances(TestInstancesProvider.java:31) ~[junit-jupiter-engine-5.11.4.jar:5.11.4]
	at org.junit.jupiter.engine.descriptor.TestMethodTestDescriptor.lambda$prepare$1(TestMethodTestDescriptor.java:105) ~[junit-jupiter-engine-5.11.4.jar:5.11.4]
	at org.junit.platform.engine.support.hierarchical.ThrowableCollector.execute(ThrowableCollector.java:73) ~[junit-platform-engine-1.11.4.jar:1.11.4]
	at org.junit.jupiter.engine.descriptor.TestMethodTestDescriptor.prepare(TestMethodTestDescriptor.java:104) ~[junit-jupiter-engine-5.11.4.jar:5.11.4]
	at org.junit.jupiter.engine.descriptor.TestMethodTestDescriptor.prepare(TestMethodTestDescriptor.java:68) ~[junit-jupiter-engine-5.11.4.jar:5.11.4]
	at org.junit.platform.engine.support.hierarchical.NodeTestTask.lambda$prepare$2(NodeTestTask.java:128) ~[junit-platform-engine-1.11.4.jar:1.11.4]
	at org.junit.platform.engine.support.hierarchical.ThrowableCollector.execute(ThrowableCollector.java:73) ~[junit-platform-engine-1.11.4.jar:1.11.4]
	at org.junit.platform.engine.support.hierarchical.NodeTestTask.prepare(NodeTestTask.java:128) ~[junit-platform-engine-1.11.4.jar:1.11.4]
	at org.junit.platform.engine.support.hierarchical.NodeTestTask.execute(NodeTestTask.java:95) ~[junit-platform-engine-1.11.4.jar:1.11.4]
	at java.base/java.util.ArrayList.forEach(ArrayList.java:1597) ~[na:na]
	at org.junit.platform.engine.support.hierarchical.SameThreadHierarchicalTestExecutorService.invokeAll(SameThreadHierarchicalTestExecutorService.java:41) ~[junit-platform-engine-1.11.4.jar:1.11.4]
	at org.junit.platform.engine.support.hierarchical.NodeTestTask.lambda$executeRecursively$6(NodeTestTask.java:160) ~[junit-platform-engine-1.11.4.jar:1.11.4]
	at org.junit.platform.engine.support.hierarchical.ThrowableCollector.execute(ThrowableCollector.java:73) ~[junit-platform-engine-1.11.4.jar:1.11.4]
	at org.junit.platform.engine.support.hierarchical.NodeTestTask.lambda$executeRecursively$8(NodeTestTask.java:146) ~[junit-platform-engine-1.11.4.jar:1.11.4]
	at org.junit.platform.engine.support.hierarchical.Node.around(Node.java:137) ~[junit-platform-engine-1.11.4.jar:1.11.4]
	at org.junit.platform.engine.support.hierarchical.NodeTestTask.lambda$executeRecursively$9(NodeTestTask.java:144) ~[junit-platform-engine-1.11.4.jar:1.11.4]
	at org.junit.platform.engine.support.hierarchical.ThrowableCollector.execute(ThrowableCollector.java:73) ~[junit-platform-engine-1.11.4.jar:1.11.4]
	at org.junit.platform.engine.support.hierarchical.NodeTestTask.executeRecursively(NodeTestTask.java:143) ~[junit-platform-engine-1.11.4.jar:1.11.4]
	at org.junit.platform.engine.support.hierarchical.NodeTestTask.execute(NodeTestTask.java:100) ~[junit-platform-engine-1.11.4.jar:1.11.4]
	at java.base/java.util.ArrayList.forEach(ArrayList.java:1597) ~[na:na]
	at org.junit.platform.engine.support.hierarchical.SameThreadHierarchicalTestExecutorService.invokeAll(SameThreadHierarchicalTestExecutorService.java:41) ~[junit-platform-engine-1.11.4.jar:1.11.4]
	at org.junit.platform.engine.support.hierarchical.NodeTestTask.lambda$executeRecursively$6(NodeTestTask.java:160) ~[junit-platform-engine-1.11.4.jar:1.11.4]
	at org.junit.platform.engine.support.hierarchical.ThrowableCollector.execute(ThrowableCollector.java:73) ~[junit-platform-engine-1.11.4.jar:1.11.4]
	at org.junit.platform.engine.support.hierarchical.NodeTestTask.lambda$executeRecursively$8(NodeTestTask.java:146) ~[junit-platform-engine-1.11.4.jar:1.11.4]
	at org.junit.platform.engine.support.hierarchical.Node.around(Node.java:137) ~[junit-platform-engine-1.11.4.jar:1.11.4]
	at org.junit.platform.engine.support.hierarchical.NodeTestTask.lambda$executeRecursively$9(NodeTestTask.java:144) ~[junit-platform-engine-1.11.4.jar:1.11.4]
	at org.junit.platform.engine.support.hierarchical.ThrowableCollector.execute(ThrowableCollector.java:73) ~[junit-platform-engine-1.11.4.jar:1.11.4]
	at org.junit.platform.engine.support.hierarchical.NodeTestTask.executeRecursively(NodeTestTask.java:143) ~[junit-platform-engine-1.11.4.jar:1.11.4]
	at org.junit.platform.engine.support.hierarchical.NodeTestTask.execute(NodeTestTask.java:100) ~[junit-platform-engine-1.11.4.jar:1.11.4]
	at org.junit.platform.engine.support.hierarchical.SameThreadHierarchicalTestExecutorService.submit(SameThreadHierarchicalTestExecutorService.java:35) ~[junit-platform-engine-1.11.4.jar:1.11.4]
	at org.junit.platform.engine.support.hierarchical.HierarchicalTestExecutor.execute(HierarchicalTestExecutor.java:57) ~[junit-platform-engine-1.11.4.jar:1.11.4]
	at org.junit.platform.engine.support.hierarchical.HierarchicalTestEngine.execute(HierarchicalTestEngine.java:54) ~[junit-platform-engine-1.11.4.jar:1.11.4]
	at org.junit.platform.launcher.core.EngineExecutionOrchestrator.execute(EngineExecutionOrchestrator.java:198) ~[junit-platform-launcher-1.11.4.jar:1.11.4]
	at org.junit.platform.launcher.core.EngineExecutionOrchestrator.execute(EngineExecutionOrchestrator.java:169) ~[junit-platform-launcher-1.11.4.jar:1.11.4]
	at org.junit.platform.launcher.core.EngineExecutionOrchestrator.execute(EngineExecutionOrchestrator.java:93) ~[junit-platform-launcher-1.11.4.jar:1.11.4]
	at org.junit.platform.launcher.core.EngineExecutionOrchestrator.lambda$execute$0(EngineExecutionOrchestrator.java:58) ~[junit-platform-launcher-1.11.4.jar:1.11.4]
	at org.junit.platform.launcher.core.EngineExecutionOrchestrator.withInterceptedStreams(EngineExecutionOrchestrator.java:141) ~[junit-platform-launcher-1.11.4.jar:1.11.4]
	at org.junit.platform.launcher.core.EngineExecutionOrchestrator.execute(EngineExecutionOrchestrator.java:57) ~[junit-platform-launcher-1.11.4.jar:1.11.4]
	at org.junit.platform.launcher.core.DefaultLauncher.execute(DefaultLauncher.java:103) ~[junit-platform-launcher-1.11.4.jar:1.11.4]
	at org.junit.platform.launcher.core.DefaultLauncher.execute(DefaultLauncher.java:85) ~[junit-platform-launcher-1.11.4.jar:1.11.4]
	at org.junit.platform.launcher.core.DelegatingLauncher.execute(DelegatingLauncher.java:47) ~[junit-platform-launcher-1.11.4.jar:1.11.4]
	at org.apache.maven.surefire.junitplatform.LazyLauncher.execute(LazyLauncher.java:56) ~[surefire-junit-platform-3.5.3.jar:3.5.3]
	at org.apache.maven.surefire.junitplatform.JUnitPlatformProvider.execute(JUnitPlatformProvider.java:194) ~[surefire-junit-platform-3.5.3.jar:3.5.3]
	at org.apache.maven.surefire.junitplatform.JUnitPlatformProvider.invokeAllTests(JUnitPlatformProvider.java:150) ~[surefire-junit-platform-3.5.3.jar:3.5.3]
	at org.apache.maven.surefire.junitplatform.JUnitPlatformProvider.invoke(JUnitPlatformProvider.java:124) ~[surefire-junit-platform-3.5.3.jar:3.5.3]
	at org.apache.maven.surefire.booter.ForkedBooter.runSuitesInProcess(ForkedBooter.java:385) ~[surefire-booter-3.5.3.jar:3.5.3]
	at org.apache.maven.surefire.booter.ForkedBooter.execute(ForkedBooter.java:162) ~[surefire-booter-3.5.3.jar:3.5.3]
	at org.apache.maven.surefire.booter.ForkedBooter.run(ForkedBooter.java:507) ~[surefire-booter-3.5.3.jar:3.5.3]
	at org.apache.maven.surefire.booter.ForkedBooter.main(ForkedBooter.java:495) ~[surefire-booter-3.5.3.jar:3.5.3]
Caused by: org.springframework.beans.factory.UnsatisfiedDependencyException: Error creating bean with name 'clientesController' defined in file [D:\Tareas UV\BaseDeDatosDistribuidos\cosmos-sql\target\classes\com\E4\cosmos_sql\controller\ClientesController.class]: Unsatisfied dependency expressed through constructor parameter 0: Error creating bean with name 'clientesRepository' defined in com.E4.cosmos_sql.repository.ClientesRepository defined in @EnableReactiveCosmosRepositories declared on CosmosReactiveRepositoriesAutoConfigureRegistrar.EnableCosmosReactiveRepositoriesConfiguration: Failed to instantiate [com.azure.spring.data.cosmos.repository.support.SimpleReactiveCosmosRepository]: Constructor threw exception
	at org.springframework.beans.factory.support.ConstructorResolver.createArgumentArray(ConstructorResolver.java:804) ~[spring-beans-6.2.6.jar:6.2.6]
	at org.springframework.beans.factory.support.ConstructorResolver.autowireConstructor(ConstructorResolver.java:240) ~[spring-beans-6.2.6.jar:6.2.6]
	at org.springframework.beans.factory.support.AbstractAutowireCapableBeanFactory.autowireConstructor(AbstractAutowireCapableBeanFactory.java:1387) ~[spring-beans-6.2.6.jar:6.2.6]
	at org.springframework.beans.factory.support.AbstractAutowireCapableBeanFactory.createBeanInstance(AbstractAutowireCapableBeanFactory.java:1224) ~[spring-beans-6.2.6.jar:6.2.6]
	at org.springframework.beans.factory.support.AbstractAutowireCapableBeanFactory.doCreateBean(AbstractAutowireCapableBeanFactory.java:569) ~[spring-beans-6.2.6.jar:6.2.6]
	at org.springframework.beans.factory.support.AbstractAutowireCapableBeanFactory.createBean(AbstractAutowireCapableBeanFactory.java:529) ~[spring-beans-6.2.6.jar:6.2.6]
	at org.springframework.beans.factory.support.AbstractBeanFactory.lambda$doGetBean$0(AbstractBeanFactory.java:339) ~[spring-beans-6.2.6.jar:6.2.6]
	at org.springframework.beans.factory.support.DefaultSingletonBeanRegistry.getSingleton(DefaultSingletonBeanRegistry.java:371) ~[spring-beans-6.2.6.jar:6.2.6]
	at org.springframework.beans.factory.support.AbstractBeanFactory.doGetBean(AbstractBeanFactory.java:337) ~[spring-beans-6.2.6.jar:6.2.6]
	at org.springframework.beans.factory.support.AbstractBeanFactory.getBean(AbstractBeanFactory.java:202) ~[spring-beans-6.2.6.jar:6.2.6]
	at org.springframework.beans.factory.support.DefaultListableBeanFactory.instantiateSingleton(DefaultListableBeanFactory.java:1221) ~[spring-beans-6.2.6.jar:6.2.6]
	at org.springframework.beans.factory.support.DefaultListableBeanFactory.preInstantiateSingleton(DefaultListableBeanFactory.java:1187) ~[spring-beans-6.2.6.jar:6.2.6]
	at org.springframework.beans.factory.support.DefaultListableBeanFactory.preInstantiateSingletons(DefaultListableBeanFactory.java:1122) ~[spring-beans-6.2.6.jar:6.2.6]
	at org.springframework.context.support.AbstractApplicationContext.finishBeanFactoryInitialization(AbstractApplicationContext.java:987) ~[spring-context-6.2.6.jar:6.2.6]
	at org.springframework.context.support.AbstractApplicationContext.refresh(AbstractApplicationContext.java:627) ~[spring-context-6.2.6.jar:6.2.6]
	at org.springframework.boot.SpringApplication.refresh(SpringApplication.java:753) ~[spring-boot-3.4.5.jar:3.4.5]
	at org.springframework.boot.SpringApplication.refreshContext(SpringApplication.java:439) ~[spring-boot-3.4.5.jar:3.4.5]
	at org.springframework.boot.SpringApplication.run(SpringApplication.java:318) ~[spring-boot-3.4.5.jar:3.4.5]
	at org.springframework.boot.test.context.SpringBootContextLoader.lambda$loadContext$3(SpringBootContextLoader.java:144) ~[spring-boot-test-3.4.5.jar:3.4.5]
	at org.springframework.util.function.ThrowingSupplier.get(ThrowingSupplier.java:58) ~[spring-core-6.2.6.jar:6.2.6]
	at org.springframework.util.function.ThrowingSupplier.get(ThrowingSupplier.java:46) ~[spring-core-6.2.6.jar:6.2.6]
	at org.springframework.boot.SpringApplication.withHook(SpringApplication.java:1462) ~[spring-boot-3.4.5.jar:3.4.5]
	at org.springframework.boot.test.context.SpringBootContextLoader$ContextLoaderHook.run(SpringBootContextLoader.java:563) ~[spring-boot-test-3.4.5.jar:3.4.5]
	at org.springframework.boot.test.context.SpringBootContextLoader.loadContext(SpringBootContextLoader.java:144) ~[spring-boot-test-3.4.5.jar:3.4.5]
	at org.springframework.boot.test.context.SpringBootContextLoader.loadContext(SpringBootContextLoader.java:110) ~[spring-boot-test-3.4.5.jar:3.4.5]
	at org.springframework.test.context.cache.DefaultCacheAwareContextLoaderDelegate.loadContextInternal(DefaultCacheAwareContextLoaderDelegate.java:225) ~[spring-test-6.2.6.jar:6.2.6]
	at org.springframework.test.context.cache.DefaultCacheAwareContextLoaderDelegate.loadContext(DefaultCacheAwareContextLoaderDelegate.java:152) ~[spring-test-6.2.6.jar:6.2.6]
	... 75 common frames omitted
Caused by: org.springframework.beans.factory.BeanCreationException: Error creating bean with name 'clientesRepository' defined in com.E4.cosmos_sql.repository.ClientesRepository defined in @EnableReactiveCosmosRepositories declared on CosmosReactiveRepositoriesAutoConfigureRegistrar.EnableCosmosReactiveRepositoriesConfiguration: Failed to instantiate [com.azure.spring.data.cosmos.repository.support.SimpleReactiveCosmosRepository]: Constructor threw exception
	at org.springframework.beans.factory.support.AbstractAutowireCapableBeanFactory.initializeBean(AbstractAutowireCapableBeanFactory.java:1818) ~[spring-beans-6.2.6.jar:6.2.6]
	at org.springframework.beans.factory.support.AbstractAutowireCapableBeanFactory.doCreateBean(AbstractAutowireCapableBeanFactory.java:607) ~[spring-beans-6.2.6.jar:6.2.6]
	at org.springframework.beans.factory.support.AbstractAutowireCapableBeanFactory.createBean(AbstractAutowireCapableBeanFactory.java:529) ~[spring-beans-6.2.6.jar:6.2.6]
	at org.springframework.beans.factory.support.AbstractBeanFactory.lambda$doGetBean$0(AbstractBeanFactory.java:339) ~[spring-beans-6.2.6.jar:6.2.6]
	at org.springframework.beans.factory.support.DefaultSingletonBeanRegistry.getSingleton(DefaultSingletonBeanRegistry.java:371) ~[spring-beans-6.2.6.jar:6.2.6]
	at org.springframework.beans.factory.support.AbstractBeanFactory.doGetBean(AbstractBeanFactory.java:337) ~[spring-beans-6.2.6.jar:6.2.6]
	at org.springframework.beans.factory.support.AbstractBeanFactory.getBean(AbstractBeanFactory.java:202) ~[spring-beans-6.2.6.jar:6.2.6]
	at org.springframework.beans.factory.support.DefaultListableBeanFactory.doResolveDependency(DefaultListableBeanFactory.java:1681) ~[spring-beans-6.2.6.jar:6.2.6]
	at org.springframework.beans.factory.support.DefaultListableBeanFactory.resolveDependency(DefaultListableBeanFactory.java:1627) ~[spring-beans-6.2.6.jar:6.2.6]
	at org.springframework.beans.factory.support.ConstructorResolver.resolveAutowiredArgument(ConstructorResolver.java:913) ~[spring-beans-6.2.6.jar:6.2.6]
	at org.springframework.beans.factory.support.ConstructorResolver.createArgumentArray(ConstructorResolver.java:791) ~[spring-beans-6.2.6.jar:6.2.6]
	... 101 common frames omitted
Caused by: org.springframework.beans.BeanInstantiationException: Failed to instantiate [com.azure.spring.data.cosmos.repository.support.SimpleReactiveCosmosRepository]: Constructor threw exception
	at org.springframework.beans.BeanUtils.instantiateClass(BeanUtils.java:222) ~[spring-beans-6.2.6.jar:6.2.6]
	at org.springframework.data.repository.core.support.RepositoryFactorySupport.lambda$instantiateClass$5(RepositoryFactorySupport.java:657) ~[spring-data-commons-3.4.5.jar:3.4.5]
	at java.base/java.util.Optional.map(Optional.java:260) ~[na:na]
	at org.springframework.data.repository.core.support.RepositoryFactorySupport.instantiateClass(RepositoryFactorySupport.java:657) ~[spring-data-commons-3.4.5.jar:3.4.5]
	at org.springframework.data.repository.core.support.RepositoryFactorySupport.getTargetRepositoryViaReflection(RepositoryFactorySupport.java:622) ~[spring-data-commons-3.4.5.jar:3.4.5]
	at com.azure.spring.data.cosmos.repository.support.ReactiveCosmosRepositoryFactory.getTargetRepository(ReactiveCosmosRepositoryFactory.java:48) ~[azure-spring-data-cosmos-5.22.0.jar:5.22.0]
	at org.springframework.data.repository.core.support.RepositoryFactorySupport.getRepository(RepositoryFactorySupport.java:377) ~[spring-data-commons-3.4.5.jar:3.4.5]
	at org.springframework.data.repository.core.support.RepositoryFactoryBeanSupport.lambda$afterPropertiesSet$4(RepositoryFactoryBeanSupport.java:350) ~[spring-data-commons-3.4.5.jar:3.4.5]
	at org.springframework.data.util.Lazy.getNullable(Lazy.java:135) ~[spring-data-commons-3.4.5.jar:3.4.5]
	at org.springframework.data.util.Lazy.get(Lazy.java:113) ~[spring-data-commons-3.4.5.jar:3.4.5]
	at org.springframework.data.repository.core.support.RepositoryFactoryBeanSupport.afterPropertiesSet(RepositoryFactoryBeanSupport.java:356) ~[spring-data-commons-3.4.5.jar:3.4.5]
	at com.azure.spring.data.cosmos.repository.support.ReactiveCosmosRepositoryFactoryBean.afterPropertiesSet(ReactiveCosmosRepositoryFactoryBean.java:69) ~[azure-spring-data-cosmos-5.22.0.jar:5.22.0]
	at org.springframework.beans.factory.support.AbstractAutowireCapableBeanFactory.invokeInitMethods(AbstractAutowireCapableBeanFactory.java:1865) ~[spring-beans-6.2.6.jar:6.2.6]
	at org.springframework.beans.factory.support.AbstractAutowireCapableBeanFactory.initializeBean(AbstractAutowireCapableBeanFactory.java:1814) ~[spring-beans-6.2.6.jar:6.2.6]
	... 111 common frames omitted
Caused by: com.azure.spring.data.cosmos.exception.CosmosServiceUnavailableException: Failed to create database{"innerErrorMessage":"Service is currently unavailable, please retry after a while. More info: https://aka.ms/cosmosdb-tsg-service-unavailable-java: Message: {\"innerErrorMessage\":\"The requested resource is no longer available at the server.\"}","cosmosDiagnostics":{"userAgent":"azsdk-java-cosmos/4.68.0 Windows10/10.0 JRE/23.0.1 az-sd-cos/5.22.0az-sp-cos/5.22.0","activityId":"5ba9d22a-7ee2-4be6-a809-0f90d1885349","requestLatencyInMs":30907,"requestStartTimeUTC":"2025-06-04T20:45:38.436108200Z","requestEndTimeUTC":"2025-06-04T20:46:09.344002500Z","responseStatisticsList":[{"storeResult":{"storePhysicalAddress":"rntbd://cdb-ms-prod-westus3-be41.documents.azure.com:11307/apps/b4a754e2-efc3-4890-b885-c2fba20447a0/services/b395315b-74a0-40f3-909c-476b990ea2b4/partitions/c7536697-f3df-4582-b0a9-8a9fb5d433fe/replicas/133915815056156134s/","lsn":0,"quorumAckedLSN":-1,"currentReplicaSetSize":-1,"globalCommittedLsn":-1,"partitionKeyRangeId":null,"isValid":false,"statusCode":410,"subStatusCode":20001,"isGone":true,"isNotFound":false,"isInvalidPartition":false,"isThroughputControlRequestRateTooLarge":false,"requestCharge":0.0,"itemLSN":-1,"sessionToken":null,"backendLatencyInMs":null,"retryAfterInMs":null,"exceptionMessage":"failed to establish connection to cdb-ms-prod-westus3-be41.documents.azure.com/<unresolved>:11307 due to io.netty.channel.ConnectTimeoutException: connection timed out after 5000 ms: cdb-ms-prod-westus3-be41.documents.azure.com/20.14.126.131:11307","exceptionResponseHeaders":"{x-ms-activity-id=5ba9d22a-7ee2-4be6-a809-0f90d1885349, x-ms-substatus=20001}","replicaStatusList":{"Ignoring":["11315:P:Unknown"],"Attempting":["11013:S:Unknown","11307:S:Unknown","11309:S:Unknown"]},"transportRequestTimeline":[{"eventName":"created","startTimeUTC":"2025-06-04T20:45:39.017390800Z","durationInMilliSecs":1.0001},{"eventName":"queued","startTimeUTC":"2025-06-04T20:45:39.018390900Z","durationInMilliSecs":0.0},{"eventName":"channelAcquisitionStarted","startTimeUTC":"2025-06-04T20:45:39.018390900Z","durationInMilliSecs":5110.6232},{"eventName":"pipelined","startTimeUTC":null,"durationInMilliSecs":0.0},{"eventName":"transitTime","startTimeUTC":null,"durationInMilliSecs":0.0},{"eventName":"decodeTime","startTimeUTC":null,"durationInMilliSecs":0.0},{"eventName":"received","startTimeUTC":null,"durationInMilliSecs":0.0},{"eventName":"completed","startTimeUTC":"2025-06-04T20:45:44.129014100Z","durationInMilliSecs":0.0}],"transportRequestChannelAcquisitionContext":{"events":[{"poll":"2025-06-04T20:45:39.018390900Z","durationInMilliSecs":0.0},{"startNew":"2025-06-04T20:45:39.018390900Z","durationInMilliSecs":5093.0589},{"completeNew":"2025-06-04T20:45:44.111449800Z"}],"waitForChannelInit":true},"rntbdRequestLengthInBytes":-1,"rntbdResponseLengthInBytes":-1,"requestPayloadLengthInBytes":0,"responsePayloadLengthInBytes":-1,"channelStatistics":null,"serviceEndpointStatistics":{"availableChannels":0,"acquiredChannels":0,"executorTaskQueueSize":0,"inflightRequests":1,"lastSuccessfulRequestTime":"2025-06-04T20:45:39.017Z","lastRequestTime":"2025-06-04T20:45:39.017Z","createdTime":"2025-06-04T20:45:39.017390800Z","isClosed":false,"cerMetrics":{}}},"requestResponseTimeUTC":"2025-06-04T20:45:44.131016200Z","requestStartTimeUTC":"2025-06-04T20:45:39.017390800Z","requestResourceType":"Database","requestOperationType":"Read","requestSessionToken":null,"e2ePolicyCfg":null,"excludedRegions":null,"sessionTokenEvaluationResults":[],"locationToLocationSpecificHealthContext":{"v":null}},{"storeResult":{"storePhysicalAddress":"rntbd://cdb-ms-prod-westus3-be41.documents.azure.com:11013/apps/b4a754e2-efc3-4890-b885-c2fba20447a0/services/b395315b-74a0-40f3-909c-476b990ea2b4/partitions/c7536697-f3df-4582-b0a9-8a9fb5d433fe/replicas/133915815012093458s/","lsn":0,"quorumAckedLSN":-1,"currentReplicaSetSize":-1,"globalCommittedLsn":-1,"partitionKeyRangeId":null,"isValid":false,"statusCode":410,"subStatusCode":20001,"isGone":true,"isNotFound":false,"isInvalidPartition":false,"isThroughputControlRequestRateTooLarge":false,"requestCharge":0.0,"itemLSN":-1,"sessionToken":null,"backendLatencyInMs":null,"retryAfterInMs":null,"exceptionMessage":"failed to establish connection to cdb-ms-prod-westus3-be41.documents.azure.com/<unresolved>:11013 due to io.netty.channel.ConnectTimeoutException: connection timed out after 5000 ms: cdb-ms-prod-westus3-be41.documents.azure.com/20.14.126.131:11013","exceptionResponseHeaders":"{x-ms-activity-id=5ba9d22a-7ee2-4be6-a809-0f90d1885349, x-ms-substatus=20001}","replicaStatusList":{"Ignoring":["11315:P:Unknown"],"Attempting":["11013:S:Unknown","11307:S:Unknown","11309:S:Unknown"]},"transportRequestTimeline":[{"eventName":"created","startTimeUTC":"2025-06-04T20:45:38.985925600Z","durationInMilliSecs":29.4668},{"eventName":"queued","startTimeUTC":"2025-06-04T20:45:39.015392400Z","durationInMilliSecs":0.0},{"eventName":"channelAcquisitionStarted","startTimeUTC":"2025-06-04T20:45:39.015392400Z","durationInMilliSecs":5113.6217},{"eventName":"pipelined","startTimeUTC":null,"durationInMilliSecs":0.0},{"eventName":"transitTime","startTimeUTC":null,"durationInMilliSecs":0.0},{"eventName":"decodeTime","startTimeUTC":null,"durationInMilliSecs":0.0},{"eventName":"received","startTimeUTC":null,"durationInMilliSecs":0.0},{"eventName":"completed","startTimeUTC":"2025-06-04T20:45:44.129014100Z","durationInMilliSecs":0.0}],"transportRequestChannelAcquisitionContext":{"events":[{"poll":"2025-06-04T20:45:39.016392300Z","durationInMilliSecs":0.0},{"startNew":"2025-06-04T20:45:39.017390800Z","durationInMilliSecs":5094.059},{"completeNew":"2025-06-04T20:45:44.111449800Z"}],"waitForChannelInit":true},"rntbdRequestLengthInBytes":-1,"rntbdResponseLengthInBytes":-1,"requestPayloadLengthInBytes":0,"responsePayloadLengthInBytes":-1,"channelStatistics":null,"serviceEndpointStatistics":{"availableChannels":0,"acquiredChannels":0,"executorTaskQueueSize":0,"inflightRequests":1,"lastSuccessfulRequestTime":"2025-06-04T20:45:38.994Z","lastRequestTime":"2025-06-04T20:45:38.994Z","createdTime":"2025-06-04T20:45:38.993924Z","isClosed":false,"cerMetrics":{}}},"requestResponseTimeUTC":"2025-06-04T20:45:44.131016200Z","requestStartTimeUTC":"2025-06-04T20:45:38.985925600Z","requestResourceType":"Database","requestOperationType":"Read","requestSessionToken":null,"e2ePolicyCfg":null,"excludedRegions":null,"sessionTokenEvaluationResults":[],"locationToLocationSpecificHealthContext":{"v":null}},{"storeResult":{"storePhysicalAddress":"rntbd://cdb-ms-prod-westus3-be41.documents.azure.com:11309/apps/b4a754e2-efc3-4890-b885-c2fba20447a0/services/b395315b-74a0-40f3-909c-476b990ea2b4/partitions/c7536697-f3df-4582-b0a9-8a9fb5d433fe/replicas/133915815056156133s/","lsn":0,"quorumAckedLSN":-1,"currentReplicaSetSize":-1,"globalCommittedLsn":-1,"partitionKeyRangeId":null,"isValid":false,"statusCode":410,"subStatusCode":20001,"isGone":true,"isNotFound":false,"isInvalidPartition":false,"isThroughputControlRequestRateTooLarge":false,"requestCharge":0.0,"itemLSN":-1,"sessionToken":null,"backendLatencyInMs":null,"retryAfterInMs":null,"exceptionMessage":"failed to establish connection to cdb-ms-prod-westus3-be41.documents.azure.com/<unresolved>:11309 due to io.netty.channel.ConnectTimeoutException: connection timed out after 5000 ms: cdb-ms-prod-westus3-be41.documents.azure.com/20.14.126.131:11309","exceptionResponseHeaders":"{x-ms-activity-id=5ba9d22a-7ee2-4be6-a809-0f90d1885349, x-ms-substatus=20001}","replicaStatusList":{"Ignoring":["11315:P:Unknown","11307:S:Unhealthy","11013:S:Unhealthy"],"Attempting":["11309:S:Unknown"]},"transportRequestTimeline":[{"eventName":"created","startTimeUTC":"2025-06-04T20:45:44.132014200Z","durationInMilliSecs":0.0},{"eventName":"queued","startTimeUTC":"2025-06-04T20:45:44.132014200Z","durationInMilliSecs":0.0},{"eventName":"channelAcquisitionStarted","startTimeUTC":"2025-06-04T20:45:44.132014200Z","durationInMilliSecs":5013.3352},{"eventName":"pipelined","startTimeUTC":null,"durationInMilliSecs":0.0},{"eventName":"transitTime","startTimeUTC":null,"durationInMilliSecs":0.0},{"eventName":"decodeTime","startTimeUTC":null,"durationInMilliSecs":0.0},{"eventName":"received","startTimeUTC":null,"durationInMilliSecs":0.0},{"eventName":"completed","startTimeUTC":"2025-06-04T20:45:49.145349400Z","durationInMilliSecs":0.0}],"transportRequestChannelAcquisitionContext":{"events":[{"poll":"2025-06-04T20:45:44.133014200Z","durationInMilliSecs":0.0},{"startNew":"2025-06-04T20:45:44.133014200Z","durationInMilliSecs":5011.3775},{"completeNew":"2025-06-04T20:45:49.144391700Z"}],"waitForChannelInit":true},"rntbdRequestLengthInBytes":-1,"rntbdResponseLengthInBytes":-1,"requestPayloadLengthInBytes":0,"responsePayloadLengthInBytes":-1,"channelStatistics":null,"serviceEndpointStatistics":{"availableChannels":0,"acquiredChannels":0,"executorTaskQueueSize":0,"inflightRequests":1,"lastSuccessfulRequestTime":"2025-06-04T20:45:44.132Z","lastRequestTime":"2025-06-04T20:45:44.132Z","createdTime":"2025-06-04T20:45:44.132014200Z","isClosed":false,"cerMetrics":{}}},"requestResponseTimeUTC":"2025-06-04T20:45:49.146400600Z","requestStartTimeUTC":"2025-06-04T20:45:44.132014200Z","requestResourceType":"Database","requestOperationType":"Read","requestSessionToken":null,"e2ePolicyCfg":null,"excludedRegions":null,"sessionTokenEvaluationResults":[],"locationToLocationSpecificHealthContext":{"v":null}},{"storeResult":{"storePhysicalAddress":"rntbd://cdb-ms-prod-westus3-be41.documents.azure.com:11315/apps/b4a754e2-efc3-4890-b885-c2fba20447a0/services/b395315b-74a0-40f3-909c-476b990ea2b4/partitions/c7536697-f3df-4582-b0a9-8a9fb5d433fe/replicas/133915815056156135p/","lsn":-1,"quorumAckedLSN":-1,"currentReplicaSetSize":-1,"globalCommittedLsn":-1,"partitionKeyRangeId":null,"isValid":false,"statusCode":410,"subStatusCode":20001,"isGone":true,"isNotFound":false,"isInvalidPartition":false,"isThroughputControlRequestRateTooLarge":false,"requestCharge":0.0,"itemLSN":-1,"sessionToken":null,"backendLatencyInMs":null,"retryAfterInMs":null,"exceptionMessage":"failed to establish connection to cdb-ms-prod-westus3-be41.documents.azure.com/<unresolved>:11315 due to io.netty.channel.ConnectTimeoutException: connection timed out after 5000 ms: cdb-ms-prod-westus3-be41.documents.azure.com/20.14.126.131:11315","exceptionResponseHeaders":"{x-ms-activity-id=5ba9d22a-7ee2-4be6-a809-0f90d1885349, x-ms-substatus=20001}","replicaStatusList":{"Ignoring":["11307:S:Unhealthy","11013:S:Unhealthy","11309:S:Unhealthy"],"Attempting":["11315:P:Unknown"]},"transportRequestTimeline":[{"eventName":"created","startTimeUTC":"2025-06-04T20:45:49.168737200Z","durationInMilliSecs":0.0},{"eventName":"queued","startTimeUTC":"2025-06-04T20:45:49.168737200Z","durationInMilliSecs":0.0},{"eventName":"channelAcquisitionStarted","startTimeUTC":"2025-06-04T20:45:49.168737200Z","durationInMilliSecs":5016.0506},{"eventName":"pipelined","startTimeUTC":null,"durationInMilliSecs":0.0},{"eventName":"transitTime","startTimeUTC":null,"durationInMilliSecs":0.0},{"eventName":"decodeTime","startTimeUTC":null,"durationInMilliSecs":0.0},{"eventName":"received","startTimeUTC":null,"durationInMilliSecs":0.0},{"eventName":"completed","startTimeUTC":"2025-06-04T20:45:54.184787800Z","durationInMilliSecs":0.0}],"transportRequestChannelAcquisitionContext":{"events":[{"poll":"2025-06-04T20:45:49.169753600Z","durationInMilliSecs":0.0},{"startNew":"2025-06-04T20:45:49.169753600Z","durationInMilliSecs":5014.4272},{"completeNew":"2025-06-04T20:45:54.184180800Z"}],"waitForChannelInit":true},"rntbdRequestLengthInBytes":-1,"rntbdResponseLengthInBytes":-1,"requestPayloadLengthInBytes":0,"responsePayloadLengthInBytes":-1,"channelStatistics":null,"serviceEndpointStatistics":{"availableChannels":0,"acquiredChannels":0,"executorTaskQueueSize":0,"inflightRequests":1,"lastSuccessfulRequestTime":"2025-06-04T20:45:49.168Z","lastRequestTime":"2025-06-04T20:45:49.168Z","createdTime":"2025-06-04T20:45:49.168737200Z","isClosed":false,"cerMetrics":{}}},"requestResponseTimeUTC":"2025-06-04T20:45:54.184787800Z","requestStartTimeUTC":"2025-06-04T20:45:49.168737200Z","requestResourceType":"Database","requestOperationType":"Read","requestSessionToken":null,"e2ePolicyCfg":null,"excludedRegions":null,"sessionTokenEvaluationResults":[],"locationToLocationSpecificHealthContext":{"v":null}},{"storeResult":{"storePhysicalAddress":"rntbd://cdb-ms-prod-westus3-be41.documents.azure.com:11309/apps/b4a754e2-efc3-4890-b885-c2fba20447a0/services/b395315b-74a0-40f3-909c-476b990ea2b4/partitions/c7536697-f3df-4582-b0a9-8a9fb5d433fe/replicas/133915815056156133s/","lsn":0,"quorumAckedLSN":-1,"currentReplicaSetSize":-1,"globalCommittedLsn":-1,"partitionKeyRangeId":null,"isValid":false,"statusCode":410,"subStatusCode":20001,"isGone":true,"isNotFound":false,"isInvalidPartition":false,"isThroughputControlRequestRateTooLarge":false,"requestCharge":0.0,"itemLSN":-1,"sessionToken":null,"backendLatencyInMs":null,"retryAfterInMs":null,"exceptionMessage":"failed to establish connection to cdb-ms-prod-westus3-be41.documents.azure.com/<unresolved>:11309 due to io.netty.channel.ConnectTimeoutException: connection timed out after 5000 ms: cdb-ms-prod-westus3-be41.documents.azure.com/20.14.126.131:11309","exceptionResponseHeaders":"{x-ms-activity-id=5ba9d22a-7ee2-4be6-a809-0f90d1885349, x-ms-substatus=20001}","replicaStatusList":{"Ignoring":["11315:P:Unknown"],"Attempting":["11013:S:Unknown","11307:S:Unknown","11309:S:Unknown"]},"transportRequestTimeline":[{"eventName":"created","startTimeUTC":"2025-06-04T20:45:54.307237300Z","durationInMilliSecs":0.9605},{"eventName":"queued","startTimeUTC":"2025-06-04T20:45:54.308197800Z","durationInMilliSecs":0.0},{"eventName":"channelAcquisitionStarted","startTimeUTC":"2025-06-04T20:45:54.308197800Z","durationInMilliSecs":5011.8224},{"eventName":"pipelined","startTimeUTC":null,"durationInMilliSecs":0.0},{"eventName":"transitTime","startTimeUTC":null,"durationInMilliSecs":0.0},{"eventName":"decodeTime","startTimeUTC":null,"durationInMilliSecs":0.0},{"eventName":"received","startTimeUTC":null,"durationInMilliSecs":0.0},{"eventName":"completed","startTimeUTC":"2025-06-04T20:45:59.320020200Z","durationInMilliSecs":0.0}],"transportRequestChannelAcquisitionContext":{"events":[{"poll":"2025-06-04T20:45:54.308197800Z","durationInMilliSecs":0.0},{"startNew":"2025-06-04T20:45:54.308197800Z","durationInMilliSecs":5011.8224},{"completeNew":"2025-06-04T20:45:59.320020200Z"}],"waitForChannelInit":true},"rntbdRequestLengthInBytes":-1,"rntbdResponseLengthInBytes":-1,"requestPayloadLengthInBytes":0,"responsePayloadLengthInBytes":-1,"channelStatistics":null,"serviceEndpointStatistics":{"availableChannels":0,"acquiredChannels":0,"executorTaskQueueSize":0,"inflightRequests":1,"lastSuccessfulRequestTime":"2025-06-04T20:45:44.132Z","lastRequestTime":"2025-06-04T20:45:44.132Z","createdTime":"2025-06-04T20:45:44.132014200Z","isClosed":false,"cerMetrics":{"lastCallTimestamp":"2025-06-04T20:45:49.142311Z","lastActionableContext":"(2025-06-04T20:45:49.142311Z,1)"}}},"requestResponseTimeUTC":"2025-06-04T20:45:59.321009200Z","requestStartTimeUTC":"2025-06-04T20:45:54.307237300Z","requestResourceType":"Database","requestOperationType":"Read","requestSessionToken":null,"e2ePolicyCfg":null,"excludedRegions":null,"sessionTokenEvaluationResults":[],"locationToLocationSpecificHealthContext":{"v":null}},{"storeResult":{"storePhysicalAddress":"rntbd://cdb-ms-prod-westus3-be41.documents.azure.com:11307/apps/b4a754e2-efc3-4890-b885-c2fba20447a0/services/b395315b-74a0-40f3-909c-476b990ea2b4/partitions/c7536697-f3df-4582-b0a9-8a9fb5d433fe/replicas/133915815056156134s/","lsn":0,"quorumAckedLSN":-1,"currentReplicaSetSize":-1,"globalCommittedLsn":-1,"partitionKeyRangeId":null,"isValid":false,"statusCode":410,"subStatusCode":20001,"isGone":true,"isNotFound":false,"isInvalidPartition":false,"isThroughputControlRequestRateTooLarge":false,"requestCharge":0.0,"itemLSN":-1,"sessionToken":null,"backendLatencyInMs":null,"retryAfterInMs":null,"exceptionMessage":"failed to establish connection to cdb-ms-prod-westus3-be41.documents.azure.com/<unresolved>:11307 due to io.netty.channel.ConnectTimeoutException: connection timed out after 5000 ms: cdb-ms-prod-westus3-be41.documents.azure.com/20.14.126.131:11307","exceptionResponseHeaders":"{x-ms-activity-id=5ba9d22a-7ee2-4be6-a809-0f90d1885349, x-ms-substatus=20001}","replicaStatusList":{"Ignoring":["11315:P:Unknown"],"Attempting":["11013:S:Unknown","11307:S:Unknown","11309:S:Unknown"]},"transportRequestTimeline":[{"eventName":"created","startTimeUTC":"2025-06-04T20:45:54.308197800Z","durationInMilliSecs":0.0},{"eventName":"queued","startTimeUTC":"2025-06-04T20:45:54.308197800Z","durationInMilliSecs":0.0},{"eventName":"channelAcquisitionStarted","startTimeUTC":"2025-06-04T20:45:54.308197800Z","durationInMilliSecs":5012.8114},{"eventName":"pipelined","startTimeUTC":null,"durationInMilliSecs":0.0},{"eventName":"transitTime","startTimeUTC":null,"durationInMilliSecs":0.0},{"eventName":"decodeTime","startTimeUTC":null,"durationInMilliSecs":0.0},{"eventName":"received","startTimeUTC":null,"durationInMilliSecs":0.0},{"eventName":"completed","startTimeUTC":"2025-06-04T20:45:59.321009200Z","durationInMilliSecs":0.0}],"transportRequestChannelAcquisitionContext":{"events":[{"poll":"2025-06-04T20:45:54.308197800Z","durationInMilliSecs":0.0},{"startNew":"2025-06-04T20:45:54.308197800Z","durationInMilliSecs":5011.8224},{"completeNew":"2025-06-04T20:45:59.320020200Z"}],"waitForChannelInit":true},"rntbdRequestLengthInBytes":-1,"rntbdResponseLengthInBytes":-1,"requestPayloadLengthInBytes":0,"responsePayloadLengthInBytes":-1,"channelStatistics":null,"serviceEndpointStatistics":{"availableChannels":0,"acquiredChannels":0,"executorTaskQueueSize":0,"inflightRequests":1,"lastSuccessfulRequestTime":"2025-06-04T20:45:39.017Z","lastRequestTime":"2025-06-04T20:45:39.017Z","createdTime":"2025-06-04T20:45:39.017390800Z","isClosed":false,"cerMetrics":{"lastCallTimestamp":"2025-06-04T20:45:44.101797300Z","lastActionableContext":"(2025-06-04T20:45:44.101797300Z,1)"}}},"requestResponseTimeUTC":"2025-06-04T20:45:59.321009200Z","requestStartTimeUTC":"2025-06-04T20:45:54.308197800Z","requestResourceType":"Database","requestOperationType":"Read","requestSessionToken":null,"e2ePolicyCfg":null,"excludedRegions":null,"sessionTokenEvaluationResults":[],"locationToLocationSpecificHealthContext":{"v":null}},{"storeResult":{"storePhysicalAddress":"rntbd://cdb-ms-prod-westus3-be41.documents.azure.com:11013/apps/b4a754e2-efc3-4890-b885-c2fba20447a0/services/b395315b-74a0-40f3-909c-476b990ea2b4/partitions/c7536697-f3df-4582-b0a9-8a9fb5d433fe/replicas/133915815012093458s/","lsn":0,"quorumAckedLSN":-1,"currentReplicaSetSize":-1,"globalCommittedLsn":-1,"partitionKeyRangeId":null,"isValid":false,"statusCode":410,"subStatusCode":20001,"isGone":true,"isNotFound":false,"isInvalidPartition":false,"isThroughputControlRequestRateTooLarge":false,"requestCharge":0.0,"itemLSN":-1,"sessionToken":null,"backendLatencyInMs":null,"retryAfterInMs":null,"exceptionMessage":"failed to establish connection to cdb-ms-prod-westus3-be41.documents.azure.com/<unresolved>:11013 due to io.netty.channel.ConnectTimeoutException: connection timed out after 5000 ms: cdb-ms-prod-westus3-be41.documents.azure.com/20.14.126.131:11013","exceptionResponseHeaders":"{x-ms-activity-id=5ba9d22a-7ee2-4be6-a809-0f90d1885349, x-ms-substatus=20001}","replicaStatusList":{"Ignoring":["11315:P:Unknown","11307:S:Unhealthy","11309:S:Unhealthy"],"Attempting":["11013:S:Unknown"]},"transportRequestTimeline":[{"eventName":"created","startTimeUTC":"2025-06-04T20:45:59.321009200Z","durationInMilliSecs":0.0},{"eventName":"queued","startTimeUTC":"2025-06-04T20:45:59.321009200Z","durationInMilliSecs":0.0},{"eventName":"channelAcquisitionStarted","startTimeUTC":"2025-06-04T20:45:59.321009200Z","durationInMilliSecs":5006.8154},{"eventName":"pipelined","startTimeUTC":null,"durationInMilliSecs":0.0},{"eventName":"transitTime","startTimeUTC":null,"durationInMilliSecs":0.0},{"eventName":"decodeTime","startTimeUTC":null,"durationInMilliSecs":0.0},{"eventName":"received","startTimeUTC":null,"durationInMilliSecs":0.0},{"eventName":"completed","startTimeUTC":"2025-06-04T20:46:04.327824600Z","durationInMilliSecs":0.0}],"transportRequestChannelAcquisitionContext":{"events":[{"poll":"2025-06-04T20:45:59.321009200Z","durationInMilliSecs":0.0},{"startNew":"2025-06-04T20:45:59.321009200Z","durationInMilliSecs":5006.8154},{"completeNew":"2025-06-04T20:46:04.327824600Z"}],"waitForChannelInit":true},"rntbdRequestLengthInBytes":-1,"rntbdResponseLengthInBytes":-1,"requestPayloadLengthInBytes":0,"responsePayloadLengthInBytes":-1,"channelStatistics":null,"serviceEndpointStatistics":{"availableChannels":0,"acquiredChannels":0,"executorTaskQueueSize":0,"inflightRequests":1,"lastSuccessfulRequestTime":"2025-06-04T20:45:38.994Z","lastRequestTime":"2025-06-04T20:45:38.986Z","createdTime":"2025-06-04T20:45:38.993924Z","isClosed":false,"cerMetrics":{"lastCallTimestamp":"2025-06-04T20:45:44.101797300Z","lastActionableContext":"(2025-06-04T20:45:44.101797300Z,1)"}}},"requestResponseTimeUTC":"2025-06-04T20:46:04.328821700Z","requestStartTimeUTC":"2025-06-04T20:45:59.321009200Z","requestResourceType":"Database","requestOperationType":"Read","requestSessionToken":null,"e2ePolicyCfg":null,"excludedRegions":null,"sessionTokenEvaluationResults":[],"locationToLocationSpecificHealthContext":{"v":null}},{"storeResult":{"storePhysicalAddress":"rntbd://cdb-ms-prod-westus3-be41.documents.azure.com:11315/apps/b4a754e2-efc3-4890-b885-c2fba20447a0/services/b395315b-74a0-40f3-909c-476b990ea2b4/partitions/c7536697-f3df-4582-b0a9-8a9fb5d433fe/replicas/133915815056156135p/","lsn":-1,"quorumAckedLSN":-1,"currentReplicaSetSize":-1,"globalCommittedLsn":-1,"partitionKeyRangeId":null,"isValid":false,"statusCode":410,"subStatusCode":20001,"isGone":true,"isNotFound":false,"isInvalidPartition":false,"isThroughputControlRequestRateTooLarge":false,"requestCharge":0.0,"itemLSN":-1,"sessionToken":null,"backendLatencyInMs":null,"retryAfterInMs":null,"exceptionMessage":"failed to establish connection to cdb-ms-prod-westus3-be41.documents.azure.com/<unresolved>:11315 due to io.netty.channel.ConnectTimeoutException: connection timed out after 5000 ms: cdb-ms-prod-westus3-be41.documents.azure.com/20.14.126.131:11315","exceptionResponseHeaders":"{x-ms-activity-id=5ba9d22a-7ee2-4be6-a809-0f90d1885349, x-ms-substatus=20001}","replicaStatusList":{"Ignoring":["11307:S:Unhealthy","11013:S:Unhealthy","11309:S:Unhealthy"],"Attempting":["11315:P:Unknown"]},"transportRequestTimeline":[{"eventName":"created","startTimeUTC":"2025-06-04T20:46:04.328821700Z","durationInMilliSecs":0.0},{"eventName":"queued","startTimeUTC":"2025-06-04T20:46:04.328821700Z","durationInMilliSecs":0.0},{"eventName":"channelAcquisitionStarted","startTimeUTC":"2025-06-04T20:46:04.328821700Z","durationInMilliSecs":5015.1808},{"eventName":"pipelined","startTimeUTC":null,"durationInMilliSecs":0.0},{"eventName":"transitTime","startTimeUTC":null,"durationInMilliSecs":0.0},{"eventName":"decodeTime","startTimeUTC":null,"durationInMilliSecs":0.0},{"eventName":"received","startTimeUTC":null,"durationInMilliSecs":0.0},{"eventName":"completed","startTimeUTC":"2025-06-04T20:46:09.344002500Z","durationInMilliSecs":0.0}],"transportRequestChannelAcquisitionContext":{"events":[{"poll":"2025-06-04T20:46:04.328821700Z","durationInMilliSecs":0.0},{"startNew":"2025-06-04T20:46:04.328821700Z","durationInMilliSecs":5014.1777},{"completeNew":"2025-06-04T20:46:09.342999400Z"}],"waitForChannelInit":true},"rntbdRequestLengthInBytes":-1,"rntbdResponseLengthInBytes":-1,"requestPayloadLengthInBytes":0,"responsePayloadLengthInBytes":-1,"channelStatistics":null,"serviceEndpointStatistics":{"availableChannels":0,"acquiredChannels":0,"executorTaskQueueSize":0,"inflightRequests":1,"lastSuccessfulRequestTime":"2025-06-04T20:45:49.168Z","lastRequestTime":"2025-06-04T20:45:49.168Z","createdTime":"2025-06-04T20:45:49.168737200Z","isClosed":false,"cerMetrics":{"lastCallTimestamp":"2025-06-04T20:45:54.182094100Z","lastActionableContext":"(2025-06-04T20:45:54.182094100Z,1)"}}},"requestResponseTimeUTC":"2025-06-04T20:46:09.344002500Z","requestStartTimeUTC":"2025-06-04T20:46:04.328821700Z","requestResourceType":"Database","requestOperationType":"Read","requestSessionToken":null,"e2ePolicyCfg":null,"excludedRegions":null,"sessionTokenEvaluationResults":[],"locationToLocationSpecificHealthContext":{"v":null}}],"supplementalResponseStatisticsList":[],"addressResolutionStatistics":{"8aa9dd1f-3ab2-4f5e-ae90-09c498116f6e":{"startTimeUTC":"2025-06-04T20:45:38.458108100Z","endTimeUTC":"2025-06-04T20:45:38.950920700Z","targetEndpoint":"https://facturacioncosmosdb-westus3.documents.azure.com:443/addresses/?$resolveFor=dbs&$filter=protocol%20eq%20rntbd","exceptionMessage":null,"forceRefresh":true,"forceCollectionRoutingMapRefresh":true,"inflightRequest":false},"438314b6-3c2c-4dec-b289-dfaee49d6657":{"startTimeUTC":"2025-06-04T20:45:54.188430500Z","endTimeUTC":"2025-06-04T20:45:54.306239Z","targetEndpoint":"https://facturacioncosmosdb-westus3.documents.azure.com:443/addresses/?$resolveFor=dbs&$filter=protocol%20eq%20rntbd","exceptionMessage":null,"forceRefresh":true,"forceCollectionRoutingMapRefresh":true,"inflightRequest":false}},"regionsContacted":["west us 3"],"retryContext":{"statusAndSubStatusCodes":[[410,21009],[410,21009],[503,21009]],"retryCount":3,"retryLatency":15160},"metadataDiagnosticsContext":{"metadataDiagnosticList":[{"metaDataName":"MASTER_ADDRESS_LOOK_UP","startTimeUTC":"2025-06-04T20:45:38.458108100Z","endTimeUTC":"2025-06-04T20:45:38.948965900Z","durationinMS":490},{"metaDataName":"MASTER_ADDRESS_LOOK_UP","startTimeUTC":"2025-06-04T20:45:54.188430500Z","endTimeUTC":"2025-06-04T20:45:54.306239Z","durationinMS":117}]},"serializationDiagnosticsContext":{"serializationDiagnosticsList":null},"gatewayStatisticsList":[],"samplingRateSnapshot":1.0,"bloomFilterInsertionCountSnapshot":0,"systemInformation":{"usedMemory":"44508 KB","availableMemory":"3052068 KB","systemCpuLoad":"(2025-06-04T20:45:42.467076Z 3.3%), (2025-06-04T20:45:47.480815600Z 2.1%), (2025-06-04T20:45:52.467394900Z 2.1%), (2025-06-04T20:45:57.467218Z 2.3%), (2025-06-04T20:46:02.476947200Z 1.9%), (2025-06-04T20:46:07.470915500Z 1.6%)","availableProcessors":12},"clientCfgs":{"id":1,"machineId":"uuid:fade444e-41d4-4bcc-a079-df2b8b43d1f3","connectionMode":"DIRECT","numberOfClients":1,"excrgns":"[]","clientEndpoints":{"https://facturacioncosmosdb.documents.azure.com:443/":1},"connCfg":{"rntbd":"(cto:PT5S, nrto:PT5S, icto:PT0S, ieto:PT1H, mcpe:130, mrpc:30, cer:true)","gw":"(cps:1000, nrto:PT1M, icto:PT1M, cto:PT45S, p:false)","other":"(ed: true, cs: false, rv: true)"},"consistencyCfg":"(consistency: null, mm: true, prgns: [])","proactiveInitCfg":"","e2ePolicyCfg":"","sessionRetryCfg":"","partitionLevelCircuitBreakerCfg":"(cb: false, type: CONSECUTIVE_EXCEPTION_COUNT_BASED, rexcntt: 10, wexcntt: 5)"}}}
	at com.azure.spring.data.cosmos.exception.CosmosExceptionUtils.exceptionHandler(CosmosExceptionUtils.java:87) ~[azure-spring-data-cosmos-5.22.0.jar:5.22.0]
	at com.azure.spring.data.cosmos.core.ReactiveCosmosTemplate.lambda$createContainerIfNotExists$0(ReactiveCosmosTemplate.java:187) ~[azure-spring-data-cosmos-5.22.0.jar:5.22.0]
	at reactor.core.publisher.FluxOnErrorResume$ResumeSubscriber.onError(FluxOnErrorResume.java:94) ~[reactor-core-3.7.5.jar:3.7.5]
	at reactor.core.publisher.MonoPublishOn$PublishOnSubscriber.run(MonoPublishOn.java:187) ~[reactor-core-3.7.5.jar:3.7.5]
	at reactor.core.scheduler.SchedulerTask.call(SchedulerTask.java:68) ~[reactor-core-3.7.5.jar:3.7.5]
	at reactor.core.scheduler.SchedulerTask.call(SchedulerTask.java:28) ~[reactor-core-3.7.5.jar:3.7.5]
	at java.base/java.util.concurrent.FutureTask.run(FutureTask.java:317) ~[na:na]
	at java.base/java.util.concurrent.ScheduledThreadPoolExecutor$ScheduledFutureTask.run(ScheduledThreadPoolExecutor.java:304) ~[na:na]
	at java.base/java.util.concurrent.ThreadPoolExecutor.runWorker(ThreadPoolExecutor.java:1144) ~[na:na]
	at java.base/java.util.concurrent.ThreadPoolExecutor$Worker.run(ThreadPoolExecutor.java:642) ~[na:na]
	at java.base/java.lang.Thread.run(Thread.java:1575) ~[na:na]
	Suppressed: [CIRCULAR REFERENCE: com.azure.cosmos.implementation.ServiceUnavailableException: {"innerErrorMessage":"Service is currently unavailable, please retry after a while. More info: https://aka.ms/cosmosdb-tsg-service-unavailable-java: Message: {\"innerErrorMessage\":\"The requested resource is no longer available at the server.\"}","cosmosDiagnostics":{"userAgent":"azsdk-java-cosmos/4.68.0 Windows10/10.0 JRE/23.0.1 az-sd-cos/5.22.0az-sp-cos/5.22.0","activityId":"5ba9d22a-7ee2-4be6-a809-0f90d1885349","requestLatencyInMs":30907,"requestStartTimeUTC":"2025-06-04T20:45:38.436108200Z","requestEndTimeUTC":"2025-06-04T20:46:09.344002500Z","responseStatisticsList":[{"storeResult":{"storePhysicalAddress":"rntbd://cdb-ms-prod-westus3-be41.documents.azure.com:11307/apps/b4a754e2-efc3-4890-b885-c2fba20447a0/services/b395315b-74a0-40f3-909c-476b990ea2b4/partitions/c7536697-f3df-4582-b0a9-8a9fb5d433fe/replicas/133915815056156134s/","lsn":0,"quorumAckedLSN":-1,"currentReplicaSetSize":-1,"globalCommittedLsn":-1,"partitionKeyRangeId":null,"isValid":false,"statusCode":410,"subStatusCode":20001,"isGone":true,"isNotFound":false,"isInvalidPartition":false,"isThroughputControlRequestRateTooLarge":false,"requestCharge":0.0,"itemLSN":-1,"sessionToken":null,"backendLatencyInMs":null,"retryAfterInMs":null,"exceptionMessage":"failed to establish connection to cdb-ms-prod-westus3-be41.documents.azure.com/<unresolved>:11307 due to io.netty.channel.ConnectTimeoutException: connection timed out after 5000 ms: cdb-ms-prod-westus3-be41.documents.azure.com/20.14.126.131:11307","exceptionResponseHeaders":"{x-ms-activity-id=5ba9d22a-7ee2-4be6-a809-0f90d1885349, x-ms-substatus=20001}","replicaStatusList":{"Ignoring":["11315:P:Unknown"],"Attempting":["11013:S:Unknown","11307:S:Unknown","11309:S:Unknown"]},"transportRequestTimeline":[{"eventName":"created","startTimeUTC":"2025-06-04T20:45:39.017390800Z","durationInMilliSecs":1.0001},{"eventName":"queued","startTimeUTC":"2025-06-04T20:45:39.018390900Z","durationInMilliSecs":0.0},{"eventName":"channelAcquisitionStarted","startTimeUTC":"2025-06-04T20:45:39.018390900Z","durationInMilliSecs":5110.6232},{"eventName":"pipelined","startTimeUTC":null,"durationInMilliSecs":0.0},{"eventName":"transitTime","startTimeUTC":null,"durationInMilliSecs":0.0},{"eventName":"decodeTime","startTimeUTC":null,"durationInMilliSecs":0.0},{"eventName":"received","startTimeUTC":null,"durationInMilliSecs":0.0},{"eventName":"completed","startTimeUTC":"2025-06-04T20:45:44.129014100Z","durationInMilliSecs":0.0}],"transportRequestChannelAcquisitionContext":{"events":[{"poll":"2025-06-04T20:45:39.018390900Z","durationInMilliSecs":0.0},{"startNew":"2025-06-04T20:45:39.018390900Z","durationInMilliSecs":5093.0589},{"completeNew":"2025-06-04T20:45:44.111449800Z"}],"waitForChannelInit":true},"rntbdRequestLengthInBytes":-1,"rntbdResponseLengthInBytes":-1,"requestPayloadLengthInBytes":0,"responsePayloadLengthInBytes":-1,"channelStatistics":null,"serviceEndpointStatistics":{"availableChannels":0,"acquiredChannels":0,"executorTaskQueueSize":0,"inflightRequests":1,"lastSuccessfulRequestTime":"2025-06-04T20:45:39.017Z","lastRequestTime":"2025-06-04T20:45:39.017Z","createdTime":"2025-06-04T20:45:39.017390800Z","isClosed":false,"cerMetrics":{}}},"requestResponseTimeUTC":"2025-06-04T20:45:44.131016200Z","requestStartTimeUTC":"2025-06-04T20:45:39.017390800Z","requestResourceType":"Database","requestOperationType":"Read","requestSessionToken":null,"e2ePolicyCfg":null,"excludedRegions":null,"sessionTokenEvaluationResults":[],"locationToLocationSpecificHealthContext":{"v":null}},{"storeResult":{"storePhysicalAddress":"rntbd://cdb-ms-prod-westus3-be41.documents.azure.com:11013/apps/b4a754e2-efc3-4890-b885-c2fba20447a0/services/b395315b-74a0-40f3-909c-476b990ea2b4/partitions/c7536697-f3df-4582-b0a9-8a9fb5d433fe/replicas/133915815012093458s/","lsn":0,"quorumAckedLSN":-1,"currentReplicaSetSize":-1,"globalCommittedLsn":-1,"partitionKeyRangeId":null,"isValid":false,"statusCode":410,"subStatusCode":20001,"isGone":true,"isNotFound":false,"isInvalidPartition":false,"isThroughputControlRequestRateTooLarge":false,"requestCharge":0.0,"itemLSN":-1,"sessionToken":null,"backendLatencyInMs":null,"retryAfterInMs":null,"exceptionMessage":"failed to establish connection to cdb-ms-prod-westus3-be41.documents.azure.com/<unresolved>:11013 due to io.netty.channel.ConnectTimeoutException: connection timed out after 5000 ms: cdb-ms-prod-westus3-be41.documents.azure.com/20.14.126.131:11013","exceptionResponseHeaders":"{x-ms-activity-id=5ba9d22a-7ee2-4be6-a809-0f90d1885349, x-ms-substatus=20001}","replicaStatusList":{"Ignoring":["11315:P:Unknown"],"Attempting":["11013:S:Unknown","11307:S:Unknown","11309:S:Unknown"]},"transportRequestTimeline":[{"eventName":"created","startTimeUTC":"2025-06-04T20:45:38.985925600Z","durationInMilliSecs":29.4668},{"eventName":"queued","startTimeUTC":"2025-06-04T20:45:39.015392400Z","durationInMilliSecs":0.0},{"eventName":"channelAcquisitionStarted","startTimeUTC":"2025-06-04T20:45:39.015392400Z","durationInMilliSecs":5113.6217},{"eventName":"pipelined","startTimeUTC":null,"durationInMilliSecs":0.0},{"eventName":"transitTime","startTimeUTC":null,"durationInMilliSecs":0.0},{"eventName":"decodeTime","startTimeUTC":null,"durationInMilliSecs":0.0},{"eventName":"received","startTimeUTC":null,"durationInMilliSecs":0.0},{"eventName":"completed","startTimeUTC":"2025-06-04T20:45:44.129014100Z","durationInMilliSecs":0.0}],"transportRequestChannelAcquisitionContext":{"events":[{"poll":"2025-06-04T20:45:39.016392300Z","durationInMilliSecs":0.0},{"startNew":"2025-06-04T20:45:39.017390800Z","durationInMilliSecs":5094.059},{"completeNew":"2025-06-04T20:45:44.111449800Z"}],"waitForChannelInit":true},"rntbdRequestLengthInBytes":-1,"rntbdResponseLengthInBytes":-1,"requestPayloadLengthInBytes":0,"responsePayloadLengthInBytes":-1,"channelStatistics":null,"serviceEndpointStatistics":{"availableChannels":0,"acquiredChannels":0,"executorTaskQueueSize":0,"inflightRequests":1,"lastSuccessfulRequestTime":"2025-06-04T20:45:38.994Z","lastRequestTime":"2025-06-04T20:45:38.994Z","createdTime":"2025-06-04T20:45:38.993924Z","isClosed":false,"cerMetrics":{}}},"requestResponseTimeUTC":"2025-06-04T20:45:44.131016200Z","requestStartTimeUTC":"2025-06-04T20:45:38.985925600Z","requestResourceType":"Database","requestOperationType":"Read","requestSessionToken":null,"e2ePolicyCfg":null,"excludedRegions":null,"sessionTokenEvaluationResults":[],"locationToLocationSpecificHealthContext":{"v":null}},{"storeResult":{"storePhysicalAddress":"rntbd://cdb-ms-prod-westus3-be41.documents.azure.com:11309/apps/b4a754e2-efc3-4890-b885-c2fba20447a0/services/b395315b-74a0-40f3-909c-476b990ea2b4/partitions/c7536697-f3df-4582-b0a9-8a9fb5d433fe/replicas/133915815056156133s/","lsn":0,"quorumAckedLSN":-1,"currentReplicaSetSize":-1,"globalCommittedLsn":-1,"partitionKeyRangeId":null,"isValid":false,"statusCode":410,"subStatusCode":20001,"isGone":true,"isNotFound":false,"isInvalidPartition":false,"isThroughputControlRequestRateTooLarge":false,"requestCharge":0.0,"itemLSN":-1,"sessionToken":null,"backendLatencyInMs":null,"retryAfterInMs":null,"exceptionMessage":"failed to establish connection to cdb-ms-prod-westus3-be41.documents.azure.com/<unresolved>:11309 due to io.netty.channel.ConnectTimeoutException: connection timed out after 5000 ms: cdb-ms-prod-westus3-be41.documents.azure.com/20.14.126.131:11309","exceptionResponseHeaders":"{x-ms-activity-id=5ba9d22a-7ee2-4be6-a809-0f90d1885349, x-ms-substatus=20001}","replicaStatusList":{"Ignoring":["11315:P:Unknown","11307:S:Unhealthy","11013:S:Unhealthy"],"Attempting":["11309:S:Unknown"]},"transportRequestTimeline":[{"eventName":"created","startTimeUTC":"2025-06-04T20:45:44.132014200Z","durationInMilliSecs":0.0},{"eventName":"queued","startTimeUTC":"2025-06-04T20:45:44.132014200Z","durationInMilliSecs":0.0},{"eventName":"channelAcquisitionStarted","startTimeUTC":"2025-06-04T20:45:44.132014200Z","durationInMilliSecs":5013.3352},{"eventName":"pipelined","startTimeUTC":null,"durationInMilliSecs":0.0},{"eventName":"transitTime","startTimeUTC":null,"durationInMilliSecs":0.0},{"eventName":"decodeTime","startTimeUTC":null,"durationInMilliSecs":0.0},{"eventName":"received","startTimeUTC":null,"durationInMilliSecs":0.0},{"eventName":"completed","startTimeUTC":"2025-06-04T20:45:49.145349400Z","durationInMilliSecs":0.0}],"transportRequestChannelAcquisitionContext":{"events":[{"poll":"2025-06-04T20:45:44.133014200Z","durationInMilliSecs":0.0},{"startNew":"2025-06-04T20:45:44.133014200Z","durationInMilliSecs":5011.3775},{"completeNew":"2025-06-04T20:45:49.144391700Z"}],"waitForChannelInit":true},"rntbdRequestLengthInBytes":-1,"rntbdResponseLengthInBytes":-1,"requestPayloadLengthInBytes":0,"responsePayloadLengthInBytes":-1,"channelStatistics":null,"serviceEndpointStatistics":{"availableChannels":0,"acquiredChannels":0,"executorTaskQueueSize":0,"inflightRequests":1,"lastSuccessfulRequestTime":"2025-06-04T20:45:44.132Z","lastRequestTime":"2025-06-04T20:45:44.132Z","createdTime":"2025-06-04T20:45:44.132014200Z","isClosed":false,"cerMetrics":{}}},"requestResponseTimeUTC":"2025-06-04T20:45:49.146400600Z","requestStartTimeUTC":"2025-06-04T20:45:44.132014200Z","requestResourceType":"Database","requestOperationType":"Read","requestSessionToken":null,"e2ePolicyCfg":null,"excludedRegions":null,"sessionTokenEvaluationResults":[],"locationToLocationSpecificHealthContext":{"v":null}},{"storeResult":{"storePhysicalAddress":"rntbd://cdb-ms-prod-westus3-be41.documents.azure.com:11315/apps/b4a754e2-efc3-4890-b885-c2fba20447a0/services/b395315b-74a0-40f3-909c-476b990ea2b4/partitions/c7536697-f3df-4582-b0a9-8a9fb5d433fe/replicas/133915815056156135p/","lsn":-1,"quorumAckedLSN":-1,"currentReplicaSetSize":-1,"globalCommittedLsn":-1,"partitionKeyRangeId":null,"isValid":false,"statusCode":410,"subStatusCode":20001,"isGone":true,"isNotFound":false,"isInvalidPartition":false,"isThroughputControlRequestRateTooLarge":false,"requestCharge":0.0,"itemLSN":-1,"sessionToken":null,"backendLatencyInMs":null,"retryAfterInMs":null,"exceptionMessage":"failed to establish connection to cdb-ms-prod-westus3-be41.documents.azure.com/<unresolved>:11315 due to io.netty.channel.ConnectTimeoutException: connection timed out after 5000 ms: cdb-ms-prod-westus3-be41.documents.azure.com/20.14.126.131:11315","exceptionResponseHeaders":"{x-ms-activity-id=5ba9d22a-7ee2-4be6-a809-0f90d1885349, x-ms-substatus=20001}","replicaStatusList":{"Ignoring":["11307:S:Unhealthy","11013:S:Unhealthy","11309:S:Unhealthy"],"Attempting":["11315:P:Unknown"]},"transportRequestTimeline":[{"eventName":"created","startTimeUTC":"2025-06-04T20:45:49.168737200Z","durationInMilliSecs":0.0},{"eventName":"queued","startTimeUTC":"2025-06-04T20:45:49.168737200Z","durationInMilliSecs":0.0},{"eventName":"channelAcquisitionStarted","startTimeUTC":"2025-06-04T20:45:49.168737200Z","durationInMilliSecs":5016.0506},{"eventName":"pipelined","startTimeUTC":null,"durationInMilliSecs":0.0},{"eventName":"transitTime","startTimeUTC":null,"durationInMilliSecs":0.0},{"eventName":"decodeTime","startTimeUTC":null,"durationInMilliSecs":0.0},{"eventName":"received","startTimeUTC":null,"durationInMilliSecs":0.0},{"eventName":"completed","startTimeUTC":"2025-06-04T20:45:54.184787800Z","durationInMilliSecs":0.0}],"transportRequestChannelAcquisitionContext":{"events":[{"poll":"2025-06-04T20:45:49.169753600Z","durationInMilliSecs":0.0},{"startNew":"2025-06-04T20:45:49.169753600Z","durationInMilliSecs":5014.4272},{"completeNew":"2025-06-04T20:45:54.184180800Z"}],"waitForChannelInit":true},"rntbdRequestLengthInBytes":-1,"rntbdResponseLengthInBytes":-1,"requestPayloadLengthInBytes":0,"responsePayloadLengthInBytes":-1,"channelStatistics":null,"serviceEndpointStatistics":{"availableChannels":0,"acquiredChannels":0,"executorTaskQueueSize":0,"inflightRequests":1,"lastSuccessfulRequestTime":"2025-06-04T20:45:49.168Z","lastRequestTime":"2025-06-04T20:45:49.168Z","createdTime":"2025-06-04T20:45:49.168737200Z","isClosed":false,"cerMetrics":{}}},"requestResponseTimeUTC":"2025-06-04T20:45:54.184787800Z","requestStartTimeUTC":"2025-06-04T20:45:49.168737200Z","requestResourceType":"Database","requestOperationType":"Read","requestSessionToken":null,"e2ePolicyCfg":null,"excludedRegions":null,"sessionTokenEvaluationResults":[],"locationToLocationSpecificHealthContext":{"v":null}},{"storeResult":{"storePhysicalAddress":"rntbd://cdb-ms-prod-westus3-be41.documents.azure.com:11309/apps/b4a754e2-efc3-4890-b885-c2fba20447a0/services/b395315b-74a0-40f3-909c-476b990ea2b4/partitions/c7536697-f3df-4582-b0a9-8a9fb5d433fe/replicas/133915815056156133s/","lsn":0,"quorumAckedLSN":-1,"currentReplicaSetSize":-1,"globalCommittedLsn":-1,"partitionKeyRangeId":null,"isValid":false,"statusCode":410,"subStatusCode":20001,"isGone":true,"isNotFound":false,"isInvalidPartition":false,"isThroughputControlRequestRateTooLarge":false,"requestCharge":0.0,"itemLSN":-1,"sessionToken":null,"backendLatencyInMs":null,"retryAfterInMs":null,"exceptionMessage":"failed to establish connection to cdb-ms-prod-westus3-be41.documents.azure.com/<unresolved>:11309 due to io.netty.channel.ConnectTimeoutException: connection timed out after 5000 ms: cdb-ms-prod-westus3-be41.documents.azure.com/20.14.126.131:11309","exceptionResponseHeaders":"{x-ms-activity-id=5ba9d22a-7ee2-4be6-a809-0f90d1885349, x-ms-substatus=20001}","replicaStatusList":{"Ignoring":["11315:P:Unknown"],"Attempting":["11013:S:Unknown","11307:S:Unknown","11309:S:Unknown"]},"transportRequestTimeline":[{"eventName":"created","startTimeUTC":"2025-06-04T20:45:54.307237300Z","durationInMilliSecs":0.9605},{"eventName":"queued","startTimeUTC":"2025-06-04T20:45:54.308197800Z","durationInMilliSecs":0.0},{"eventName":"channelAcquisitionStarted","startTimeUTC":"2025-06-04T20:45:54.308197800Z","durationInMilliSecs":5011.8224},{"eventName":"pipelined","startTimeUTC":null,"durationInMilliSecs":0.0},{"eventName":"transitTime","startTimeUTC":null,"durationInMilliSecs":0.0},{"eventName":"decodeTime","startTimeUTC":null,"durationInMilliSecs":0.0},{"eventName":"received","startTimeUTC":null,"durationInMilliSecs":0.0},{"eventName":"completed","startTimeUTC":"2025-06-04T20:45:59.320020200Z","durationInMilliSecs":0.0}],"transportRequestChannelAcquisitionContext":{"events":[{"poll":"2025-06-04T20:45:54.308197800Z","durationInMilliSecs":0.0},{"startNew":"2025-06-04T20:45:54.308197800Z","durationInMilliSecs":5011.8224},{"completeNew":"2025-06-04T20:45:59.320020200Z"}],"waitForChannelInit":true},"rntbdRequestLengthInBytes":-1,"rntbdResponseLengthInBytes":-1,"requestPayloadLengthInBytes":0,"responsePayloadLengthInBytes":-1,"channelStatistics":null,"serviceEndpointStatistics":{"availableChannels":0,"acquiredChannels":0,"executorTaskQueueSize":0,"inflightRequests":1,"lastSuccessfulRequestTime":"2025-06-04T20:45:44.132Z","lastRequestTime":"2025-06-04T20:45:44.132Z","createdTime":"2025-06-04T20:45:44.132014200Z","isClosed":false,"cerMetrics":{"lastCallTimestamp":"2025-06-04T20:45:49.142311Z","lastActionableContext":"(2025-06-04T20:45:49.142311Z,1)"}}},"requestResponseTimeUTC":"2025-06-04T20:45:59.321009200Z","requestStartTimeUTC":"2025-06-04T20:45:54.307237300Z","requestResourceType":"Database","requestOperationType":"Read","requestSessionToken":null,"e2ePolicyCfg":null,"excludedRegions":null,"sessionTokenEvaluationResults":[],"locationToLocationSpecificHealthContext":{"v":null}},{"storeResult":{"storePhysicalAddress":"rntbd://cdb-ms-prod-westus3-be41.documents.azure.com:11307/apps/b4a754e2-efc3-4890-b885-c2fba20447a0/services/b395315b-74a0-40f3-909c-476b990ea2b4/partitions/c7536697-f3df-4582-b0a9-8a9fb5d433fe/replicas/133915815056156134s/","lsn":0,"quorumAckedLSN":-1,"currentReplicaSetSize":-1,"globalCommittedLsn":-1,"partitionKeyRangeId":null,"isValid":false,"statusCode":410,"subStatusCode":20001,"isGone":true,"isNotFound":false,"isInvalidPartition":false,"isThroughputControlRequestRateTooLarge":false,"requestCharge":0.0,"itemLSN":-1,"sessionToken":null,"backendLatencyInMs":null,"retryAfterInMs":null,"exceptionMessage":"failed to establish connection to cdb-ms-prod-westus3-be41.documents.azure.com/<unresolved>:11307 due to io.netty.channel.ConnectTimeoutException: connection timed out after 5000 ms: cdb-ms-prod-westus3-be41.documents.azure.com/20.14.126.131:11307","exceptionResponseHeaders":"{x-ms-activity-id=5ba9d22a-7ee2-4be6-a809-0f90d1885349, x-ms-substatus=20001}","replicaStatusList":{"Ignoring":["11315:P:Unknown"],"Attempting":["11013:S:Unknown","11307:S:Unknown","11309:S:Unknown"]},"transportRequestTimeline":[{"eventName":"created","startTimeUTC":"2025-06-04T20:45:54.308197800Z","durationInMilliSecs":0.0},{"eventName":"queued","startTimeUTC":"2025-06-04T20:45:54.308197800Z","durationInMilliSecs":0.0},{"eventName":"channelAcquisitionStarted","startTimeUTC":"2025-06-04T20:45:54.308197800Z","durationInMilliSecs":5012.8114},{"eventName":"pipelined","startTimeUTC":null,"durationInMilliSecs":0.0},{"eventName":"transitTime","startTimeUTC":null,"durationInMilliSecs":0.0},{"eventName":"decodeTime","startTimeUTC":null,"durationInMilliSecs":0.0},{"eventName":"received","startTimeUTC":null,"durationInMilliSecs":0.0},{"eventName":"completed","startTimeUTC":"2025-06-04T20:45:59.321009200Z","durationInMilliSecs":0.0}],"transportRequestChannelAcquisitionContext":{"events":[{"poll":"2025-06-04T20:45:54.308197800Z","durationInMilliSecs":0.0},{"startNew":"2025-06-04T20:45:54.308197800Z","durationInMilliSecs":5011.8224},{"completeNew":"2025-06-04T20:45:59.320020200Z"}],"waitForChannelInit":true},"rntbdRequestLengthInBytes":-1,"rntbdResponseLengthInBytes":-1,"requestPayloadLengthInBytes":0,"responsePayloadLengthInBytes":-1,"channelStatistics":null,"serviceEndpointStatistics":{"availableChannels":0,"acquiredChannels":0,"executorTaskQueueSize":0,"inflightRequests":1,"lastSuccessfulRequestTime":"2025-06-04T20:45:39.017Z","lastRequestTime":"2025-06-04T20:45:39.017Z","createdTime":"2025-06-04T20:45:39.017390800Z","isClosed":false,"cerMetrics":{"lastCallTimestamp":"2025-06-04T20:45:44.101797300Z","lastActionableContext":"(2025-06-04T20:45:44.101797300Z,1)"}}},"requestResponseTimeUTC":"2025-06-04T20:45:59.321009200Z","requestStartTimeUTC":"2025-06-04T20:45:54.308197800Z","requestResourceType":"Database","requestOperationType":"Read","requestSessionToken":null,"e2ePolicyCfg":null,"excludedRegions":null,"sessionTokenEvaluationResults":[],"locationToLocationSpecificHealthContext":{"v":null}},{"storeResult":{"storePhysicalAddress":"rntbd://cdb-ms-prod-westus3-be41.documents.azure.com:11013/apps/b4a754e2-efc3-4890-b885-c2fba20447a0/services/b395315b-74a0-40f3-909c-476b990ea2b4/partitions/c7536697-f3df-4582-b0a9-8a9fb5d433fe/replicas/133915815012093458s/","lsn":0,"quorumAckedLSN":-1,"currentReplicaSetSize":-1,"globalCommittedLsn":-1,"partitionKeyRangeId":null,"isValid":false,"statusCode":410,"subStatusCode":20001,"isGone":true,"isNotFound":false,"isInvalidPartition":false,"isThroughputControlRequestRateTooLarge":false,"requestCharge":0.0,"itemLSN":-1,"sessionToken":null,"backendLatencyInMs":null,"retryAfterInMs":null,"exceptionMessage":"failed to establish connection to cdb-ms-prod-westus3-be41.documents.azure.com/<unresolved>:11013 due to io.netty.channel.ConnectTimeoutException: connection timed out after 5000 ms: cdb-ms-prod-westus3-be41.documents.azure.com/20.14.126.131:11013","exceptionResponseHeaders":"{x-ms-activity-id=5ba9d22a-7ee2-4be6-a809-0f90d1885349, x-ms-substatus=20001}","replicaStatusList":{"Ignoring":["11315:P:Unknown","11307:S:Unhealthy","11309:S:Unhealthy"],"Attempting":["11013:S:Unknown"]},"transportRequestTimeline":[{"eventName":"created","startTimeUTC":"2025-06-04T20:45:59.321009200Z","durationInMilliSecs":0.0},{"eventName":"queued","startTimeUTC":"2025-06-04T20:45:59.321009200Z","durationInMilliSecs":0.0},{"eventName":"channelAcquisitionStarted","startTimeUTC":"2025-06-04T20:45:59.321009200Z","durationInMilliSecs":5006.8154},{"eventName":"pipelined","startTimeUTC":null,"durationInMilliSecs":0.0},{"eventName":"transitTime","startTimeUTC":null,"durationInMilliSecs":0.0},{"eventName":"decodeTime","startTimeUTC":null,"durationInMilliSecs":0.0},{"eventName":"received","startTimeUTC":null,"durationInMilliSecs":0.0},{"eventName":"completed","startTimeUTC":"2025-06-04T20:46:04.327824600Z","durationInMilliSecs":0.0}],"transportRequestChannelAcquisitionContext":{"events":[{"poll":"2025-06-04T20:45:59.321009200Z","durationInMilliSecs":0.0},{"startNew":"2025-06-04T20:45:59.321009200Z","durationInMilliSecs":5006.8154},{"completeNew":"2025-06-04T20:46:04.327824600Z"}],"waitForChannelInit":true},"rntbdRequestLengthInBytes":-1,"rntbdResponseLengthInBytes":-1,"requestPayloadLengthInBytes":0,"responsePayloadLengthInBytes":-1,"channelStatistics":null,"serviceEndpointStatistics":{"availableChannels":0,"acquiredChannels":0,"executorTaskQueueSize":0,"inflightRequests":1,"lastSuccessfulRequestTime":"2025-06-04T20:45:38.994Z","lastRequestTime":"2025-06-04T20:45:38.986Z","createdTime":"2025-06-04T20:45:38.993924Z","isClosed":false,"cerMetrics":{"lastCallTimestamp":"2025-06-04T20:45:44.101797300Z","lastActionableContext":"(2025-06-04T20:45:44.101797300Z,1)"}}},"requestResponseTimeUTC":"2025-06-04T20:46:04.328821700Z","requestStartTimeUTC":"2025-06-04T20:45:59.321009200Z","requestResourceType":"Database","requestOperationType":"Read","requestSessionToken":null,"e2ePolicyCfg":null,"excludedRegions":null,"sessionTokenEvaluationResults":[],"locationToLocationSpecificHealthContext":{"v":null}},{"storeResult":{"storePhysicalAddress":"rntbd://cdb-ms-prod-westus3-be41.documents.azure.com:11315/apps/b4a754e2-efc3-4890-b885-c2fba20447a0/services/b395315b-74a0-40f3-909c-476b990ea2b4/partitions/c7536697-f3df-4582-b0a9-8a9fb5d433fe/replicas/133915815056156135p/","lsn":-1,"quorumAckedLSN":-1,"currentReplicaSetSize":-1,"globalCommittedLsn":-1,"partitionKeyRangeId":null,"isValid":false,"statusCode":410,"subStatusCode":20001,"isGone":true,"isNotFound":false,"isInvalidPartition":false,"isThroughputControlRequestRateTooLarge":false,"requestCharge":0.0,"itemLSN":-1,"sessionToken":null,"backendLatencyInMs":null,"retryAfterInMs":null,"exceptionMessage":"failed to establish connection to cdb-ms-prod-westus3-be41.documents.azure.com/<unresolved>:11315 due to io.netty.channel.ConnectTimeoutException: connection timed out after 5000 ms: cdb-ms-prod-westus3-be41.documents.azure.com/20.14.126.131:11315","exceptionResponseHeaders":"{x-ms-activity-id=5ba9d22a-7ee2-4be6-a809-0f90d1885349, x-ms-substatus=20001}","replicaStatusList":{"Ignoring":["11307:S:Unhealthy","11013:S:Unhealthy","11309:S:Unhealthy"],"Attempting":["11315:P:Unknown"]},"transportRequestTimeline":[{"eventName":"created","startTimeUTC":"2025-06-04T20:46:04.328821700Z","durationInMilliSecs":0.0},{"eventName":"queued","startTimeUTC":"2025-06-04T20:46:04.328821700Z","durationInMilliSecs":0.0},{"eventName":"channelAcquisitionStarted","startTimeUTC":"2025-06-04T20:46:04.328821700Z","durationInMilliSecs":5015.1808},{"eventName":"pipelined","startTimeUTC":null,"durationInMilliSecs":0.0},{"eventName":"transitTime","startTimeUTC":null,"durationInMilliSecs":0.0},{"eventName":"decodeTime","startTimeUTC":null,"durationInMilliSecs":0.0},{"eventName":"received","startTimeUTC":null,"durationInMilliSecs":0.0},{"eventName":"completed","startTimeUTC":"2025-06-04T20:46:09.344002500Z","durationInMilliSecs":0.0}],"transportRequestChannelAcquisitionContext":{"events":[{"poll":"2025-06-04T20:46:04.328821700Z","durationInMilliSecs":0.0},{"startNew":"2025-06-04T20:46:04.328821700Z","durationInMilliSecs":5014.1777},{"completeNew":"2025-06-04T20:46:09.342999400Z"}],"waitForChannelInit":true},"rntbdRequestLengthInBytes":-1,"rntbdResponseLengthInBytes":-1,"requestPayloadLengthInBytes":0,"responsePayloadLengthInBytes":-1,"channelStatistics":null,"serviceEndpointStatistics":{"availableChannels":0,"acquiredChannels":0,"executorTaskQueueSize":0,"inflightRequests":1,"lastSuccessfulRequestTime":"2025-06-04T20:45:49.168Z","lastRequestTime":"2025-06-04T20:45:49.168Z","createdTime":"2025-06-04T20:45:49.168737200Z","isClosed":false,"cerMetrics":{"lastCallTimestamp":"2025-06-04T20:45:54.182094100Z","lastActionableContext":"(2025-06-04T20:45:54.182094100Z,1)"}}},"requestResponseTimeUTC":"2025-06-04T20:46:09.344002500Z","requestStartTimeUTC":"2025-06-04T20:46:04.328821700Z","requestResourceType":"Database","requestOperationType":"Read","requestSessionToken":null,"e2ePolicyCfg":null,"excludedRegions":null,"sessionTokenEvaluationResults":[],"locationToLocationSpecificHealthContext":{"v":null}}],"supplementalResponseStatisticsList":[],"addressResolutionStatistics":{"8aa9dd1f-3ab2-4f5e-ae90-09c498116f6e":{"startTimeUTC":"2025-06-04T20:45:38.458108100Z","endTimeUTC":"2025-06-04T20:45:38.950920700Z","targetEndpoint":"https://facturacioncosmosdb-westus3.documents.azure.com:443/addresses/?$resolveFor=dbs&$filter=protocol%20eq%20rntbd","exceptionMessage":null,"forceRefresh":true,"forceCollectionRoutingMapRefresh":true,"inflightRequest":false},"438314b6-3c2c-4dec-b289-dfaee49d6657":{"startTimeUTC":"2025-06-04T20:45:54.188430500Z","endTimeUTC":"2025-06-04T20:45:54.306239Z","targetEndpoint":"https://facturacioncosmosdb-westus3.documents.azure.com:443/addresses/?$resolveFor=dbs&$filter=protocol%20eq%20rntbd","exceptionMessage":null,"forceRefresh":true,"forceCollectionRoutingMapRefresh":true,"inflightRequest":false}},"regionsContacted":["west us 3"],"retryContext":{"statusAndSubStatusCodes":[[410,21009],[410,21009],[503,21009]],"retryCount":3,"retryLatency":15160},"metadataDiagnosticsContext":{"metadataDiagnosticList":[{"metaDataName":"MASTER_ADDRESS_LOOK_UP","startTimeUTC":"2025-06-04T20:45:38.458108100Z","endTimeUTC":"2025-06-04T20:45:38.948965900Z","durationinMS":490},{"metaDataName":"MASTER_ADDRESS_LOOK_UP","startTimeUTC":"2025-06-04T20:45:54.188430500Z","endTimeUTC":"2025-06-04T20:45:54.306239Z","durationinMS":117}]},"serializationDiagnosticsContext":{"serializationDiagnosticsList":null},"gatewayStatisticsList":[],"samplingRateSnapshot":1.0,"bloomFilterInsertionCountSnapshot":0,"systemInformation":{"usedMemory":"51636 KB","availableMemory":"3044940 KB","systemCpuLoad":"empty","availableProcessors":12},"clientCfgs":{"id":1,"machineId":"uuid:fade444e-41d4-4bcc-a079-df2b8b43d1f3","connectionMode":"DIRECT","numberOfClients":0,"excrgns":"[]","clientEndpoints":{"https://facturacioncosmosdb.documents.azure.com:443/":1},"connCfg":{"rntbd":"(cto:PT5S, nrto:PT5S, icto:PT0S, ieto:PT1H, mcpe:130, mrpc:30, cer:true)","gw":"(cps:1000, nrto:PT1M, icto:PT1M, cto:PT45S, p:false)","other":"(ed: true, cs: false, rv: true)"},"consistencyCfg":"(consistency: null, mm: true, prgns: [])","proactiveInitCfg":"","e2ePolicyCfg":"","sessionRetryCfg":"","partitionLevelCircuitBreakerCfg":"(cb: false, type: CONSECUTIVE_EXCEPTION_COUNT_BASED, rexcntt: 10, wexcntt: 5)"}}}]
	Suppressed: java.lang.Exception: #block terminated with an error
		at reactor.core.publisher.BlockingSingleSubscriber.blockingGet(BlockingSingleSubscriber.java:104) ~[reactor-core-3.7.5.jar:3.7.5]
		at reactor.core.publisher.Mono.block(Mono.java:1779) ~[reactor-core-3.7.5.jar:3.7.5]
		at com.azure.spring.data.cosmos.repository.support.SimpleReactiveCosmosRepository.createContainerIfNotExists(SimpleReactiveCosmosRepository.java:85) ~[azure-spring-data-cosmos-5.22.0.jar:5.22.0]
		at com.azure.spring.data.cosmos.repository.support.SimpleReactiveCosmosRepository.<init>(SimpleReactiveCosmosRepository.java:50) ~[azure-spring-data-cosmos-5.22.0.jar:5.22.0]
		at java.base/jdk.internal.reflect.DirectConstructorHandleAccessor.newInstance(DirectConstructorHandleAccessor.java:62) ~[na:na]
		at java.base/java.lang.reflect.Constructor.newInstanceWithCaller(Constructor.java:501) ~[na:na]
		at java.base/java.lang.reflect.Constructor.newInstance(Constructor.java:485) ~[na:na]
		at org.springframework.beans.BeanUtils.instantiateClass(BeanUtils.java:209) ~[spring-beans-6.2.6.jar:6.2.6]
		at org.springframework.data.repository.core.support.RepositoryFactorySupport.lambda$instantiateClass$5(RepositoryFactorySupport.java:657) ~[spring-data-commons-3.4.5.jar:3.4.5]
		at java.base/java.util.Optional.map(Optional.java:260) ~[na:na]
		at org.springframework.data.repository.core.support.RepositoryFactorySupport.instantiateClass(RepositoryFactorySupport.java:657) ~[spring-data-commons-3.4.5.jar:3.4.5]
		at org.springframework.data.repository.core.support.RepositoryFactorySupport.getTargetRepositoryViaReflection(RepositoryFactorySupport.java:622) ~[spring-data-commons-3.4.5.jar:3.4.5]
		at com.azure.spring.data.cosmos.repository.support.ReactiveCosmosRepositoryFactory.getTargetRepository(ReactiveCosmosRepositoryFactory.java:48) ~[azure-spring-data-cosmos-5.22.0.jar:5.22.0]
		at org.springframework.data.repository.core.support.RepositoryFactorySupport.getRepository(RepositoryFactorySupport.java:377) ~[spring-data-commons-3.4.5.jar:3.4.5]
		at org.springframework.data.repository.core.support.RepositoryFactoryBeanSupport.lambda$afterPropertiesSet$4(RepositoryFactoryBeanSupport.java:350) ~[spring-data-commons-3.4.5.jar:3.4.5]
		at org.springframework.data.util.Lazy.getNullable(Lazy.java:135) ~[spring-data-commons-3.4.5.jar:3.4.5]
		at org.springframework.data.util.Lazy.get(Lazy.java:113) ~[spring-data-commons-3.4.5.jar:3.4.5]
		at org.springframework.data.repository.core.support.RepositoryFactoryBeanSupport.afterPropertiesSet(RepositoryFactoryBeanSupport.java:356) ~[spring-data-commons-3.4.5.jar:3.4.5]
		at com.azure.spring.data.cosmos.repository.support.ReactiveCosmosRepositoryFactoryBean.afterPropertiesSet(ReactiveCosmosRepositoryFactoryBean.java:69) ~[azure-spring-data-cosmos-5.22.0.jar:5.22.0]
		at org.springframework.beans.factory.support.AbstractAutowireCapableBeanFactory.invokeInitMethods(AbstractAutowireCapableBeanFactory.java:1865) ~[spring-beans-6.2.6.jar:6.2.6]
		at org.springframework.beans.factory.support.AbstractAutowireCapableBeanFactory.initializeBean(AbstractAutowireCapableBeanFactory.java:1814) ~[spring-beans-6.2.6.jar:6.2.6]
		at org.springframework.beans.factory.support.AbstractAutowireCapableBeanFactory.doCreateBean(AbstractAutowireCapableBeanFactory.java:607) ~[spring-beans-6.2.6.jar:6.2.6]
		at org.springframework.beans.factory.support.AbstractAutowireCapableBeanFactory.createBean(AbstractAutowireCapableBeanFactory.java:529) ~[spring-beans-6.2.6.jar:6.2.6]
		at org.springframework.beans.factory.support.AbstractBeanFactory.lambda$doGetBean$0(AbstractBeanFactory.java:339) ~[spring-beans-6.2.6.jar:6.2.6]
		at org.springframework.beans.factory.support.DefaultSingletonBeanRegistry.getSingleton(DefaultSingletonBeanRegistry.java:371) ~[spring-beans-6.2.6.jar:6.2.6]
		at org.springframework.beans.factory.support.AbstractBeanFactory.doGetBean(AbstractBeanFactory.java:337) ~[spring-beans-6.2.6.jar:6.2.6]
		at org.springframework.beans.factory.support.AbstractBeanFactory.getBean(AbstractBeanFactory.java:202) ~[spring-beans-6.2.6.jar:6.2.6]
		at org.springframework.beans.factory.support.DefaultListableBeanFactory.doResolveDependency(DefaultListableBeanFactory.java:1681) ~[spring-beans-6.2.6.jar:6.2.6]
		at org.springframework.beans.factory.support.DefaultListableBeanFactory.resolveDependency(DefaultListableBeanFactory.java:1627) ~[spring-beans-6.2.6.jar:6.2.6]
		at org.springframework.beans.factory.support.ConstructorResolver.resolveAutowiredArgument(ConstructorResolver.java:913) ~[spring-beans-6.2.6.jar:6.2.6]
		at org.springframework.beans.factory.support.ConstructorResolver.createArgumentArray(ConstructorResolver.java:791) ~[spring-beans-6.2.6.jar:6.2.6]
		at org.springframework.beans.factory.support.ConstructorResolver.autowireConstructor(ConstructorResolver.java:240) ~[spring-beans-6.2.6.jar:6.2.6]
		at org.springframework.beans.factory.support.AbstractAutowireCapableBeanFactory.autowireConstructor(AbstractAutowireCapableBeanFactory.java:1387) ~[spring-beans-6.2.6.jar:6.2.6]
		at org.springframework.beans.factory.support.AbstractAutowireCapableBeanFactory.createBeanInstance(AbstractAutowireCapableBeanFactory.java:1224) ~[spring-beans-6.2.6.jar:6.2.6]
		at org.springframework.beans.factory.support.AbstractAutowireCapableBeanFactory.doCreateBean(AbstractAutowireCapableBeanFactory.java:569) ~[spring-beans-6.2.6.jar:6.2.6]
		at org.springframework.beans.factory.support.AbstractAutowireCapableBeanFactory.createBean(AbstractAutowireCapableBeanFactory.java:529) ~[spring-beans-6.2.6.jar:6.2.6]
		at org.springframework.beans.factory.support.AbstractBeanFactory.lambda$doGetBean$0(AbstractBeanFactory.java:339) ~[spring-beans-6.2.6.jar:6.2.6]
		at org.springframework.beans.factory.support.DefaultSingletonBeanRegistry.getSingleton(DefaultSingletonBeanRegistry.java:371) ~[spring-beans-6.2.6.jar:6.2.6]
		at org.springframework.beans.factory.support.AbstractBeanFactory.doGetBean(AbstractBeanFactory.java:337) ~[spring-beans-6.2.6.jar:6.2.6]
		at org.springframework.beans.factory.support.AbstractBeanFactory.getBean(AbstractBeanFactory.java:202) ~[spring-beans-6.2.6.jar:6.2.6]
		at org.springframework.beans.factory.support.DefaultListableBeanFactory.instantiateSingleton(DefaultListableBeanFactory.java:1221) ~[spring-beans-6.2.6.jar:6.2.6]
		at org.springframework.beans.factory.support.DefaultListableBeanFactory.preInstantiateSingleton(DefaultListableBeanFactory.java:1187) ~[spring-beans-6.2.6.jar:6.2.6]
		at org.springframework.beans.factory.support.DefaultListableBeanFactory.preInstantiateSingletons(DefaultListableBeanFactory.java:1122) ~[spring-beans-6.2.6.jar:6.2.6]
		at org.springframework.context.support.AbstractApplicationContext.finishBeanFactoryInitialization(AbstractApplicationContext.java:987) ~[spring-context-6.2.6.jar:6.2.6]
		at org.springframework.context.support.AbstractApplicationContext.refresh(AbstractApplicationContext.java:627) ~[spring-context-6.2.6.jar:6.2.6]
		at org.springframework.boot.SpringApplication.refresh(SpringApplication.java:753) ~[spring-boot-3.4.5.jar:3.4.5]
		at org.springframework.boot.SpringApplication.refreshContext(SpringApplication.java:439) ~[spring-boot-3.4.5.jar:3.4.5]
		at org.springframework.boot.SpringApplication.run(SpringApplication.java:318) ~[spring-boot-3.4.5.jar:3.4.5]
		at org.springframework.boot.test.context.SpringBootContextLoader.lambda$loadContext$3(SpringBootContextLoader.java:144) ~[spring-boot-test-3.4.5.jar:3.4.5]
		at org.springframework.util.function.ThrowingSupplier.get(ThrowingSupplier.java:58) ~[spring-core-6.2.6.jar:6.2.6]
		at org.springframework.util.function.ThrowingSupplier.get(ThrowingSupplier.java:46) ~[spring-core-6.2.6.jar:6.2.6]
		at org.springframework.boot.SpringApplication.withHook(SpringApplication.java:1462) ~[spring-boot-3.4.5.jar:3.4.5]
		at org.springframework.boot.test.context.SpringBootContextLoader$ContextLoaderHook.run(SpringBootContextLoader.java:563) ~[spring-boot-test-3.4.5.jar:3.4.5]
		at org.springframework.boot.test.context.SpringBootContextLoader.loadContext(SpringBootContextLoader.java:144) ~[spring-boot-test-3.4.5.jar:3.4.5]
		at org.springframework.boot.test.context.SpringBootContextLoader.loadContext(SpringBootContextLoader.java:110) ~[spring-boot-test-3.4.5.jar:3.4.5]
		at org.springframework.test.context.cache.DefaultCacheAwareContextLoaderDelegate.loadContextInternal(DefaultCacheAwareContextLoaderDelegate.java:225) ~[spring-test-6.2.6.jar:6.2.6]
		at org.springframework.test.context.cache.DefaultCacheAwareContextLoaderDelegate.loadContext(DefaultCacheAwareContextLoaderDelegate.java:152) ~[spring-test-6.2.6.jar:6.2.6]
		at org.springframework.test.context.support.DefaultTestContext.getApplicationContext(DefaultTestContext.java:130) ~[spring-test-6.2.6.jar:6.2.6]
		at org.springframework.test.context.support.DependencyInjectionTestExecutionListener.injectDependencies(DependencyInjectionTestExecutionListener.java:155) ~[spring-test-6.2.6.jar:6.2.6]
		at org.springframework.test.context.support.DependencyInjectionTestExecutionListener.prepareTestInstance(DependencyInjectionTestExecutionListener.java:111) ~[spring-test-6.2.6.jar:6.2.6]
		at org.springframework.test.context.TestContextManager.prepareTestInstance(TestContextManager.java:260) ~[spring-test-6.2.6.jar:6.2.6]
		at org.springframework.test.context.junit.jupiter.SpringExtension.postProcessTestInstance(SpringExtension.java:159) ~[spring-test-6.2.6.jar:6.2.6]
		at org.junit.jupiter.engine.descriptor.ClassBasedTestDescriptor.lambda$invokeTestInstancePostProcessors$11(ClassBasedTestDescriptor.java:378) ~[junit-jupiter-engine-5.11.4.jar:5.11.4]
		at org.junit.jupiter.engine.descriptor.ClassBasedTestDescriptor.executeAndMaskThrowable(ClassBasedTestDescriptor.java:383) ~[junit-jupiter-engine-5.11.4.jar:5.11.4]
		at org.junit.jupiter.engine.descriptor.ClassBasedTestDescriptor.lambda$invokeTestInstancePostProcessors$12(ClassBasedTestDescriptor.java:378) ~[junit-jupiter-engine-5.11.4.jar:5.11.4]
		at java.base/java.util.stream.ForEachOps$ForEachOp$OfRef.accept(ForEachOps.java:184) ~[na:na]
		at java.base/java.util.stream.ReferencePipeline$3$1.accept(ReferencePipeline.java:215) ~[na:na]
		at java.base/java.util.stream.ReferencePipeline$2$1.accept(ReferencePipeline.java:197) ~[na:na]
		at java.base/java.util.stream.ReferencePipeline$3$1.accept(ReferencePipeline.java:215) ~[na:na]
		at java.base/java.util.ArrayList$ArrayListSpliterator.forEachRemaining(ArrayList.java:1709) ~[na:na]
		at java.base/java.util.stream.AbstractPipeline.copyInto(AbstractPipeline.java:570) ~[na:na]
		at java.base/java.util.stream.AbstractPipeline.wrapAndCopyInto(AbstractPipeline.java:560) ~[na:na]
		at java.base/java.util.stream.ForEachOps$ForEachOp.evaluateSequential(ForEachOps.java:151) ~[na:na]
		at java.base/java.util.stream.ForEachOps$ForEachOp$OfRef.evaluateSequential(ForEachOps.java:174) ~[na:na]
		at java.base/java.util.stream.AbstractPipeline.evaluate(AbstractPipeline.java:265) ~[na:na]
		at java.base/java.util.stream.ReferencePipeline.forEach(ReferencePipeline.java:636) ~[na:na]
		at org.junit.jupiter.engine.descriptor.ClassBasedTestDescriptor.invokeTestInstancePostProcessors(ClassBasedTestDescriptor.java:377) ~[junit-jupiter-engine-5.11.4.jar:5.11.4]
		at org.junit.jupiter.engine.descriptor.ClassBasedTestDescriptor.lambda$instantiateAndPostProcessTestInstance$7(ClassBasedTestDescriptor.java:290) ~[junit-jupiter-engine-5.11.4.jar:5.11.4]
		at org.junit.platform.engine.support.hierarchical.ThrowableCollector.execute(ThrowableCollector.java:73) ~[junit-platform-engine-1.11.4.jar:1.11.4]
		at org.junit.jupiter.engine.descriptor.ClassBasedTestDescriptor.instantiateAndPostProcessTestInstance(ClassBasedTestDescriptor.java:289) ~[junit-jupiter-engine-5.11.4.jar:5.11.4]
		at org.junit.jupiter.engine.descriptor.ClassBasedTestDescriptor.lambda$testInstancesProvider$5(ClassBasedTestDescriptor.java:279) ~[junit-jupiter-engine-5.11.4.jar:5.11.4]
		at java.base/java.util.Optional.orElseGet(Optional.java:364) ~[na:na]
		at org.junit.jupiter.engine.descriptor.ClassBasedTestDescriptor.lambda$testInstancesProvider$6(ClassBasedTestDescriptor.java:278) ~[junit-jupiter-engine-5.11.4.jar:5.11.4]
		at org.junit.jupiter.engine.execution.TestInstancesProvider.getTestInstances(TestInstancesProvider.java:31) ~[junit-jupiter-engine-5.11.4.jar:5.11.4]
		at org.junit.jupiter.engine.descriptor.TestMethodTestDescriptor.lambda$prepare$1(TestMethodTestDescriptor.java:105) ~[junit-jupiter-engine-5.11.4.jar:5.11.4]
		at org.junit.platform.engine.support.hierarchical.ThrowableCollector.execute(ThrowableCollector.java:73) ~[junit-platform-engine-1.11.4.jar:1.11.4]
		at org.junit.jupiter.engine.descriptor.TestMethodTestDescriptor.prepare(TestMethodTestDescriptor.java:104) ~[junit-jupiter-engine-5.11.4.jar:5.11.4]
		at org.junit.jupiter.engine.descriptor.TestMethodTestDescriptor.prepare(TestMethodTestDescriptor.java:68) ~[junit-jupiter-engine-5.11.4.jar:5.11.4]
		at org.junit.platform.engine.support.hierarchical.NodeTestTask.lambda$prepare$2(NodeTestTask.java:128) ~[junit-platform-engine-1.11.4.jar:1.11.4]
		at org.junit.platform.engine.support.hierarchical.ThrowableCollector.execute(ThrowableCollector.java:73) ~[junit-platform-engine-1.11.4.jar:1.11.4]
		at org.junit.platform.engine.support.hierarchical.NodeTestTask.prepare(NodeTestTask.java:128) ~[junit-platform-engine-1.11.4.jar:1.11.4]
		at org.junit.platform.engine.support.hierarchical.NodeTestTask.execute(NodeTestTask.java:95) ~[junit-platform-engine-1.11.4.jar:1.11.4]
		at java.base/java.util.ArrayList.forEach(ArrayList.java:1597) ~[na:na]
		at org.junit.platform.engine.support.hierarchical.SameThreadHierarchicalTestExecutorService.invokeAll(SameThreadHierarchicalTestExecutorService.java:41) ~[junit-platform-engine-1.11.4.jar:1.11.4]
		at org.junit.platform.engine.support.hierarchical.NodeTestTask.lambda$executeRecursively$6(NodeTestTask.java:160) ~[junit-platform-engine-1.11.4.jar:1.11.4]
		at org.junit.platform.engine.support.hierarchical.ThrowableCollector.execute(ThrowableCollector.java:73) ~[junit-platform-engine-1.11.4.jar:1.11.4]
		at org.junit.platform.engine.support.hierarchical.NodeTestTask.lambda$executeRecursively$8(NodeTestTask.java:146) ~[junit-platform-engine-1.11.4.jar:1.11.4]
		at org.junit.platform.engine.support.hierarchical.Node.around(Node.java:137) ~[junit-platform-engine-1.11.4.jar:1.11.4]
		at org.junit.platform.engine.support.hierarchical.NodeTestTask.lambda$executeRecursively$9(NodeTestTask.java:144) ~[junit-platform-engine-1.11.4.jar:1.11.4]
		at org.junit.platform.engine.support.hierarchical.ThrowableCollector.execute(ThrowableCollector.java:73) ~[junit-platform-engine-1.11.4.jar:1.11.4]
		at org.junit.platform.engine.support.hierarchical.NodeTestTask.executeRecursively(NodeTestTask.java:143) ~[junit-platform-engine-1.11.4.jar:1.11.4]
		at org.junit.platform.engine.support.hierarchical.NodeTestTask.execute(NodeTestTask.java:100) ~[junit-platform-engine-1.11.4.jar:1.11.4]
		at java.base/java.util.ArrayList.forEach(ArrayList.java:1597) ~[na:na]
		at org.junit.platform.engine.support.hierarchical.SameThreadHierarchicalTestExecutorService.invokeAll(SameThreadHierarchicalTestExecutorService.java:41) ~[junit-platform-engine-1.11.4.jar:1.11.4]
		at org.junit.platform.engine.support.hierarchical.NodeTestTask.lambda$executeRecursively$6(NodeTestTask.java:160) ~[junit-platform-engine-1.11.4.jar:1.11.4]
		at org.junit.platform.engine.support.hierarchical.ThrowableCollector.execute(ThrowableCollector.java:73) ~[junit-platform-engine-1.11.4.jar:1.11.4]
		at org.junit.platform.engine.support.hierarchical.NodeTestTask.lambda$executeRecursively$8(NodeTestTask.java:146) ~[junit-platform-engine-1.11.4.jar:1.11.4]
		at org.junit.platform.engine.support.hierarchical.Node.around(Node.java:137) ~[junit-platform-engine-1.11.4.jar:1.11.4]
		at org.junit.platform.engine.support.hierarchical.NodeTestTask.lambda$executeRecursively$9(NodeTestTask.java:144) ~[junit-platform-engine-1.11.4.jar:1.11.4]
		at org.junit.platform.engine.support.hierarchical.ThrowableCollector.execute(ThrowableCollector.java:73) ~[junit-platform-engine-1.11.4.jar:1.11.4]
		at org.junit.platform.engine.support.hierarchical.NodeTestTask.executeRecursively(NodeTestTask.java:143) ~[junit-platform-engine-1.11.4.jar:1.11.4]
		at org.junit.platform.engine.support.hierarchical.NodeTestTask.execute(NodeTestTask.java:100) ~[junit-platform-engine-1.11.4.jar:1.11.4]
		at org.junit.platform.engine.support.hierarchical.SameThreadHierarchicalTestExecutorService.submit(SameThreadHierarchicalTestExecutorService.java:35) ~[junit-platform-engine-1.11.4.jar:1.11.4]
		at org.junit.platform.engine.support.hierarchical.HierarchicalTestExecutor.execute(HierarchicalTestExecutor.java:57) ~[junit-platform-engine-1.11.4.jar:1.11.4]
		at org.junit.platform.engine.support.hierarchical.HierarchicalTestEngine.execute(HierarchicalTestEngine.java:54) ~[junit-platform-engine-1.11.4.jar:1.11.4]
		at org.junit.platform.launcher.core.EngineExecutionOrchestrator.execute(EngineExecutionOrchestrator.java:198) ~[junit-platform-launcher-1.11.4.jar:1.11.4]
		at org.junit.platform.launcher.core.EngineExecutionOrchestrator.execute(EngineExecutionOrchestrator.java:169) ~[junit-platform-launcher-1.11.4.jar:1.11.4]
		at org.junit.platform.launcher.core.EngineExecutionOrchestrator.execute(EngineExecutionOrchestrator.java:93) ~[junit-platform-launcher-1.11.4.jar:1.11.4]
		at org.junit.platform.launcher.core.EngineExecutionOrchestrator.lambda$execute$0(EngineExecutionOrchestrator.java:58) ~[junit-platform-launcher-1.11.4.jar:1.11.4]
		at org.junit.platform.launcher.core.EngineExecutionOrchestrator.withInterceptedStreams(EngineExecutionOrchestrator.java:141) ~[junit-platform-launcher-1.11.4.jar:1.11.4]
		at org.junit.platform.launcher.core.EngineExecutionOrchestrator.execute(EngineExecutionOrchestrator.java:57) ~[junit-platform-launcher-1.11.4.jar:1.11.4]
		at org.junit.platform.launcher.core.DefaultLauncher.execute(DefaultLauncher.java:103) ~[junit-platform-launcher-1.11.4.jar:1.11.4]
		at org.junit.platform.launcher.core.DefaultLauncher.execute(DefaultLauncher.java:85) ~[junit-platform-launcher-1.11.4.jar:1.11.4]
		at org.junit.platform.launcher.core.DelegatingLauncher.execute(DelegatingLauncher.java:47) ~[junit-platform-launcher-1.11.4.jar:1.11.4]
		at org.apache.maven.surefire.junitplatform.LazyLauncher.execute(LazyLauncher.java:56) ~[surefire-junit-platform-3.5.3.jar:3.5.3]
		at org.apache.maven.surefire.junitplatform.JUnitPlatformProvider.execute(JUnitPlatformProvider.java:194) ~[surefire-junit-platform-3.5.3.jar:3.5.3]
		at org.apache.maven.surefire.junitplatform.JUnitPlatformProvider.invokeAllTests(JUnitPlatformProvider.java:150) ~[surefire-junit-platform-3.5.3.jar:3.5.3]
		at org.apache.maven.surefire.junitplatform.JUnitPlatformProvider.invoke(JUnitPlatformProvider.java:124) ~[surefire-junit-platform-3.5.3.jar:3.5.3]
		at org.apache.maven.surefire.booter.ForkedBooter.runSuitesInProcess(ForkedBooter.java:385) ~[surefire-booter-3.5.3.jar:3.5.3]
		at org.apache.maven.surefire.booter.ForkedBooter.execute(ForkedBooter.java:162) ~[surefire-booter-3.5.3.jar:3.5.3]
		at org.apache.maven.surefire.booter.ForkedBooter.run(ForkedBooter.java:507) ~[surefire-booter-3.5.3.jar:3.5.3]
		at org.apache.maven.surefire.booter.ForkedBooter.main(ForkedBooter.java:495) ~[surefire-booter-3.5.3.jar:3.5.3]
Caused by: com.azure.cosmos.implementation.ServiceUnavailableException: {"innerErrorMessage":"Service is currently unavailable, please retry after a while. More info: https://aka.ms/cosmosdb-tsg-service-unavailable-java: Message: {\"innerErrorMessage\":\"The requested resource is no longer available at the server.\"}","cosmosDiagnostics":{"userAgent":"azsdk-java-cosmos/4.68.0 Windows10/10.0 JRE/23.0.1 az-sd-cos/5.22.0az-sp-cos/5.22.0","activityId":"5ba9d22a-7ee2-4be6-a809-0f90d1885349","requestLatencyInMs":30907,"requestStartTimeUTC":"2025-06-04T20:45:38.436108200Z","requestEndTimeUTC":"2025-06-04T20:46:09.344002500Z","responseStatisticsList":[{"storeResult":{"storePhysicalAddress":"rntbd://cdb-ms-prod-westus3-be41.documents.azure.com:11307/apps/b4a754e2-efc3-4890-b885-c2fba20447a0/services/b395315b-74a0-40f3-909c-476b990ea2b4/partitions/c7536697-f3df-4582-b0a9-8a9fb5d433fe/replicas/133915815056156134s/","lsn":0,"quorumAckedLSN":-1,"currentReplicaSetSize":-1,"globalCommittedLsn":-1,"partitionKeyRangeId":null,"isValid":false,"statusCode":410,"subStatusCode":20001,"isGone":true,"isNotFound":false,"isInvalidPartition":false,"isThroughputControlRequestRateTooLarge":false,"requestCharge":0.0,"itemLSN":-1,"sessionToken":null,"backendLatencyInMs":null,"retryAfterInMs":null,"exceptionMessage":"failed to establish connection to cdb-ms-prod-westus3-be41.documents.azure.com/<unresolved>:11307 due to io.netty.channel.ConnectTimeoutException: connection timed out after 5000 ms: cdb-ms-prod-westus3-be41.documents.azure.com/20.14.126.131:11307","exceptionResponseHeaders":"{x-ms-activity-id=5ba9d22a-7ee2-4be6-a809-0f90d1885349, x-ms-substatus=20001}","replicaStatusList":{"Ignoring":["11315:P:Unknown"],"Attempting":["11013:S:Unknown","11307:S:Unknown","11309:S:Unknown"]},"transportRequestTimeline":[{"eventName":"created","startTimeUTC":"2025-06-04T20:45:39.017390800Z","durationInMilliSecs":1.0001},{"eventName":"queued","startTimeUTC":"2025-06-04T20:45:39.018390900Z","durationInMilliSecs":0.0},{"eventName":"channelAcquisitionStarted","startTimeUTC":"2025-06-04T20:45:39.018390900Z","durationInMilliSecs":5110.6232},{"eventName":"pipelined","startTimeUTC":null,"durationInMilliSecs":0.0},{"eventName":"transitTime","startTimeUTC":null,"durationInMilliSecs":0.0},{"eventName":"decodeTime","startTimeUTC":null,"durationInMilliSecs":0.0},{"eventName":"received","startTimeUTC":null,"durationInMilliSecs":0.0},{"eventName":"completed","startTimeUTC":"2025-06-04T20:45:44.129014100Z","durationInMilliSecs":0.0}],"transportRequestChannelAcquisitionContext":{"events":[{"poll":"2025-06-04T20:45:39.018390900Z","durationInMilliSecs":0.0},{"startNew":"2025-06-04T20:45:39.018390900Z","durationInMilliSecs":5093.0589},{"completeNew":"2025-06-04T20:45:44.111449800Z"}],"waitForChannelInit":true},"rntbdRequestLengthInBytes":-1,"rntbdResponseLengthInBytes":-1,"requestPayloadLengthInBytes":0,"responsePayloadLengthInBytes":-1,"channelStatistics":null,"serviceEndpointStatistics":{"availableChannels":0,"acquiredChannels":0,"executorTaskQueueSize":0,"inflightRequests":1,"lastSuccessfulRequestTime":"2025-06-04T20:45:39.017Z","lastRequestTime":"2025-06-04T20:45:39.017Z","createdTime":"2025-06-04T20:45:39.017390800Z","isClosed":false,"cerMetrics":{}}},"requestResponseTimeUTC":"2025-06-04T20:45:44.131016200Z","requestStartTimeUTC":"2025-06-04T20:45:39.017390800Z","requestResourceType":"Database","requestOperationType":"Read","requestSessionToken":null,"e2ePolicyCfg":null,"excludedRegions":null,"sessionTokenEvaluationResults":[],"locationToLocationSpecificHealthContext":{"v":null}},{"storeResult":{"storePhysicalAddress":"rntbd://cdb-ms-prod-westus3-be41.documents.azure.com:11013/apps/b4a754e2-efc3-4890-b885-c2fba20447a0/services/b395315b-74a0-40f3-909c-476b990ea2b4/partitions/c7536697-f3df-4582-b0a9-8a9fb5d433fe/replicas/133915815012093458s/","lsn":0,"quorumAckedLSN":-1,"currentReplicaSetSize":-1,"globalCommittedLsn":-1,"partitionKeyRangeId":null,"isValid":false,"statusCode":410,"subStatusCode":20001,"isGone":true,"isNotFound":false,"isInvalidPartition":false,"isThroughputControlRequestRateTooLarge":false,"requestCharge":0.0,"itemLSN":-1,"sessionToken":null,"backendLatencyInMs":null,"retryAfterInMs":null,"exceptionMessage":"failed to establish connection to cdb-ms-prod-westus3-be41.documents.azure.com/<unresolved>:11013 due to io.netty.channel.ConnectTimeoutException: connection timed out after 5000 ms: cdb-ms-prod-westus3-be41.documents.azure.com/20.14.126.131:11013","exceptionResponseHeaders":"{x-ms-activity-id=5ba9d22a-7ee2-4be6-a809-0f90d1885349, x-ms-substatus=20001}","replicaStatusList":{"Ignoring":["11315:P:Unknown"],"Attempting":["11013:S:Unknown","11307:S:Unknown","11309:S:Unknown"]},"transportRequestTimeline":[{"eventName":"created","startTimeUTC":"2025-06-04T20:45:38.985925600Z","durationInMilliSecs":29.4668},{"eventName":"queued","startTimeUTC":"2025-06-04T20:45:39.015392400Z","durationInMilliSecs":0.0},{"eventName":"channelAcquisitionStarted","startTimeUTC":"2025-06-04T20:45:39.015392400Z","durationInMilliSecs":5113.6217},{"eventName":"pipelined","startTimeUTC":null,"durationInMilliSecs":0.0},{"eventName":"transitTime","startTimeUTC":null,"durationInMilliSecs":0.0},{"eventName":"decodeTime","startTimeUTC":null,"durationInMilliSecs":0.0},{"eventName":"received","startTimeUTC":null,"durationInMilliSecs":0.0},{"eventName":"completed","startTimeUTC":"2025-06-04T20:45:44.129014100Z","durationInMilliSecs":0.0}],"transportRequestChannelAcquisitionContext":{"events":[{"poll":"2025-06-04T20:45:39.016392300Z","durationInMilliSecs":0.0},{"startNew":"2025-06-04T20:45:39.017390800Z","durationInMilliSecs":5094.059},{"completeNew":"2025-06-04T20:45:44.111449800Z"}],"waitForChannelInit":true},"rntbdRequestLengthInBytes":-1,"rntbdResponseLengthInBytes":-1,"requestPayloadLengthInBytes":0,"responsePayloadLengthInBytes":-1,"channelStatistics":null,"serviceEndpointStatistics":{"availableChannels":0,"acquiredChannels":0,"executorTaskQueueSize":0,"inflightRequests":1,"lastSuccessfulRequestTime":"2025-06-04T20:45:38.994Z","lastRequestTime":"2025-06-04T20:45:38.994Z","createdTime":"2025-06-04T20:45:38.993924Z","isClosed":false,"cerMetrics":{}}},"requestResponseTimeUTC":"2025-06-04T20:45:44.131016200Z","requestStartTimeUTC":"2025-06-04T20:45:38.985925600Z","requestResourceType":"Database","requestOperationType":"Read","requestSessionToken":null,"e2ePolicyCfg":null,"excludedRegions":null,"sessionTokenEvaluationResults":[],"locationToLocationSpecificHealthContext":{"v":null}},{"storeResult":{"storePhysicalAddress":"rntbd://cdb-ms-prod-westus3-be41.documents.azure.com:11309/apps/b4a754e2-efc3-4890-b885-c2fba20447a0/services/b395315b-74a0-40f3-909c-476b990ea2b4/partitions/c7536697-f3df-4582-b0a9-8a9fb5d433fe/replicas/133915815056156133s/","lsn":0,"quorumAckedLSN":-1,"currentReplicaSetSize":-1,"globalCommittedLsn":-1,"partitionKeyRangeId":null,"isValid":false,"statusCode":410,"subStatusCode":20001,"isGone":true,"isNotFound":false,"isInvalidPartition":false,"isThroughputControlRequestRateTooLarge":false,"requestCharge":0.0,"itemLSN":-1,"sessionToken":null,"backendLatencyInMs":null,"retryAfterInMs":null,"exceptionMessage":"failed to establish connection to cdb-ms-prod-westus3-be41.documents.azure.com/<unresolved>:11309 due to io.netty.channel.ConnectTimeoutException: connection timed out after 5000 ms: cdb-ms-prod-westus3-be41.documents.azure.com/20.14.126.131:11309","exceptionResponseHeaders":"{x-ms-activity-id=5ba9d22a-7ee2-4be6-a809-0f90d1885349, x-ms-substatus=20001}","replicaStatusList":{"Ignoring":["11315:P:Unknown","11307:S:Unhealthy","11013:S:Unhealthy"],"Attempting":["11309:S:Unknown"]},"transportRequestTimeline":[{"eventName":"created","startTimeUTC":"2025-06-04T20:45:44.132014200Z","durationInMilliSecs":0.0},{"eventName":"queued","startTimeUTC":"2025-06-04T20:45:44.132014200Z","durationInMilliSecs":0.0},{"eventName":"channelAcquisitionStarted","startTimeUTC":"2025-06-04T20:45:44.132014200Z","durationInMilliSecs":5013.3352},{"eventName":"pipelined","startTimeUTC":null,"durationInMilliSecs":0.0},{"eventName":"transitTime","startTimeUTC":null,"durationInMilliSecs":0.0},{"eventName":"decodeTime","startTimeUTC":null,"durationInMilliSecs":0.0},{"eventName":"received","startTimeUTC":null,"durationInMilliSecs":0.0},{"eventName":"completed","startTimeUTC":"2025-06-04T20:45:49.145349400Z","durationInMilliSecs":0.0}],"transportRequestChannelAcquisitionContext":{"events":[{"poll":"2025-06-04T20:45:44.133014200Z","durationInMilliSecs":0.0},{"startNew":"2025-06-04T20:45:44.133014200Z","durationInMilliSecs":5011.3775},{"completeNew":"2025-06-04T20:45:49.144391700Z"}],"waitForChannelInit":true},"rntbdRequestLengthInBytes":-1,"rntbdResponseLengthInBytes":-1,"requestPayloadLengthInBytes":0,"responsePayloadLengthInBytes":-1,"channelStatistics":null,"serviceEndpointStatistics":{"availableChannels":0,"acquiredChannels":0,"executorTaskQueueSize":0,"inflightRequests":1,"lastSuccessfulRequestTime":"2025-06-04T20:45:44.132Z","lastRequestTime":"2025-06-04T20:45:44.132Z","createdTime":"2025-06-04T20:45:44.132014200Z","isClosed":false,"cerMetrics":{}}},"requestResponseTimeUTC":"2025-06-04T20:45:49.146400600Z","requestStartTimeUTC":"2025-06-04T20:45:44.132014200Z","requestResourceType":"Database","requestOperationType":"Read","requestSessionToken":null,"e2ePolicyCfg":null,"excludedRegions":null,"sessionTokenEvaluationResults":[],"locationToLocationSpecificHealthContext":{"v":null}},{"storeResult":{"storePhysicalAddress":"rntbd://cdb-ms-prod-westus3-be41.documents.azure.com:11315/apps/b4a754e2-efc3-4890-b885-c2fba20447a0/services/b395315b-74a0-40f3-909c-476b990ea2b4/partitions/c7536697-f3df-4582-b0a9-8a9fb5d433fe/replicas/133915815056156135p/","lsn":-1,"quorumAckedLSN":-1,"currentReplicaSetSize":-1,"globalCommittedLsn":-1,"partitionKeyRangeId":null,"isValid":false,"statusCode":410,"subStatusCode":20001,"isGone":true,"isNotFound":false,"isInvalidPartition":false,"isThroughputControlRequestRateTooLarge":false,"requestCharge":0.0,"itemLSN":-1,"sessionToken":null,"backendLatencyInMs":null,"retryAfterInMs":null,"exceptionMessage":"failed to establish connection to cdb-ms-prod-westus3-be41.documents.azure.com/<unresolved>:11315 due to io.netty.channel.ConnectTimeoutException: connection timed out after 5000 ms: cdb-ms-prod-westus3-be41.documents.azure.com/20.14.126.131:11315","exceptionResponseHeaders":"{x-ms-activity-id=5ba9d22a-7ee2-4be6-a809-0f90d1885349, x-ms-substatus=20001}","replicaStatusList":{"Ignoring":["11307:S:Unhealthy","11013:S:Unhealthy","11309:S:Unhealthy"],"Attempting":["11315:P:Unknown"]},"transportRequestTimeline":[{"eventName":"created","startTimeUTC":"2025-06-04T20:45:49.168737200Z","durationInMilliSecs":0.0},{"eventName":"queued","startTimeUTC":"2025-06-04T20:45:49.168737200Z","durationInMilliSecs":0.0},{"eventName":"channelAcquisitionStarted","startTimeUTC":"2025-06-04T20:45:49.168737200Z","durationInMilliSecs":5016.0506},{"eventName":"pipelined","startTimeUTC":null,"durationInMilliSecs":0.0},{"eventName":"transitTime","startTimeUTC":null,"durationInMilliSecs":0.0},{"eventName":"decodeTime","startTimeUTC":null,"durationInMilliSecs":0.0},{"eventName":"received","startTimeUTC":null,"durationInMilliSecs":0.0},{"eventName":"completed","startTimeUTC":"2025-06-04T20:45:54.184787800Z","durationInMilliSecs":0.0}],"transportRequestChannelAcquisitionContext":{"events":[{"poll":"2025-06-04T20:45:49.169753600Z","durationInMilliSecs":0.0},{"startNew":"2025-06-04T20:45:49.169753600Z","durationInMilliSecs":5014.4272},{"completeNew":"2025-06-04T20:45:54.184180800Z"}],"waitForChannelInit":true},"rntbdRequestLengthInBytes":-1,"rntbdResponseLengthInBytes":-1,"requestPayloadLengthInBytes":0,"responsePayloadLengthInBytes":-1,"channelStatistics":null,"serviceEndpointStatistics":{"availableChannels":0,"acquiredChannels":0,"executorTaskQueueSize":0,"inflightRequests":1,"lastSuccessfulRequestTime":"2025-06-04T20:45:49.168Z","lastRequestTime":"2025-06-04T20:45:49.168Z","createdTime":"2025-06-04T20:45:49.168737200Z","isClosed":false,"cerMetrics":{}}},"requestResponseTimeUTC":"2025-06-04T20:45:54.184787800Z","requestStartTimeUTC":"2025-06-04T20:45:49.168737200Z","requestResourceType":"Database","requestOperationType":"Read","requestSessionToken":null,"e2ePolicyCfg":null,"excludedRegions":null,"sessionTokenEvaluationResults":[],"locationToLocationSpecificHealthContext":{"v":null}},{"storeResult":{"storePhysicalAddress":"rntbd://cdb-ms-prod-westus3-be41.documents.azure.com:11309/apps/b4a754e2-efc3-4890-b885-c2fba20447a0/services/b395315b-74a0-40f3-909c-476b990ea2b4/partitions/c7536697-f3df-4582-b0a9-8a9fb5d433fe/replicas/133915815056156133s/","lsn":0,"quorumAckedLSN":-1,"currentReplicaSetSize":-1,"globalCommittedLsn":-1,"partitionKeyRangeId":null,"isValid":false,"statusCode":410,"subStatusCode":20001,"isGone":true,"isNotFound":false,"isInvalidPartition":false,"isThroughputControlRequestRateTooLarge":false,"requestCharge":0.0,"itemLSN":-1,"sessionToken":null,"backendLatencyInMs":null,"retryAfterInMs":null,"exceptionMessage":"failed to establish connection to cdb-ms-prod-westus3-be41.documents.azure.com/<unresolved>:11309 due to io.netty.channel.ConnectTimeoutException: connection timed out after 5000 ms: cdb-ms-prod-westus3-be41.documents.azure.com/20.14.126.131:11309","exceptionResponseHeaders":"{x-ms-activity-id=5ba9d22a-7ee2-4be6-a809-0f90d1885349, x-ms-substatus=20001}","replicaStatusList":{"Ignoring":["11315:P:Unknown"],"Attempting":["11013:S:Unknown","11307:S:Unknown","11309:S:Unknown"]},"transportRequestTimeline":[{"eventName":"created","startTimeUTC":"2025-06-04T20:45:54.307237300Z","durationInMilliSecs":0.9605},{"eventName":"queued","startTimeUTC":"2025-06-04T20:45:54.308197800Z","durationInMilliSecs":0.0},{"eventName":"channelAcquisitionStarted","startTimeUTC":"2025-06-04T20:45:54.308197800Z","durationInMilliSecs":5011.8224},{"eventName":"pipelined","startTimeUTC":null,"durationInMilliSecs":0.0},{"eventName":"transitTime","startTimeUTC":null,"durationInMilliSecs":0.0},{"eventName":"decodeTime","startTimeUTC":null,"durationInMilliSecs":0.0},{"eventName":"received","startTimeUTC":null,"durationInMilliSecs":0.0},{"eventName":"completed","startTimeUTC":"2025-06-04T20:45:59.320020200Z","durationInMilliSecs":0.0}],"transportRequestChannelAcquisitionContext":{"events":[{"poll":"2025-06-04T20:45:54.308197800Z","durationInMilliSecs":0.0},{"startNew":"2025-06-04T20:45:54.308197800Z","durationInMilliSecs":5011.8224},{"completeNew":"2025-06-04T20:45:59.320020200Z"}],"waitForChannelInit":true},"rntbdRequestLengthInBytes":-1,"rntbdResponseLengthInBytes":-1,"requestPayloadLengthInBytes":0,"responsePayloadLengthInBytes":-1,"channelStatistics":null,"serviceEndpointStatistics":{"availableChannels":0,"acquiredChannels":0,"executorTaskQueueSize":0,"inflightRequests":1,"lastSuccessfulRequestTime":"2025-06-04T20:45:44.132Z","lastRequestTime":"2025-06-04T20:45:44.132Z","createdTime":"2025-06-04T20:45:44.132014200Z","isClosed":false,"cerMetrics":{"lastCallTimestamp":"2025-06-04T20:45:49.142311Z","lastActionableContext":"(2025-06-04T20:45:49.142311Z,1)"}}},"requestResponseTimeUTC":"2025-06-04T20:45:59.321009200Z","requestStartTimeUTC":"2025-06-04T20:45:54.307237300Z","requestResourceType":"Database","requestOperationType":"Read","requestSessionToken":null,"e2ePolicyCfg":null,"excludedRegions":null,"sessionTokenEvaluationResults":[],"locationToLocationSpecificHealthContext":{"v":null}},{"storeResult":{"storePhysicalAddress":"rntbd://cdb-ms-prod-westus3-be41.documents.azure.com:11307/apps/b4a754e2-efc3-4890-b885-c2fba20447a0/services/b395315b-74a0-40f3-909c-476b990ea2b4/partitions/c7536697-f3df-4582-b0a9-8a9fb5d433fe/replicas/133915815056156134s/","lsn":0,"quorumAckedLSN":-1,"currentReplicaSetSize":-1,"globalCommittedLsn":-1,"partitionKeyRangeId":null,"isValid":false,"statusCode":410,"subStatusCode":20001,"isGone":true,"isNotFound":false,"isInvalidPartition":false,"isThroughputControlRequestRateTooLarge":false,"requestCharge":0.0,"itemLSN":-1,"sessionToken":null,"backendLatencyInMs":null,"retryAfterInMs":null,"exceptionMessage":"failed to establish connection to cdb-ms-prod-westus3-be41.documents.azure.com/<unresolved>:11307 due to io.netty.channel.ConnectTimeoutException: connection timed out after 5000 ms: cdb-ms-prod-westus3-be41.documents.azure.com/20.14.126.131:11307","exceptionResponseHeaders":"{x-ms-activity-id=5ba9d22a-7ee2-4be6-a809-0f90d1885349, x-ms-substatus=20001}","replicaStatusList":{"Ignoring":["11315:P:Unknown"],"Attempting":["11013:S:Unknown","11307:S:Unknown","11309:S:Unknown"]},"transportRequestTimeline":[{"eventName":"created","startTimeUTC":"2025-06-04T20:45:54.308197800Z","durationInMilliSecs":0.0},{"eventName":"queued","startTimeUTC":"2025-06-04T20:45:54.308197800Z","durationInMilliSecs":0.0},{"eventName":"channelAcquisitionStarted","startTimeUTC":"2025-06-04T20:45:54.308197800Z","durationInMilliSecs":5012.8114},{"eventName":"pipelined","startTimeUTC":null,"durationInMilliSecs":0.0},{"eventName":"transitTime","startTimeUTC":null,"durationInMilliSecs":0.0},{"eventName":"decodeTime","startTimeUTC":null,"durationInMilliSecs":0.0},{"eventName":"received","startTimeUTC":null,"durationInMilliSecs":0.0},{"eventName":"completed","startTimeUTC":"2025-06-04T20:45:59.321009200Z","durationInMilliSecs":0.0}],"transportRequestChannelAcquisitionContext":{"events":[{"poll":"2025-06-04T20:45:54.308197800Z","durationInMilliSecs":0.0},{"startNew":"2025-06-04T20:45:54.308197800Z","durationInMilliSecs":5011.8224},{"completeNew":"2025-06-04T20:45:59.320020200Z"}],"waitForChannelInit":true},"rntbdRequestLengthInBytes":-1,"rntbdResponseLengthInBytes":-1,"requestPayloadLengthInBytes":0,"responsePayloadLengthInBytes":-1,"channelStatistics":null,"serviceEndpointStatistics":{"availableChannels":0,"acquiredChannels":0,"executorTaskQueueSize":0,"inflightRequests":1,"lastSuccessfulRequestTime":"2025-06-04T20:45:39.017Z","lastRequestTime":"2025-06-04T20:45:39.017Z","createdTime":"2025-06-04T20:45:39.017390800Z","isClosed":false,"cerMetrics":{"lastCallTimestamp":"2025-06-04T20:45:44.101797300Z","lastActionableContext":"(2025-06-04T20:45:44.101797300Z,1)"}}},"requestResponseTimeUTC":"2025-06-04T20:45:59.321009200Z","requestStartTimeUTC":"2025-06-04T20:45:54.308197800Z","requestResourceType":"Database","requestOperationType":"Read","requestSessionToken":null,"e2ePolicyCfg":null,"excludedRegions":null,"sessionTokenEvaluationResults":[],"locationToLocationSpecificHealthContext":{"v":null}},{"storeResult":{"storePhysicalAddress":"rntbd://cdb-ms-prod-westus3-be41.documents.azure.com:11013/apps/b4a754e2-efc3-4890-b885-c2fba20447a0/services/b395315b-74a0-40f3-909c-476b990ea2b4/partitions/c7536697-f3df-4582-b0a9-8a9fb5d433fe/replicas/133915815012093458s/","lsn":0,"quorumAckedLSN":-1,"currentReplicaSetSize":-1,"globalCommittedLsn":-1,"partitionKeyRangeId":null,"isValid":false,"statusCode":410,"subStatusCode":20001,"isGone":true,"isNotFound":false,"isInvalidPartition":false,"isThroughputControlRequestRateTooLarge":false,"requestCharge":0.0,"itemLSN":-1,"sessionToken":null,"backendLatencyInMs":null,"retryAfterInMs":null,"exceptionMessage":"failed to establish connection to cdb-ms-prod-westus3-be41.documents.azure.com/<unresolved>:11013 due to io.netty.channel.ConnectTimeoutException: connection timed out after 5000 ms: cdb-ms-prod-westus3-be41.documents.azure.com/20.14.126.131:11013","exceptionResponseHeaders":"{x-ms-activity-id=5ba9d22a-7ee2-4be6-a809-0f90d1885349, x-ms-substatus=20001}","replicaStatusList":{"Ignoring":["11315:P:Unknown","11307:S:Unhealthy","11309:S:Unhealthy"],"Attempting":["11013:S:Unknown"]},"transportRequestTimeline":[{"eventName":"created","startTimeUTC":"2025-06-04T20:45:59.321009200Z","durationInMilliSecs":0.0},{"eventName":"queued","startTimeUTC":"2025-06-04T20:45:59.321009200Z","durationInMilliSecs":0.0},{"eventName":"channelAcquisitionStarted","startTimeUTC":"2025-06-04T20:45:59.321009200Z","durationInMilliSecs":5006.8154},{"eventName":"pipelined","startTimeUTC":null,"durationInMilliSecs":0.0},{"eventName":"transitTime","startTimeUTC":null,"durationInMilliSecs":0.0},{"eventName":"decodeTime","startTimeUTC":null,"durationInMilliSecs":0.0},{"eventName":"received","startTimeUTC":null,"durationInMilliSecs":0.0},{"eventName":"completed","startTimeUTC":"2025-06-04T20:46:04.327824600Z","durationInMilliSecs":0.0}],"transportRequestChannelAcquisitionContext":{"events":[{"poll":"2025-06-04T20:45:59.321009200Z","durationInMilliSecs":0.0},{"startNew":"2025-06-04T20:45:59.321009200Z","durationInMilliSecs":5006.8154},{"completeNew":"2025-06-04T20:46:04.327824600Z"}],"waitForChannelInit":true},"rntbdRequestLengthInBytes":-1,"rntbdResponseLengthInBytes":-1,"requestPayloadLengthInBytes":0,"responsePayloadLengthInBytes":-1,"channelStatistics":null,"serviceEndpointStatistics":{"availableChannels":0,"acquiredChannels":0,"executorTaskQueueSize":0,"inflightRequests":1,"lastSuccessfulRequestTime":"2025-06-04T20:45:38.994Z","lastRequestTime":"2025-06-04T20:45:38.986Z","createdTime":"2025-06-04T20:45:38.993924Z","isClosed":false,"cerMetrics":{"lastCallTimestamp":"2025-06-04T20:45:44.101797300Z","lastActionableContext":"(2025-06-04T20:45:44.101797300Z,1)"}}},"requestResponseTimeUTC":"2025-06-04T20:46:04.328821700Z","requestStartTimeUTC":"2025-06-04T20:45:59.321009200Z","requestResourceType":"Database","requestOperationType":"Read","requestSessionToken":null,"e2ePolicyCfg":null,"excludedRegions":null,"sessionTokenEvaluationResults":[],"locationToLocationSpecificHealthContext":{"v":null}},{"storeResult":{"storePhysicalAddress":"rntbd://cdb-ms-prod-westus3-be41.documents.azure.com:11315/apps/b4a754e2-efc3-4890-b885-c2fba20447a0/services/b395315b-74a0-40f3-909c-476b990ea2b4/partitions/c7536697-f3df-4582-b0a9-8a9fb5d433fe/replicas/133915815056156135p/","lsn":-1,"quorumAckedLSN":-1,"currentReplicaSetSize":-1,"globalCommittedLsn":-1,"partitionKeyRangeId":null,"isValid":false,"statusCode":410,"subStatusCode":20001,"isGone":true,"isNotFound":false,"isInvalidPartition":false,"isThroughputControlRequestRateTooLarge":false,"requestCharge":0.0,"itemLSN":-1,"sessionToken":null,"backendLatencyInMs":null,"retryAfterInMs":null,"exceptionMessage":"failed to establish connection to cdb-ms-prod-westus3-be41.documents.azure.com/<unresolved>:11315 due to io.netty.channel.ConnectTimeoutException: connection timed out after 5000 ms: cdb-ms-prod-westus3-be41.documents.azure.com/20.14.126.131:11315","exceptionResponseHeaders":"{x-ms-activity-id=5ba9d22a-7ee2-4be6-a809-0f90d1885349, x-ms-substatus=20001}","replicaStatusList":{"Ignoring":["11307:S:Unhealthy","11013:S:Unhealthy","11309:S:Unhealthy"],"Attempting":["11315:P:Unknown"]},"transportRequestTimeline":[{"eventName":"created","startTimeUTC":"2025-06-04T20:46:04.328821700Z","durationInMilliSecs":0.0},{"eventName":"queued","startTimeUTC":"2025-06-04T20:46:04.328821700Z","durationInMilliSecs":0.0},{"eventName":"channelAcquisitionStarted","startTimeUTC":"2025-06-04T20:46:04.328821700Z","durationInMilliSecs":5015.1808},{"eventName":"pipelined","startTimeUTC":null,"durationInMilliSecs":0.0},{"eventName":"transitTime","startTimeUTC":null,"durationInMilliSecs":0.0},{"eventName":"decodeTime","startTimeUTC":null,"durationInMilliSecs":0.0},{"eventName":"received","startTimeUTC":null,"durationInMilliSecs":0.0},{"eventName":"completed","startTimeUTC":"2025-06-04T20:46:09.344002500Z","durationInMilliSecs":0.0}],"transportRequestChannelAcquisitionContext":{"events":[{"poll":"2025-06-04T20:46:04.328821700Z","durationInMilliSecs":0.0},{"startNew":"2025-06-04T20:46:04.328821700Z","durationInMilliSecs":5014.1777},{"completeNew":"2025-06-04T20:46:09.342999400Z"}],"waitForChannelInit":true},"rntbdRequestLengthInBytes":-1,"rntbdResponseLengthInBytes":-1,"requestPayloadLengthInBytes":0,"responsePayloadLengthInBytes":-1,"channelStatistics":null,"serviceEndpointStatistics":{"availableChannels":0,"acquiredChannels":0,"executorTaskQueueSize":0,"inflightRequests":1,"lastSuccessfulRequestTime":"2025-06-04T20:45:49.168Z","lastRequestTime":"2025-06-04T20:45:49.168Z","createdTime":"2025-06-04T20:45:49.168737200Z","isClosed":false,"cerMetrics":{"lastCallTimestamp":"2025-06-04T20:45:54.182094100Z","lastActionableContext":"(2025-06-04T20:45:54.182094100Z,1)"}}},"requestResponseTimeUTC":"2025-06-04T20:46:09.344002500Z","requestStartTimeUTC":"2025-06-04T20:46:04.328821700Z","requestResourceType":"Database","requestOperationType":"Read","requestSessionToken":null,"e2ePolicyCfg":null,"excludedRegions":null,"sessionTokenEvaluationResults":[],"locationToLocationSpecificHealthContext":{"v":null}}],"supplementalResponseStatisticsList":[],"addressResolutionStatistics":{"8aa9dd1f-3ab2-4f5e-ae90-09c498116f6e":{"startTimeUTC":"2025-06-04T20:45:38.458108100Z","endTimeUTC":"2025-06-04T20:45:38.950920700Z","targetEndpoint":"https://facturacioncosmosdb-westus3.documents.azure.com:443/addresses/?$resolveFor=dbs&$filter=protocol%20eq%20rntbd","exceptionMessage":null,"forceRefresh":true,"forceCollectionRoutingMapRefresh":true,"inflightRequest":false},"438314b6-3c2c-4dec-b289-dfaee49d6657":{"startTimeUTC":"2025-06-04T20:45:54.188430500Z","endTimeUTC":"2025-06-04T20:45:54.306239Z","targetEndpoint":"https://facturacioncosmosdb-westus3.documents.azure.com:443/addresses/?$resolveFor=dbs&$filter=protocol%20eq%20rntbd","exceptionMessage":null,"forceRefresh":true,"forceCollectionRoutingMapRefresh":true,"inflightRequest":false}},"regionsContacted":["west us 3"],"retryContext":{"statusAndSubStatusCodes":[[410,21009],[410,21009],[503,21009]],"retryCount":3,"retryLatency":15160},"metadataDiagnosticsContext":{"metadataDiagnosticList":[{"metaDataName":"MASTER_ADDRESS_LOOK_UP","startTimeUTC":"2025-06-04T20:45:38.458108100Z","endTimeUTC":"2025-06-04T20:45:38.948965900Z","durationinMS":490},{"metaDataName":"MASTER_ADDRESS_LOOK_UP","startTimeUTC":"2025-06-04T20:45:54.188430500Z","endTimeUTC":"2025-06-04T20:45:54.306239Z","durationinMS":117}]},"serializationDiagnosticsContext":{"serializationDiagnosticsList":null},"gatewayStatisticsList":[],"samplingRateSnapshot":1.0,"bloomFilterInsertionCountSnapshot":0,"systemInformation":{"usedMemory":"51636 KB","availableMemory":"3044940 KB","systemCpuLoad":"empty","availableProcessors":12},"clientCfgs":{"id":1,"machineId":"uuid:fade444e-41d4-4bcc-a079-df2b8b43d1f3","connectionMode":"DIRECT","numberOfClients":0,"excrgns":"[]","clientEndpoints":{"https://facturacioncosmosdb.documents.azure.com:443/":1},"connCfg":{"rntbd":"(cto:PT5S, nrto:PT5S, icto:PT0S, ieto:PT1H, mcpe:130, mrpc:30, cer:true)","gw":"(cps:1000, nrto:PT1M, icto:PT1M, cto:PT45S, p:false)","other":"(ed: true, cs: false, rv: true)"},"consistencyCfg":"(consistency: null, mm: true, prgns: [])","proactiveInitCfg":"","e2ePolicyCfg":"","sessionRetryCfg":"","partitionLevelCircuitBreakerCfg":"(cb: false, type: CONSECUTIVE_EXCEPTION_COUNT_BASED, rexcntt: 10, wexcntt: 5)"}}}
	at com.azure.cosmos.BridgeInternal.createServiceUnavailableException(BridgeInternal.java:580) ~[azure-cosmos-4.68.0.jar:4.68.0]
	at com.azure.cosmos.implementation.directconnectivity.GoneAndRetryWithRetryPolicy$GoneRetryPolicy.logAndWrapExceptionWithLastRetryWithException(GoneAndRetryWithRetryPolicy.java:167) ~[azure-cosmos-4.68.0.jar:4.68.0]
	at com.azure.cosmos.implementation.directconnectivity.GoneAndRetryWithRetryPolicy$GoneRetryPolicy.shouldRetry(GoneAndRetryWithRetryPolicy.java:221) ~[azure-cosmos-4.68.0.jar:4.68.0]
	at com.azure.cosmos.implementation.directconnectivity.GoneAndRetryWithRetryPolicy.lambda$shouldRetry$1(GoneAndRetryWithRetryPolicy.java:65) ~[azure-cosmos-4.68.0.jar:4.68.0]
	at reactor.core.publisher.FluxFlatMap.trySubscribeScalarMap(FluxFlatMap.java:153) ~[reactor-core-3.7.5.jar:3.7.5]
	at reactor.core.publisher.MonoFlatMap.subscribeOrReturn(MonoFlatMap.java:53) ~[reactor-core-3.7.5.jar:3.7.5]
	at reactor.core.publisher.Mono.subscribe(Mono.java:4560) ~[reactor-core-3.7.5.jar:3.7.5]
	at reactor.core.publisher.FluxOnErrorResume$ResumeSubscriber.onError(FluxOnErrorResume.java:103) ~[reactor-core-3.7.5.jar:3.7.5]
	at reactor.core.publisher.MonoSingle$SingleSubscriber.onError(MonoSingle.java:150) ~[reactor-core-3.7.5.jar:3.7.5]
	at reactor.core.publisher.FluxLimitRequest$FluxLimitRequestSubscriber.onError(FluxLimitRequest.java:116) ~[reactor-core-3.7.5.jar:3.7.5]
	at reactor.core.publisher.Operators$MultiSubscriptionSubscriber.onError(Operators.java:2235) ~[reactor-core-3.7.5.jar:3.7.5]
	at reactor.core.publisher.FluxTakeUntil$TakeUntilPredicateSubscriber.onError(FluxTakeUntil.java:112) ~[reactor-core-3.7.5.jar:3.7.5]
	at reactor.core.publisher.Operators$MultiSubscriptionSubscriber.onError(Operators.java:2235) ~[reactor-core-3.7.5.jar:3.7.5]
	at reactor.core.publisher.FluxFlatMap$FlatMapMain.checkTerminated(FluxFlatMap.java:846) ~[reactor-core-3.7.5.jar:3.7.5]
	at reactor.core.publisher.FluxFlatMap$FlatMapMain.drainLoop(FluxFlatMap.java:612) ~[reactor-core-3.7.5.jar:3.7.5]
	at reactor.core.publisher.FluxFlatMap$FlatMapMain.drain(FluxFlatMap.java:592) ~[reactor-core-3.7.5.jar:3.7.5]
	at reactor.core.publisher.FluxFlatMap$FlatMapMain.innerError(FluxFlatMap.java:867) ~[reactor-core-3.7.5.jar:3.7.5]
	at reactor.core.publisher.FluxFlatMap$FlatMapInner.onError(FluxFlatMap.java:994) ~[reactor-core-3.7.5.jar:3.7.5]
	at reactor.core.publisher.FluxFlatMap$FlatMapMain.checkTerminated(FluxFlatMap.java:846) ~[reactor-core-3.7.5.jar:3.7.5]
	at reactor.core.publisher.FluxFlatMap$FlatMapMain.drainLoop(FluxFlatMap.java:612) ~[reactor-core-3.7.5.jar:3.7.5]
	at reactor.core.publisher.FluxFlatMap$FlatMapMain.drain(FluxFlatMap.java:592) ~[reactor-core-3.7.5.jar:3.7.5]
	at reactor.core.publisher.FluxFlatMap$FlatMapMain.onError(FluxFlatMap.java:455) ~[reactor-core-3.7.5.jar:3.7.5]
	at reactor.core.publisher.MonoFlatMap$FlatMapMain.onError(MonoFlatMap.java:180) ~[reactor-core-3.7.5.jar:3.7.5]
	at reactor.core.publisher.FluxDoOnEach$DoOnEachSubscriber.onError(FluxDoOnEach.java:195) ~[reactor-core-3.7.5.jar:3.7.5]
	at reactor.core.publisher.MonoFlatMap$FlatMapMain.onNext(MonoFlatMap.java:149) ~[reactor-core-3.7.5.jar:3.7.5]
	at reactor.core.publisher.MonoFlatMap$FlatMapMain.onNext(MonoFlatMap.java:158) ~[reactor-core-3.7.5.jar:3.7.5]
	at reactor.core.publisher.FluxMap$MapSubscriber.onNext(FluxMap.java:122) ~[reactor-core-3.7.5.jar:3.7.5]
	at reactor.core.publisher.FluxDoFinally$DoFinallySubscriber.onNext(FluxDoFinally.java:113) ~[reactor-core-3.7.5.jar:3.7.5]
	at reactor.core.publisher.FluxOnErrorResume$ResumeSubscriber.onNext(FluxOnErrorResume.java:79) ~[reactor-core-3.7.5.jar:3.7.5]
	at reactor.core.publisher.Operators$ScalarSubscription.request(Operators.java:2570) ~[reactor-core-3.7.5.jar:3.7.5]
	at reactor.core.publisher.Operators$MultiSubscriptionSubscriber.set(Operators.java:2366) ~[reactor-core-3.7.5.jar:3.7.5]
	at reactor.core.publisher.FluxOnErrorResume$ResumeSubscriber.onSubscribe(FluxOnErrorResume.java:74) ~[reactor-core-3.7.5.jar:3.7.5]
	at reactor.core.publisher.MonoJust.subscribe(MonoJust.java:55) ~[reactor-core-3.7.5.jar:3.7.5]
	at reactor.core.publisher.Mono.subscribe(Mono.java:4576) ~[reactor-core-3.7.5.jar:3.7.5]
	at reactor.core.publisher.FluxOnErrorResume$ResumeSubscriber.onError(FluxOnErrorResume.java:103) ~[reactor-core-3.7.5.jar:3.7.5]
	at reactor.core.publisher.MonoFlatMap$FlatMapMain.secondError(MonoFlatMap.java:241) ~[reactor-core-3.7.5.jar:3.7.5]
	at reactor.core.publisher.MonoFlatMap$FlatMapInner.onError(MonoFlatMap.java:315) ~[reactor-core-3.7.5.jar:3.7.5]
	at reactor.core.publisher.MonoFlatMap$FlatMapMain.onError(MonoFlatMap.java:180) ~[reactor-core-3.7.5.jar:3.7.5]
	at reactor.core.publisher.FluxContextWrite$ContextWriteSubscriber.onError(FluxContextWrite.java:121) ~[reactor-core-3.7.5.jar:3.7.5]
	at reactor.core.publisher.FluxDoFinally$DoFinallySubscriber.onError(FluxDoFinally.java:119) ~[reactor-core-3.7.5.jar:3.7.5]
	at reactor.core.publisher.FluxOnErrorResume$ResumeSubscriber.onError(FluxOnErrorResume.java:106) ~[reactor-core-3.7.5.jar:3.7.5]
	at reactor.core.publisher.Operators.error(Operators.java:198) ~[reactor-core-3.7.5.jar:3.7.5]
	at reactor.core.publisher.MonoError.subscribe(MonoError.java:53) ~[reactor-core-3.7.5.jar:3.7.5]
	at reactor.core.publisher.Mono.subscribe(Mono.java:4576) ~[reactor-core-3.7.5.jar:3.7.5]
	at reactor.core.publisher.FluxOnErrorResume$ResumeSubscriber.onError(FluxOnErrorResume.java:103) ~[reactor-core-3.7.5.jar:3.7.5]
	at reactor.core.publisher.FluxMap$MapSubscriber.onError(FluxMap.java:134) ~[reactor-core-3.7.5.jar:3.7.5]
	at reactor.core.publisher.MonoCompletionStage$MonoCompletionStageSubscription.apply(MonoCompletionStage.java:118) ~[reactor-core-3.7.5.jar:3.7.5]
	at reactor.core.publisher.MonoCompletionStage$MonoCompletionStageSubscription.apply(MonoCompletionStage.java:67) ~[reactor-core-3.7.5.jar:3.7.5]
	at java.base/java.util.concurrent.CompletableFuture.uniHandle(CompletableFuture.java:978) ~[na:na]
	at java.base/java.util.concurrent.CompletableFuture$UniHandle.tryFire(CompletableFuture.java:955) ~[na:na]
	at java.base/java.util.concurrent.CompletableFuture.postComplete(CompletableFuture.java:554) ~[na:na]
	at java.base/java.util.concurrent.CompletableFuture.completeExceptionally(CompletableFuture.java:2238) ~[na:na]
	at com.azure.cosmos.implementation.directconnectivity.rntbd.RntbdServiceEndpoint.writeWhenConnected(RntbdServiceEndpoint.java:617) ~[azure-cosmos-4.68.0.jar:4.68.0]
	at com.azure.cosmos.implementation.directconnectivity.rntbd.RntbdServiceEndpoint.lambda$write$3(RntbdServiceEndpoint.java:557) ~[azure-cosmos-4.68.0.jar:4.68.0]
	at io.netty.util.concurrent.DefaultPromise.notifyListener0(DefaultPromise.java:590) ~[netty-common-4.1.119.Final.jar:4.1.119.Final]
	at io.netty.util.concurrent.DefaultPromise.notifyListenersNow(DefaultPromise.java:557) ~[netty-common-4.1.119.Final.jar:4.1.119.Final]
	at io.netty.util.concurrent.DefaultPromise.access$200(DefaultPromise.java:35) ~[netty-common-4.1.119.Final.jar:4.1.119.Final]
	at io.netty.util.concurrent.DefaultPromise$1.run(DefaultPromise.java:503) ~[netty-common-4.1.119.Final.jar:4.1.119.Final]
	at io.netty.util.concurrent.AbstractEventExecutor.runTask(AbstractEventExecutor.java:173) ~[netty-common-4.1.119.Final.jar:4.1.119.Final]
	at io.netty.util.concurrent.AbstractEventExecutor.safeExecute(AbstractEventExecutor.java:166) ~[netty-common-4.1.119.Final.jar:4.1.119.Final]
	at io.netty.util.concurrent.SingleThreadEventExecutor.runAllTasks(SingleThreadEventExecutor.java:472) ~[netty-common-4.1.119.Final.jar:4.1.119.Final]
	at io.netty.channel.nio.NioEventLoop.run(NioEventLoop.java:569) ~[netty-transport-4.1.119.Final.jar:4.1.119.Final]
	at io.netty.util.concurrent.SingleThreadEventExecutor$4.run(SingleThreadEventExecutor.java:998) ~[netty-common-4.1.119.Final.jar:4.1.119.Final]
	at io.netty.util.internal.ThreadExecutorMap$2.run(ThreadExecutorMap.java:74) ~[netty-common-4.1.119.Final.jar:4.1.119.Final]
	at io.netty.util.concurrent.FastThreadLocalRunnable.run(FastThreadLocalRunnable.java:30) ~[netty-common-4.1.119.Final.jar:4.1.119.Final]
	... 1 common frames omitted
Caused by: com.azure.cosmos.implementation.GoneException: {"innerErrorMessage":"The requested resource is no longer available at the server."}
	at com.azure.cosmos.implementation.directconnectivity.StoreReader.lambda$readPrimaryAsync$20(StoreReader.java:555) ~[azure-cosmos-4.68.0.jar:4.68.0]
	at reactor.core.publisher.MonoFlatMap$FlatMapMain.onNext(MonoFlatMap.java:132) ~[reactor-core-3.7.5.jar:3.7.5]
	... 41 common frames omitted

]]></system-out>
    <system-err><![CDATA[


============================
CONDITIONS EVALUATION REPORT
============================


Positive matches:
-----------------

   AopAutoConfiguration matched:
      - @ConditionalOnProperty (spring.aop.auto=true) matched (OnPropertyCondition)

   AopAutoConfiguration.ClassProxyingConfiguration matched:
      - @ConditionalOnMissingClass did not find unwanted class 'org.aspectj.weaver.Advice' (OnClassCondition)
      - @ConditionalOnProperty (spring.aop.proxy-target-class=true) matched (OnPropertyCondition)

   ApplicationAvailabilityAutoConfiguration#applicationAvailability matched:
      - @ConditionalOnMissingBean (types: org.springframework.boot.availability.ApplicationAvailability; SearchStrategy: all) did not find any beans (OnBeanCondition)

   AzureCosmosAutoConfiguration matched:
      - @ConditionalOnClass found required class 'com.azure.cosmos.CosmosClientBuilder' (OnClassCondition)

   AzureStorageBlobResourceAutoConfiguration matched:
      - @ConditionalOnClass found required class 'com.azure.spring.cloud.core.resource.AzureStorageBlobProtocolResolver' (OnClassCondition)

   AzureTokenCredentialAutoConfiguration#azureCredentialBuilderFactory matched:
      - @ConditionalOnMissingBean (types: com.azure.spring.cloud.core.implementation.factory.credential.DefaultAzureCredentialBuilderFactory; SearchStrategy: all) did not find any beans (OnBeanCondition)

   AzureTokenCredentialAutoConfiguration#azureTokenCredentialResolver matched:
      - @ConditionalOnMissingBean (types: com.azure.spring.cloud.core.implementation.credential.resolver.AzureTokenCredentialResolver; SearchStrategy: all) did not find any beans (OnBeanCondition)

   AzureTokenCredentialAutoConfiguration#clientCertificateCredentialBuilderFactory matched:
      - @ConditionalOnMissingBean (types: com.azure.spring.cloud.core.implementation.factory.credential.ClientCertificateCredentialBuilderFactory; SearchStrategy: all) did not find any beans (OnBeanCondition)

   AzureTokenCredentialAutoConfiguration#clientSecretCredentialBuilderFactory matched:
      - @ConditionalOnMissingBean (types: com.azure.spring.cloud.core.implementation.factory.credential.ClientSecretCredentialBuilderFactory; SearchStrategy: all) did not find any beans (OnBeanCondition)

   AzureTokenCredentialAutoConfiguration#credentialTaskExecutor matched:
      - @ConditionalOnMissingBean (names: springCloudAzureCredentialTaskExecutor; SearchStrategy: all) did not find any beans (OnBeanCondition)

   AzureTokenCredentialAutoConfiguration#managedIdentityCredentialBuilderFactory matched:
      - @ConditionalOnMissingBean (types: com.azure.spring.cloud.core.implementation.factory.credential.ManagedIdentityCredentialBuilderFactory; SearchStrategy: all) did not find any beans (OnBeanCondition)

   AzureTokenCredentialAutoConfiguration#tokenCredential matched:
      - @ConditionalOnMissingBean (names: springCloudAzureDefaultCredential; SearchStrategy: all) did not find any beans (OnBeanCondition)

   AzureTokenCredentialAutoConfiguration#usernamePasswordCredentialBuilderFactory matched:
      - @ConditionalOnMissingBean (types: com.azure.spring.cloud.core.implementation.factory.credential.UsernamePasswordCredentialBuilderFactory; SearchStrategy: all) did not find any beans (OnBeanCondition)

   ClientHttpConnectorAutoConfiguration matched:
      - @ConditionalOnClass found required class 'org.springframework.web.reactive.function.client.WebClient' (OnClassCondition)

   ClientHttpConnectorAutoConfiguration#webClientHttpConnector matched:
      - @ConditionalOnMissingBean (types: org.springframework.http.client.reactive.ClientHttpConnector; SearchStrategy: all) did not find any beans (OnBeanCondition)

   ClientHttpConnectorAutoConfiguration#webClientHttpConnectorCustomizer matched:
      - @ConditionalOnBean (types: org.springframework.http.client.reactive.ClientHttpConnector; SearchStrategy: all) found bean 'webClientHttpConnector' (OnBeanCondition)

   ClientHttpConnectorFactoryConfiguration.ReactorNetty matched:
      - @ConditionalOnClass found required class 'reactor.netty.http.client.HttpClient' (OnClassCondition)
      - @ConditionalOnMissingBean (types: org.springframework.boot.autoconfigure.web.reactive.function.client.ClientHttpConnectorFactory; SearchStrategy: all) did not find any beans (OnBeanCondition)

   CodecsAutoConfiguration matched:
      - @ConditionalOnClass found required classes 'org.springframework.http.codec.CodecConfigurer', 'org.springframework.web.reactive.function.client.WebClient' (OnClassCondition)

   CodecsAutoConfiguration.JacksonCodecConfiguration matched:
      - @ConditionalOnClass found required class 'com.fasterxml.jackson.databind.ObjectMapper' (OnClassCondition)

   CodecsAutoConfiguration.JacksonCodecConfiguration#jacksonCodecCustomizer matched:
      - @ConditionalOnBean (types: com.fasterxml.jackson.databind.ObjectMapper; SearchStrategy: all) found bean 'jacksonObjectMapper' (OnBeanCondition)

   com.azure.spring.cloud.autoconfigure.implementation.cosmos.properties.ConfigurationWithoutConnectionDetailsBean matched:
      - @ConditionalOnProperty (spring.cloud.azure.cosmos.enabled=true) matched (OnPropertyCondition)
      - @ConditionalOnAnyProperty (spring.cloud.azure.cosmos.endpoint) matched (OnAnyPropertyCondition)
      - @ConditionalOnMissingBean (types: com.azure.spring.cloud.autoconfigure.implementation.cosmos.properties.AzureCosmosConnectionDetails; SearchStrategy: all) did not find any beans (OnBeanCondition)

   CosmosClientConfiguration matched:
      - @ConditionalOnBean (types: com.azure.spring.cloud.autoconfigure.implementation.cosmos.properties.AzureCosmosProperties; SearchStrategy: all) found bean 'azureCosmosProperties' (OnBeanCondition)

   CosmosClientConfiguration#azureCosmosAsyncClient matched:
      - @ConditionalOnMissingBean (types: com.azure.cosmos.CosmosAsyncClient; SearchStrategy: all) did not find any beans (OnBeanCondition)

   CosmosClientConfiguration#azureCosmosClient matched:
      - @ConditionalOnMissingBean (types: com.azure.cosmos.CosmosClient; SearchStrategy: all) did not find any beans (OnBeanCondition)

   CosmosClientConfiguration#cosmosClientBuilder matched:
      - @ConditionalOnMissingBean (types: com.azure.cosmos.CosmosClientBuilder; SearchStrategy: all) did not find any beans (OnBeanCondition)

   CosmosClientConfiguration#cosmosClientBuilderFactory matched:
      - @ConditionalOnMissingBean (types: com.azure.spring.cloud.service.implementation.cosmos.CosmosClientBuilderFactory; SearchStrategy: all) did not find any beans (OnBeanCondition)

   CosmosDataAutoConfiguration matched:
      - @ConditionalOnClass found required class 'com.azure.spring.data.cosmos.config.AbstractCosmosConfiguration' (OnClassCondition)

   CosmosDataConfiguration matched:
      - @ConditionalOnClass found required class 'com.azure.spring.data.cosmos.core.CosmosTemplate' (OnClassCondition)
      - AnyNestedCondition 1 matched 1 did not; NestedCondition on ConditionalOnDatabaseConfigured.ConditionalDatabaseConfiguredCondition.ConnectionDetailBeanConfigured @ConditionalOnBean (types: com.azure.spring.cloud.autoconfigure.implementation.cosmos.properties.AzureCosmosConnectionDetails; SearchStrategy: all) did not find any beans of type com.azure.spring.cloud.autoconfigure.implementation.cosmos.properties.AzureCosmosConnectionDetails; NestedCondition on ConditionalOnDatabaseConfigured.ConditionalDatabaseConfiguredCondition.DataBasePropertyConfigured @ConditionalOnProperty (spring.cloud.azure.cosmos.database) matched (ConditionalOnDatabaseConfigured.ConditionalDatabaseConfiguredCondition)
      - @ConditionalOnBean (types: com.azure.spring.cloud.autoconfigure.implementation.cosmos.properties.AzureCosmosProperties; SearchStrategy: all) found bean 'azureCosmosProperties' (OnBeanCondition)

   CosmosReactiveRepositoriesAutoConfiguration matched:
      - @ConditionalOnClass found required class 'com.azure.spring.data.cosmos.repository.ReactiveCosmosRepository' (OnClassCondition)
      - @ConditionalOnProperty (spring.cloud.azure.cosmos.repositories.enabled=true) matched (OnPropertyCondition)
      - @ConditionalOnBean (types: com.azure.spring.data.cosmos.core.ReactiveCosmosTemplate; SearchStrategy: all) found bean 'reactiveCosmosTemplate'; @ConditionalOnMissingBean (types: com.azure.spring.data.cosmos.repository.support.ReactiveCosmosRepositoryFactoryBean,com.azure.spring.data.cosmos.repository.config.ReactiveCosmosRepositoryConfigurationExtension; SearchStrategy: all) did not find any beans (OnBeanCondition)

   CosmosRepositoriesAutoConfiguration matched:
      - @ConditionalOnClass found required class 'com.azure.spring.data.cosmos.repository.CosmosRepository' (OnClassCondition)
      - @ConditionalOnProperty (spring.cloud.azure.cosmos.repositories.enabled=true) matched (OnPropertyCondition)
      - @ConditionalOnBean (types: com.azure.spring.data.cosmos.core.CosmosTemplate; SearchStrategy: all) found bean 'cosmosTemplate'; @ConditionalOnMissingBean (types: com.azure.spring.data.cosmos.repository.support.CosmosRepositoryFactoryBean,com.azure.spring.data.cosmos.repository.config.CosmosRepositoryConfigurationExtension; SearchStrategy: all) did not find any beans (OnBeanCondition)

   EmbeddedWebServerFactoryCustomizerAutoConfiguration matched:
      - @ConditionalOnWebApplication (required) found ConfigurableReactiveWebEnvironment (OnWebApplicationCondition)
      - @ConditionalOnWarDeployment the application is not deployed as a WAR file. (OnWarDeploymentCondition)

   EmbeddedWebServerFactoryCustomizerAutoConfiguration.NettyWebServerFactoryCustomizerConfiguration matched:
      - @ConditionalOnClass found required class 'reactor.netty.http.server.HttpServer' (OnClassCondition)

   ErrorWebFluxAutoConfiguration matched:
      - @ConditionalOnClass found required class 'org.springframework.web.reactive.config.WebFluxConfigurer' (OnClassCondition)
      - found ConfigurableReactiveWebEnvironment (OnWebApplicationCondition)

   ErrorWebFluxAutoConfiguration#errorAttributes matched:
      - @ConditionalOnMissingBean (types: org.springframework.boot.web.reactive.error.ErrorAttributes; SearchStrategy: current) did not find any beans (OnBeanCondition)

   ErrorWebFluxAutoConfiguration#errorWebExceptionHandler matched:
      - @ConditionalOnMissingBean (types: org.springframework.boot.web.reactive.error.ErrorWebExceptionHandler; SearchStrategy: current) did not find any beans (OnBeanCondition)

   GenericCacheConfiguration matched:
      - Cache org.springframework.boot.autoconfigure.cache.GenericCacheConfiguration automatic cache type (CacheCondition)

   GsonAutoConfiguration matched:
      - @ConditionalOnClass found required class 'com.google.gson.Gson' (OnClassCondition)

   GsonAutoConfiguration#gson matched:
      - @ConditionalOnMissingBean (types: com.google.gson.Gson; SearchStrategy: all) did not find any beans (OnBeanCondition)

   GsonAutoConfiguration#gsonBuilder matched:
      - @ConditionalOnMissingBean (types: com.google.gson.GsonBuilder; SearchStrategy: all) did not find any beans (OnBeanCondition)

   HttpHandlerAutoConfiguration matched:
      - @ConditionalOnClass found required classes 'org.springframework.web.reactive.DispatcherHandler', 'org.springframework.http.server.reactive.HttpHandler' (OnClassCondition)
      - found ConfigurableReactiveWebEnvironment (OnWebApplicationCondition)
      - @ConditionalOnMissingBean (types: org.springframework.http.server.reactive.HttpHandler; SearchStrategy: all) did not find any beans (OnBeanCondition)

   JacksonAutoConfiguration matched:
      - @ConditionalOnClass found required class 'com.fasterxml.jackson.databind.ObjectMapper' (OnClassCondition)

   JacksonAutoConfiguration.Jackson2ObjectMapperBuilderCustomizerConfiguration matched:
      - @ConditionalOnClass found required class 'org.springframework.http.converter.json.Jackson2ObjectMapperBuilder' (OnClassCondition)

   JacksonAutoConfiguration.JacksonObjectMapperBuilderConfiguration matched:
      - @ConditionalOnClass found required class 'org.springframework.http.converter.json.Jackson2ObjectMapperBuilder' (OnClassCondition)

   JacksonAutoConfiguration.JacksonObjectMapperBuilderConfiguration#jacksonObjectMapperBuilder matched:
      - @ConditionalOnMissingBean (types: org.springframework.http.converter.json.Jackson2ObjectMapperBuilder; SearchStrategy: all) did not find any beans (OnBeanCondition)

   JacksonAutoConfiguration.JacksonObjectMapperConfiguration matched:
      - @ConditionalOnClass found required class 'org.springframework.http.converter.json.Jackson2ObjectMapperBuilder' (OnClassCondition)

   JacksonAutoConfiguration.JacksonObjectMapperConfiguration#jacksonObjectMapper matched:
      - @ConditionalOnMissingBean (types: com.fasterxml.jackson.databind.ObjectMapper; SearchStrategy: all) did not find any beans (OnBeanCondition)

   JacksonAutoConfiguration.ParameterNamesModuleConfiguration matched:
      - @ConditionalOnClass found required class 'com.fasterxml.jackson.module.paramnames.ParameterNamesModule' (OnClassCondition)

   JacksonAutoConfiguration.ParameterNamesModuleConfiguration#parameterNamesModule matched:
      - @ConditionalOnMissingBean (types: com.fasterxml.jackson.module.paramnames.ParameterNamesModule; SearchStrategy: all) did not find any beans (OnBeanCondition)

   LifecycleAutoConfiguration#defaultLifecycleProcessor matched:
      - @ConditionalOnMissingBean (names: lifecycleProcessor; SearchStrategy: current) did not find any beans (OnBeanCondition)

   NettyAutoConfiguration matched:
      - @ConditionalOnClass found required class 'io.netty.util.NettyRuntime' (OnClassCondition)

   NoOpCacheConfiguration matched:
      - Cache org.springframework.boot.autoconfigure.cache.NoOpCacheConfiguration automatic cache type (CacheCondition)

   PersistenceExceptionTranslationAutoConfiguration matched:
      - @ConditionalOnClass found required class 'org.springframework.dao.annotation.PersistenceExceptionTranslationPostProcessor' (OnClassCondition)

   PersistenceExceptionTranslationAutoConfiguration#persistenceExceptionTranslationPostProcessor matched:
      - @ConditionalOnProperty (spring.dao.exceptiontranslation.enabled) matched (OnPropertyCondition)
      - @ConditionalOnMissingBean (types: org.springframework.dao.annotation.PersistenceExceptionTranslationPostProcessor; SearchStrategy: all) did not find any beans (OnBeanCondition)

   PropertyPlaceholderAutoConfiguration#propertySourcesPlaceholderConfigurer matched:
      - @ConditionalOnMissingBean (types: org.springframework.context.support.PropertySourcesPlaceholderConfigurer; SearchStrategy: current) did not find any beans (OnBeanCondition)

   ReactiveMultipartAutoConfiguration matched:
      - @ConditionalOnClass found required classes 'org.springframework.http.codec.multipart.DefaultPartHttpMessageReader', 'org.springframework.web.reactive.config.WebFluxConfigurer' (OnClassCondition)
      - found ConfigurableReactiveWebEnvironment (OnWebApplicationCondition)

   ReactiveWebServerFactoryAutoConfiguration matched:
      - @ConditionalOnClass found required class 'org.springframework.http.ReactiveHttpInputMessage' (OnClassCondition)
      - found ConfigurableReactiveWebEnvironment (OnWebApplicationCondition)

   ReactiveWebServerFactoryConfiguration.EmbeddedNetty matched:
      - @ConditionalOnClass found required class 'reactor.netty.http.server.HttpServer' (OnClassCondition)
      - @ConditionalOnMissingBean (types: org.springframework.boot.web.reactive.server.ReactiveWebServerFactory; SearchStrategy: all) did not find any beans (OnBeanCondition)

   ReactorAutoConfiguration matched:
      - @ConditionalOnClass found required class 'reactor.core.publisher.Hooks' (OnClassCondition)

   ReactorNettyConfigurations.ReactorResourceFactoryConfiguration#reactorResourceFactory matched:
      - @ConditionalOnMissingBean (types: org.springframework.http.client.ReactorResourceFactory; SearchStrategy: all) did not find any beans (OnBeanCondition)

   SimpleCacheConfiguration matched:
      - Cache org.springframework.boot.autoconfigure.cache.SimpleCacheConfiguration automatic cache type (CacheCondition)

   SqlInitializationAutoConfiguration matched:
      - @ConditionalOnProperty (spring.sql.init.enabled) matched (OnPropertyCondition)
      - NoneNestedConditions 0 matched 1 did not; NestedCondition on SqlInitializationAutoConfiguration.SqlInitializationModeCondition.ModeIsNever @ConditionalOnProperty (spring.sql.init.mode=never) did not find property 'mode' (SqlInitializationAutoConfiguration.SqlInitializationModeCondition)

   SslAutoConfiguration#sslBundleRegistry matched:
      - @ConditionalOnMissingBean (types: org.springframework.boot.ssl.SslBundleRegistry,org.springframework.boot.ssl.SslBundles; SearchStrategy: all) did not find any beans (OnBeanCondition)

   TaskExecutionAutoConfiguration matched:
      - @ConditionalOnClass found required class 'org.springframework.scheduling.concurrent.ThreadPoolTaskExecutor' (OnClassCondition)

   TaskExecutorConfigurations.SimpleAsyncTaskExecutorBuilderConfiguration#simpleAsyncTaskExecutorBuilder matched:
      - @ConditionalOnMissingBean (types: org.springframework.boot.task.SimpleAsyncTaskExecutorBuilder; SearchStrategy: all) did not find any beans (OnBeanCondition)
      - @ConditionalOnThreading found PLATFORM (OnThreadingCondition)

   TaskExecutorConfigurations.TaskExecutorConfiguration matched:
      - @ConditionalOnMissingBean (types: java.util.concurrent.Executor; SearchStrategy: all) did not find any beans (OnBeanCondition)

   TaskExecutorConfigurations.TaskExecutorConfiguration#applicationTaskExecutor matched:
      - @ConditionalOnThreading found PLATFORM (OnThreadingCondition)

   TaskExecutorConfigurations.ThreadPoolTaskExecutorBuilderConfiguration#threadPoolTaskExecutorBuilder matched:
      - @ConditionalOnMissingBean (types: org.springframework.boot.task.ThreadPoolTaskExecutorBuilder; SearchStrategy: all) did not find any beans (OnBeanCondition)

   TaskSchedulingAutoConfiguration matched:
      - @ConditionalOnClass found required class 'org.springframework.scheduling.concurrent.ThreadPoolTaskScheduler' (OnClassCondition)

   TaskSchedulingConfigurations.SimpleAsyncTaskSchedulerBuilderConfiguration#simpleAsyncTaskSchedulerBuilder matched:
      - @ConditionalOnMissingBean (types: org.springframework.boot.task.SimpleAsyncTaskSchedulerBuilder; SearchStrategy: all) did not find any beans (OnBeanCondition)
      - @ConditionalOnThreading found PLATFORM (OnThreadingCondition)

   TaskSchedulingConfigurations.ThreadPoolTaskSchedulerBuilderConfiguration#threadPoolTaskSchedulerBuilder matched:
      - @ConditionalOnMissingBean (types: org.springframework.boot.task.ThreadPoolTaskSchedulerBuilder; SearchStrategy: all) did not find any beans (OnBeanCondition)

   TransactionAutoConfiguration matched:
      - @ConditionalOnClass found required class 'org.springframework.transaction.PlatformTransactionManager' (OnClassCondition)

   TransactionManagerCustomizationAutoConfiguration matched:
      - @ConditionalOnClass found required class 'org.springframework.transaction.PlatformTransactionManager' (OnClassCondition)

   TransactionManagerCustomizationAutoConfiguration#platformTransactionManagerCustomizers matched:
      - @ConditionalOnMissingBean (types: org.springframework.boot.autoconfigure.transaction.TransactionManagerCustomizers; SearchStrategy: all) did not find any beans (OnBeanCondition)

   WebClientAutoConfiguration matched:
      - @ConditionalOnClass found required class 'org.springframework.web.reactive.function.client.WebClient' (OnClassCondition)

   WebClientAutoConfiguration#webClientBuilder matched:
      - @ConditionalOnMissingBean (types: org.springframework.web.reactive.function.client.WebClient$Builder; SearchStrategy: all) did not find any beans (OnBeanCondition)

   WebClientAutoConfiguration#webClientSsl matched:
      - @ConditionalOnBean (types: org.springframework.boot.ssl.SslBundles; SearchStrategy: all) found bean 'sslBundleRegistry'; @ConditionalOnMissingBean (types: org.springframework.boot.autoconfigure.web.reactive.function.client.WebClientSsl; SearchStrategy: all) did not find any beans (OnBeanCondition)

   WebClientAutoConfiguration.WebClientCodecsConfiguration matched:
      - @ConditionalOnBean (types: org.springframework.boot.web.codec.CodecCustomizer; SearchStrategy: all) found beans 'jacksonCodecCustomizer', 'defaultCodecCustomizer', 'defaultPartHttpMessageReaderCustomizer' (OnBeanCondition)

   WebClientAutoConfiguration.WebClientCodecsConfiguration#exchangeStrategiesCustomizer matched:
      - @ConditionalOnMissingBean (types: org.springframework.boot.autoconfigure.web.reactive.function.client.WebClientCodecCustomizer; SearchStrategy: all) did not find any beans (OnBeanCondition)

   WebSessionIdResolverAutoConfiguration matched:
      - @ConditionalOnClass found required classes 'org.springframework.web.server.session.WebSessionManager', 'reactor.core.publisher.Mono' (OnClassCondition)
      - found ConfigurableReactiveWebEnvironment (OnWebApplicationCondition)

   WebSessionIdResolverAutoConfiguration#webSessionIdResolver matched:
      - @ConditionalOnMissingBean (types: org.springframework.web.server.session.WebSessionIdResolver; SearchStrategy: all) did not find any beans (OnBeanCondition)


Negative matches:
-----------------

   AadAuthenticationFilterAutoConfiguration:
      Did not match:
         - not a servlet web application (OnWebApplicationCondition)
      Matched:
         - @ConditionalOnMissingClass did not find unwanted class 'org.springframework.security.oauth2.server.resource.authentication.BearerTokenAuthenticationToken' (OnClassCondition)

   AadAutoConfiguration:
      Did not match:
         - not a servlet web application (OnWebApplicationCondition)

   AadB2cAutoConfiguration:
      Did not match:
         - not a servlet web application (OnWebApplicationCondition)

   AadB2cResourceServerAutoConfiguration:
      Did not match:
         - @ConditionalOnClass did not find required class 'org.springframework.security.oauth2.server.resource.authentication.BearerTokenAuthenticationToken' (OnClassCondition)

   ActiveMQAutoConfiguration:
      Did not match:
         - @ConditionalOnClass did not find required class 'jakarta.jms.ConnectionFactory' (OnClassCondition)

   AopAutoConfiguration.AspectJAutoProxyingConfiguration:
      Did not match:
         - @ConditionalOnClass did not find required class 'org.aspectj.weaver.Advice' (OnClassCondition)

   ArtemisAutoConfiguration:
      Did not match:
         - @ConditionalOnClass did not find required class 'jakarta.jms.ConnectionFactory' (OnClassCondition)

   AzureAppConfigurationAutoConfiguration:
      Did not match:
         - @ConditionalOnClass did not find required class 'com.azure.data.appconfiguration.ConfigurationClientBuilder' (OnClassCondition)

   AzureCompatibilityVerifierAutoConfiguration:
      Did not match:
         - @ConditionalOnProperty (spring.cloud.azure.compatibility-verifier.enabled) did not find property 'spring.cloud.azure.compatibility-verifier.enabled' (OnPropertyCondition)

   AzureEventGridAutoConfiguration:
      Did not match:
         - @ConditionalOnClass did not find required class 'com.azure.messaging.eventgrid.EventGridPublisherClientBuilder' (OnClassCondition)

   AzureEventHubsAutoConfiguration:
      Did not match:
         - @ConditionalOnClass did not find required class 'com.azure.messaging.eventhubs.EventHubClientBuilder' (OnClassCondition)

   AzureEventHubsKafkaAutoConfiguration:
      Did not match:
         - @ConditionalOnClass did not find required class 'org.springframework.kafka.core.KafkaTemplate' (OnClassCondition)

   AzureEventHubsKafkaBinderOAuth2AutoConfiguration:
      Did not match:
         - @ConditionalOnClass did not find required class 'org.springframework.cloud.stream.binder.kafka.config.KafkaBinderConfiguration' (OnClassCondition)

   AzureEventHubsKafkaOAuth2AutoConfiguration:
      Did not match:
         - @ConditionalOnClass did not find required class 'org.springframework.kafka.core.KafkaTemplate' (OnClassCondition)

   AzureEventHubsMessagingAutoConfiguration:
      Did not match:
         - @ConditionalOnClass did not find required class 'com.azure.spring.messaging.eventhubs.core.EventHubsTemplate' (OnClassCondition)

   AzureEventHubsResourceManagerAutoConfiguration:
      Did not match:
         - @ConditionalOnClass did not find required class 'com.azure.spring.cloud.resourcemanager.implementation.provisioning.EventHubsProvisioner' (OnClassCondition)

   AzureJdbcAutoConfiguration:
      Did not match:
         - @ConditionalOnClass did not find required class 'com.azure.identity.extensions.implementation.template.AzureAuthenticationTemplate' (OnClassCondition)

   AzureKeyVaultCertificateAutoConfiguration:
      Did not match:
         - @ConditionalOnClass did not find required class 'com.azure.security.keyvault.certificates.CertificateClientBuilder' (OnClassCondition)

   AzureKeyVaultJcaAutoConfiguration:
      Did not match:
         - @ConditionalOnClass did not find required class 'com.azure.security.keyvault.jca.KeyVaultJcaProvider' (OnClassCondition)

   AzureKeyVaultSecretAutoConfiguration:
      Did not match:
         - @ConditionalOnClass did not find required class 'com.azure.security.keyvault.secrets.SecretClientBuilder' (OnClassCondition)

   AzureLettucePasswordlessAutoConfiguration:
      Did not match:
         - @ConditionalOnClass did not find required classes 'org.springframework.data.redis.connection.lettuce.LettuceConnection', 'io.lettuce.core.RedisCredentials' (OnClassCondition)

   AzureMessagingListenerAutoConfiguration:
      Did not match:
         - @ConditionalOnClass did not find required class 'com.azure.spring.messaging.implementation.annotation.EnableAzureMessaging' (OnClassCondition)

   AzureRedisAutoConfiguration:
      Did not match:
         - @ConditionalOnClass did not find required classes 'org.springframework.data.redis.core.RedisOperations', 'com.azure.resourcemanager.AzureResourceManager' (OnClassCondition)

   AzureResourceManagerAutoConfiguration:
      Did not match:
         - @ConditionalOnClass did not find required class 'com.azure.resourcemanager.AzureResourceManager' (OnClassCondition)

   AzureServiceBusAutoConfiguration:
      Did not match:
         - @ConditionalOnClass did not find required class 'com.azure.messaging.servicebus.ServiceBusClientBuilder' (OnClassCondition)

   AzureServiceBusMessagingAutoConfiguration:
      Did not match:
         - @ConditionalOnClass did not find required class 'com.azure.spring.messaging.servicebus.core.ServiceBusTemplate' (OnClassCondition)

   AzureServiceBusResourceManagerAutoConfiguration:
      Did not match:
         - @ConditionalOnClass did not find required class 'com.azure.spring.cloud.resourcemanager.implementation.provisioning.ServiceBusProvisioner' (OnClassCondition)

   AzureStorageBlobAutoConfiguration:
      Did not match:
         - @ConditionalOnClass did not find required class 'com.azure.storage.blob.BlobServiceClientBuilder' (OnClassCondition)

   AzureStorageBlobProtocolResolverConfiguration:
      Did not match:
         - @ConditionalOnBean (types: com.azure.spring.cloud.autoconfigure.implementation.storage.blob.properties.AzureStorageBlobProperties; SearchStrategy: all) did not find any beans of type com.azure.spring.cloud.autoconfigure.implementation.storage.blob.properties.AzureStorageBlobProperties (OnBeanCondition)

   AzureStorageFileShareAutoConfiguration:
      Did not match:
         - @ConditionalOnClass did not find required class 'com.azure.storage.file.share.ShareServiceClientBuilder' (OnClassCondition)

   AzureStorageFileShareResourceAutoConfiguration:
      Did not match:
         - @ConditionalOnAnyProperty ([spring.cloud.azure.storage.fileshare.,spring.cloud.azure.storage.][account-name,endpoint,connection-string]) did not find properties 'account-name', 'endpoint', 'connection-string', 'account-name', 'endpoint', 'connection-string' (OnAnyPropertyCondition)
      Matched:
         - @ConditionalOnClass found required class 'com.azure.spring.cloud.core.resource.AzureStorageFileProtocolResolver' (OnClassCondition)
         - @ConditionalOnProperty ([spring.cloud.azure.storage.fileshare.enabled,spring.cloud.azure.storage.enabled]=true) matched (OnPropertyCondition)

   AzureStorageQueueAutoConfiguration:
      Did not match:
         - @ConditionalOnClass did not find required class 'com.azure.storage.queue.QueueServiceClientBuilder' (OnClassCondition)

   AzureStorageQueueMessagingAutoConfiguration:
      Did not match:
         - @ConditionalOnClass did not find required class 'com.azure.spring.messaging.storage.queue.core.factory.StorageQueueClientFactory' (OnClassCondition)

   AzureStorageQueueResourceManagerAutoConfiguration:
      Did not match:
         - @ConditionalOnClass did not find required class 'com.azure.spring.cloud.resourcemanager.implementation.connectionstring.StorageQueueArmConnectionStringProvider' (OnClassCondition)

   BatchAutoConfiguration:
      Did not match:
         - @ConditionalOnClass did not find required class 'org.springframework.batch.core.launch.JobLauncher' (OnClassCondition)

   Cache2kCacheConfiguration:
      Did not match:
         - @ConditionalOnClass did not find required class 'org.cache2k.Cache2kBuilder' (OnClassCondition)

   CacheAutoConfiguration:
      Did not match:
         - @ConditionalOnBean (types: org.springframework.cache.interceptor.CacheAspectSupport; SearchStrategy: all) did not find any beans of type org.springframework.cache.interceptor.CacheAspectSupport (OnBeanCondition)
      Matched:
         - @ConditionalOnClass found required class 'org.springframework.cache.CacheManager' (OnClassCondition)

   CacheAutoConfiguration.CacheManagerEntityManagerFactoryDependsOnPostProcessor:
      Did not match:
         - @ConditionalOnClass did not find required class 'org.springframework.orm.jpa.LocalContainerEntityManagerFactoryBean' (OnClassCondition)
         - Ancestor org.springframework.boot.autoconfigure.cache.CacheAutoConfiguration did not match (ConditionEvaluationReport.AncestorsMatchedCondition)

   CaffeineCacheConfiguration:
      Did not match:
         - @ConditionalOnClass did not find required class 'com.github.benmanes.caffeine.cache.Caffeine' (OnClassCondition)

   CassandraAutoConfiguration:
      Did not match:
         - @ConditionalOnClass did not find required class 'com.datastax.oss.driver.api.core.CqlSession' (OnClassCondition)

   CassandraDataAutoConfiguration:
      Did not match:
         - @ConditionalOnClass did not find required class 'com.datastax.oss.driver.api.core.CqlSession' (OnClassCondition)

   CassandraReactiveDataAutoConfiguration:
      Did not match:
         - @ConditionalOnClass did not find required class 'com.datastax.oss.driver.api.core.CqlSession' (OnClassCondition)

   CassandraReactiveRepositoriesAutoConfiguration:
      Did not match:
         - @ConditionalOnClass did not find required class 'org.springframework.data.cassandra.ReactiveSession' (OnClassCondition)

   CassandraRepositoriesAutoConfiguration:
      Did not match:
         - @ConditionalOnClass did not find required class 'com.datastax.oss.driver.api.core.CqlSession' (OnClassCondition)

   ClientHttpConnectorFactoryConfiguration.HttpClient5:
      Did not match:
         - @ConditionalOnClass did not find required classes 'org.apache.hc.client5.http.impl.async.HttpAsyncClients', 'org.apache.hc.core5.http.nio.AsyncRequestProducer', 'org.apache.hc.core5.reactive.ReactiveResponseConsumer' (OnClassCondition)

   ClientHttpConnectorFactoryConfiguration.JdkClient:
      Did not match:
         - @ConditionalOnMissingBean (types: org.springframework.boot.autoconfigure.web.reactive.function.client.ClientHttpConnectorFactory; SearchStrategy: all) found beans of type 'org.springframework.boot.autoconfigure.web.reactive.function.client.ClientHttpConnectorFactory' reactorClientHttpConnectorFactory (OnBeanCondition)
      Matched:
         - @ConditionalOnClass found required class 'java.net.http.HttpClient' (OnClassCondition)

   com.azure.spring.cloud.autoconfigure.implementation.cosmos.properties.ConfigurationWithConnectionDetailsBean:
      Did not match:
         - @ConditionalOnBean (types: com.azure.spring.cloud.autoconfigure.implementation.cosmos.properties.AzureCosmosConnectionDetails; SearchStrategy: all) did not find any beans of type com.azure.spring.cloud.autoconfigure.implementation.cosmos.properties.AzureCosmosConnectionDetails (OnBeanCondition)
      Matched:
         - @ConditionalOnClass found required class 'org.springframework.boot.autoconfigure.service.connection.ConnectionDetails' (OnClassCondition)

   com.azure.spring.cloud.autoconfigure.implementation.storage.blob.properties.ConfigurationWithConnectionDetailsBean:
      Did not match:
         - @ConditionalOnBean (types: com.azure.spring.cloud.autoconfigure.implementation.storage.blob.properties.AzureStorageBlobConnectionDetails; SearchStrategy: all) did not find any beans of type com.azure.spring.cloud.autoconfigure.implementation.storage.blob.properties.AzureStorageBlobConnectionDetails (OnBeanCondition)
      Matched:
         - @ConditionalOnClass found required class 'org.springframework.boot.autoconfigure.service.connection.ConnectionDetails' (OnClassCondition)

   com.azure.spring.cloud.autoconfigure.implementation.storage.blob.properties.ConfigurationWithoutConnectionDetailsBean:
      Did not match:
         - @ConditionalOnAnyProperty ([spring.cloud.azure.storage.blob.,spring.cloud.azure.storage.][account-name,endpoint,connection-string]) did not find properties 'account-name', 'endpoint', 'connection-string', 'account-name', 'endpoint', 'connection-string' (OnAnyPropertyCondition)
      Matched:
         - @ConditionalOnProperty ([spring.cloud.azure.storage.blob.enabled,spring.cloud.azure.storage.enabled]=true) matched (OnPropertyCondition)

   CosmosDataDiagnosticsConfiguration:
      Did not match:
         - @ConditionalOnProperty (spring.cloud.azure.cosmos.populate-query-metrics=true) did not find property 'spring.cloud.azure.cosmos.populate-query-metrics' (OnPropertyCondition)

   CouchbaseAutoConfiguration:
      Did not match:
         - @ConditionalOnClass did not find required class 'com.couchbase.client.java.Cluster' (OnClassCondition)

   CouchbaseCacheConfiguration:
      Did not match:
         - @ConditionalOnClass did not find required class 'com.couchbase.client.java.Cluster' (OnClassCondition)

   CouchbaseDataAutoConfiguration:
      Did not match:
         - @ConditionalOnClass did not find required class 'com.couchbase.client.java.Bucket' (OnClassCondition)

   CouchbaseReactiveDataAutoConfiguration:
      Did not match:
         - @ConditionalOnClass did not find required class 'com.couchbase.client.java.Cluster' (OnClassCondition)

   CouchbaseReactiveRepositoriesAutoConfiguration:
      Did not match:
         - @ConditionalOnClass did not find required class 'com.couchbase.client.java.Cluster' (OnClassCondition)

   CouchbaseRepositoriesAutoConfiguration:
      Did not match:
         - @ConditionalOnClass did not find required class 'com.couchbase.client.java.Bucket' (OnClassCondition)

   DataSourceAutoConfiguration:
      Did not match:
         - @ConditionalOnClass did not find required class 'org.springframework.jdbc.datasource.embedded.EmbeddedDatabaseType' (OnClassCondition)

   DataSourceInitializationConfiguration:
      Did not match:
         - @ConditionalOnClass did not find required class 'org.springframework.jdbc.datasource.init.DatabasePopulator' (OnClassCondition)

   DataSourceTransactionManagerAutoConfiguration:
      Did not match:
         - @ConditionalOnClass did not find required class 'org.springframework.jdbc.core.JdbcTemplate' (OnClassCondition)

   DispatcherServletAutoConfiguration:
      Did not match:
         - @ConditionalOnClass did not find required class 'org.springframework.web.servlet.DispatcherServlet' (OnClassCondition)

   ElasticsearchClientAutoConfiguration:
      Did not match:
         - @ConditionalOnClass did not find required class 'co.elastic.clients.elasticsearch.ElasticsearchClient' (OnClassCondition)

   ElasticsearchDataAutoConfiguration:
      Did not match:
         - @ConditionalOnClass did not find required class 'org.springframework.data.elasticsearch.client.elc.ElasticsearchTemplate' (OnClassCondition)

   ElasticsearchRepositoriesAutoConfiguration:
      Did not match:
         - @ConditionalOnClass did not find required class 'org.springframework.data.elasticsearch.repository.ElasticsearchRepository' (OnClassCondition)

   ElasticsearchRestClientAutoConfiguration:
      Did not match:
         - @ConditionalOnClass did not find required class 'org.elasticsearch.client.RestClientBuilder' (OnClassCondition)

   EmbeddedLdapAutoConfiguration:
      Did not match:
         - @ConditionalOnClass did not find required class 'com.unboundid.ldap.listener.InMemoryDirectoryServer' (OnClassCondition)

   EmbeddedWebServerFactoryCustomizerAutoConfiguration.JettyWebServerFactoryCustomizerConfiguration:
      Did not match:
         - @ConditionalOnClass did not find required classes 'org.eclipse.jetty.server.Server', 'org.eclipse.jetty.util.Loader', 'org.eclipse.jetty.ee10.webapp.WebAppContext' (OnClassCondition)

   EmbeddedWebServerFactoryCustomizerAutoConfiguration.TomcatWebServerFactoryCustomizerConfiguration:
      Did not match:
         - @ConditionalOnClass did not find required classes 'org.apache.catalina.startup.Tomcat', 'org.apache.coyote.UpgradeProtocol' (OnClassCondition)

   EmbeddedWebServerFactoryCustomizerAutoConfiguration.UndertowWebServerFactoryCustomizerConfiguration:
      Did not match:
         - @ConditionalOnClass did not find required classes 'io.undertow.Undertow', 'org.xnio.SslClientAuthMode' (OnClassCondition)

   ErrorMvcAutoConfiguration:
      Did not match:
         - @ConditionalOnClass did not find required class 'jakarta.servlet.Servlet' (OnClassCondition)

   FlywayAutoConfiguration:
      Did not match:
         - @ConditionalOnClass did not find required class 'org.flywaydb.core.Flyway' (OnClassCondition)

   FreeMarkerAutoConfiguration:
      Did not match:
         - @ConditionalOnClass did not find required class 'freemarker.template.Configuration' (OnClassCondition)

   GraphQlAutoConfiguration:
      Did not match:
         - @ConditionalOnClass did not find required class 'graphql.GraphQL' (OnClassCondition)

   GraphQlQueryByExampleAutoConfiguration:
      Did not match:
         - @ConditionalOnClass did not find required class 'graphql.GraphQL' (OnClassCondition)

   GraphQlQuerydslAutoConfiguration:
      Did not match:
         - @ConditionalOnClass did not find required class 'com.querydsl.core.Query' (OnClassCondition)

   GraphQlRSocketAutoConfiguration:
      Did not match:
         - @ConditionalOnClass did not find required class 'graphql.GraphQL' (OnClassCondition)

   GraphQlReactiveQueryByExampleAutoConfiguration:
      Did not match:
         - @ConditionalOnClass did not find required class 'graphql.GraphQL' (OnClassCondition)

   GraphQlReactiveQuerydslAutoConfiguration:
      Did not match:
         - @ConditionalOnClass did not find required class 'com.querydsl.core.Query' (OnClassCondition)

   GraphQlWebFluxAutoConfiguration:
      Did not match:
         - @ConditionalOnClass did not find required class 'graphql.GraphQL' (OnClassCondition)

   GraphQlWebFluxSecurityAutoConfiguration:
      Did not match:
         - @ConditionalOnClass did not find required class 'graphql.GraphQL' (OnClassCondition)

   GraphQlWebMvcAutoConfiguration:
      Did not match:
         - @ConditionalOnClass did not find required class 'graphql.GraphQL' (OnClassCondition)

   GraphQlWebMvcSecurityAutoConfiguration:
      Did not match:
         - @ConditionalOnClass did not find required class 'graphql.GraphQL' (OnClassCondition)

   GroovyTemplateAutoConfiguration:
      Did not match:
         - @ConditionalOnClass did not find required class 'groovy.text.markup.MarkupTemplateEngine' (OnClassCondition)

   H2ConsoleAutoConfiguration:
      Did not match:
         - @ConditionalOnClass did not find required class 'org.h2.server.web.JakartaWebServlet' (OnClassCondition)

   HazelcastAutoConfiguration:
      Did not match:
         - @ConditionalOnClass did not find required class 'com.hazelcast.core.HazelcastInstance' (OnClassCondition)

   HazelcastCacheConfiguration:
      Did not match:
         - @ConditionalOnClass did not find required class 'com.hazelcast.core.HazelcastInstance' (OnClassCondition)

   HazelcastJpaDependencyAutoConfiguration:
      Did not match:
         - @ConditionalOnClass did not find required class 'com.hazelcast.core.HazelcastInstance' (OnClassCondition)

   HibernateJpaAutoConfiguration:
      Did not match:
         - @ConditionalOnClass did not find required class 'jakarta.persistence.EntityManager' (OnClassCondition)

   HttpClientAutoConfiguration:
      Did not match:
         - NoneNestedConditions 1 matched 0 did not; NestedCondition on NotReactiveWebApplicationCondition.ReactiveWebApplication found ConfigurableReactiveWebEnvironment (NotReactiveWebApplicationCondition)
      Matched:
         - @ConditionalOnClass found required class 'org.springframework.http.client.ClientHttpRequestFactory' (OnClassCondition)

   HttpEncodingAutoConfiguration:
      Did not match:
         - @ConditionalOnClass did not find required class 'org.springframework.web.filter.CharacterEncodingFilter' (OnClassCondition)

   HttpMessageConvertersAutoConfiguration:
      Did not match:
         - NoneNestedConditions 1 matched 0 did not; NestedCondition on HttpMessageConvertersAutoConfiguration.NotReactiveWebApplicationCondition.ReactiveWebApplication found ConfigurableReactiveWebEnvironment (HttpMessageConvertersAutoConfiguration.NotReactiveWebApplicationCondition)
      Matched:
         - @ConditionalOnClass found required class 'org.springframework.http.converter.HttpMessageConverter' (OnClassCondition)

   HypermediaAutoConfiguration:
      Did not match:
         - @ConditionalOnClass did not find required class 'org.springframework.hateoas.EntityModel' (OnClassCondition)

   InfinispanCacheConfiguration:
      Did not match:
         - @ConditionalOnClass did not find required class 'org.infinispan.spring.embedded.provider.SpringEmbeddedCacheManager' (OnClassCondition)

   IntegrationAutoConfiguration:
      Did not match:
         - @ConditionalOnClass did not find required class 'org.springframework.integration.config.EnableIntegration' (OnClassCondition)

   JCacheCacheConfiguration:
      Did not match:
         - @ConditionalOnClass did not find required class 'javax.cache.Caching' (OnClassCondition)

   JdbcClientAutoConfiguration:
      Did not match:
         - @ConditionalOnSingleCandidate did not find required type 'org.springframework.jdbc.core.namedparam.NamedParameterJdbcTemplate' (OnBeanCondition)

   JdbcRepositoriesAutoConfiguration:
      Did not match:
         - @ConditionalOnClass did not find required class 'org.springframework.data.jdbc.repository.config.AbstractJdbcConfiguration' (OnClassCondition)

   JdbcTemplateAutoConfiguration:
      Did not match:
         - @ConditionalOnClass did not find required class 'org.springframework.jdbc.core.JdbcTemplate' (OnClassCondition)

   JerseyAutoConfiguration:
      Did not match:
         - @ConditionalOnClass did not find required class 'jakarta.servlet.ServletRegistration' (OnClassCondition)

   JmsAutoConfiguration:
      Did not match:
         - @ConditionalOnClass did not find required class 'jakarta.jms.Message' (OnClassCondition)

   JmxAutoConfiguration:
      Did not match:
         - @ConditionalOnProperty (spring.jmx.enabled=true) found different value in property 'enabled' (OnPropertyCondition)
      Matched:
         - @ConditionalOnClass found required class 'org.springframework.jmx.export.MBeanExporter' (OnClassCondition)

   JndiConnectionFactoryAutoConfiguration:
      Did not match:
         - @ConditionalOnClass did not find required class 'org.springframework.jms.core.JmsTemplate' (OnClassCondition)

   JndiDataSourceAutoConfiguration:
      Did not match:
         - @ConditionalOnClass did not find required class 'org.springframework.jdbc.datasource.embedded.EmbeddedDatabaseType' (OnClassCondition)

   JooqAutoConfiguration:
      Did not match:
         - @ConditionalOnClass did not find required class 'org.jooq.DSLContext' (OnClassCondition)

   JpaRepositoriesAutoConfiguration:
      Did not match:
         - @ConditionalOnClass did not find required class 'org.springframework.data.jpa.repository.JpaRepository' (OnClassCondition)

   JsonbAutoConfiguration:
      Did not match:
         - @ConditionalOnClass did not find required class 'jakarta.json.bind.Jsonb' (OnClassCondition)

   JtaAutoConfiguration:
      Did not match:
         - @ConditionalOnClass did not find required class 'jakarta.transaction.Transaction' (OnClassCondition)

   KafkaAutoConfiguration:
      Did not match:
         - @ConditionalOnClass did not find required class 'org.springframework.kafka.core.KafkaTemplate' (OnClassCondition)

   LdapAutoConfiguration:
      Did not match:
         - @ConditionalOnClass did not find required class 'org.springframework.ldap.core.ContextSource' (OnClassCondition)

   LdapRepositoriesAutoConfiguration:
      Did not match:
         - @ConditionalOnClass did not find required class 'org.springframework.data.ldap.repository.LdapRepository' (OnClassCondition)

   LiquibaseAutoConfiguration:
      Did not match:
         - @ConditionalOnClass did not find required class 'liquibase.change.DatabaseChange' (OnClassCondition)

   MailSenderAutoConfiguration:
      Did not match:
         - @ConditionalOnClass did not find required class 'jakarta.mail.internet.MimeMessage' (OnClassCondition)

   MailSenderValidatorAutoConfiguration:
      Did not match:
         - @ConditionalOnSingleCandidate did not find required type 'org.springframework.mail.javamail.JavaMailSenderImpl' (OnBeanCondition)

   MessageSourceAutoConfiguration:
      Did not match:
         - ResourceBundle did not find bundle with basename messages (MessageSourceAutoConfiguration.ResourceBundleCondition)

   MongoAutoConfiguration:
      Did not match:
         - @ConditionalOnClass did not find required class 'com.mongodb.client.MongoClient' (OnClassCondition)

   MongoDataAutoConfiguration:
      Did not match:
         - @ConditionalOnClass did not find required class 'com.mongodb.client.MongoClient' (OnClassCondition)

   MongoReactiveAutoConfiguration:
      Did not match:
         - @ConditionalOnClass did not find required class 'com.mongodb.reactivestreams.client.MongoClient' (OnClassCondition)

   MongoReactiveDataAutoConfiguration:
      Did not match:
         - @ConditionalOnClass did not find required class 'com.mongodb.reactivestreams.client.MongoClient' (OnClassCondition)

   MongoReactiveRepositoriesAutoConfiguration:
      Did not match:
         - @ConditionalOnClass did not find required class 'com.mongodb.reactivestreams.client.MongoClient' (OnClassCondition)

   MongoRepositoriesAutoConfiguration:
      Did not match:
         - @ConditionalOnClass did not find required class 'com.mongodb.client.MongoClient' (OnClassCondition)

   MultipartAutoConfiguration:
      Did not match:
         - @ConditionalOnClass did not find required class 'jakarta.servlet.MultipartConfigElement' (OnClassCondition)

   MustacheAutoConfiguration:
      Did not match:
         - @ConditionalOnClass did not find required class 'com.samskivert.mustache.Mustache' (OnClassCondition)

   Neo4jAutoConfiguration:
      Did not match:
         - @ConditionalOnClass did not find required class 'org.neo4j.driver.Driver' (OnClassCondition)

   Neo4jDataAutoConfiguration:
      Did not match:
         - @ConditionalOnClass did not find required class 'org.neo4j.driver.Driver' (OnClassCondition)

   Neo4jReactiveDataAutoConfiguration:
      Did not match:
         - @ConditionalOnClass did not find required class 'org.neo4j.driver.Driver' (OnClassCondition)

   Neo4jReactiveRepositoriesAutoConfiguration:
      Did not match:
         - @ConditionalOnClass did not find required class 'org.neo4j.driver.Driver' (OnClassCondition)

   Neo4jRepositoriesAutoConfiguration:
      Did not match:
         - @ConditionalOnClass did not find required class 'org.neo4j.driver.Driver' (OnClassCondition)

   OAuth2AuthorizationServerAutoConfiguration:
      Did not match:
         - @ConditionalOnClass did not find required class 'org.springframework.security.oauth2.server.authorization.OAuth2Authorization' (OnClassCondition)

   OAuth2AuthorizationServerJwtAutoConfiguration:
      Did not match:
         - @ConditionalOnClass did not find required class 'org.springframework.security.oauth2.server.authorization.OAuth2Authorization' (OnClassCondition)

   OAuth2ClientAutoConfiguration:
      Did not match:
         - @ConditionalOnClass did not find required class 'org.springframework.security.config.annotation.web.configuration.EnableWebSecurity' (OnClassCondition)

   OAuth2ResourceServerAutoConfiguration:
      Did not match:
         - @ConditionalOnClass did not find required class 'org.springframework.security.oauth2.server.resource.authentication.BearerTokenAuthenticationToken' (OnClassCondition)

   ProjectInfoAutoConfiguration#buildProperties:
      Did not match:
         - @ConditionalOnResource did not find resource '${spring.info.build.location:classpath:META-INF/build-info.properties}' (OnResourceCondition)

   ProjectInfoAutoConfiguration#gitProperties:
      Did not match:
         - GitResource did not find git info at classpath:git.properties (ProjectInfoAutoConfiguration.GitResourceAvailableCondition)

   PulsarAutoConfiguration:
      Did not match:
         - @ConditionalOnClass did not find required class 'org.apache.pulsar.client.api.PulsarClient' (OnClassCondition)

   PulsarReactiveAutoConfiguration:
      Did not match:
         - @ConditionalOnClass did not find required class 'org.apache.pulsar.client.api.PulsarClient' (OnClassCondition)

   QuartzAutoConfiguration:
      Did not match:
         - @ConditionalOnClass did not find required class 'org.quartz.Scheduler' (OnClassCondition)

   R2dbcAutoConfiguration:
      Did not match:
         - @ConditionalOnClass did not find required class 'io.r2dbc.spi.ConnectionFactory' (OnClassCondition)

   R2dbcDataAutoConfiguration:
      Did not match:
         - @ConditionalOnClass did not find required class 'org.springframework.data.r2dbc.core.R2dbcEntityTemplate' (OnClassCondition)

   R2dbcInitializationConfiguration:
      Did not match:
         - @ConditionalOnClass did not find required classes 'io.r2dbc.spi.ConnectionFactory', 'org.springframework.r2dbc.connection.init.DatabasePopulator' (OnClassCondition)

   R2dbcProxyAutoConfiguration:
      Did not match:
         - @ConditionalOnClass did not find required class 'io.r2dbc.proxy.ProxyConnectionFactory' (OnClassCondition)

   R2dbcRepositoriesAutoConfiguration:
      Did not match:
         - @ConditionalOnClass did not find required class 'io.r2dbc.spi.ConnectionFactory' (OnClassCondition)

   R2dbcTransactionManagerAutoConfiguration:
      Did not match:
         - @ConditionalOnClass did not find required class 'org.springframework.r2dbc.connection.R2dbcTransactionManager' (OnClassCondition)

   RSocketGraphQlClientAutoConfiguration:
      Did not match:
         - @ConditionalOnClass did not find required class 'graphql.GraphQL' (OnClassCondition)

   RSocketMessagingAutoConfiguration:
      Did not match:
         - @ConditionalOnClass did not find required class 'io.rsocket.RSocket' (OnClassCondition)

   RSocketRequesterAutoConfiguration:
      Did not match:
         - @ConditionalOnClass did not find required class 'io.rsocket.RSocket' (OnClassCondition)

   RSocketSecurityAutoConfiguration:
      Did not match:
         - @ConditionalOnClass did not find required class 'org.springframework.security.rsocket.core.SecuritySocketAcceptorInterceptor' (OnClassCondition)

   RSocketServerAutoConfiguration:
      Did not match:
         - @ConditionalOnClass did not find required class 'io.rsocket.core.RSocketServer' (OnClassCondition)

   RSocketStrategiesAutoConfiguration:
      Did not match:
         - @ConditionalOnClass did not find required class 'io.rsocket.RSocket' (OnClassCondition)

   RabbitAutoConfiguration:
      Did not match:
         - @ConditionalOnClass did not find required class 'com.rabbitmq.client.Channel' (OnClassCondition)

   ReactiveElasticsearchClientAutoConfiguration:
      Did not match:
         - @ConditionalOnClass did not find required class 'co.elastic.clients.transport.ElasticsearchTransport' (OnClassCondition)

   ReactiveElasticsearchRepositoriesAutoConfiguration:
      Did not match:
         - @ConditionalOnClass did not find required class 'org.springframework.data.elasticsearch.client.elc.ReactiveElasticsearchClient' (OnClassCondition)

   ReactiveOAuth2ClientAutoConfiguration:
      Did not match:
         - @ConditionalOnClass did not find required class 'org.springframework.security.config.annotation.web.reactive.EnableWebFluxSecurity' (OnClassCondition)

   ReactiveOAuth2ResourceServerAutoConfiguration:
      Did not match:
         - @ConditionalOnClass did not find required class 'org.springframework.security.config.annotation.web.reactive.EnableWebFluxSecurity' (OnClassCondition)

   ReactiveSecurityAutoConfiguration:
      Did not match:
         - @ConditionalOnClass did not find required class 'org.springframework.security.config.annotation.web.reactive.EnableWebFluxSecurity' (OnClassCondition)

   ReactiveUserDetailsServiceAutoConfiguration:
      Did not match:
         - @ConditionalOnClass did not find required class 'org.springframework.security.authentication.ReactiveAuthenticationManager' (OnClassCondition)

   ReactiveWebServerFactoryAutoConfiguration#forwardedHeaderTransformer:
      Did not match:
         - @ConditionalOnProperty (server.forward-headers-strategy=framework) did not find property 'server.forward-headers-strategy' (OnPropertyCondition)

   ReactiveWebServerFactoryAutoConfiguration#tomcatReactiveWebServerFactoryCustomizer:
      Did not match:
         - @ConditionalOnClass did not find required class 'org.apache.catalina.startup.Tomcat' (OnClassCondition)

   ReactiveWebServerFactoryConfiguration.EmbeddedJetty:
      Did not match:
         - @ConditionalOnClass did not find required classes 'org.eclipse.jetty.server.Server', 'org.eclipse.jetty.ee10.servlet.ServletHolder' (OnClassCondition)

   ReactiveWebServerFactoryConfiguration.EmbeddedTomcat:
      Did not match:
         - @ConditionalOnClass did not find required class 'org.apache.catalina.startup.Tomcat' (OnClassCondition)

   ReactiveWebServerFactoryConfiguration.EmbeddedUndertow:
      Did not match:
         - @ConditionalOnClass did not find required class 'io.undertow.Undertow' (OnClassCondition)

   RedisAutoConfiguration:
      Did not match:
         - @ConditionalOnClass did not find required class 'org.springframework.data.redis.core.RedisOperations' (OnClassCondition)

   RedisCacheConfiguration:
      Did not match:
         - @ConditionalOnClass did not find required class 'org.springframework.data.redis.connection.RedisConnectionFactory' (OnClassCondition)

   RedisReactiveAutoConfiguration:
      Did not match:
         - @ConditionalOnClass did not find required class 'org.springframework.data.redis.connection.ReactiveRedisConnectionFactory' (OnClassCondition)

   RedisRepositoriesAutoConfiguration:
      Did not match:
         - @ConditionalOnClass did not find required class 'org.springframework.data.redis.repository.configuration.EnableRedisRepositories' (OnClassCondition)

   RepositoryRestMvcAutoConfiguration:
      Did not match:
         - @ConditionalOnClass did not find required class 'org.springframework.data.rest.webmvc.config.RepositoryRestMvcConfiguration' (OnClassCondition)

   RestClientAutoConfiguration:
      Did not match:
         - NoneNestedConditions 1 matched 0 did not; NestedCondition on NotReactiveWebApplicationCondition.ReactiveWebApplication found ConfigurableReactiveWebEnvironment (NotReactiveWebApplicationCondition)
      Matched:
         - @ConditionalOnClass found required class 'org.springframework.web.client.RestClient' (OnClassCondition)

   RestTemplateAutoConfiguration:
      Did not match:
         - NoneNestedConditions 1 matched 0 did not; NestedCondition on NotReactiveWebApplicationCondition.ReactiveWebApplication found ConfigurableReactiveWebEnvironment (NotReactiveWebApplicationCondition)
      Matched:
         - @ConditionalOnClass found required class 'org.springframework.web.client.RestTemplate' (OnClassCondition)

   Saml2RelyingPartyAutoConfiguration:
      Did not match:
         - @ConditionalOnClass did not find required class 'org.springframework.security.saml2.provider.service.registration.RelyingPartyRegistrationRepository' (OnClassCondition)

   SecurityAutoConfiguration:
      Did not match:
         - @ConditionalOnClass did not find required class 'org.springframework.security.authentication.DefaultAuthenticationEventPublisher' (OnClassCondition)

   SecurityFilterAutoConfiguration:
      Did not match:
         - @ConditionalOnClass did not find required class 'org.springframework.security.config.http.SessionCreationPolicy' (OnClassCondition)

   SendGridAutoConfiguration:
      Did not match:
         - @ConditionalOnClass did not find required class 'com.sendgrid.SendGrid' (OnClassCondition)

   ServiceBusJmsAutoConfiguration:
      Did not match:
         - @ConditionalOnClass did not find required classes 'jakarta.jms.ConnectionFactory', 'org.apache.qpid.jms.JmsConnectionFactory', 'org.springframework.jms.core.JmsTemplate' (OnClassCondition)

   ServletWebServerFactoryAutoConfiguration:
      Did not match:
         - @ConditionalOnClass did not find required class 'jakarta.servlet.ServletRequest' (OnClassCondition)

   SessionAutoConfiguration:
      Did not match:
         - @ConditionalOnClass did not find required class 'org.springframework.session.Session' (OnClassCondition)

   SpringApplicationAdminJmxAutoConfiguration:
      Did not match:
         - @ConditionalOnProperty (spring.application.admin.enabled=true) did not find property 'enabled' (OnPropertyCondition)

   SpringDataWebAutoConfiguration:
      Did not match:
         - @ConditionalOnClass did not find required class 'org.springframework.web.servlet.config.annotation.WebMvcConfigurer' (OnClassCondition)

   TaskExecutorConfigurations.SimpleAsyncTaskExecutorBuilderConfiguration#simpleAsyncTaskExecutorBuilderVirtualThreads:
      Did not match:
         - @ConditionalOnMissingBean (types: org.springframework.boot.task.SimpleAsyncTaskExecutorBuilder; SearchStrategy: all) found beans of type 'org.springframework.boot.task.SimpleAsyncTaskExecutorBuilder' simpleAsyncTaskExecutorBuilder (OnBeanCondition)

   TaskExecutorConfigurations.TaskExecutorConfiguration#applicationTaskExecutorVirtualThreads:
      Did not match:
         - @ConditionalOnThreading did not find VIRTUAL (OnThreadingCondition)

   TaskSchedulingAutoConfiguration#scheduledBeanLazyInitializationExcludeFilter:
      Did not match:
         - @ConditionalOnBean (names: org.springframework.context.annotation.internalScheduledAnnotationProcessor; SearchStrategy: all) did not find any beans named org.springframework.context.annotation.internalScheduledAnnotationProcessor (OnBeanCondition)

   TaskSchedulingConfigurations.SimpleAsyncTaskSchedulerBuilderConfiguration#simpleAsyncTaskSchedulerBuilderVirtualThreads:
      Did not match:
         - @ConditionalOnMissingBean (types: org.springframework.boot.task.SimpleAsyncTaskSchedulerBuilder; SearchStrategy: all) found beans of type 'org.springframework.boot.task.SimpleAsyncTaskSchedulerBuilder' simpleAsyncTaskSchedulerBuilder (OnBeanCondition)

   TaskSchedulingConfigurations.TaskSchedulerConfiguration:
      Did not match:
         - @ConditionalOnBean (names: org.springframework.context.annotation.internalScheduledAnnotationProcessor; SearchStrategy: all) did not find any beans named org.springframework.context.annotation.internalScheduledAnnotationProcessor (OnBeanCondition)

   ThymeleafAutoConfiguration:
      Did not match:
         - @ConditionalOnClass did not find required class 'org.thymeleaf.spring6.SpringTemplateEngine' (OnClassCondition)

   TransactionAutoConfiguration#transactionalOperator:
      Did not match:
         - @ConditionalOnSingleCandidate (types: org.springframework.transaction.ReactiveTransactionManager; SearchStrategy: all) did not find any beans (OnBeanCondition)

   TransactionAutoConfiguration.AspectJTransactionManagementConfiguration:
      Did not match:
         - @ConditionalOnBean did not find required type 'org.springframework.transaction.aspectj.AbstractTransactionAspect' (OnBeanCondition)
         - @ConditionalOnBean (types: org.springframework.transaction.aspectj.AbstractTransactionAspect; SearchStrategy: all) did not find any beans of type org.springframework.transaction.aspectj.AbstractTransactionAspect (OnBeanCondition)

   TransactionAutoConfiguration.EnableTransactionManagementConfiguration:
      Did not match:
         - @ConditionalOnBean (types: org.springframework.transaction.TransactionManager; SearchStrategy: all) did not find any beans of type org.springframework.transaction.TransactionManager (OnBeanCondition)

   TransactionAutoConfiguration.EnableTransactionManagementConfiguration.CglibAutoProxyConfiguration:
      Did not match:
         - Ancestor org.springframework.boot.autoconfigure.transaction.TransactionAutoConfiguration$EnableTransactionManagementConfiguration did not match (ConditionEvaluationReport.AncestorsMatchedCondition)
      Matched:
         - @ConditionalOnProperty (spring.aop.proxy-target-class=true) matched (OnPropertyCondition)

   TransactionAutoConfiguration.EnableTransactionManagementConfiguration.JdkDynamicAutoProxyConfiguration:
      Did not match:
         - @ConditionalOnProperty (spring.aop.proxy-target-class=false) did not find property 'proxy-target-class' (OnPropertyCondition)
         - Ancestor org.springframework.boot.autoconfigure.transaction.TransactionAutoConfiguration$EnableTransactionManagementConfiguration did not match (ConditionEvaluationReport.AncestorsMatchedCondition)

   TransactionAutoConfiguration.TransactionTemplateConfiguration:
      Did not match:
         - @ConditionalOnSingleCandidate (types: org.springframework.transaction.PlatformTransactionManager; SearchStrategy: all) did not find any beans (OnBeanCondition)

   UserDetailsServiceAutoConfiguration:
      Did not match:
         - @ConditionalOnClass did not find required class 'org.springframework.security.authentication.AuthenticationManager' (OnClassCondition)

   ValidationAutoConfiguration:
      Did not match:
         - @ConditionalOnResource did not find resource 'classpath:META-INF/services/jakarta.validation.spi.ValidationProvider' (OnResourceCondition)
      Matched:
         - @ConditionalOnClass found required class 'jakarta.validation.executable.ExecutableValidator' (OnClassCondition)

   WebFluxAutoConfiguration:
      Did not match:
         - @ConditionalOnMissingBean (types: org.springframework.web.reactive.config.WebFluxConfigurationSupport; SearchStrategy: all) found beans of type 'org.springframework.web.reactive.config.WebFluxConfigurationSupport' org.springframework.web.reactive.config.DelegatingWebFluxConfiguration (OnBeanCondition)
      Matched:
         - @ConditionalOnClass found required class 'org.springframework.web.reactive.config.WebFluxConfigurer' (OnClassCondition)
         - found ConfigurableReactiveWebEnvironment (OnWebApplicationCondition)

   WebFluxAutoConfiguration.ProblemDetailsErrorHandlingConfiguration:
      Did not match:
         - @ConditionalOnProperty (spring.webflux.problemdetails.enabled=true) did not find property 'enabled' (OnPropertyCondition)
         - Ancestor org.springframework.boot.autoconfigure.web.reactive.WebFluxAutoConfiguration did not match (ConditionEvaluationReport.AncestorsMatchedCondition)

   WebFluxAutoConfiguration.ResourceChainCustomizerConfiguration:
      Did not match:
         - @ConditionalOnEnabledResourceChain did not find class org.webjars.WebJarVersionLocator (OnEnabledResourceChainCondition)
         - Ancestor org.springframework.boot.autoconfigure.web.reactive.WebFluxAutoConfiguration did not match (ConditionEvaluationReport.AncestorsMatchedCondition)

   WebMvcAutoConfiguration:
      Did not match:
         - @ConditionalOnClass did not find required class 'jakarta.servlet.Servlet' (OnClassCondition)

   WebServiceTemplateAutoConfiguration:
      Did not match:
         - @ConditionalOnClass did not find required class 'org.springframework.oxm.Marshaller' (OnClassCondition)

   WebServicesAutoConfiguration:
      Did not match:
         - @ConditionalOnClass did not find required class 'org.springframework.ws.transport.http.MessageDispatcherServlet' (OnClassCondition)

   WebSocketMessagingAutoConfiguration:
      Did not match:
         - @ConditionalOnClass did not find required class 'org.springframework.web.socket.config.annotation.WebSocketMessageBrokerConfigurer' (OnClassCondition)

   WebSocketReactiveAutoConfiguration:
      Did not match:
         - @ConditionalOnClass did not find required class 'jakarta.servlet.Servlet' (OnClassCondition)

   WebSocketServletAutoConfiguration:
      Did not match:
         - @ConditionalOnClass did not find required class 'jakarta.servlet.Servlet' (OnClassCondition)

   XADataSourceAutoConfiguration:
      Did not match:
         - @ConditionalOnClass did not find required class 'jakarta.transaction.TransactionManager' (OnClassCondition)


Exclusions:
-----------

    None


Unconditional classes:
----------------------

    com.azure.spring.cloud.autoconfigure.implementation.context.AzureTokenCredentialAutoConfiguration

    org.springframework.boot.autoconfigure.context.ConfigurationPropertiesAutoConfiguration

    org.springframework.boot.autoconfigure.ssl.SslAutoConfiguration

    org.springframework.boot.autoconfigure.context.PropertyPlaceholderAutoConfiguration

    org.springframework.boot.autoconfigure.context.LifecycleAutoConfiguration

    org.springframework.boot.autoconfigure.availability.ApplicationAvailabilityAutoConfiguration

    org.springframework.boot.autoconfigure.info.ProjectInfoAutoConfiguration

    com.azure.spring.cloud.autoconfigure.implementation.context.AzureGlobalPropertiesAutoConfiguration



]]></system-err>
  </testcase>
</testsuite>